PocketMine-MP Crash Dump Fri Oct 15 17:47:59 UTC 2021

Error: str_replace(): Argument #2 ($replace) must be of type array|string, int given
File: plugins/ClearLag/src/twisted/autoclearlagg/AutoClearLagg
Line: 121
Type: TypeError

THIS CRASH WAS CAUSED BY A PLUGIN
BAD PLUGIN: AutoClearLagg v3.1.0

Code:
[112]                         }
[113]                     }
[114]                 }
[115]                if($this->messages[self::LANG_ENTITIES_CLEARED] !== ""){
[116]                     $this->getServer()->broadcastMessage(str_replace("{COUNT}", $entitiesCleared, $this->messages[self::LANG_ENTITIES_CLEARED]));
[117]                 }
[118] 
[119]                 $this->seconds = $this->interval;
[120]             }else if(in_array($this->seconds, $this->broadcastTimes) && $this->messages[self::LANG_TIME_LEFT] !== ""){
[121]                 $this->getServer()->broadcastMessage(str_replace("{SECONDS}", $this->seconds, $this->messages[self::LANG_TIME_LEFT]));
[122]             }
[123]         }), 50);
[124]     }
[125] }

Backtrace:
#0 plugins/ClearLag/src/twisted/autoclearlagg/AutoClearLagg(121): str_replace(string[9] {SECONDS}, integer 60, string[40] ..cServer d...n r..c sau {SECONDS} gi..y)
#1 pmsrc/src/pocketmine/scheduler/ClosureTask(61): twisted\autoclearlagg\AutoClearLagg->twisted\autoclearlagg\{closure}(integer 236951)
#2 pmsrc/src/pocketmine/scheduler/TaskHandler(137): pocketmine\scheduler\ClosureTask->onRun(integer 236951)
#3 pmsrc/src/pocketmine/scheduler/TaskScheduler(179): pocketmine\scheduler\TaskHandler->run(integer 236951)
#4 pmsrc/src/pocketmine/plugin/PluginManager(654): pocketmine\scheduler\TaskScheduler->mainThreadHeartbeat(integer 236951)
#5 pmsrc/src/pocketmine/Server(2389): pocketmine\plugin\PluginManager->tickSchedulers(integer 236951)
#6 pmsrc/src/pocketmine/Server(2152): pocketmine\Server->tick()
#7 pmsrc/src/pocketmine/Server(1992): pocketmine\Server->tickProcessor()
#8 pmsrc/src/pocketmine/Server(1586): pocketmine\Server->start()
#9 pmsrc/src/pocketmine/PocketMine(314): pocketmine\Server->__construct(object BaseClassLoader, object pocketmine\utils\MainLogger, string[16] /home/container/, string[24] /home/container/plugins/)
#10 pmsrc/src/pocketmine/PocketMine(344): pocketmine\server()
#11 pmsrc(11): require(string[71] phar:///home/container/PocketMine-MP.phar/src/pocketmine/PocketMine.php)

PocketMine-MP version: 3.24.0 [Protocol 465]
Git commit: b54854529f8a1366e156f8ec32e02635ec670e95
uname -a: Linux 70ad3400-c5fa-46ad-84f2-694f522c3898 4.15.0-159-generic #167-Ubuntu SMP Tue Sep 21 08:55:05 UTC 2021 x86_64
PHP Version: 8.0.11
Zend version: 4.0.11
OS : Linux, linux
Composer libraries: 
- adhocore/json-comment 1.1.2@fc2f76979f0a44a5f5bc2a2b600d0762fe0e78e7
- daverandom/callback-validator unknown@unknown
- pocketmine/binaryutils 0.1.13@0abee38d4e2861621f262c79a2a3d699d8a697f4
- pocketmine/callback-validator 1.0.3@64787469766bcaa7e5885242e85c23c25e8c55a2
- pocketmine/classloader 0.1.2@9757928424652393b178a3760073113aa7c9911b
- pocketmine/log 0.2.1@830b44a2cf96ef703c550abe64302f230231ca49
- pocketmine/log-pthreads 0.1.3@e477ecf6ec214fdd4415ea1da3fdd9d73bf699ea
- pocketmine/math 0.2.6@43057cb8c179a9859677b496a788db922fd5cfc3
- pocketmine/nbt 0.2.18@9f82ca4d7f97fcd9a566e44b63c4f18a7657ae82
- pocketmine/pocketmine-mp 3.24.0@b54854529f8a1366e156f8ec32e02635ec670e95
- pocketmine/raklib 0.12.11@9cce458b8bfde3e4dfdbf70c659fc7b7fe26b5c4
- pocketmine/snooze 0.1.5@70b5e7937a06878dd321a3182ceb76d56298f2cd
- pocketmine/spl 0.4.2@6b08b7cf8c4afa17139c9a1b3bf1b408531de161

Loaded plugins:
AlwaysSpawn 2.2.4 by Philip Shilling for API(s) 3.0.0
AntiToolBox 0.1 by NgLamVN for API(s) 3.0.0
AutoClearLagg 3.1.0 by Twisted for API(s) 3.0.0
AutoFly 1 by PIG for API(s) 3.0.0
AutoInv 0.0.10 by JackNoordhuis for API(s) 3.0.0
AutoSellUI 3.0.0 by LetTIHL for API(s) 3.8.2
AutoXP 1.1.0 by JackMD for API(s) 3.0.0
Broadcaster 1.5 by EvolSoft for API(s) 3.0.0
BuilderTools 1.2.0 by CzechPMDevs, VixikHD for API(s) 3.16.0
BuonLau 2.0.3 by PIG for API(s) 3.0.0
BurgerSellWands 1.0.1 by Heisenburger69 for API(s) 3.0.0
CoinAPI 2.0.9 by onebone | Edit By SenKai Official for API(s) 3.0.0
Crossbow 1 by SonsaYT for API(s) 3.0.5
CuongHoa 2.0.3 by PIG for API(s) 3.0.0
CustomAlerts 2.1 by EvolSoft for API(s) 3.0.0
CustomItem 1.0.0 by Phuongaz for API(s) 3.0.0
DEVirion 1.2.7 by poggit, SOFe for API(s) 3.0.0
DanhGia 2 by PIG for API(s) 3.0.0
Detu 4.0.0 BETA 2.0.9 by CLADevs || GreenJajot for API(s) 3.0.0
DevTools 1.14.2 by PocketMine Team for API(s) 3.13.0
EconomyAPI 5.7.2 by onebone for API(s) 3.0.0
EnchantUIVH 0.6 by UnknownOre for API(s) 3.0.0
EnchantVIPUI 0.6 by UnknownOreforsource|RBpmmpformod for API(s) 3.0.0
Fly 1 by PIG for API(s) 3.0.0, 3.2.3, 3.1.0, 3.2.0, 4.0.0
FormAPI 1.3.0 by jojoe77777 for API(s) 3.2.0
FormImagesFix 0.0.1 by  for API(s) 3.11.4
InvCrashFix 0.0.1 by  for API(s) 3.14.0
InvSee 1.0.0 by BlockHorizons for API(s) 3.0.0
JoinMenu 1 by PIG for API(s) 3.0.0
KeepInventory 1.0 by KhoaGamingPro for API(s) 3.0.0
KitUI 1.3.6 by Infernus101 for API(s) 3.4.0
LoadAllWorlds 1.1.2 by  for API(s) 3.12.0
LpkCuaHangUI 0.0.5 by phuongaz | Moded by LamPocketVN for API(s) 3.9.0
MSpawns 2.2 by EvolSoft for API(s) 3.0.0
MaxEnchants 1.2.1 by Xenophilicy for API(s) 3.0.0
MenuUIVHPIG 1.0.0 by PIG for API(s) 3.0.0
MuaDetuUI 3 by VanLXYTB for API(s) 3.0.0
MuaSsp 2 by NoobPvP2k3 And Shin1134 for API(s) 3.0.0
MultiWorld 1.6.0-beta4 by CzechPMDevs, VixikCZ, fuyutsuki, kaliiks for API(s) 3.20.0
MysteryCrate 9.2.0 by JackMD, DaPigGuy for API(s) 3.9.0
NapThe 0.1 by phuongaz for API(s) 3.21.0
OreGenerator 2.0.0 by vividmemory, LetTIHL for API(s) 3.0.0
PHP-Sell 1.2.7 by Muqsit for API(s) 3.0.0-ALPHA9, 3.0.0-ALPHA10, 3.0.0-ALPHA11, 3.0.0-ALPHA12, 3.0.0
PiggyCustomEnchants 2.4.3 by DaPigGuy for API(s) 3.19.0
PiggyFactions 1.2.0 by DaPigGuy for API(s) 3.13.0
PureChat 1.4.11 by 64FF00 for API(s) 3.0.0
PureEntitiesX 0.7.0 by milk0417, RevivalPMMP for API(s) 3.19.0
PurePerms 1.4.3 by 64FF00 & ProjectInfinity for API(s) 3.0.0
RankShopSystem 1.0.0 by zZPROGAMERZz423 ( Edit: PhongGremVN) for API(s) 3.0.0
RedSkyBlockUI 3.1.1 by RedCraftPE for API(s) 3.0.0
SETVIP 2.3 by MCPEVN TEAM for API(s) 3.0.0
ScoreHud 5.2.0 by JackMD for API(s) 3.0.0
SellCommand 1.2.7 by Muqsit for API(s) 3.0.0-ALPHA9, 3.0.0-ALPHA10, 3.0.0-ALPHA11, 3.0.0-ALPHA12, 3.0.0
SellExp 3.0.0 by EzMinh, LetTIHL for API(s) 3.0.0
ShopKeyUI 1 by VbeeMC for API(s) 3.0.0, 4.0.0
SizePlayer 1.0.3 by  for API(s) 3.0.0
SpiderUI 1.0.0 by MCCreeperYT for API(s) 3.0.0, 4.0.0
TableSpoon 1.0.0 by CortexPE, Xenophilicy, HyperFlareMC for API(s) 3.0.0
TempBanUI 2.3 by SonsaYT for API(s) 3.0.0, 4.0.0
ToCao 2.0.3 by PIG for API(s) 3.0.0, 3.2.0
TradeNPC 1.0.0 by Free for API(s) 3.0.0
UIShop 3.5.4 by SaltyPixelDevz for API(s) 3.0.0
WorldProtect 2.3.8 by aliuly for API(s) 3.0.0
capdao 1.0.0 by Nguyễn Công Danh (NCD) for API(s) 3.0.0
cayphattai 1.1.1 by PIG for API(s) 3.0.0
iProtector 3.1.1 by LDX for API(s) 3.0.0
tichluy 1.0.0 by LetTIHL for API(s) 3.0.0

----------------------REPORT THE DATA BELOW THIS LINE-----------------------

===BEGIN CRASH DUMP===
eNrtPYly20aWv9JLT02kLYIiwJsppSxTtKWJDq5IO94EKVcDaJCIcAWHJDrxv+973Q0QDdG6zMxu
bcVTGRMPjdfv6nc10P6j4UZJQLNPNyxJvShsjLvNRuYFrDHW+51ux2i3B6NWpzfq90bNRh7LW/qw
O2r19dHQGI46o25n2Gz4NM2mSRIljfEfjWwdw7DGAv4SsGYjYGlKlwhNs+RTwmKf2mxvf0yOkmUe
sDAjrwyy9w95Y58EeZoRi5HIJYiN0CSh6z/hWS9cNokH45feDQsBs5v7/lvPR9QHqyhgB3YUZtQL
WXIQ+/nSC9ODic9ockaXB2liH2S3Xpox54DmWWTjDZ8ulwdHcFUMW7biVYyYBdaXYgEMPpAB8jJ0
kGoCfDXGvzRetclLMe4BJhBZVYJCIr+MfiV/zKeTy4vj+RcuHrZkCem3m0QO6LZ/Ja2WPWcJqJo4
rVYrJAkASErzzaMg1FZrvQ+Uv9JJHCBZ+F8c2dcsC4CZg9ReMSf3QbgTP0rzhC1oer3XR7IkA6ap
cGCaCgvaD18b9octEH7ZK8g3Ov1RT+fUGI9Rg2Sc0NCB33t6ZwDkbIaZZjnONCtkaz9E4VUebpuv
85T55sXVnj4YfX3GCmnaD8n2+brb5xOGcjDjf53TEFZQstfvdR+erKRL+yGAhbBYJYw6JyDozGI0
2zZ9b/v0wlr2jM6wzp4gzDQVykC3nr2ZPd02U//hmfSeUZtJ3BGo9ziKwYMo9NHoIRSzJLLBFUWJ
wDV8GFdv2P8KrjQDcQoco+04ZvznOfzc6+jdr6D59Am8FSzR3M72Ius3ZmfkDU3ZBNxpehZRhyVN
IuHVx/PM81PTPAftnkXLJY6S61zv/0rqbrC8aXTv3yx8kVj07cd56d6zPiEsgUC6jT0dPULCfs+9
pHRSA/1XEq9oMj44qFOxmUA7n7Vw0NdJQO+83/j1S7PB/ncCzu7CAvAg0HzywpvIv2FIGOB2QGp2
1ijuAqSOwo4chpzrugF3yVf+fIGRut75yghxt7vlrrjTu3/Hc/f+ka28FDyLkG/6S8p8dzw+O7p4
92l6sThdnE7nnyZn06Or6fGv5D8OD4nZMBv7f3CM/a9QInEuWSZX3r72g5WA/duQVpyLmfaqejQb
f0wu318svpiNJvkHCM3LPJZyATGnSZ5D4/7+95y2wVflMIQ7/MdoyxA5VcrAmJ2UHBYA9H3JDfU5
cqNde/IL81OG0gTVc0vbU/GULJRSWEDqle6Tf/7zIeYWp+fTT2fTt4u65A3966Q/S+pFpsDlvp3k
hwmT4jbqZstFbVRN9ct+k/TacnhhpWIYWuaXxpe/s6q/s6q/s6q/s6q/s6qdZVXNxpLBo9TH5CKk
WO43FDRAjwWy3HQMGp2W0W21EZ57vtMYG20d6l0v/eSwm8bYpRDpIJFJIvBLEaDt9nswiYdpjtXr
DnvdnjFyh1Tv9PtM7/XdIbM7Bmsb/U6P2f1Bm416gDuXtJx5YX5HBm3qdLrttmb3XKp1+9TRhl3X
0PqjrtszDBuW1pB0W3qv1db03kjjPHk2eaX3B9p7Kw+znMzPZ2SRMzJnMTF00h6Oe71xu0feLybE
aAPkbtj/1O9iEraKYeZhq93Sdbj8zELgstEtruH2pygtaAMAv/DlhR0FcQTK/OR7VkITyFJQstRZ
gTQSdvBbGoUajJGJn97SW8Zr1zbcQX80GLlt2u3SntuzbIMaVr/ddtqDvuGyNhsM2QDQOxQUAW4w
Cg5s6vsWta81yDo8h2aYGoPcrsPoNnwt/0ZyN9q3vJAma272MBTYaemd121qMdYZOl1mDPt639Bd
o2/YgxE1aMfpj0bOkAJpbldFtXVyHUTUed3vDoaDLjzT71s2pQPWGw57Rtdgw55tdGyjx4Z2r0eN
GkJcrD5frJI24/Vo0BuMjGHXABsyOqOOpQ+GtDMAsQw6kOYCbns00nVLxeRHS47BaOmvh522BRI1
bHfUZ+6g3YGZkeF+t9M2XAP+r6PbtDu6h0GLM+7wC0F1XrPuYMBst89sQ++6jtPt6j1GdYd24GLk
DDqWC9JiVEUV0Gwlqem/hkl7A9sa2hDp6GjYG/UHA6s76tPBcOhYI8NwnZ7t2h0VRWhlBT/D17B0
DCDYGbigE9sZ0R4so27X6nfsrqsP6aDfG1A2rAl381ML4nIJv37GeqwgS+g12LaQC9Ckvx7ZNuv2
htbQch3WYV3HdSyQtd3vjVx7YA1cZvStnl2zoDSMos9Mirf3etC2emww6gxouz8cDB2nY+i0owO3
zBr0nV7fGA1dw3ZqSGKfY+iCtfSt9tAa2O7Q7lKX6gO9M7JHVLdAMbrVbQ97Hd1hel9vfCnLML42
j/xbuk7nMYXlsnGCVWizsfF+BugBOYG8axUlKeais5XnezGZw1/gBZboVGns4Z0OLIg2XrOQWj4D
NwJBCryjw2JwKvgw3EsjNzuuAjDdwIKTo00lVsj0OEUpUmSaIqxhbQk/YPB8cXS1eI/e+pZZqZch
C5gwH0GptIgi/010V2WuAq0yB6pQWbtYntHgw8WuWJLoIJvdEHCfl9nlfPHT5dXZscINhJBVbrXA
dx4UVCF/Sp1c4bBWP1fDl86jV4XLhUimd8Xlk1L4x9hdZVmcQoyvsC3JPErXfh6cT2ptBimMt/66
JgaEVAVQU/Hs9N2uGJeziZTqMQYLgk/DmxrBCFGtEuyyprJ/Qey5iKLEWeVeuiv6fwOkYYFUqM8L
b4TiBFFP4mjOfP/9aY0pCVQtsV23xDOWLU5PzhSGhi3jpQxJdM9TyMdZjfSPM9V+7i8g1Mb58a7U
ILAJsX+cPY34LctFoDmQHABzb4peB0sqHFahKps9lcnpTeTPgeRdsVmZ2DRVKh5w6gWjt7e3LQYU
IfZWds35w3ycJehX0yqDVbDKoVFX5OQzs1ez82N2g0M/eHfe9YmqV73/co5txB4HUCfA6rIEWRmS
BfyrRD5X1xW6DxRUXCxReEZzRSICosZ1yF3/Ms/45hlr8E2eQC2K/uInyvFU6FbvqMq8F7xPmJey
0OIP9UfPYqUxhaoyCtZHs9PGA2ypM6AWFQKfzvMEHC3OteG1gNR1NFJ5jEJmwX/kTzJ1PCj711Df
hT9Sj1y6rmd7UNfuSINyItO0gTBAaJobCh9nL4nS1Ipuq/wVoAdC8zwKU/rfixoLvZeyINEB5XLu
Z+gHVszyJKJVBgrQv28VTU6eQ3GaRcGRDx4mVaiugFXK9b/W3VdnBhWodLzM4QskpxkL7nHIgXX/
0K7XLahC+nm3HOLMT1fT8fSDl3AKSwZKUD1WDVTy42iJbaVmY375lu2s6OJITfOGk2CaEKvkrwpZ
j9RcxzRcvfOqa6WAKAb3ly2TDxYDPyXnfIYqWFYNkvyySjA2wNrkzXRxRLY44snZEUZf8uef5F3C
WPgv+lu0u7UjkAMvXsiV8XSeburpUAmq5bTdVl0jZRuULBgN1Cyo83JmCgJARRtSnuAAKunOhrSD
EgdwWwnaG34rwCrHvdagzrAMcTuPmExQwIOmQs2j6puG9oqG2fvTDydVjipQtU7sqwy9F03Qy2Rn
PG0wAisFGU83R/nIh9OZUh8q4Cdy5AIkyhOb/Xn1Jg6CGF/si5zd86mXjH7w4ufwqjYiXtCEaGKb
kmcTRcumIwuW7rew9qwGxVuQqrqcCojqPTr12Ppb9FvEBvhH4cv4huZEidE0JRHlj6eychrgRv1b
767G0AZ+r++isKW4QL3VfSkvQf57ilEWjdbjc7ve3dO1chreTBKarlRGqtBnsNF9uUoKNrzwxsaZ
ORNP62ZKNuaMqRwg4JG07Y0P3v8kSrzPkM/vrECtIjVNQclzmPkXVEPnLKxmECXo39N9/O0ZaeeP
jMXAIwuzKKm6KRVeU4RK+Y+riL6jgRcuZ0m0Kx4UpKapkPMM7rxMiS/iuu6xaqHlNHRZEuap3tYV
br5hfVRQAi/es0IlWt6R7/8UJb7SA1Hh9b6k8fV1/g2u9zoKQSM2pFmmiYRT37/l8z+Dnfh6ktMT
Gi4VzSjgutOq9R9jWa6RP8l55DCHWGtyRgORC9b2aEaP9Xc2gWPTxlBys5m3XK5FRSfjf9p4cLNK
EIeVreTn6cI559tsVS0XkNrO219boctJge5y9pfV5ef0rpRZhacKtF7a1rziRxZGfPvPXu+KuQpK
VExJinLxJGWBR8fUGz13hbkK9LG2w+5cfgCzPsPMcopFrbIANzBlZ0al+AMNzz7+9+LNzgp0KM05
QqBdzP8sJuZprHKAgAdaCxdRZM1uZsZ1hxyFDu5Th7re6e5s2XACnsOBn3ncfytclEDVfPqttmax
jHYf3aiY/My/DlrnWZpfe/D7mvqed62mSEZ7R9sXARLMowAqsUL8t2xdVBChoNa4HbSGpDarZokK
uCqs0f39HLkxhz0pcOjv8vWzosQT9uiqxHzrTp3CGPB/QePFqsq5BDz4xkK8ralp6N/yGkYR2cT0
z0mKoX5+x1+vy6LqlqMCrrfPaxq88W48J2ABJIBNsm17+BsMukqHacqf7CmMzU5mGm7zVN8aLECP
tG3PedFUZ0E7OpudHI14kV9e6u3atV67NorrF2+JAMH4VvHTvde2vKgihC13VQV36/sjW1em/g1L
s0Bomluo2Qp8wZItJjnYgu6glNNbamdeFN6TUAl/ZDt6u2ye3XtVM1vuZCXkK4lus3Fy9eNkRfnu
Ar63eZLz1tp2CRfc1C6/WaolIhRnnjBOUEWSBUgVYle8pVqRYr/79m27/bz9X0Q+Y0mwJem/p8Li
J9bBTUg0b7woT2dTrRyykdwnQQtIShK/+fUCcXEi5ZvXJRoprKn8RuhjTWIbuBpGBnXbCzz/ut3V
0XtdAUs31J+dn892tkoTgRNbt6YZ57hlIggTEinIfPbWQIXWA5VfKRihVVUoAla3o842MyL/JKBn
fJceqnsv9LKdVSiKbXCKKj93YB0CD0jhiobX81UUzzHfqG6d1m48Usd8/nl2dfnu6Hx69fPnrtEh
e/wVhDGZrSBfeJew4MPF/vMXnVwKm/q8KoL7VfsD8lS5eXqEu2LO/HrNG4JKqaTC669U1nwODIY8
zs1m012ZxwajaVZIMc3i11N4m08XH06r77dJgBqja4Z/PplNP1yQxfTofGc1E0eJX7DgtsqTKC/C
UIX2AqTu6xn/nrfzitk3v57EBiRckygIaKhwUoH+/04f8YnpXVzjHSGPvBk6/XzuhaudlwACrWlO
P87QVzyDERj9I1srHmIDe6Djj28nnE+27PY9vqu3tWupVI0PtdbZGul7Tl9y7n2GCELXyvuiFWA9
QHS+2n3+FhvD+c5wPlhp5e8nkR97UKeqGipAj8S288kEMpKYJffePvvm/deChKerYYGTzONIeUuo
AnyEl0mUZOwOAlFT6atCjr8GBt/6NNlmj7tos25orP5+/AWiBQviNzRUNLeBPRirtr8y+O1KK14d
LMl4hvqiCY2qnPDrF7w12Py2DXQ+L6SUp++eQXtCHXYxm1TJL0CPmN1bWEC7sqpizqcT/v4UnV2F
bAlQo0yv/inTnPrZeubdMf+Y3Xz+K14ZFnQ8nRHeDYWKI8MDMjbsKODaimgNVaao7+X+zsoUgc00
ee83FhTU2XlirXaee4nrMd+pfqBXfEqcgf0cBPyLgAOFWxCKTWNHWVMS8IhJXizztZnrzO6FZGLm
7bbbDZcEXxQkexeT4/3dfeaVr1k4gTIIcZvmGbth/mnqi/TuUZXbdB1DFZRRT+GwBNY3ff+6Vwrs
OHu6pXpSQUqrtwJ8pGI6O/64K7IBlWluZn5xXx7waFipHFS4wEM4PHvl59XXJgrII/a349xVzvpU
DeFXnzQBgmFFcXJaWz6Yh2c0LYy0W+8zTRx+5Xgp0qbRMPW4Z+Nf6rdg6UP6wHs048arWXlFwO5d
b0nw2CAzfHUeheTSzoiuE70zbhvjXqf85NwMBS4thhTlUB/pnU4J8uJDfAcA/meGQZQ5hwqtRBx9
YIa3K2BP8700O4xc1wxpGEZ5aKMbwTRRo/bKY+KcofQQ8pCQfz+qSb8FmjpE/PROjk8PDbheUtxw
cBjec6MEsJUQPgnIycGaT1zFNzHH7Hj4yUUOAeTQABzFxoKWsizzwmV6aIY+OgINjebwLLKs9TwP
AuRCwFPGnHIQHsp0eDx9e/T+bGGGwjy033PI9PlkEpBAzBFU4K9WTNMU/LJz+J/8D4gjzyItpTeM
P3TjsVtUZ0ZBQodDM7yzojsNDZTfBv+0zOmSHbJw+VTVKJ8jt9YBfo78iqBBEpvbQQ5CADFzcyAg
TKLoEQyELFYsZaSQEoF0lGQrRqIQbCkDl0dsVCo/rMoLbT/HVz8A/T0zRFzzKBBHWt3HmVKXNUkE
d5IUURIrYfSarKM8kbiI5xJQsgchCWcADeOpVBDrAPEFuy3RHTjMpaDnlNxG4XcZoXHMaEJQ1gEw
i0cDrJFCPB5I8H27YiHJ4yWkMYCgZaIdSmRjMyTk1U8rhoSRLIJZQocACnncBsgggZXnQ3XniNuc
VD+CaYBV+MUyLi98U99mZMXPiEFIgJiF+RaaHRN+PAXeSFd55kSwFOTxRWNiNuS5PniEDnPMBqfs
yPejW4ILDIgpzhwiNx4l/4XGiGO4VRZxe0zQg/FHp9xG5TME6CK4aAhoDISC2Kw1kaLE8dKky9sV
Yl/95IFAohDkSh2HJCwV4kex4nksJGAUz+Ph55yB0C2GRINw2O859VFs/DAzckP9nJE9OSn4oH3E
LmaExcTQ2DUQOx6GMiboCmDuizywQCpgVUfpOrTxbBxQfHINdtTiA96DtLhpF5zisFUC2WAO2oPh
aZPwbIlIpwDroUnwoAxgBKMFlw24aoQFeQgWhEME8jlXL/AEVpZEdx5YGAMxAEvccsOSOJStJOjU
RVvFMWiTTeJl34H4soQ/5jD0fNxkag+TPeAhh3VjcLFwNjTJ6Zijqtsq5caR5CG+H4YWCHKPuRL4
141pi0AaLX+TwFuuYDHji6LN6uKThoMSSZI8zgRUCAwFEwBtki+uXFiU/PwQRywIehN5DpC9nQK0
EbS5CAQN1tWqGBoM1sSg0tIgFPCdZrEo3/mRBdaD4ZcIOKyDwMtwbQdsSa11BhIncyHqNheuiJX8
8QVq7dbjkucWBYv2VhOICiNLOYeuBySCR2L4piOicSH3LaYURg7aynGZkmUEiopwmaJV4ERLTqbG
SRuTNnIBs3MXLM7w+D/PAeYzD9GP8fbb6E+zKOYkSPdZkiTRpQTcB0ZP8HsFQThrQZXeNrqSMO4E
fuKrQtKXfrcDCvm64CShxyB2DsEnhOBD2B2zc+58I0GyWJEYrMrR7M6G3CHdcCQc1+ViOiaLk9M5
OTs9P12Qo9ns7HQ6J7PpFYEM8cfpVZPAILK4hFFT8tPJ5dmUzK4uJ9P5vFV3AYo8jF5fimPGEi/i
ARkdcYoM2ivGXTKXRulsdSIOzuO+hQ/RsGUp3CxHBYkj8AkOGqwJ+f2asQkjg8wPA2CIw+RkHLNA
Aq5348hFROJzXGIMwTjPH2jdH422IJNxUFvMbEwHhGSRXKFX8WzJA5gXi9MNq5225DXd306S5Lwj
OV/SxIKVodmR74uslDug7dLlSw3JkU8R+RT47oCGOU8+qpRAYpaDDe43i5hQN8LCDEV4dV3AJfgN
NkuwRS6FzxcGD9lDlPtOSYsHQeQ2JBv6U4E45uQDo/12W/IKs73lzuJekOSmIzCUvLlJFBTBVjwt
R2hV06xqGLmRmrxnG2SLSSnWMS8SRlRZEvGDZwpDdvIgFtmVSOGIvKHhjUJfxzhIPsBp52QWHMAV
hHlY7HSLgCFoQ+CDGW7AyNI0Z+gYshVobVlkm+i0cLYNVc1CkSJHkEllS1CDQ78qJ6x57FUeXqcF
7RMaI9QL8gBiLITXhBS1AiqSiApJULGRK64XKUq+Yu7bGCTbsaSIT6hhFpxD0O2WGjuOxK26TWNu
hF5P4BeDiyUkcMmBVc545qDZUPmxkrdjIIXnKpA+ovSAOpFgCCwxxZqEiGcEhxvu4DEpT1kIy5lx
8CbbRQHiWTQF3odRPWSHZhiyDBU2liECUrNV5IsU06IZVLSYiXOSUzymk8ggw32bqHzkXRFaLFYm
myK8vapqqbiFbjVZZyt+/q+mVxTIlccn1rKCGBkCuNfe5LG8dMUU0hGcYy3DE318GICSrBY5gVwQ
bOmQJ3dkMnvfhGeBBgvW163ngNnzXEF4zxK/xvGPSb9IuzcZecqlUxnbIkcOOKoV9d0DPCCBlwkO
AxuWU8GkBDsmaGCVhbgJexVk1VJkeodeDVNM6rcIEvF+Fs6KZHtTAGItgUTdQtjEB/M4jDV5Xatu
zuWqS73PrNQnpuWFGlMMeDJlgrRdmEcltHZHhnhov0Vm8hmf4lkUWEHLSlTaAp/RTegSWQCdgNjS
2OcZC5aXARCPi50mqKeJ72HnhNfLeA4jSzNyvnjPKU2BJWTbyjOC9TlX5WY6UVy0Cl8TZLmGT405
tWjlDrPy5bgoWH4gOhYqMl1bwVLl90lxuq4oqNGSwzQSgUtag47IhHMS2CarCApYtMCiTmFFJco9
mEMzSlJ6U3hK7I8U/SK8VylhgTDekBMJi+xH/BZ5oSiGecvoO/LRiu7Q6hNyekz2Pr4/Pd4HnsHk
gQYYfwvuPk7Ea2FgGFi/JFC8tDYZIFhCxIdwYYdg6R/fnBX4ZW1TgXzHJ8M2Eg+akH1gkcvDMOct
KrojMoRU2jyuy6eFe5671u5yz9lwSyFNAefGaFa4TWBfnGdZVAG8gpSEgtlA0skzsjCy8QQ4/ixY
zTldg8VgJRlEN0VRjhFNhgHuirXinpgy3TjAohtWbZAseIdDmLv4NzyELvhYadt5KjstNizkTLg6
+YwmnhmTGHKkG8/HaYQbly5KzoJxiIbLsk4I8TG/Hg6bxSiloba1KSWUfBREOa5gV8QbuaBRlFLF
GF/RQ/F2BJgh/uYBEh6+4uGy8jBnPGSi/LWYQGbhF9HwG9ubPMKtCnvnJs67nkrgFezjRCX74IcI
rZMai7NuYTYGMW0ble3tZNIEMIF9FMsOiC0exr9Lajp8LWNzQMtjsF+WVnwjPz6OT8SbvNWlecwn
s/DVp5Q7IJQnS1DTRBwRSiR3RDZTigDOn1FYB3waMcgrsoQyLN2IZ9OwKSXUui8i6ZpuqcfrNHCT
UMQI3cRRnPuFMcoLjGR8jHSIHe4OeYKvxdKJYSxBvwTBTqbOvJUrWlRjGcSxo8bLRgEWMVDqC49M
LHsdlUWO9q7hafo1ULncVHC8gmzTjSoagVWmib2ScuQqQs1wUlr4QmfLizjF4MjWAZY9sEAy7CDa
6YZ0rOXkfbK5z1ngTowulwkU0KJZJjtrooGAh6Bf1/nj9MEKvjy+xCODNenyReRDp3DLRG5NYenc
8hlTTviGAQ5rVdrZEGhLyQvTFMq5J1RQqLgvjQliPJ5yyyNVNUXk8KgqOsi6Q7STSueqCf4xXtEm
wc9+eHjOyiwMXK/LEsi0NfRAIYY/cbeIViJWUKUTJvekKuE1h4wTIjn3YoWzkAi55sX9Yo57mha8
VlWdecHGV8v4i0hxPK4EdM2oWXSYOCFv8cmHinZuazOBvFOdoZDmwxFeum2hXbEqKp0TiQPQZ1Ke
RY9kJYHcY2CRI/Nm6TGw5QylicMTR88tEUH1AYyI/QX0QEXjQPg4wCddZBHZqO/RVFYlkEjSIPaL
K0x5gEapq3GhNHEP7BY7WGPyC89VIH42eUvrV0QqPsUtw2R134OzgXlj4jmyaVBsS/FuwLaIxQM6
j9Apz495sYmfDACtMtxWyRfzchrET4LbWBgVRPTazDgmb8+OFmPj+0GzN7rTm527TtP4Xv/ewXyI
r/M93PO30bkeDtvCFYurbm9fJHlii6Faq4sVjrEFZCxbaTz14L0w0Jq9JuJo9DwpnHJRoCTl5gT3
OICH/3MI2G9JC4FpxcYG2ILIZl+95a6GT8XHK0hyninIf+WkAtF4alnJ+aKYl7fsDhxfKms7+xqr
g5TXMSARy4O8fC1yOD4O+QVSoPIQYUSsGcElxw/JSFL66kazwe4yFqbFJygTyBCqJ3s7/MO6zbXv
WXd8B6+EgFGEaaqAYltFkv4ORLKOcmK4OB+5vLZseQx0CcHNq9ChiQJL1nEW8Y8ROvxTZ1v+Mzeb
EXmikAIhHt94abc7um6M5D9Vg+GqOghg/MDLCiRTzjdfOspVoNxcQUxTuIVUz8Gd8QoMzzRXxIiL
xLEkJ/gOQGCJzbzqqGANkuMnq8tfpLw1n52pEg8z/96jXhUyO75UnnCiT3xQHSiUpTy5UrWwCX+f
eHZTPS29ze+neOpIRSL8gVTBsTk7HN9Y0/Fg/GYD6p6c+7RlLgRYoLxirmz2KHhXQaSoYu6hv/l4
rsjGW4pD3eVU+DpXFl2zEBIrha2aXcMlUnhvzG3i1YxlTfmThvxI/bMXi7duRnyunzEHu5zxbs/m
qS9f/geZ5eM1
===END CRASH DUMP===
