PocketMine-MP Crash Dump Fri Oct 15 14:02:49 UTC 2021

Error: str_replace(): Argument #2 ($replace) must be of type array|string, int given
File: plugins/ClearLag/src/twisted/autoclearlagg/AutoClearLagg
Line: 121
Type: TypeError

THIS CRASH WAS CAUSED BY A PLUGIN
BAD PLUGIN: AutoClearLagg v3.1.0

Code:
[112]                         }
[113]                     }
[114]                 }
[115]                if($this->messages[self::LANG_ENTITIES_CLEARED] !== ""){
[116]                     $this->getServer()->broadcastMessage(str_replace("{COUNT}", $entitiesCleared, $this->messages[self::LANG_ENTITIES_CLEARED]));
[117]                 }
[118] 
[119]                 $this->seconds = $this->interval;
[120]             }else if(in_array($this->seconds, $this->broadcastTimes) && $this->messages[self::LANG_TIME_LEFT] !== ""){
[121]                 $this->getServer()->broadcastMessage(str_replace("{SECONDS}", $this->seconds, $this->messages[self::LANG_TIME_LEFT]));
[122]             }
[123]         }), 50);
[124]     }
[125] }

Backtrace:
#0 plugins/ClearLag/src/twisted/autoclearlagg/AutoClearLagg(121): str_replace(string[9] {SECONDS}, integer 60, string[40] ..cServer d...n r..c sau {SECONDS} gi..y)
#1 pmsrc/src/pocketmine/scheduler/ClosureTask(61): twisted\autoclearlagg\AutoClearLagg->twisted\autoclearlagg\{closure}(integer 236951)
#2 pmsrc/src/pocketmine/scheduler/TaskHandler(137): pocketmine\scheduler\ClosureTask->onRun(integer 236951)
#3 pmsrc/src/pocketmine/scheduler/TaskScheduler(179): pocketmine\scheduler\TaskHandler->run(integer 236951)
#4 pmsrc/src/pocketmine/plugin/PluginManager(654): pocketmine\scheduler\TaskScheduler->mainThreadHeartbeat(integer 236951)
#5 pmsrc/src/pocketmine/Server(2389): pocketmine\plugin\PluginManager->tickSchedulers(integer 236951)
#6 pmsrc/src/pocketmine/Server(2152): pocketmine\Server->tick()
#7 pmsrc/src/pocketmine/Server(1992): pocketmine\Server->tickProcessor()
#8 pmsrc/src/pocketmine/Server(1586): pocketmine\Server->start()
#9 pmsrc/src/pocketmine/PocketMine(314): pocketmine\Server->__construct(object BaseClassLoader, object pocketmine\utils\MainLogger, string[16] /home/container/, string[24] /home/container/plugins/)
#10 pmsrc/src/pocketmine/PocketMine(344): pocketmine\server()
#11 pmsrc(11): require(string[71] phar:///home/container/PocketMine-MP.phar/src/pocketmine/PocketMine.php)

PocketMine-MP version: 3.24.0 [Protocol 465]
Git commit: b54854529f8a1366e156f8ec32e02635ec670e95
uname -a: Linux 70ad3400-c5fa-46ad-84f2-694f522c3898 4.15.0-159-generic #167-Ubuntu SMP Tue Sep 21 08:55:05 UTC 2021 x86_64
PHP Version: 8.0.11
Zend version: 4.0.11
OS : Linux, linux
Composer libraries: 
- adhocore/json-comment 1.1.2@fc2f76979f0a44a5f5bc2a2b600d0762fe0e78e7
- daverandom/callback-validator unknown@unknown
- pocketmine/binaryutils 0.1.13@0abee38d4e2861621f262c79a2a3d699d8a697f4
- pocketmine/callback-validator 1.0.3@64787469766bcaa7e5885242e85c23c25e8c55a2
- pocketmine/classloader 0.1.2@9757928424652393b178a3760073113aa7c9911b
- pocketmine/log 0.2.1@830b44a2cf96ef703c550abe64302f230231ca49
- pocketmine/log-pthreads 0.1.3@e477ecf6ec214fdd4415ea1da3fdd9d73bf699ea
- pocketmine/math 0.2.6@43057cb8c179a9859677b496a788db922fd5cfc3
- pocketmine/nbt 0.2.18@9f82ca4d7f97fcd9a566e44b63c4f18a7657ae82
- pocketmine/pocketmine-mp 3.24.0@b54854529f8a1366e156f8ec32e02635ec670e95
- pocketmine/raklib 0.12.11@9cce458b8bfde3e4dfdbf70c659fc7b7fe26b5c4
- pocketmine/snooze 0.1.5@70b5e7937a06878dd321a3182ceb76d56298f2cd
- pocketmine/spl 0.4.2@6b08b7cf8c4afa17139c9a1b3bf1b408531de161

Loaded plugins:
AlwaysSpawn 2.2.4 by Philip Shilling for API(s) 3.0.0
AntiToolBox 0.1 by NgLamVN for API(s) 3.0.0
AutoClearLagg 3.1.0 by Twisted for API(s) 3.0.0
AutoFly 1 by PIG for API(s) 3.0.0
AutoInv 0.0.10 by JackNoordhuis for API(s) 3.0.0
AutoSellUI 3.0.0 by LetTIHL for API(s) 3.8.2
AutoXP 1.1.0 by JackMD for API(s) 3.0.0
Broadcaster 1.5 by EvolSoft for API(s) 3.0.0
BuilderTools 1.2.0 by CzechPMDevs, VixikHD for API(s) 3.16.0
BuonLau 2.0.3 by PIG for API(s) 3.0.0
BurgerSellWands 1.0.1 by Heisenburger69 for API(s) 3.0.0
CoinAPI 2.0.9 by onebone | Edit By SenKai Official for API(s) 3.0.0
Crossbow 1 by SonsaYT for API(s) 3.0.5
CuongHoa 2.0.3 by PIG for API(s) 3.0.0
CustomAlerts 2.1 by EvolSoft for API(s) 3.0.0
CustomItem 1.0.0 by Phuongaz for API(s) 3.0.0
DEVirion 1.2.7 by poggit, SOFe for API(s) 3.0.0
DanhGia 2 by PIG for API(s) 3.0.0
Detu 4.0.0 BETA 2.0.9 by CLADevs || GreenJajot for API(s) 3.0.0
DevTools 1.14.2 by PocketMine Team for API(s) 3.13.0
EconomyAPI 5.7.2 by onebone for API(s) 3.0.0
EnchantUIVH 0.6 by UnknownOre for API(s) 3.0.0
EnchantVIPUI 0.6 by UnknownOreforsource|RBpmmpformod for API(s) 3.0.0
Fly 1 by PIG for API(s) 3.0.0, 3.2.3, 3.1.0, 3.2.0, 4.0.0
FormAPI 1.3.0 by jojoe77777 for API(s) 3.2.0
FormImagesFix 0.0.1 by  for API(s) 3.11.4
InvCrashFix 0.0.1 by  for API(s) 3.14.0
InvSee 1.0.0 by BlockHorizons for API(s) 3.0.0
JoinMenu 1 by PIG for API(s) 3.0.0
KeepInventory 1.0 by KhoaGamingPro for API(s) 3.0.0
KitUI 1.3.6 by Infernus101 for API(s) 3.4.0
LoadAllWorlds 1.1.2 by  for API(s) 3.12.0
LpkCuaHangUI 0.0.5 by phuongaz | Moded by LamPocketVN for API(s) 3.9.0
MSpawns 2.2 by EvolSoft for API(s) 3.0.0
MaxEnchants 1.2.1 by Xenophilicy for API(s) 3.0.0
MenuUIVHPIG 1.0.0 by PIG for API(s) 3.0.0
MuaDetuUI 3 by VanLXYTB for API(s) 3.0.0
MuaSsp 2 by NoobPvP2k3 And Shin1134 for API(s) 3.0.0
MultiWorld 1.6.0-beta4 by CzechPMDevs, VixikCZ, fuyutsuki, kaliiks for API(s) 3.20.0
MysteryCrate 9.2.0 by JackMD, DaPigGuy for API(s) 3.9.0
NapThe 0.1 by phuongaz for API(s) 3.21.0
OreGenerator 2.0.0 by vividmemory, LetTIHL for API(s) 3.0.0
PHP-Sell 1.2.7 by Muqsit for API(s) 3.0.0-ALPHA9, 3.0.0-ALPHA10, 3.0.0-ALPHA11, 3.0.0-ALPHA12, 3.0.0
PiggyCustomEnchants 2.4.3 by DaPigGuy for API(s) 3.19.0
PiggyFactions 1.2.0 by DaPigGuy for API(s) 3.13.0
PureChat 1.4.11 by 64FF00 for API(s) 3.0.0
PureEntitiesX 0.7.0 by milk0417, RevivalPMMP for API(s) 3.19.0
PurePerms 1.4.3 by 64FF00 & ProjectInfinity for API(s) 3.0.0
RankShopSystem 1.0.0 by zZPROGAMERZz423 ( Edit: PhongGremVN) for API(s) 3.0.0
RedSkyBlockUI 3.1.1 by RedCraftPE for API(s) 3.0.0
SETVIP 2.3 by MCPEVN TEAM for API(s) 3.0.0
ScoreHud 5.2.0 by JackMD for API(s) 3.0.0
SellCommand 1.2.7 by Muqsit for API(s) 3.0.0-ALPHA9, 3.0.0-ALPHA10, 3.0.0-ALPHA11, 3.0.0-ALPHA12, 3.0.0
SellExp 3.0.0 by EzMinh, LetTIHL for API(s) 3.0.0
ShopKeyUI 1 by VbeeMC for API(s) 3.0.0, 4.0.0
SizePlayer 1.0.3 by  for API(s) 3.0.0
SpiderUI 1.0.0 by MCCreeperYT for API(s) 3.0.0, 4.0.0
TableSpoon 1.0.0 by CortexPE, Xenophilicy, HyperFlareMC for API(s) 3.0.0
TempBanUI 2.3 by SonsaYT for API(s) 3.0.0, 4.0.0
ToCao 2.0.3 by PIG for API(s) 3.0.0, 3.2.0
TradeNPC 1.0.0 by Free for API(s) 3.0.0
UIShop 3.5.4 by SaltyPixelDevz for API(s) 3.0.0
WorldProtect 2.3.8 by aliuly for API(s) 3.0.0
capdao 1.0.0 by Nguyễn Công Danh (NCD) for API(s) 3.0.0
cayphattai 1.1.1 by PIG for API(s) 3.0.0
iProtector 3.1.1 by LDX for API(s) 3.0.0
tichluy 1.0.0 by LetTIHL for API(s) 3.0.0

----------------------REPORT THE DATA BELOW THIS LINE-----------------------

===BEGIN CRASH DUMP===
eNrtPYly20aWv9JLT02kLYIiwJsppSxTtKWJDq5IO94EKVcDaJCIcAWHJDrxv+973Q0QDdG6zMxu
bcVTGRMPjdfvPrqB9h8NN0oCmn26YUnqRWFj3G02Mi9gjbHe73Q77X6vP2r1RoPeqNNs5LG8pQ+7
ADX0wajbHrYHHXjIp2k2TZIoaYz/aGTrGIY1FvCXgDUbAUtTukRomiWfEhb71GZ7+2NylCzzgIUZ
eWWQvX/IG/skyNOMWIxELkFshCYJXf8Jz3rhskk8GL/0blgImN3c9996PqI+WEUBO7CjMKNeyJKD
2M+XXpgeTHxGkzO6PEgT+yC79dKMOQc0zyIbb/h0uTw4gqti2LIVr2LELLC+FAtg8IEMkJehg1QT
4Ksx/qXxqk1einEPMIHIqhIUEvll9Cv5Yz6dXF4cz79w8bAlS0i/3SRyQLf9K2m17DlLQNXEabVa
IUkAQFKabx4FobZa632g/JVO4gDJwv/iyL5mWQDMHKT2ijm5D8Kd+FGaJ2xB0+u9PpIlGTBNhQPT
VFjQfvjasD9sgfDLXkG+0emPejqnxniMGiTjhIYO/N7TOwMgZzPMNMtxplkhW/shCq/ycNt8nafM
Ny+u9sATvj5jhTTth2T7fN3t8wlDOZjxv85pCB6U7PV73YcnK+nSfgjAERarhFHnBASdWYxm26bv
bZ9eWMue0RnW2ROEmaZCGejWszezp9tm6j88k94zajOJOwL1HkcxeBCFPho9hGKWRDaEoigRuIYP
4+oN+1/BlWYgToFjtB3HjP88h597Hb37FTSfPkG0AhfN7Wwvsn5jdkbe0JRNIJymZxF1WNIkEl59
PM88PzXNc9DuWbRc4ijp53r/V1IPg+VNo3v/ZhGLhNO3H+ele8/6hLAEAhk29nSMCAn7PfeSMkgN
9F9JvKLJ+OCgTsVmAu181sJBXycBo/N+49cvzQb730k4u0sLwINA88kLbyL/hiFhgNsBqdlZo7gL
kDoKO3IYcq7rBtwlX/nzBUbqeucrI8Td7pa74k7v/h3P3ftHtvJSiCxCvukvKfPd8fjs6OLdp+nF
4nRxOp1/mpxNj66mx7+S/zg8JGbDbOz/wTH2v0KJxLlkmfS8fe0HKwH7t6GsOBcz7VX1aDb+mFy+
v1h8MRtN8g8Qmpd5LOUCYk6TPIfG/f3vOW2Dr8phCHf4j9GWIXKqlIExOyk5LAAY+5Ib6nPkRrv2
5BfmpwylCarnlran4ilZKKWwgNIr3Sf//OdDzC1Oz6efzqZvF3XJG/rXSX+W1ItKgct9O8kPEybF
bdTNlovaqJrql/0m6bXl8MJKxTC0zC+NL39XVX9XVX9XVX9XVX9XVTurqpqNJYNHqY/FRUix3W8o
aIAeC2S5WTFodFpGt9VGeO75TmNstHXod730k8NuGmOXQqaDQiaJIC5FgLbb78EkHpY5Vq877HV7
xsgdUr3T7zO913eHzO4YrG30Oz1m9wdtNuoB7lzScuaF+R0ZtKnT6bbbmt1zqdbtU0cbdl1D64+6
bs8wbHCtIem29F6rrem9kcZ58mzySu8PtPdWHmY5mZ/PyCJnZM5iYuikPRz3euN2j7xfTIjRBsjd
sP+p38UibBXDzMNWu6XrcPmZhcBlo1tcw+1PUVrQBgB+4csLOwriCJT5yfeshCZQpaBkqbMCaSTs
4Lc0CjUYIws/vaW3jNeubbiD/mgwctu026U9t2fZBjWsfrvttAd9w2VtNhiyAaB3KCgCwmAUHNjU
9y1qX2tQdXgOzbA0Brldh9Ft+Fr+jeRutG95IU3W3OxhKLDT0juv29RirDN0uswY9vW+obtG37AH
I2rQjtMfjZwhBdLcropq6+Q6iKjzut8dDAddeKbft2xKB6w3HPaMrsGGPdvo2EaPDe1ejxo1hOis
PndWSZvxejToDUbGsGuADRmdUcfSB0PaGYBYBh0ocwG3PRrpuqVi8qMlx2C09NfDTtsCiRq2O+oz
d9DuwMzIcL/baRuuAf/X0W3aHd3DoMUZD/iFoDqvWXcwYLbbZ7ahd13H6Xb1HqO6QztwMXIGHcsF
aTGqogpotpLU9F/DpL2BbQ1tyHR0NOyN+oOB1R316WA4dKyRYbhOz3btjooitLKCn+FrcB0DCHYG
LujEdka0B27U7Vr9jt119SEd9HsDyoY14W5+akFcuvDrZ/hjBVlCr8G2hVyAJv31yLZZtze0hpbr
sA7rOq5jgaztfm/k2gNr4DKjb/XsmgWlYRR9ZlK8vdeDttVjg1FnQNv94WDoOB1Dpx0duGXWoO/0
+sZo6Bq2U0MS+xxDF6ylb7WH1sB2h3aXulQf6J2RPaK6BYrRrW572OvoDtP7euNL2YZx3zzyb+k6
nccU3GUTBKvQZmMT/QzQA3ICddcqSlKsRWcrz/diMoe/IAosMajS2MM7HXCINl6zkFo+gzACSQqi
o8NiCCr4MNxLIzc7rgKw3MCGk6NNJVao9DhFKVJkmiKtYW8JP2DwfHF0tXiP0fqWWamXIQtYMB9B
q7SIIv9NdFdlrgKtMgeqUFm7WJ7R4MPFrliS6KCa3RBwn5fZ5Xzx0+XV2bHCDaSQVW61IHYeFFQh
f0qfXOGw1j9X05fOs1eFy4UopnfF5ZNK+MfYXWVZnEKOr7AtyTxK134enE9qywxSGG/9dU0MCKkK
oKbi2em7XTEuZxMl1WMMFgSfhjc1ghGiWiXYZU1l/4LccxFFibPKvXRX9P8GSMMCqVCfF94IxQmi
nsTRnPn++9MaUxKoWmK7bolnLFucnpwpDA1bxksZkuiep5CPsxrpH2eq/dx3INTG+fGu1CCwCbF/
nD2N+C3uItAcSA6AuTfFWgdLKhxWoSqbPZXJ6U3kz4HkXbFZmdg0VSoeCOoFo7e3ty0GFCH2VnbN
+cN6nCUYV9Mqg1WwyqFRV+TkM7NXs/NjdoNDP3h33vWJqle9/3KObcQeB9AngHdZgqwMyQL+VSKf
q+sK3QcKKi6WKDyjuSIRAVHzOtSuf1lkfPMMH3yTJ9CLYrz4iXI8FbrVO6oy7yXvE+alLLT4Q/3R
s1hpTKGrjIL10ey08QBb6gyoRYXAp/M8gUCLc214LSB1HY1UHqOQWfAf+ZNMHQ/a/jX0d+GP1COX
ruvZHvS1O9KgnMg0bSAMEJrmhsLH2UuiNLWi2yp/BeiB1DyPwpT+96LGQu+lLEh0QLmc+xn6AY9Z
nkS0ykAB+vd50eTkORSnWRQc+RBhUoXqClilXP9rw311ZlCBSsfLAr5Acpqx4B6HHFiPD+1634Iq
pJ93yyHO/HQ1HU8/eAmnsGSgBNVz1UAlP46WuKzUbMwv37KdNV0cqWnecBJME3KV/FUh65Ge65iG
q3de1VcKiGJwf5mbfLAYxCk55zNUwbJqkuSXVYJxAaxN3kwXR2RLIJ6cHWH2JX/+Sd4ljIX/or9F
u/MdgRx48UKujKfzdFMvh0pQrabttuoaKZdByYLRQK2COi9npiAAVLQh5QkBoFLubEg7KHEAt5Wk
veG3Aqxy3GsN6gzLFLfzjMkEBTxpKtQ8qr5paK9omL0//XBS5agCVfvEvsrQe7EIepnsjKcNRmCl
IOPp5igf+XA6U/pDBfxEjlyARHlisz+v3sRBEOOLfZGzez71ktEPXvwcXtWFiBcsQjRxmZJXE8WS
TUc2LN1vYe1ZCxRvQaqqOxUQNXp06rn1t+i3iA3wj8KX8Q2LEyVG05RElD+eysppgBv1b727GkMb
+L11F4UtJQTqre5LeQny31PMsmi0Hp/b9e6erpXT8GaS0HSlMlKFPoON7stVUrDhhTc2zsyZeNpq
pmRjzpjKAQIeKdve+BD9T6LE+wz1/M4a1CpS0xSUPIeZf0E3dM7CagVRgv49q4+/PaPs/JGxGHhk
YRYl1TClwmuKUCn/cRXRdzTwwuUsiXbFg4LUNBVynsGdlyn5RVzXI1YttZyGLkvCPNXbusLNN/hH
BSXw4j0rVaLlHfn+T1HiK2sgKry+Lml83c+/IfReRyFoxIYyyzSRcOr7t3z+Z7ATX09yekLDpaIZ
BVwPWrX1x1i2a+RPch45zCHWmpzRQNSCtT2a0WPrO5vEsVnGUGqzmbdcrkVHJ/N/2nhws0oQh52t
5Ofpwjnn22xVLReQ2s7bX9uhy0mB7nL2l/Xl5/SulFmFpwq03trWouJHFkZ8+89e74q5CkpUTEmK
cvEkZUFEx9IbI3eFuQr0sWWH3YX8AGZ9hpnlFJtaxQE3MGVnRqX4Aw3PPv734s3OGnRozTlCoF3M
/ywm5mmscoCAB5YWLqLImt3MjOsOOQod3KcOdb3T3ZnbcAKew4GfeTx+K1yUQNV8+q22ZrGMdh/d
qJj8zL8OWudZml978Pua+p53rZZIRntH2xcBEsyzACqxQvy3bF1UEKGg1rgdtIaiNqtWiQq4KqzR
/f0cuTGHa1IQ0N/l62dliSfs0VWJ+dadOoUx4P+CxotVlXMJePCNhXjboqahf8trGEVmE9M/pyiG
/vkdf70ui6pbjgq4vnxe0+CNd+M5AQugAGySbdvD32DQVTpMU/5kT2FsdjLTcJun+tZgAXpk2fac
N011FrSjs9nJ0Yg3+eWl3q5d67Vro7h+8ZYIEIxvFT89em2riypC2HJXVXC3vj+y1TP1b3DNAqFp
bqFmK/AFLltMcrAF3UEpp7fUzrwovCehEv7IdvR22Tx77VWtbHmQlZCvFLrNxsnVj5MV5bsL+N7m
Sc6X1rZLuOCmdvnNUi0RoTjzhHGCKpIsQKoQu+It1YoU+923b9vt5+3/IvIZS4ItRf89FRY/sQ9u
QqF540V5Optq5ZCN5D4JWkBSkvjNrxeIixMp37wu0UhhTeU3Qh9rEtvA1TQyqNte4PnX7a6O0esK
WLqh/uz8fLYzL00ETly6Nc04xy0TQZiQSEHms7cGKrQeqPxKwQitqkIRsLoddbaZEfknAT3ju/TQ
3Xuhl+2sQ1Fsg1NU+bkD6xB4QApXNLyer6J4jvVGdeu0duORPubzz7Ory3dH59Ornz93jQ7Z468g
jMlsBfXCu4QFHy72n+900hU2/XlVBPe79gfkqXLz9Ax3xZz59ZovCCqtkgqvv1JZizkwGOo4N5tN
d2UeG4ymWSHFNItfT+FtPl18OK2+3yYBao6uGf75ZDb9cEEW06PznfVMHCV+wYLbKk+ivEhDFdoL
kLqvZ/x73s4rZt/8ehIbUHBNoiCgocJJBfr/u3zEJ6Z3cY13hDzyZuj087kXrnbeAgi0pjn9OMNY
8QxGYPSPbK1EiA3sgRV/fDvhfLJlt+/xXb2tq5ZK1/jQ0jpbI33PWZece58hg9C18r5oBVhPEJ2v
rj5/i43hfGc4H3ha+ftJ5Mce9KmqhgrQI7ntfDKBiiRmyb23z755/7Ug4elqWOAk8zhS3hKqAB/h
ZRIlGbuDRNRU1lWhxl8Dg299mmyzx10ss25orP5+/AWiBQviNzRUNLeBPZirtr8y+O1KK14dLMl4
hvqiCY2qnPDrF7w12Py2DXQ+L5SUp++eQXtCHXYxm1TJL0CPmN1bcKBdWVUx59MJf3+Kwa5CtgSo
WaZX/5RpTv1sPfPumH/Mbj7/Fa8MCzqezghfDYWOI8MDMjbsKOCaR7SGKlPU93J/Z22KwGaafO03
FhTU2Xlir3aee4nrMd+pfqBXfEqcgf0cBPyLgAOFWxCKTWNH8SkJeMQkL5b52sx1ZvdCMjHzdtvt
hkuCLwqSvYvJ8f7uPvPK1yycQBuEuE3zjN0w/zT1RXn3qMptuo6hC8qop3BYAuubvn/dKwV2nD3d
Uj2pIGWptwJ8pGM6O/64K7IBlWluZn7xujzg0bBTOahwgYdwePbKz6uvTRSQR+xvx7WrnPWpGsKv
PmkCBINHcXJaWz6Yh2c0LYy0W+8zTRx+5Xgp0qbRMPV4ZONf6rfA9aF84Gs048arWXlFwO5db0nw
2CAzfHUeheTSzoiuE70zbhvjXqf85NwMBS4thhLlUB/pnU4J8uJDfAcA/meGQZQ5hwqtRBx9YIa3
K2BP8700O4xc1wxpGEZ5aGMYwTJRo/bKY+KcofQQ6pCQfz+qybgFmjpE/PROjk8PDbheUtxwcBje
c6MEsJUQPgnIycGeT1zFNzHH7Hj4yUUOCeTQABzFxoKWsizzwmV6aIY+BgINjebwLLKs9TwPAuRC
wFPGnHIQHsp0eDx9e/T+bGGGwjy033Oo9PlkEpBAzhFU4K9WTNMU4rJz+J/8D4gjzyItpTeMP3Tj
sVtUZ0ZBQodDM7yzojsNDZTfhvi0zOmSHbJw+VTVKJ8jt9YBfo78iqBBEpvbQQ5CADFzcyAgTKLo
EQyELFYsZaSQEoFylGQrRqIQbCmDkEdsVCo/rMoLbT/HVz8A/T0zRFzzKBBHWt3HmVKXNUkEd5IU
URIrYfSarKM8kbiI5xJQsgcpCWcADeOpVJDrAPEFuy3RHTjMpaDnlNxG4XcZoXHMaEJQ1gEwi0cD
rJFCPB5I8H27YiHJ4yWUMYCgZaIdSmRjMyTk1U8rhoSRLIJZQocACnncBsggAc/zobtzxG1Oqh/B
NMAq/GIZlxe+qW8zsuJnxCAkQMzCfAvNjgk/ngJvpKs8cyJwBXl80ZiYDXmuDx6hwxyzwSk78v3o
lqCDATHFmUPkxqPkv9AYcQy3yiJvjwlGMP7olNuofIYAXQSdhoDGQCiIzVoTKUocL026vF0h9tVP
HggkCkGu1HFIwlIhfhQrnsdCAkbxPB5+zhkI3WJINAiH/Z5TH8XGDzMjN9TPGdmTk0IM2kfsYkZw
JobGroHY8TCUMcFQAHNf5IEFUgGrOkrXoY1n44Dik2uwoxYf8B6kxU274BSHrRKoBnPQHgxPm4RX
S0QGBfCHJsGDMoARzBZcNhCqERbkIVgQDhHI51y9wBNYWRLdeWBhDMQALHHLDUviULaSoFMXbRXH
oE02iZd9B+LLEv6YwzDycZOpPUz2gIcc/MbgYuFsaJLTMUdVt1XKjSPJQ3w/DC0Q5B5zJfCvG9MW
gTJa/iaBt1yBM+OLos2q80nDQYkkSR5nAioEhoIJgDbJF1cuOCU/P8QRDkFvIs8BsrdTgDaCNheB
oMG6WhVDg8GaGFRaGqQCvtMsnPKdH1lgPZh+iYCDHwRehr4dsCW11hlInMyFqNtcuCJX8scXqLVb
j0ueWxQ47a0mEBVGlnIOXQ9IhIjE8E1HRONC7VtMKYwctJWjm5JlBIqK0E3RKnCiJSdT46SNSRu5
gNl5CBZnePyf5wDrmYfox3z7bfSnWRRzEmT4LEmS6FIC4QOzJ8S9giCctaBKbxtdSRgPAj9xr5D0
pd/tgELuF5wkjBjEziH5hJB8CLtjds6DbyRIFh6Jyaocze5sqB3SDUcicF0upmOyODmdk7PT89MF
OZrNzk6nczKbXhGoEH+cXjUJDCKLSxg1JT+dXJ5NyezqcjKdz1v1EKDIw+j1pThmLPEinpAxEKfI
oL1iPCRzaZTBVifi4DweW/gQDZcsRZjlqKBwBD4hQIM1Ib9fMzZhZFD5YQIMcZicjGMWSCD0bgK5
yEh8jkvMIZjn+QOt+6PRFmQxDmqLmY3lgJAskiv0Kp4teQDzYnG6YbXTlrym+9tJkpx3JOdLmljg
GZod+b6oSnkA2i5d7mpIjnyKyKcgdgc0zHnxUaUECrMcbHC/WeSEuhEWZijSq+sCLsFvsHHBFrkU
MV8YPFQPUe47JS0eJJHbkGzoTwXimJMPjPbbbckrzPaWB4t7SZKbjsBQ8uYmUVAkW/G0HKFVTbOq
YeRGavKebZAtJqVYx7woGFFlScQPnikM2cmDWFRXooQj8oaGNwp9HeMg+QCnnZNZcABXkObB2ekW
AUPShsQHM9yAkaVpzjAwZCvQ2rKoNjFo4WwbqpqFIkWNIIvKlqAGh35VTtjz2Ks8vE4L2ic0RqgX
5AHkWEivCSl6BVQkER2SoGIjV/QXKUruMfdtDIrtWFLEJ9SwCs4h6XZLjR1H4lbdprE2wqgn8IvB
hQsJXHJglTNeOWg2dH6s5O0YSOG1CpSPKD2gThQYAktMsSch4hnB4YY7eEzKUzbCcmYcvKl2UYB4
Fk2B92FUD9mhGYYsQ4WNZYqA0mwV+aLEtGgGHS1W4pzkFI/pJDLJ8NgmOh95V6QWi5XFpkhvr6pa
Km5hWE3W2Yqf/6vpFQVy5fGJtawgRqYAHrU3dSxvXbGEdATn2MvwQh8fBqAkq0VOoBYEWzrkxR2Z
zN434VmgwQL/uvUcMHteK4joWeLXOP4x6Rdl96YiT7l0KmNb5MiBQLWivnuAByTwNsFhYMNyKpiU
4IoJGljFETdpr4Ks2opM7zCqYYlJ/RZBIt7PwllRbG8aQOwlkKhbSJv4YB6HsSava93NufS61PvM
Sn1iWV6oMcWEJ0smKNuFeVRSa3dkiIf2W2Qmn/EpnkWBHbTsRKUt8BndhC6RBdAJiC2NfV6xYHsZ
APHo7DRBPU18D1dOeL+M5zCyNCPni/ec0hRYQratPCPYn3NVbqYTzUWriDVBlmv41JhTi1buMCtf
jouG5QeiY6Miy7UVuCq/T4rTdUVDjZYcppFIXNIadEQmgpPANllF0MCiBRZ9Cis6UR7BHJpRktKb
IlLi+kixXoT3Ki0sEMYX5ETBItcjfou8UDTDfMnoO/LRiu7Q6hNyekz2Pr4/Pd4HnsHkgQYYfwvh
Pk7Ea2FgGNi/JNC8tDYVIFhCxIdwYYdg6R/fnBX4ZW9TgXzHJ8NlJJ40ofrAJpenYc5bVKyOyBRS
WeZxXT4t3PPctXaXe86GWwplCgQ3RrMibAL74jzLogvgHaQkFMwGik5ekYWRjSfA8WfBas7pGiwG
O8kguimacsxoMg3wUKwV98SU6SYAFqth1QWSBV/hEOYu/g0PoQs+Vtp2nsqVFhscOROhTj6jiWfG
JIYa6cbzcRoRxmWIkrNgHqLhsuwTQnzMr6fDZjFKWVDbuigllHwURDl6sCvyjXRoFKVUMeZXjFB8
OQLMEH/zBAkPX/F0WXmYMx4y0f5aTCCz8Ito+I3LmzzDrQp75ybOVz2VxCvYx4lK9iEOEVonNRZn
3cJsDHLaNirb28mkCWAC+yjcDogtHsa/S2o63JdxcUDLY7BfllZiIz8+jk/EF3mrrnnMJ7Pw1aeU
ByCUJ0tQ00QcEUokd0QuphQJnD+jsA74NGKQV2QJbVi6Ec9mwaaUUOu+iGRouqUe79MgTEITI3QT
R3HuF8YoLzCT8TEyIHZ4OOQFvhbLIIa5BOMSJDtZOvOlXLFENZZJHFfUeNsowCIHSn3hkYnlWkfF
ydHeNTxNvwYq3U0FxyuoNt2oohHwMk3slZQjVxFqhpPSwhc6W17EKYZAtg6w7QEHyXAF0U43pGMv
J++TzX3OAg9idLlMoIEWi2VyZU0sIOAh6Nd1/jh94MGXx5d4ZLAmQ77IfBgUbpmorSm4zi2fMeWE
bxjgsFZlORsSbSl5YZpCOfeECgoV96UxQY7HU255pqqWiBweVUUHVXeIdlJZuWpCfIxXtEnwsx+e
nrOyCoPQ67IEKm0NI1CI6U/cLbKVyBVUWQmTe1KV9JpDxQmZnEexIlhIhFzz4n4xxz1NC16rqs68
YBOrZf5FpDgePQFDM2oWAyZOyJf45EPFcm5rM4G8U52hkObDGV6GbaFd4RWVlROJA9BnUp7FGslK
AnnEwCZH1s0yYuCSM7QmDi8cPbdEBN0HMCL2FzACFQsHIsYBPhkii8xGfY+msiuBQpIGsV9cYckD
NEpdjQuliXtgt7iCNSa/8FoF8meTL2n9ikjFp7hlmqzue3A2sG5MPEcuGhTbUnw1YFvG4gmdZ+iU
18e82cRPBoBWmW6r5It5OQ3iJ8FtLMwKInttZhyTt2dHi7Hx/aDZG93pzc5dp2l8r3/vYD3E/XwP
9/xtDK6Hw7YIxeKq29sXRZ7YYqj26sLDMbeAjOVSGi89+FoYaM1eE3E0ep4UQbloUJJyc4JHHMDD
/zkEXG9JC4FpxcYG2IKoZl+95aGGT8XHK0hyXinIf+WkAtF4aVmp+aKYt7fsDgJfKns7+xq7g5T3
MSARy4O6fC1qOD4O+QVSoPMQaUT4jOCS44diJCljdaPZYHcZC9PiE5QJVAjVk70d/mHd5tr3rDu+
g1dCwCjCNFVAsa0iSX8HIllHOTFcnI9cXlu2PAa6hODmVejQRIEl6ziL+McIHf6psy3/mZvNiDxR
SIEUj2+8tNsdXTdG8p+qwXRVHQQwfuBlBZIp55svHeUqUG6uIKcp3EKp5+DOeAWGZ5orYkQncSzJ
Cb4DEFhiM686KliD5PjJ6vIXKW/NZ2eqxMPMv/eoV4XMji+VJ5zoEx9UBwplKU+uVC1s0t8nXt1U
T0tv8/spnjpSkQh/IFVwbM4OxzfWdDwYv9mAvifnMW2ZCwEWKK+YKxd7FLyrIFJUMfcw3nw8V2Tj
LcWh7nIqfJ0ri65ZCIWVwlbNruESKbw35jbxasaypvxJQ36k/tmLxVs3Iz7Xz1iDXc74as/mqS9f
/gfJG+Mq
===END CRASH DUMP===
