PocketMine-MP Crash Dump Fri Oct 15 07:51:09 UTC 2021

Error: str_replace(): Argument #2 ($replace) must be of type array|string, int given
File: plugins/ClearLag/src/twisted/autoclearlagg/AutoClearLagg
Line: 121
Type: TypeError

THIS CRASH WAS CAUSED BY A PLUGIN
BAD PLUGIN: AutoClearLagg v3.1.0

Code:
[112]                         }
[113]                     }
[114]                 }
[115]                if($this->messages[self::LANG_ENTITIES_CLEARED] !== ""){
[116]                     $this->getServer()->broadcastMessage(str_replace("{COUNT}", $entitiesCleared, $this->messages[self::LANG_ENTITIES_CLEARED]));
[117]                 }
[118] 
[119]                 $this->seconds = $this->interval;
[120]             }else if(in_array($this->seconds, $this->broadcastTimes) && $this->messages[self::LANG_TIME_LEFT] !== ""){
[121]                 $this->getServer()->broadcastMessage(str_replace("{SECONDS}", $this->seconds, $this->messages[self::LANG_TIME_LEFT]));
[122]             }
[123]         }), 50);
[124]     }
[125] }

Backtrace:
#0 plugins/ClearLag/src/twisted/autoclearlagg/AutoClearLagg(121): str_replace(string[9] {SECONDS}, integer 60, string[40] ..cServer d...n r..c sau {SECONDS} gi..y)
#1 pmsrc/src/pocketmine/scheduler/ClosureTask(61): twisted\autoclearlagg\AutoClearLagg->twisted\autoclearlagg\{closure}(integer 236951)
#2 pmsrc/src/pocketmine/scheduler/TaskHandler(137): pocketmine\scheduler\ClosureTask->onRun(integer 236951)
#3 pmsrc/src/pocketmine/scheduler/TaskScheduler(179): pocketmine\scheduler\TaskHandler->run(integer 236951)
#4 pmsrc/src/pocketmine/plugin/PluginManager(654): pocketmine\scheduler\TaskScheduler->mainThreadHeartbeat(integer 236951)
#5 pmsrc/src/pocketmine/Server(2389): pocketmine\plugin\PluginManager->tickSchedulers(integer 236951)
#6 pmsrc/src/pocketmine/Server(2152): pocketmine\Server->tick()
#7 pmsrc/src/pocketmine/Server(1992): pocketmine\Server->tickProcessor()
#8 pmsrc/src/pocketmine/Server(1586): pocketmine\Server->start()
#9 pmsrc/src/pocketmine/PocketMine(314): pocketmine\Server->__construct(object BaseClassLoader, object pocketmine\utils\MainLogger, string[16] /home/container/, string[24] /home/container/plugins/)
#10 pmsrc/src/pocketmine/PocketMine(344): pocketmine\server()
#11 pmsrc(11): require(string[71] phar:///home/container/PocketMine-MP.phar/src/pocketmine/PocketMine.php)

PocketMine-MP version: 3.24.0 [Protocol 465]
Git commit: b54854529f8a1366e156f8ec32e02635ec670e95
uname -a: Linux 70ad3400-c5fa-46ad-84f2-694f522c3898 4.15.0-159-generic #167-Ubuntu SMP Tue Sep 21 08:55:05 UTC 2021 x86_64
PHP Version: 8.0.11
Zend version: 4.0.11
OS : Linux, linux
Composer libraries: 
- adhocore/json-comment 1.1.2@fc2f76979f0a44a5f5bc2a2b600d0762fe0e78e7
- daverandom/callback-validator unknown@unknown
- pocketmine/binaryutils 0.1.13@0abee38d4e2861621f262c79a2a3d699d8a697f4
- pocketmine/callback-validator 1.0.3@64787469766bcaa7e5885242e85c23c25e8c55a2
- pocketmine/classloader 0.1.2@9757928424652393b178a3760073113aa7c9911b
- pocketmine/log 0.2.1@830b44a2cf96ef703c550abe64302f230231ca49
- pocketmine/log-pthreads 0.1.3@e477ecf6ec214fdd4415ea1da3fdd9d73bf699ea
- pocketmine/math 0.2.6@43057cb8c179a9859677b496a788db922fd5cfc3
- pocketmine/nbt 0.2.18@9f82ca4d7f97fcd9a566e44b63c4f18a7657ae82
- pocketmine/pocketmine-mp 3.24.0@b54854529f8a1366e156f8ec32e02635ec670e95
- pocketmine/raklib 0.12.11@9cce458b8bfde3e4dfdbf70c659fc7b7fe26b5c4
- pocketmine/snooze 0.1.5@70b5e7937a06878dd321a3182ceb76d56298f2cd
- pocketmine/spl 0.4.2@6b08b7cf8c4afa17139c9a1b3bf1b408531de161

Loaded plugins:
AlwaysSpawn 2.2.4 by Philip Shilling for API(s) 3.0.0
AntiToolBox 0.1 by NgLamVN for API(s) 3.0.0
AutoClearLagg 3.1.0 by Twisted for API(s) 3.0.0
AutoFly 1 by PIG for API(s) 3.0.0
AutoInv 0.0.10 by JackNoordhuis for API(s) 3.0.0
AutoSellUI 3.0.0 by LetTIHL for API(s) 3.8.2
AutoXP 1.1.0 by JackMD for API(s) 3.0.0
BuilderTools 1.2.0 by CzechPMDevs, VixikHD for API(s) 3.16.0
BuonLau 2.0.3 by PIG for API(s) 3.0.0
BurgerSellWands 1.0.1 by Heisenburger69 for API(s) 3.0.0
CoinAPI 2.0.9 by onebone | Edit By SenKai Official for API(s) 3.0.0
Crossbow 1 by SonsaYT for API(s) 3.0.5
CuongHoa 2.0.3 by PIG for API(s) 3.0.0
CustomAlerts 2.1 by EvolSoft for API(s) 3.0.0
CustomItem 1.0.0 by Phuongaz for API(s) 3.0.0
DEVirion 1.2.7 by poggit, SOFe for API(s) 3.0.0
DanhGia 2 by PIG for API(s) 3.0.0
Detu 4.0.0 BETA 2.0.9 by CLADevs || GreenJajot for API(s) 3.0.0
DevTools 1.14.2 by PocketMine Team for API(s) 3.13.0
EconomyAPI 5.7.2 by onebone for API(s) 3.0.0
EnchantUIVH 0.6 by UnknownOre for API(s) 3.0.0
EnchantVIPUI 0.6 by UnknownOreforsource|RBpmmpformod for API(s) 3.0.0
Fly 1 by PIG for API(s) 3.0.0, 3.2.3, 3.1.0, 3.2.0, 4.0.0
FormAPI 1.3.0 by jojoe77777 for API(s) 3.2.0
FormImagesFix 0.0.1 by  for API(s) 3.11.4
InvCrashFix 0.0.1 by  for API(s) 3.14.0
InvSee 1.0.0 by BlockHorizons for API(s) 3.0.0
JoinMenu 1 by PIG for API(s) 3.0.0
KeepInventory 1.0 by KhoaGamingPro for API(s) 3.0.0
KitUI 1.3.6 by Infernus101 for API(s) 3.4.0
LoadAllWorlds 1.1.2 by  for API(s) 3.12.0
LpkCuaHangUI 0.0.5 by phuongaz | Moded by LamPocketVN for API(s) 3.9.0
MSpawns 2.2 by EvolSoft for API(s) 3.0.0
MaxEnchants 1.2.1 by Xenophilicy for API(s) 3.0.0
MenuUIVHPIG 1.0.0 by PIG for API(s) 3.0.0
MuaDetuUI 3 by VanLXYTB for API(s) 3.0.0
MuaSsp 2 by NoobPvP2k3 And Shin1134 for API(s) 3.0.0
MultiWorld 1.6.0-beta4 by CzechPMDevs, VixikCZ, fuyutsuki, kaliiks for API(s) 3.20.0
MysteryCrate 9.2.0 by JackMD, DaPigGuy for API(s) 3.9.0
OreGenerator 2.0.0 by vividmemory, LetTIHL for API(s) 3.0.0
PHP-Sell 1.2.7 by Muqsit for API(s) 3.0.0-ALPHA9, 3.0.0-ALPHA10, 3.0.0-ALPHA11, 3.0.0-ALPHA12, 3.0.0
PickaxeLevelUI 2.0.0 by LetTIHL for API(s) 3.0.0
PiggyCustomEnchants 2.4.3 by DaPigGuy for API(s) 3.19.0
PiggyFactions 1.2.0 by DaPigGuy for API(s) 3.13.0
PureEntitiesX 0.7.0 by milk0417, RevivalPMMP for API(s) 3.19.0
PurePerms 1.4.2-c2a by 64FF00 & ProjectInfinity for API(s) 3.0.0
RedSkyBlockUI 3.1.1 by RedCraftPE for API(s) 3.0.0
SETVIP 2.3 by MCPEVN TEAM for API(s) 3.0.0
ScoreHud 5.2.0 by JackMD for API(s) 3.0.0
SellCommand 1.2.7 by Muqsit for API(s) 3.0.0-ALPHA9, 3.0.0-ALPHA10, 3.0.0-ALPHA11, 3.0.0-ALPHA12, 3.0.0
SellExp 3.0.0 by EzMinh, LetTIHL for API(s) 3.0.0
ShopKeyUI 1 by VbeeMC for API(s) 3.0.0, 4.0.0
SizePlayer 1.0.3 by  for API(s) 3.0.0
SpiderUI 1.0.0 by MCCreeperYT for API(s) 3.0.0, 4.0.0
TableSpoon 1.0.0 by CortexPE, Xenophilicy, HyperFlareMC for API(s) 3.0.0
TempBanUI 2.3 by SonsaYT for API(s) 3.0.0, 4.0.0
ToCao 2.0.3 by PIG for API(s) 3.0.0, 3.2.0
UIShop 3.5.4 by SaltyPixelDevz for API(s) 3.0.0
WorldProtect 2.3.8 by aliuly for API(s) 3.0.0
capdao 1.0.0 by Nguyễn Công Danh (NCD) for API(s) 3.0.0
cayphattai 1.1.1 by PIG for API(s) 3.0.0
iProtector 3.1.1 by LDX for API(s) 3.0.0
tichluy 1.0.0 by LetTIHL for API(s) 3.0.0

----------------------REPORT THE DATA BELOW THIS LINE-----------------------

===BEGIN CRASH DUMP===
eNrtPYly20aWv9JLT02kLYIiwJsppSxTtKWJZHFN2vHsIKVqAA0SFq7gkEQn/vd9r7sBoiHqNDO7
tRVPZUw8NF6/q9/VQPv3hhslAc0ur1mSelHYGHebjcwLWGOs9ztdY9g1+qOWMWoPunqzkcfylj7s
jlr9tt7TByO9NzD6zYZP02yaJFHSGP/eyNYxDGss4C8BazYClqZ0idA0Sy4TFvvUZnv7Y3KULPOA
hRl5ZZC9v8kb+yTI04xYjEQuQWyEJgld/wHPeuGySTwYv/SuWQiY3dz333o+oj5YRQE7sKMwo17I
koPYz5demB5MfEaTM7o8SBP7ILvx0ow5BzTPIhtv+HS5PDiCq2LYshWvYsQssL4UC2DwgQyQlwHC
yxLgqzH+V+NVm7wU4x5gApFVJSgk8q/Rr+T3+XRy8f54/o2Lhy1ZQvrtJpEDuu1fSatlz1kCqiZO
q9UKSQIAktJ88ygItdVa7wPlr3QSB0gW/hdH9hXLAmDmILVXzMl9EO7Ej9I8YQuaXu31kSzJgGkq
HJimwoL2033DfrcFwm97BflGpz/q6Zwa4zFqkIwTGjrwe0/vDICczTDTLMeZZoVs7aco/JCH2+br
PGW+eXG1B+vg/hkrpGk/Jdvn626fTxjKwYz/dU5DWEHJXr/XfXiyki7tpwAWwmKVMOqcgKAzi9Fs
2/S97dMLa9kzOsM6e4Iw01QoA9169mb2dNtM/Ydn0ntGbSZxR6De4ygGD6LQR6OHUMySyAZXFCUC
1/BhXL1h/x5caQbiFDhG23HM+M9z+LnX0bv3oLm8BG8FSzS3s73I+sLsjLyhKZuAO03PIuqwpEkk
vPp4nnl+aprnoN2zaLnEUXKd6/1fSd0NljeN7t2bhS8Si779OC/dO9YnhCUQSLexp6NHSNhvuZeU
Tmqg/0riFU3GBwd1KjYTaOezFg66nwT0zvuNX781G+x/J+DsLiwADwLNpRdeR/41Q8IAtwNSs7NG
cRcgdRR25DDkXNcNuEvu+fMNRup6554R4m53y11xp3f3jufu/S1beSl4FiHf9F8p893x+Ozo/bvL
6fvF6eJ0Or+cnE2PPkyPfyX/cXhIzIbZ2P+dY+zfQ4nEuWSZXHn72k9WAvZvQ1pxLmbaq+rRbPw+
ufj4fvHNbDTJ30BoXuaxlAuIOU3yHBr393/ktA3ulcMQ7vAfoy1D5FQpA2N2UnJYAND3JdfU58iN
du3Jb8xPGUoTVM8tbU/FU7JQSmEBqVe6T/7+94eYW5yeTy/Ppm8Xdckb+v2kP0vqRabA5b6d5IcJ
k+I26mbLRW1UTfXbfpP02nJ4YaViGFrmt8a3v7Kqv7Kqv7Kqv7Kqv7KqnWVVzcaSwaPUx+QipFju
NxQ0QI8Fstx0DBqdltFttRGee77TGBttHepdL7102HVj7FKIdJDIJBH4pQjQdvs9mMTDNMfqdYe9
bs8YuUOqd/p9pvf67pDZHYO1jX6nx+z+oM1GPcCdS1rOvDC/JYM2dTrddluzey7Vun3qaMOua2j9
UdftGYYNS2tIui2912prem+kcZ48m7zS+wPto5WHWU7m5zOyyBmZs5gYOmkPx73euN0jHxcTYrQB
cjvsX/a7mIStYph52Gq3dB0uv7IQuGx0i2u4fRmlBW0A4Be+vLCjII5AmZe+ZyU0gSwFJUudFUgj
YQdf0ijUYIxM/PSW3jJeu7bhDvqjwcht026X9tyeZRvUsPrtttMe9A2XtdlgyAaA3qGgCHCDUXBg
U9+3qH2lQdbhOTTD1BjkdhVGN+Fr+TeSu9G+5YU0WXOzh6HATkvvvG5Ti7HO0OkyY9jX+4buGn3D
HoyoQTtOfzRyhhRIc7sqqq2T6yCizut+dzAcdOGZft+yKR2w3nDYM7oGG/Zso2MbPTa0ez1q1BDi
YvX5YpW0Ga9Hg95ghE0psCGjM+pY+mBIOwMQy6ADaS7gtkcjXbdUTH605BiMlv562GlbIFHDdkd9
5g7aHZgZGe53O23DNeD/OrpNu6M7GLQ44w6/EFTnNesOBsx2+8w29K7rON2u3mNUd2gHLkbOoGO5
IC1GVVQBzVaSmv5rmLQ3sK2hDZGOjoa9UX8wsLqjPh0Mh441MgzX6dmu3VFRhFZW8DN8DUvHAIKd
gQs6sZ0R7cEy6natfsfuuvqQDvq9AWXDmnA3P7UgLpfw62esxwqyhF6BbQu5AE3665Fts25vaA0t
12Ed1nVcxwJZ2/3eyLUH1sBlRt/q2TULSsMo+sqkeHuvB22rxwajzoC2+8PB0HE6hk47OnDLrEHf
6fWN0dA1bKeGJPY5hi5YS99qD62B7Q7tLnWpPtA7I3tEdQsUo1vd9rDX0R2m9/XGt7IM42vzyL+h
63QeU1guGydYhTYbG+9ngB6QE8i7VlGSYi46W3m+F5M5/AVeYIlOlcYe3unAgmjjNQup5TNwIxCk
wDs6LAangg/DvTRys+MqANMNLDg52lRihUyPU5QiRaYpwhrWlvADBs8XRx8WH9Fb3zAr9TJkARPm
IyiVFlHkv4luq8xVoFXmQBUqa++XZzT49H5XLEl0kM1uCLjLy+xivvjl4sPZscINhJBVbrXAdx4U
VCF/Sp1c4bBWP1fDl86jV4XLhUimd8Xlk1L4x9hdZVmcQoyvsC3JPErXfh6cT2ptBimMt/66JgaE
VAVQU/Hs9N2uGJeziZTqMQYLgk/D6xrBCFGtEuyyprJ/QOx5H0WJs8q9dFf0fwGkYYFUqM8Lr4Xi
BFFP4mjOfP/jaY0pCVQtsV23xDOWLU5PzhSGhi3jpQxJdM9TyOdZjfTPM9V+7i4g1Mb58a7UILAJ
sX+ePY34LctFoDmQHABzbzBfZQn6nbTCogJWGTXqjE6+Mns1Oz9m1zj0k3frXZ2ofOv9lzNuI/Y4
gDwarM8SZGVIlmnWiHyuLCp0HyiouFii8IzmikQERI17kNv9aZ7jzTNs9E2eQK2G6+kXyvFU6Fbv
qMq8E9xOmJey0OIP9UfPYqUxhaorCtZHs9PGA2ypM6AWFQKfzvMEHBHOteG1gNR1NFJ5jEJmwX/k
DzJ1PCiL11D/hD9Tj1y4rmd7UPftSINyItO0gTBAaJobCh9nL4nS1IpuqvwVoAdC1xyqfvrPRY2F
3ktZkOiAcjn3M/QDK2Z5EtEqAwXo37eKJifPoTjNouDIBw+TKlRXwCrlNeFPryN/DoTsjPjKzKAC
lY4HstzC293c3LQY0IT4W9nVhsfTjAV3OOTAun9o1/N6VCH9ulsOceanq+l4+slLOIUlAyWoHqsG
KvlxtMS2S7Mxv3jLdlaUcKSmec1JME2IVfJXhaxHapJjGq7eedW1UkAUg/vTlskni4GfknM+QxUs
qwZJflklGBtEbfJmujgiWxzx5OwIoy/54w/yLmEs/Af9Eu1u7QjkwIsXcmU8nafrejpUgmo5H5TY
NY2UbUKyYDRQs6DOy5kpCAAVbUh5ggOopDsb0g5KHMBtJWhv+K0Aqxz3WoM6wzLE7TxiMkEBD5oK
NY+qbxraKxpmH08/nVQ5qkDVOqqvMvRRNAkvkp3xtMEIrBRkPN0c5SOfTmdK/aSAn8iRC5AoT2z2
x4c3cRDE+OJb5OyeT71k9JMXP4dXtVB/QZHexDYezyaKlkZHFizd72HtWQX8W5CqupwKiOo9OvXY
+iX6ErEB/lH4Mr6jeC8xmqYkovzxVFZOA9zIfuvd1hjawO/0JRS2FBeot7ov5SXIf0sxyqLRenxu
17t9ulZOw+tJQtOVykgV+gw2ui9XScGGF17bODNn4mndPsnGnDGVAwQ8kra98cH7n0SJ9xXy+Z0V
qFWkpikoeQ4z/4Bq6JyF1QyiBP17unNfnpF2/sxYDDyyMIuSqptS4TVFqJT/vIroOxp44XKWRLvi
QUFqmgo5z+DOy5T4Iq7rHqsWWk5DlyVhnuptXeHmO9ZHBSXw4j0rVKLlHfn+L1HiKz0QFV7v2xn3
r/PvcL1XUQgasSHNMk0knPr+DZ//GezEV5OcntBwqWhGAdedVq9W78hyjfxBziOHOcRakzMaiFyw
tocxeqy/swkcmzaGkpvNvOVyLSo6Gf/TxoObOYI4rGwlP08XzjnfhqpquYDUdqb+3ApdTgp0l7O/
rC4/p7elzCo8VaD10rbmFT+zMOLbY/Z6V8xVUKJiSlKUiycpCzw6pt7ouSvMVaCPtR125/IDmPUZ
ZpZTLGqVBbiBKTsXKsWfaHj2+Z+LNzsr0KE05wiBdjH/s5iYp7HKAQIeaC28jyJrdj0zrjrkKHRw
HzfU9U53Z8uGE/AcDvzM4/5b4aIEqubTb7U1i2W0++hGxeS/+dcz6zxL8ysPfl9R3/Ou1BTJaO9o
+yJAgnkUQCVWiP+erYsKIhTUOs1YsoakNqtmiQq4KqzR3f0cuXGFPSlw6O/y9bOixBP2sKrEfO9O
lsIY8A/V5zv+8lYm3oqX/CvgevO5xv+1d+05AQsgfWqSbZuP32EOVTpMU/5kT1kBs5OZhpsk1XfS
CtAjTc9zXnLUWdCOzmYnRyNeIpeXert2rdeujeL6xRsKQDC+s/r0tT/z7Ct6y87YNVO3kGs3HlHr
jjUZi8mfw8bd5KjKy927KkPd+ibJ1uWpf8f6LBCa5hZqtgJfsG6LSQ62oDso5fSW2pkXhXckVMIf
2ZPeLptnN2DV9JZ7Wgm5J9ttNk4+/DxZUb7FgC83nuS8v7ZdwgU3tcvvlmqJCMWZJ2wqvw35XBWn
AlfLiEFdnIHnX7W7OvqVDwz8I/Vn5+eznRleInBiS9I04xy3AgRhIJgKmc9ueVdoPVD5lYKZsSRI
a0IRMNW+ui1Dsw2qCqXfffu23SZ/J1B243vUULl6oZftLPu+FBMIGXCqKj9fYCP8WflO9gbPN1Sp
M79a826O4l9VeP19sVr5AYMhCLvZbLor/jcYTbNCimkWv57idefTxafT6ss7EqD61ppnPZ/Mpp/e
k8X06HxnCS9Hia/nY0/8SZQX7qNCewFSN2WMf8+rR8Xsm19PYgPi/SQKAhoqnFSg/7+zF3xiehvX
eEfII6+9Tb+ee+Fq5xmoQGua08+z+Sp6RgmGo39ma8VDbGAPtGtxa/l8smWr5vEtma0tJyXlf6gv
ytZI33OaSnPvK7hIumbV2qECrHcpOve2Dr/HxnC+M5wPVlr5+0nkx57DElVDBeiRBsv5ZAJhN2bJ
nVeHvnvzrCDh6WpY4CTzOFJe8agAH+FlEiUZu4VA1FSaYpCbrYHBtz5NttnjLnpkGxqrvx9/+2PB
gvgNDRXNbWAPxqrt73t9v9KK975KMp6hvmhCoyon/PoFr3w1v2/3k88LOdPpu6fT/vEUfUaFeAlQ
nXWv/rnDnPrZeubdMv+YXX/9M16bFHQ8nRHeEYLMNMOP6DfsKOCaYbWGKlPU93J/Z+mswGaavP8V
Cwrq7Dwxrz/PvcT1mO9UP+IpPjfMwI8dBBRjxIHCLQjFprGjmKYEPOJQ3i+hZMt1ZvdCMjHzdtvt
hkuCL0uRvfeT4/3dfQqSr1k4icIl4jZN3tk4TX2RJT2qcpuuYyg9M+opHJbA+sbXn7etasfZ0y3V
kwpSGnYV4COFx9nx512RDahMczPzi3uTgEfDhP+gwgV+qO/ZKz+vbh0XkEfsb8cpoJz1qRrCL8No
AgTDiuLktLZ8VAvPaFoYaTfeV5o4/MrxUqRNo2Hqcc/Gv+ZtwdKHKMzr+XHj1ay8ImD3rrckeLSI
Gb46j0JyYWdE14neGbeNca9TfpZqhgKXFkOkP9RHeqdTgrz4EPdB4X9mGESZc6jQSsTn0WZ4swL2
NN9Ls8PIdc2QhmGUhza6Ecy2NGqvPCbOIkkPIZyH/BszTfot0NQh4qe3cnx6aMD1kmLb2GF4z40S
wFZC+CQgJwdLJ3EVX8ccs+Pha+c5BJBDA3AU7WEtZVnmhcv00Ax9dAQaGs3hWWRZ63keBMiFgKeM
OeUgPLjl8Hj69ujj2cIMhXlov+WQMPPJJCCBmCOowF+tmKYp+GXn8D/5HxBHnkVaSq8Zf+jaYzeo
zoyChA6HZnhrRbcaGii/Df5pmdMlO2Th8qmqUT5ZbK0D/GTxFUGDJDa3gxyEAGLm5kBAmETRIxgI
WaxYykghJQJZHclWjEQh2FIGLo/YqFR+oI0X2n6O29+A/o4ZIq55FIhjb+7iTKnLmiSCO0mKKImV
MHpF1lGeSFzEcwko2YOQhDOAhvHkGoh1gPg9uynRHTjMpaDnlNxE4Q8ZoXHMaEJQ1gEwi58Pr5FC
PEJE8H2zYiHJ42VCHUDQMtEOJbKxGRLy6pcVQ8JIFsEsoUMAhfwkH2SQwMrzoUhyxG1Oqh/BNMAq
/GIZlxe+rWwzsuLnSCAkQMzCfAvNjgn/hB1vpKs8cyJYCvKIkzExG/LsDzxmgzlmg1N25PvRDcEF
BsQU55KQa4+S/0JjxDHcKou4PSbowfijU26j8hkCdBFcNAQ0BkJBbNaaSFHieGnS5e0Ksa9+8UAg
UQhypY5DEpYK8aNY8cwGEjCKZ3bws5BA6BZDokE47Lec+ig2fuARuaZ+zsienBR80D5iFzPCYmJo
7BqIHQ9MGBN0BTD3+zywQCpgVUfpOrTx/AxQfHIFdtTiAz6CtLhpF5zisFUC2WAO2oPhaZPwbIlI
pwDroUnwY3pgBKMFlw24aoQFeQgWhEME8jlXL/AEVpZEtx5YGAMxAEvccsOSOJStJOjURVvFMWiT
TeJlP4D4soQ/5jD0fNxkag+TPeAhh3VjcLFwNjTJ6Zijqtsq5caR5CG+I4MWCHKPuRL4F15pi0Aa
LX+TwFuuYDHjy3LN6uKThoMSSZI8zgRUCAwFEwBtki+uXFiU/IwBRywIeh15DpC9nQK0EbS5CAQN
1tWqGBoM1sSg0tIgFPD9QrEo3/mRBdaD4ZcIOKyDwMtwbQdsSa11BhIncyHqNheuiJX88QVq7cbj
kucWBYv2RhOICiNLOYeuBySCR2L4theicSH3LaYURg7aynGZkmUEiopwmaJV4ERLTqbGSRuTNnIB
s3MXLL7z/z/PAeYzD9GP8fb76E+zKOYkSPdZkiTRpQTcB0ZP8HsFQThrQZXeNrqSMO4EfuGrQtKX
/rADCvm64CShxyB2DsEnhOBD2C2zc+58I0GyWJEYrMrR7NaG3CHdcCQc18ViOiaLk9M5OTs9P12Q
o9ns7HQ6J7PpBwIZ4s/TD00Cg8jiAkZNyS8nF2dTMvtwMZnO5626C1DkYfT6UhwzlngRD8joiFNk
0F4x7pK5NEpnqxNxuBb3LXyIhp0/4WY5KkgcgU9w0GBNyO99xiaMDDI/DIAhDpOTccwCCbjejSMX
EYnPcYExBOM8f6B1dzTagkzGQW0xszEdEJJFcoVexbMlD2BeLE43rHbaktd0fztJkvOO5HxJEwtW
hmZHvi+yUu6AtkuXLzUkRz5F5FPguwMa5jz5qFICiVkONrjfLGJC3QgLMxTh1XUBl+A32CzBFrkQ
Pl8YPGQPUe47JS0eBJGbkGzoTwXimJMPjPbbbckrzPaWO4s7QZKbjsBQ8uYmUVAEW/G0HKFVTbOq
YeRGavKObZAtJqVYx7xIGFFlScQPpygM2cmDWGRXIoUj8oaGNwp9HeMg+QCnnZNZcABXEOZhsdMt
AoagDYEPZrgGI0vTnKFjyFagtWWRbaLTwtk2VDULRYocQSaVLUENDr1XTljz2Ks8vEoL2ic0RqgX
5AHEWAivCSlqBVQkERWSoGIjV1wvUpR8xdy1MUi2Y0kRn1DDLDiHoNstNXYciVt1m8bcCL2ewC8G
F0tI4JIDq5zxzEGzofJjJW/HQArPVSB9ROkBdSLBEFhiijUJEc8IDjfcwWNSnrIQljPj4E22iwLE
8yoKvA+jesgOzTBkGSpsLEMEpGaryBcppkUzqGgxE+ckp3iUH5FBhvs2UfnIuyK0WKxMNkV4e1XV
UnEL3Wqyzlb8jFBNryiQK49PrGUFMTIEcK+9yWN56YoppCM4x1qGJ/r4MAAlWS1yArkg2NIhT+7I
ZPaxCc8CDRasrxvPAbPnuYLwniV+jeMfk36Rdm8y8pRLpzK2RY4ccFQr6rsH+JE4LxMcBjYsp4JJ
CXZM0MAqC3ET9irIqqXI9Ba9GqaY1G8RJOLjLJwVyfamAMRaAom6gbCJD+ZxGGvyulbdnMtVl3pf
WalPTMsLNaYY8GTKBGm7MI9KaO2ODPHQfovM5DM+xe/xsYKWlai0BT6jm9AlsgA6AbGlsc8zFiwv
AyAeFztNUE8T38POCa+X8aw2lmbkfPGRU5oCS8i2lWcE63Ouys10orhoFb4myHINnxpzatHKHWbl
y3FRsPxEdCxUZLq2gqXK75PiBE5RUKMlh2kkApe0Bh2RCecksE1WERSwaIFFncKKSpR7MIdmlKT0
uvCU2B8p+kV4r1LCAmG8IScSFtmP+BJ5oSiGecvoB/LZim7R6hNyekz2Pn88Pd4HnsHkgQYYfwPu
PsZ3YyDUgWFg/ZJA8dLaZIBgCREfwoUdgqV/fnNW4Je1TQXyA58M20g8aEL2gUUuD8Oct6jojsgQ
UmnzuC6fFu557lq7zT1nwy2FNAWcG6NZ4TaBfXHmXVEF8ApSEgpmA0knz8jCyMZTovizYDXndA0W
g5VkEF0XRTlGNBkGuCvWintiynTjAItuWLVBsuAdDmHu4px/oQs+Vtp2nspOiw0LOROuTj6jiWfG
JIYc6drzcRrhxqWLkrNgHKLhsqwTQnzMr4fDZjFKaahtbUoJJR8FUY4r2BXxRi5oFKVUMcZX9FC8
HQFmiL95gISHP/BwWXmYMx4yUf5aTCCz8KtQ+I3tTR7hVoW9cxPnXU8l8Ar2caKSffBDhNZJjcV5
mDAbg5i2jcr2djJpApjAPoplB8QWD+PfJTUdvpaxOaDlMdgvSyu+kR8xxSfiTd7q0jzmk1n4BlHK
HRDKkyWoaSKOESSSOyKbKUUA588orAM+jRjkFVlCGZZuxLNp2JQSat0VkXRNN9TjdRq4SShihG7i
KM79whjlBUYyPkY6xA53hzzB12LpxDCWoF+CYCdTZ97KFS2qsQzi2FHjZaMAixgo9YXHqpW9jsoi
R3vX8MTtGqhcbio4XkG26UYVjcAq08ReSTlyFaFmOCktfPmv5UWcYnBk6wDLHlggGXYQ7XRDOtZy
8j7Z3OcscCdGl8sECmjRLJOdNdFAwIOSr+r8cfpgBV8cX+Cxopp0+SLyoVO4YSK3prB0bviMKSd8
wwCHtSrtbAi0peSFaQrl3BEqKFTcl8YEMR5PwuSRqpoicnhUFR1k3SHaSaVz1QT/GK9ok+CnDzw8
Z2UWBq7XZQlk2hp6oBDDn7hbRCsRK6jSCZN7UpXwmkPGCZGce7HCWUiEXPPifjHHHU0LXquqzrxg
46tl/EWkOB5XArpm1Cw6TJyQt/jkQ0U7t7WZQN6pzlBI8+EIL9220K5YFZXOicQB6DMpz6JHspJA
7jGwyJF5s/QY2HKG0sThiaPnloig+gBGxP4CeqCicSB8HOCTLrKIbNT3aCqrEkgkaRD7xRWmPECj
1NW4UJq4B3aLHawx+RfPVSB+NnlL61dEKj5HLMNkdd+Ds4F5Y+I5smlQbEvxbsC2iMUDOo/QKc+P
ebGJb0wDrTLcVskX83IaxE+C21gYFUT02sw4Jm/PjhZj48dBsze61Zud207T+FH/0cF8iK/zPdzz
t9G5Hg7bwhWLq25vXyR5YouhWquLFY6xBWQsW2k89eC9MNCavSbi+OQ8KZxyUaAk5eYE9ziAhx+Z
jv2WtBCYVmxsgC2IbPbVW+5q+FR8vIIk55mC/JcQKhCNp5aVnC+KeXnLbsHxpbK2s6+wOkh5HQMS
sTzIy9cih+PjkF8gBSoPEUbEmhFccvyQjCSlr240G+w2Y2FavIE/gQyhevqvwz8u2lz7nnXLd/BK
CBhFmKYKKLZVJOlvQCTrKKcKizNUy2vLlkfFlhDcvAodmiiwZB1nEX9xvcM/97TlP4WxGZEnCikQ
4vGNl3a7o+vGSP5zFhiuqoMAljFlIjdTzkBeOspVoNxcQUxTuIVUz8Gd8QoMzz1WxIiLxLEkJ/gO
QGCJzbzqqGANkuOnL8tfpLw1n52pEg8z/86jXhUyO75QnnCiSz6oDhTKUp5cqVrYhL9Lnt1UT1Ru
8/spnrxQkQh/IFVwbM4Xxhe/dDw8u9mAuifnPm2ZCwEWKD8wVzZ7FLyrIFJUMffQ33w+V2TjLcXB
z3IqfJ0ri65YCImVwlbNruESKbwz5ibxasaypvxJQ36o+9WLxVs3Iz7Xf2MOdjHj3Z7NU9++/Q9f
TKVq
===END CRASH DUMP===
