PocketMine-MP Crash Dump Mon Oct 18 00:59:41 +07 2021

Error: str_replace(): Argument #2 ($replace) must be of type array|string, int given
File: plugins/ClearLag/src/twisted/autoclearlagg/AutoClearLagg
Line: 121
Type: TypeError

THIS CRASH WAS CAUSED BY A PLUGIN
BAD PLUGIN: AutoClearLagg v3.1.0

Code:
[112]                         }
[113]                     }
[114]                 }
[115]                if($this->messages[self::LANG_ENTITIES_CLEARED] !== ""){
[116]                     $this->getServer()->broadcastMessage(str_replace("{COUNT}", $entitiesCleared, $this->messages[self::LANG_ENTITIES_CLEARED]));
[117]                 }
[118] 
[119]                 $this->seconds = $this->interval;
[120]             }else if(in_array($this->seconds, $this->broadcastTimes) && $this->messages[self::LANG_TIME_LEFT] !== ""){
[121]                 $this->getServer()->broadcastMessage(str_replace("{SECONDS}", $this->seconds, $this->messages[self::LANG_TIME_LEFT]));
[122]             }
[123]         }), 50);
[124]     }
[125] }

Backtrace:
#0 plugins/ClearLag/src/twisted/autoclearlagg/AutoClearLagg(121): str_replace(string[9] {SECONDS}, integer 60, string[40] ..cServer d...n r..c sau {SECONDS} gi..y)
#1 pmsrc/src/pocketmine/scheduler/ClosureTask(61): twisted\autoclearlagg\AutoClearLagg->twisted\autoclearlagg\{closure}(integer 96951)
#2 pmsrc/src/pocketmine/scheduler/TaskHandler(137): pocketmine\scheduler\ClosureTask->onRun(integer 96951)
#3 pmsrc/src/pocketmine/scheduler/TaskScheduler(179): pocketmine\scheduler\TaskHandler->run(integer 96951)
#4 pmsrc/src/pocketmine/plugin/PluginManager(654): pocketmine\scheduler\TaskScheduler->mainThreadHeartbeat(integer 96951)
#5 pmsrc/src/pocketmine/Server(2389): pocketmine\plugin\PluginManager->tickSchedulers(integer 96951)
#6 pmsrc/src/pocketmine/Server(2152): pocketmine\Server->tick()
#7 pmsrc/src/pocketmine/Server(1992): pocketmine\Server->tickProcessor()
#8 pmsrc/src/pocketmine/Server(1586): pocketmine\Server->start()
#9 pmsrc/src/pocketmine/PocketMine(314): pocketmine\Server->__construct(object BaseClassLoader, object pocketmine\utils\MainLogger, string[16] /home/container/, string[24] /home/container/plugins/)
#10 pmsrc/src/pocketmine/PocketMine(344): pocketmine\server()
#11 pmsrc(11): require(string[71] phar:///home/container/PocketMine-MP.phar/src/pocketmine/PocketMine.php)

PocketMine-MP version: 3.24.0 [Protocol 465]
Git commit: b54854529f8a1366e156f8ec32e02635ec670e95
uname -a: Linux 70ad3400-c5fa-46ad-84f2-694f522c3898 4.15.0-159-generic #167-Ubuntu SMP Tue Sep 21 08:55:05 UTC 2021 x86_64
PHP Version: 8.0.11
Zend version: 4.0.11
OS : Linux, linux
Composer libraries: 
- adhocore/json-comment 1.1.2@fc2f76979f0a44a5f5bc2a2b600d0762fe0e78e7
- daverandom/callback-validator unknown@unknown
- pocketmine/binaryutils 0.1.13@0abee38d4e2861621f262c79a2a3d699d8a697f4
- pocketmine/callback-validator 1.0.3@64787469766bcaa7e5885242e85c23c25e8c55a2
- pocketmine/classloader 0.1.2@9757928424652393b178a3760073113aa7c9911b
- pocketmine/log 0.2.1@830b44a2cf96ef703c550abe64302f230231ca49
- pocketmine/log-pthreads 0.1.3@e477ecf6ec214fdd4415ea1da3fdd9d73bf699ea
- pocketmine/math 0.2.6@43057cb8c179a9859677b496a788db922fd5cfc3
- pocketmine/nbt 0.2.18@9f82ca4d7f97fcd9a566e44b63c4f18a7657ae82
- pocketmine/pocketmine-mp 3.24.0@b54854529f8a1366e156f8ec32e02635ec670e95
- pocketmine/raklib 0.12.11@9cce458b8bfde3e4dfdbf70c659fc7b7fe26b5c4
- pocketmine/snooze 0.1.5@70b5e7937a06878dd321a3182ceb76d56298f2cd
- pocketmine/spl 0.4.2@6b08b7cf8c4afa17139c9a1b3bf1b408531de161

Loaded plugins:
AcaciaWoodHS 1 by BhawaniSingh for API(s) 3.0.0
AlwaysSpawn 2.2.4 by Philip Shilling for API(s) 3.0.0
AntiAuraBot 1.0.1 by  for API(s) 3.0.0
AntiToolBox 0.1 by NgLamVN for API(s) 3.0.0
AutoClearLagg 3.1.0 by Twisted for API(s) 3.0.0
AutoFly 1 by PIG for API(s) 3.0.0
AutoInv 0.0.10 by JackNoordhuis for API(s) 3.0.0
AutoSellUI 3.0.0 by LetTIHL for API(s) 3.8.2
AutoXP 1.1.0 by JackMD for API(s) 3.0.0
Banking_vonfram 1 by Noob for API(s) 3.0.0
BeetrootHS 1 by BhawaniSingh for API(s) 3.0.0
BirchWoodHS 1 by BhawaniSingh for API(s) 3.0.0
Broadcaster 1.5 by EvolSoft for API(s) 3.0.0
BuilderTools 1.2.0 by CzechPMDevs, VixikHD for API(s) 3.16.0
BuonLau 2.0.3 by PIG for API(s) 3.0.0
BuyFix 1 by Twisted, NhanAZ for API(s) 3.0.0, 3.7.1, 3.8.1, 3.9.3, 4.0.0
CarrotHS 1 by BhawaniSingh for API(s) 3.0.0
CmdSnooper 1.0.0 by HotshotHD for API(s) 3.0.0
CoinAPI 2.0.9 by onebone | Edit By SenKai Official for API(s) 3.0.0
Command 1.1.2 by CrowBaldeYT for API(s) 3.0.0
Crossbow 1 by SonsaYT for API(s) 3.0.5
CuongHoa 2.0.3 by PIG for API(s) 3.0.0
CustomAlerts 2.1 by EvolSoft for API(s) 3.0.0
CustomItem 1.0.0 by Phuongaz for API(s) 3.0.0
DEVirion 1.2.7 by poggit, SOFe for API(s) 3.0.0
DanhGia 2 by PIG for API(s) 3.0.0
DarkOakWoodHS 1 by BhawaniSingh for API(s) 3.0.0
Detu 4.0.0 BETA 2.0.9 by CLADevs || GreenJajot for API(s) 3.0.0
DevTools 1.14.2 by PocketMine Team for API(s) 3.13.0
EconomyAPI 5.7.2 by onebone for API(s) 3.0.0
EnchantUIVH 0.6 by UnknownOre for API(s) 3.0.0
EnchantVIPUI 0.6 by UnknownOreforsource|RBpmmpformod for API(s) 3.0.0
FarmHS 1 by BhawaniSingh for API(s) 3.0.0
Fly 1.0.0 by NhanAZ for API(s) 3.0.0
FormAPI 1.3.0 by jojoe77777 for API(s) 3.2.0
FormImagesFix 0.0.1 by  for API(s) 3.11.4
HuongDan 1.0.0 by VbeeMC for API(s) 3.0.0
InvCrashFix 0.0.1 by  for API(s) 3.14.0
InvSee 1.0.0 by BlockHorizons for API(s) 3.0.0
JoinMenu 1 by PIG for API(s) 3.0.0
JungleWoodHS 1 by BhawaniSingh for API(s) 3.0.0
KeepInventory 1.0 by KhoaGamingPro for API(s) 3.0.0
KhoeItemHand 1.0.0 by S2TwKen for API(s) 3.0.0
KygekRanksUI 1.3.0 by Kygekraqmak for API(s) 3.0.0
LoadAllWorlds 1.1.2 by  for API(s) 3.12.0
LpkCuaHangUI 0.0.5 by phuongaz | Moded by LamPocketVN for API(s) 3.9.0
MSpawns 2.2 by EvolSoft for API(s) 3.0.0
MaxEnchants 1.2.1 by Xenophilicy for API(s) 3.0.0
MenuUIVHPIG 1.0.0 by PIG for API(s) 3.0.0
MuaDetuUI 3 by VanLXYTB for API(s) 3.0.0
MultiWorld 1.6.0-beta4 by CzechPMDevs, VixikCZ, fuyutsuki, kaliiks for API(s) 3.20.0
MysteryCrate 9.2.0 by JackMD, DaPigGuy for API(s) 3.9.0
NapThe 0.1 by phuongaz for API(s) 3.21.0
Netherite 1.2.1 by Wertzui123 for API(s) 3.0.0
OakWoodHS 1 by BhawaniSingh for API(s) 3.0.0
OreGenerator 2.0.0 by vividmemory, LetTIHL for API(s) 3.0.0
PiggyCustomEnchants 2.4.3 by DaPigGuy for API(s) 3.19.0
PiggyFactions 1.2.0 by DaPigGuy for API(s) 3.13.0
PotatoHS 1 by BhawaniSingh for API(s) 3.0.0
PureChat 1.4.11 by 64FF00 for API(s) 3.0.0
PureEntitiesX 0.7.0 by milk0417, RevivalPMMP for API(s) 3.19.0
PurePerms 1.4.2-c2a by 64FF00 & ProjectInfinity for API(s) 3.0.0
QuestPlugin 3.1 by HmmHmmmmm for API(s) 3.11.0
RankShopSystem 1.0.0 by zZPROGAMERZz423 ( Edit: PhongGremVN) for API(s) 3.0.0
RedSkyBlockUI 3.1.1 by RedCraftPE for API(s) 3.0.0
SETVIP 2.3 by MCPEVN TEAM for API(s) 3.0.0
ScoreHud 5.2.0 by JackMD for API(s) 3.0.0
SellCommand 1.2.7 by Muqsit for API(s) 3.0.0-ALPHA9, 3.0.0-ALPHA10, 3.0.0-ALPHA11, 3.0.0-ALPHA12, 3.0.0
ShopKeyUI 1 by VbeeMC for API(s) 3.0.0, 4.0.0
SizePlayer 1.0.3 by  for API(s) 3.0.0
Slapper 1.6.1 by jojoe77777 for API(s) 3.20.0
SlapperRotation 1.2.1 by jojoe77777 for API(s) 3.0.0
SpiderUI 1.0.0 by MCCreeperYT for API(s) 3.0.0, 4.0.0
SpruceWoodHS 1 by BhawaniSingh for API(s) 3.0.0
TableSpoon 1.0.0 by CortexPE, Xenophilicy, HyperFlareMC for API(s) 3.0.0
TempBanUI 2.3 by SonsaYT for API(s) 3.0.0, 4.0.0
ToCao 2.0.3 by PIG for API(s) 3.0.0, 3.2.0
TradeNPC 1.0.0 by Free for API(s) 3.0.0
UIShop 3.5.4 by SaltyPixelDevz for API(s) 3.0.0
Warp-Menu 2.1 by KRUNCH7SHooT for API(s) 3.0.0
WheatHS 1 by BhawaniSingh for API(s) 3.0.0
WorldProtect 2.3.8 by aliuly for API(s) 3.0.0
cayphattai 1.1.1 by PIG for API(s) 3.0.0
iProtector 3.1.1 by LDX for API(s) 3.0.0
tichluy 1.0.0 by LetTIHL for API(s) 3.0.0

----------------------REPORT THE DATA BELOW THIS LINE-----------------------

===BEGIN CRASH DUMP===
eNrtfflz2ziy8L+Cp2ztOF9Jskjd2vJUHNuJvbFjPUs53qymUiAJSRzzGh62lZn87183AJIAJduy
o8l7P0z2sNgE+0Z3owmSf9TmYezT9MsNixM3DGqjTr2Wuj6rjYxeu9MZtrsDo9ketIeDYb2WReJU
Z9AZNge9HpxtGZ2+2a3XPJqkJ3EcxrXRH7V0FcGo2hT+CFi95rMkoQuEJmn8JWaRR22293JEDuNF
5rMgJS9MsvcPeeIl8bMkJRYj4ZwgNkLjmK7+hGvdYFEnLoxfuDcsAMzzzPPeuB6i3l+GPtu3wyCl
bsDi/cjLFm6Q7B95jMbndLGfxPZ+eusmKXP2aZaGNp7w6GKxfwhH+bBFM1pGiFlgfS4WwOABG6BJ
0wClxiBXbfSf2osWeS7GPcAEKlM1KDTyn+Gv5I/JydHl++PJN64etmAx6bXqRA7otH4lzaY9YTFY
mjjNZjMgMQBIQrPyUlBqs7l6CZy/MEjkI1v4vyi0r1nqgzD7ib1kTuaBco+8MMliNqXJ9V4P2ZIC
zGaaBLOZJkLj5/uG/WELhN/2cvaHvWHX4MyYjzGDXJzSwIHfe0a7D9yUw2azYtxspnDd+DkMrrJg
A7n2NuQm+dGe0R/eT1DhrPFzvJFcZzM54SX7Y/7nggYwfeK9XrfzMK2CrcbPPsyC6TJm1DkFLacW
o+kG6t3N1IWn7JntQVU4wddspjEGdnXtkniygVDvYUJG16wQEmcE5j2Oov8gCmM4fAjFOA5tiEJh
LHANHsbVHfTuwZWkoEyBY7gZx5j/vICfe22jcw+aL18gUMHszOx0L7R+Y3ZKXtOEHUEkTc5D6rC4
TiRcvTxLXS+ZzS7AtufhYoGj5BQ3er+SagQsTpqd9ZN5GBLzvfW4LJ013xPKEghkxNgzMBjE7PfM
jYv41Dd+JdGSxqP9/SoXJYHGxbiJg+5nAQPzy9qv3+o19r+Ta3aXEUAGgeaLG9yE3g1DxgC3A1qz
01p+FiBVFHboMJTcMEw4S+759w1GGkb7nhHibGfDWXGmu37Gne/9I126CcQVod/kPwnz5qPR+eH7
t19O3k/Ppmcnky9H5yeHVyfHv5L/Ojggs9qs9vIPjrF3DycS54Klcua9bPxsxeD/NlQUF4LSnmrH
We2Po8sP76ffZrU6+QcozU1dlnAFMadOnsLjy5f/4rz179XDAM7wH8MNQySphIEzOwk5yAEY+uIb
6nHkZqty5TfmJQy1Cabnnran4ylEKLQwhaIreUn++c+HhJueXZx8OT95M61q3jTuZ/1JWs+LBK73
zSw/zJhUt1l1W65qU3XVby/rpNuSw3MvFcPQM7/Vvv1dUP1dUP1dUP1dUP1dUO2ioKrXFgwupR7W
FQHFNX5NQwP8WKDLsk1QazfNTrOF8Mz1nNrIbBmwynWTLw67qY3mFJIc1DBxCCEpBLSdXheIuFjh
WN3OoNvpmsP5gBrtXo8Z3d58wOy2yVpmr91ldq/fYsMu4M4kL+dukN2Rfos67U6r1bC7c9ro9KjT
GHTmZqM37My7pmnDzBqQTtPoNlsNoztscJlcm7wwev3GBysL0oxMLsZkmjEyYRExDdIajLrdUatL
PkyPiNkCyN2g96XXwfprGQHlQbPVNAw4/MoCkLLWyY/h9JcwyXkDAD/w5IEd+lEIxvziuVZMYyhQ
ULPUWYI2Yrb/WxIGDRgjaz6jaTTNV3PbnPd7w/5w3qKdDu3Ou5ZtUtPqtVpOq98z56zF+gPWB/QO
BUNADAz9fZt6nkXt6wYUHK5DU6yKQW/XQXgbvJJ/kd3S+pYb0HjF3R6GgjhNo/2qRS3G2gOnw8xB
z+iZxtzsmXZ/SE3adnrDoTOgwNq8o6PaSNwAFbVf9Tr9Qb8D1/R6lk1pn3UHg67ZMdmga5tt2+yy
gd3tUrOCECerxyer5M18Nex3+0Nz0DHBh8z2sG0Z/QFt90Et/TZUuIDbHg4Nw9IxeeGCYzCbxqtB
u2WBRk17Puyxeb/VBsoocK/TbplzE/6vbdi0M1zD0IhSHu5zRbVfsU6/z+x5j9mm0Zk7TqdjdBk1
HNqGg6HTb1tz0BajOiqfpkvJTe8VEO32bWtgQ5qjw0F32Ov3rc6wR/uDgWMNTXPudO253dZRBFaa
yzN4BVPHBIad/hxsYjtD2oVp1OlYvbbdmRsD2u91+5QNKsotfzb8qJjCr54wHxVkMb0G3xZ6AZ6M
V0PbZp3uwBpYc4e1WceZOxbo2u51h3O7b/XnzOxZXbviQUkQhl+ZVG/3Vb9ldVl/2O7TVm/QHzhO
2zRo2wBpmdXvOd2eORzMTdupIIk8jqED3tKzWgOrb88HdofOqdE32kN7SA0LDGNYndag2zYcZvSM
2rdiBcbn5qFNbZd+CkPndKJEQQ1cr5XxD2MAFFzLME6wCH29pLc0cCcQm5cYT2nkIrgNc6GFxyyg
lscggkB+gsDosAjiCV4J55Jwnh6rAKwzKrRnM5UC1IDFOVxUwoTBiH05mX66vDo/BtAtsxI3RQmw
Vj70bukqmUQUYoEimwJVRTPByTq6eOOl67kRmcAfCHGLXUkYcbSJxAoVLOcoQY5mM5GzS/Em08Or
6YfxunCwBDzMYvo6TFXhFKhmNwzgmnA7kuVykX1d0uCDn6VeBgYq6WsHW5kLhk/D0Hsd3lUkyqGq
RFV5au8X59T/+H5XRpLohBSSgXXrbJYGMv4ys5qQ6vZzrlA+raOhSFjpdKjVhsGLDUXKqVj27ErK
rRZbj4m7TNMogZJMEVuyeZisvMy/OKo0hKQy3nirihoQ8kC4GZ+93VmUEdREBbyVd8IFZ8FNhWGE
6F4Jflkx2b+hVHgfhrGzzNxkV/z/BkiDHKkwnxvcCMMJpraSaMI878NZRSgJ1D2xVfXEc5ZOz07P
NYEGTfO5Akl0TzPI53GF9c/jSthbm0BojYvjXZlBYBNq/zzejvkN00Wg2ZcSgHCvaXANueHLTRjM
Y+orUlbPPDBdwOmsnYVDwAXZGIhvb6HXjKVxGKZaaaEAf3BhUVKulhX5ma2EcmN7uVYwqdAfLVZJ
ek2u/NRWguWNUBargilQfWZ1ddFObkJvAizuTKySMAiicfFAZZTPrdvb2yYDjhB7M73m8uGKncWY
yhNVQBWsS2hWY8fRV2YvxxfH7AaHfnTv3OtTPZQYvedLbCP2yHcA+2xmCbZSZAvk15l8anhR+N7X
UHG1hME5zTSNCIheHMPq9i9Lxq+fEPZfZ6s37p3GLgc8MOvymqleew+l6uEva2zX4W+f15OYwsTf
IZe3811icc62F+2IxnElWhagHxxUcrrViCLgWwnjOxMoUCItmijA6uqkMtVOwzRZAgc7y9S27ySC
NEihsvG4JFBZHY7VIimHVGfIUJchDJgF/yN/khPHTcnrFZmw4B11yeV87sI61tuVbJLQbGYDY4AQ
JCw43EI836fY5VPEE5BqJWVWomEc3r6mEEz+Z7oztxOUkyfMmThMEiu8VdnPQQ/MmUkYJHSN7+5z
+ZboQO+S9hMEgGi7OA2pKkAO+nER+Oj0KRwnaegfepCdEo1rBaxzbvy1pYJKGUyg8/G8YkEgOUuZ
vyYhBz4SvcZLNCH9ulsJkfL2Zjo++ejGnMNCgAJUrXP6OvtRuMCbFvXa5PIN21nXiyOdzW44C7MZ
1Dnyl8LWI02vYxos37rqXMkhmsP9ZdPko8UgykqaTzAFja8v6fXaqkGH/+AUrxGv5nnl5FYCslSt
IPmhKg4vo8jrk+kh2ZAnj84PsTQlf/5J3saMBf+mv4W7Cw4CORjLDbi3bW00dlNdKxSgSmbsVFNj
eReRTBks0rUlQvs7bCYZAAOVrGwR4ZS1QMnafoEDpD2xwyD0V3qdowBVibtQLJsbS52dFzRMcMBr
Go2bR813EthQ7Kcfzj6eqhIpUL1v19MF+iDuIV7GO5OpxAii5Gxs747yko9nY61fp4G3lGgOkDCL
bfbn1evI9yPcDB86u5fTKAT96EZPkfUNjX0tUErAD46Qgmo1NCJ0KyG07vZaZ3u9aLhncfpc5p/S
3H4DHqBP/Ryi89yu8vxb+FvI+vhP49v8jsZ2gRFULZgofmwrypmP2/H0NoEOX+vZ33tvzDCanefK
4me/J1jy4ARzOe35U/oBp1hEQrGhSFGAHvElLFQujnblSznV7Vk/C26OYposdRuo0CdYoPN8znML
uMGNjZS5/re7iSfFmDCmS4CAR7T/2oMkexrG7ldYF+6sSaYinc0EJ08R5t+hG1ywQC3UCtCPuen2
2xOWL//OgoXH1kpmDfyD84FKu5oVynPbCPeOsQgMyII0jNUsocMrXqYL+G4Z0rfUB+rjONyVhBrS
2UxjZ3vTARaGa9VTva2kgR+ZQRNzevuOBTuUqyBdleO+tea71YJdX9HgOtEKLg38SHbkY2P6u0+v
dyZJiRLso/CyvXkwYhx63qcw9hx1daPDH27+afH5O7L9dRiAs9mwCpnNkHHqebec/hPEia6PMgqW
XWh20sDVZFO5dxXJdg35k1yEDnOItSLn1BdLpcqWkuEjwiqVU9mE1ZYuY3exWImOjiyPeY64f7eQ
YA47W1Ke7ZVzwfc5qVbOIZWtT39th04SBb4L6s/ry13Qu0JnikwKtNraquSFzywI+f4re7Ur4RSU
aJiCFe1gK2NBJsaVKWZcRTgF+ljbcXep2geqT3CzjGLPR5uAJUzbSFKpU2lw/vl/pq931qCjwZIj
BN4F/acI4aUuj36aFAVQV36v2WpYLKWdR28RH/3Cn9deZWmSXbvw+5p6rnutF4Zma0c3jn1kmMdQ
VIHC/PfcNFYQoaJWeCN+BaV8qtbGGlhV1nD9TrrchYOtUQiHb7PVk2LsFhtyVGa+d1uOJhjI/55G
06UquQQ8uD0x2nRLwDS+ZxdpnhcE+acsBd6zdMliVzNfCXskhH5icfo1c/HZtR3N2hIjCJOz8Wyr
ldj2S5lA6E0d+P+17vu9nfcndN0vY/aWP8CShupNdg1cvYVYmYc37o3r+MyH+r5ONu3o+x4RFT5m
M/mTbSPYpgpJeURnw1ldzE71TunGKGMMv+fmiUA4m23gZiPwGY6cE9nfgG6/0NMbaqduGKxpqIA/
sqlps26efJNCr3F5wpCQe0reeu306t3RkvL7jPh80GnGe9CbNZxLUzn8bq0WiFCdYQq+qsWHAvSD
w0NOtxodBHyrOZTFjGtXESYH6R7REY92KRL1Om/etFpPkoUjH7PY37CWWfPH/Cd2LupQP9+4YZaM
TxrFkFIRXwQvILlkvvz1DNtzJuXjigUaqawT+Uz954rGSrie3/vVieS73nWrY+C99CsQ6YZ644uL
8c5CTixw4g2b2SzK8EapYExoJGfzyTcEFV73dXmlYoRVdaUIWNWPzIZt0k2uRP5JwNb4EOpZMHcD
N93Z4kvzD86V8nMHHiLwgCb+O2NJOpZvpyh0oUIrT25U9rP5PvwX/tUqNxcemVYTj0a4T+0BFSx9
f4mYZ7PfkZvZjDP1DNlzHvdVqUB07DBNlmE0wTpY3RBTOfHI6vTrL+Ory7eHFydXv3ztmG2yx7fF
jch4CXXs25j5H9+/fHrMkZGg7Lqo1l/vxTygR12a7deNV8yZXK94e15bAOvw6nM9Ff+AwbC+mKfj
k13NjBLjbKawMpvlv7aRbXIy/XimPmQhAXq9Vam2Lo7GJx/fk+nJ4cXOGkgcJT71jveSt+I8LykU
3nOQvpnB/DGPiOTUy19bicE8b32Hpgp9ZC/XBb8DVhWmcXg+Pj0c8p3OxaHRqhwblWMzP372Pkng
e1MP/gH5YUK+YyttYpWwB6qye+6AbrOle2MLV2sCPNSgZyvk7ylN2on7FXIOXWlbpRVgNa62/4oH
OTm9c6QHDlr83op9maIU3iWk2jEztts88B1SJILys3sHJUv7uRClhFdYfOs7KqtnHmmd3CPx95hN
Z+AJThe5Dov1eZWDHknkF0dHUH0C1Q0bv7/zkYmchafIEWf2+n1iDfyDF28q7eoCrjy3jXBTJD6J
Qs3nFOAjhjoK45TdQUlR1+57wMp7BdZ749F4h5tEtNsgJY/q78dvuk6ZH72mgeaWJezBqmPzlv7v
98h8a3/Bxva+OQ2PaKhKwo+fsau//n17qjhdWBedvX0C7zF12Pvxkcp+DnrE7d5AdNiVV+U0t2f8
wxnmX4VtCdAL8G71XQ8T6qWrsXvHvGN287SN+2rr66GNkZyP7QX5ROOoUdmwU8IefMLi3dWH90en
/clpGO7s2Rwk/RTn/7RkVH+YLYf84HAsyVYjMQdvJQje9xrHYYpvqFSkUcGVyNQc6GJRz828nfU8
BLbZjN/liwQH2+xq2VDvXGRuPHeZ56ivyclf6JXCPN73+VO3+5q0oBSbriJYeafUVVSiAKvbR/66
TWV2lG7vlK4UQbthogAfWaWfH3/eFduAajYrKT+7YgU8DVwd7ytS4HsiXXvpZereshzySPDe8U0g
SXVbC+HbiWgMDIPPcXaaG17sBtc0GkHYuHW/0tjhR46bIG8NGiQuj8H8jXJNmBxQ6PC26Kj2Ylwc
kaMwmLsLgm+2nQUvLsKAXNopMQxitEctc9RtF69GmwUCVyOCYurAGBrtdgFyowPcTQT/mQV+mDoH
Gq9EvKJvFtwuQbyG5ybpQTifzwIaBGEW2DjRcI3VoPbSZeJVuMkBVEwBfxVQQ85ssNQB4qd3cnxy
YMLxguJtO4fhuXkYA7YCwomAnhzsM4ij6CbimB0XHz3NINUdmIAjvz3XSFiaQlhMDmaBB6x4DXSa
g/PQslaTzPdRCgFPGHOKQfje4IPjkzeHH86ns0C4R+P3DJbJnJgExJAdBRf4qxnRJIHI5Rz8P/4P
1JGlYSOhN4xfdOOyWzRnSkFDB4NZcGeFdw10UH7ao8Eiowt2wILFtqbRXpvVXPn42qwXBB2S2NwP
spgvnrg7EFAm0ewIDkKmS5YwkmuJQOFM0iUjYQC+lELIIzYalb9P2Q1sL8NNZIB+zQ0R1yT0xVuX
13EmdM7qJMSb1gmiJFbM6DVZhVkscRF3TsDILgRtpAAWxhcnQzYAxO/ZbYFu32FzCnZOyG0Y/JQS
XCXSmKCufRAWX2G3Qg7xDbZC7tslC0gWLaDgAgTNGfqhRDaaBYS8gISJjJE0BCqBQwCFfC0k6CCG
mefRFJjipzmrXghkQFT4xVKuL3zmz2ZkyV9kihAfMQv3zS07Ivw1ingiWWapE8JUkG/YHZFZTb56
Ft/yypxZjXN26HnhLcEJBszkr8UlNy4l/43OiGO4V+aZbUQwgvFLT7iPymsI8EVw0hCwGCgFsVkr
IlWJ46VLF6cVZl98ckEhYQB6pY5DYpYI9aNa8b2hxGcU3xnLX8UNSrcYMg3KYb9n1EO18fdtkxvq
ZYzsSaIQg14idkERJhNDZ2+A2vGlnSOCoQBov898C7QCXnWYrAIb3+AKho+vwY+afMAH0BZ37VxS
HLaMoW7NwHowPKkTXk8QGRRgPtQJvtARBMFswXUDoRphfhaAB+EQgXzCzQsygZfF4Z0LHsZADSAS
99ygYA51Kxk6m6Ov4hj0yTpx059AfWnML3MYRj7uMpWLyR7IkMG8MblauBgNKemIo6r6KuXOEWcB
7jRFDwS9R9wI/B0bSZNAwS9/E99dLGEy46MCdXXyScdBjcRxFqUCKhSGivGBNykXNy5MSv6eS0dM
CHoTug6wvZkD9BH0uRAUDd7VVBwNBjfEoMLTIBXw/RpiUr71Qgu8B9MvEXCYB76b4tz22YJaqxQ0
TiZC1S2uXJEr+eVTtNqtyzXPPQom7W1DIMqdLOESzl1gESISw+3giGYO1WFOUjg5WCvDaUoWIRgq
xGmKXoGEFpzNBmdtRFooBVDnIVi8a/L/vARYzzzEP+bb7+M/ScOIsyDDZ8GSRJcQCB+YPSHu5Qwh
1Zwro2V2JGM8CHzis0Lyl/y0Aw75vOAsYcQgdgbJJ4DkQ9gdszMefEPBspiRmKyK0ezOhtohKSUS
getyejIi09OzCTk/uzibksPx+PzsZELGJ1cEKsR3J1d1AoPI9BJGnZBPp5fnJ2R8dXl0Mpk0qyFA
04fZ7Ul1jFnshjwhYyBOUEB7yXhI5toogq1BxLvdeWzhQxrY7xdhlqOCwhHkhAAN3oTy3udswsmg
8sMEGOAwSYxjFkgg9JaBXGQkTuMScwjmeX5Bc300+oIsxsFsEbOxHBCaRXaFXcW1hQzgXixKSlHb
LSlr8nIzS1LytpR8QWMLZkbDDj1PVKU8AG3WLp9qyI68isirIHb7NMh48aFyAoVZBj74sp7nhKoT
5m4o0ut8DriEvH45BZvkUsR84fBQPYSZ5xS8uJBEbgNS8p8IxBFnHwTttVpSVqD2hgeLtSTJXUdg
KGSbx6GfJ1txtRzRUF1TtTBKIy255htkg0tp3jHJC0Y0WRzyd4jmjuxkfiSqK1HCEXmigSdyex3j
IHkB552zmUsAR5DmYbLTDQqGpA2JDyjcgJMlScYwMKRLsNoirzYxaCG1kqt6bkhRI8iisim4waH3
6gnXPPYyC66TnPcjGiHU9TMfciyk15jkawU0JBErJMFFqVecL1KVfMas+xgU25HkiBNsYBWcQdLt
FBY7DsWpqk9jbYRRT+AXg/MpJHDJgapkvHJo2LDyY4Vsx8AKr1WgfETtAXeiwBBYIoprEiKuERKW
0sFlUp9yISwp4+Cy2kUF4ks4c7wPo3rID2dBwFI02EimCCjNlqEnSkyLprCixUqcs5zglySITDI8
tomVjzwrUovFimJTpLcXqpXyUxhW41W65J+oaRiKAbnxOOFGmjMjUwCP2mUdy5euWEI6QnJcy/BC
Hy8GoGSrSU6hFgRfOuDFHTkaf6jDtcCDBfPr1nXA7XmtIKJngb/B8Y9ILy+7y4o84dpRxjbJoQOB
akm9+T6+KIovExwGPixJAVGCHRN0MGUilmlPQaYuRU7uMKphiUm9JkEmPoyDcV5slwtAXEsgU7eQ
NvHCLAqihjyurG4u5KxL3K+ssCeW5bkZE0x4smSCsl24h5JaO0NTXPSyScbyGo/GC34BlStR6Quc
4jymCxQBbAJqSyKPVyy4vPSBeZzsNEY7HXkudk74ehm/F8CSlFxMP3BOExAJxbaylOD6nJuyJCcW
F8081vhp1sCrRpxb9HKHWdlilC9YfiYGLlRkubaEqcrPk/wDMGJBjZ4cJKFIXNIbDEQmgpPAdrQM
YQGLHpivU1i+EuURzKEpJQm9ySMl9kfyfhGeU5awwBhvyImCRfYjfgvdQCyGecvoJ/LZCu/Q62Ny
dkz2Pn84O34JMoPLAw8w/hbCfRSLnZjgGLh+iWHx0iwrQPCEkA/hyg7A0z+/Ps/xy7WNAvmJE8M2
Ek+aUH3gIpenYS5bmHdHZApR2jzzOScL59z5qnGXuU4pLYUyBYIbo2keNkF88d2FfBXAV5CSUXAb
KDp5RRaENr7Mm18LXnNBV+AxuJL0w5t8UY4ZTaYBHoob+TlBMikDYN4NUxskU97hEO4uPjApbMHH
St/OEtlpsWEipyLUyWsa4poRiaBGunE9JCPCuAxRkgrmIRosinVCgJd51XRYz0dpDbWNTSlh5EM/
zHAGz0W+kRMaVSlNjPkVIxRvR4Ab4m+eIOHiK54ulYu54AETy1+LCWQWvnoEfmN7k2e4Ze7v3MV5
11NLvEJ8JFSID3GI0CqrkfgmC1BjkNM2cdnazCaNARP4Rz7tgNn8YvxbcNPmcxmbA40sAv9liRIb
+XuzOSHe5FWn5jEnZuF2u4QHINQni9HSRHzKgkjpiGym5AmcX6OJDvgaxCQvyAKWYUmpnrJhU2io
ua4iGZpuqcvXaRAmYREjbBOFUeblzigPMJPxMTIgtnk45AV+I5JBDHMJxiVIdrJ05q1c0aIaySSO
HTW+bBRgkQOlvfDt90WvQ5nk6O8N/OBbBVRMNx0cLaHanIeKRWCWNcS9kmLkMkTLcFaauIe66Yac
YwhkKx+XPQnuoElAwqRkHddy8jwpz3MReBCji0UMC2jRLJOdNdFAwO90XVfl4/zBDL48vsRP2zRk
yBeZD4PCLRO1NYWpc8spJpzxUgAOayrtbEi0heaFawrjrCkVDCrOS2eCHI9fY+GZSi0ROTxUVQdV
d4B+onSu6hAfoyWtE3wEkqfntKjCIPTOWQyVdgMjUIDpT5zNs5XIFVTrhMl7Ukp6zaDihEzOo1ge
LCRCbnlxPqexZmkhq2rq1PXLWC3zLyLF8TgTMDSjZTFgIkHe4pMX5e3cZklAnlEp5Np8OMPLsC2s
K2aF0jmROAB9KvWZ90iWEsgjBi5yZN0sIwa2nGFp4vDC0Z0XiGD1AYKI+wsYgfLGgYhxgE+GyDyz
Uc+liVyVQCFJ/cjLj7DkAR6lrUa50cQ58FvsYI3If3itAvmzzltavyJS8VB/kSbV+x5cDKwbY9eR
TYP8thTvBmzKWDyh8wyd8PqYLzbxkSPgVaZblX1Bl/MgfhK8jYVZQWSvkuKIvDk/nI7Mf/Xr3eGd
UW/ftevmv4x/OVgP8Xm+h3fFbQyuB4OWCMXiqNN9KYo8cYtBXauLGY65BXQsW2m89OC9MLCavSLi
E15ZnAflfIESFzcneMQBPPyLfdhvSXKFNfIbG+ALopp98YaHGk6Kj9eQZLxSkB/iVCANXloqNV8Y
8eUtu4PAl8i1nX2Nq4OEr2NAI5YLdflK1HB8HMoLrMDKQ6QRMWeElBw/FCNxEatr9Rq7S1mQ5I+w
HUGFoH6ByuEPGZfHnmvd8Tt4BQScIkgSDRTZOpLkd2CStbUvW4nv+BTHli0/V1RA8OZV4NBYg8Wr
KA358z9t/tIEW36JtRyRxRorkOJxT0ir1TYMcyi/porpSh0EMP7adQWSat/hWjjaka+dXEJO06SF
Us/BO+MKDL+9pakRJ4ljSUlwD4BviZt56ih/BZrjXwCTv0hxajI+1zUepN7apa4KGR9falc44Rc+
qAoUxtKuXOpWKNPfF17dqF/1avHzCb53StEIvyDRcJTfuMK9dQZ+wK1eg3VPxmPaIhMKzFFesbls
9mh4l36omWLiYrz5fKHpxl2Ij49JUrjxLA2vWQCFlSZWxa/hEDlcG3OLDzRrwBXlV5pyw/FXNxK7
boac1i9Yg12OebenvOrbt/8Pacapvg==
===END CRASH DUMP===
