PocketMine-MP Crash Dump Mon Oct 18 23:02:10 +07 2021

Error: str_replace(): Argument #2 ($replace) must be of type array|string, int given
File: plugins/ClearLag/src/twisted/autoclearlagg/AutoClearLagg
Line: 121
Type: TypeError

THIS CRASH WAS CAUSED BY A PLUGIN
BAD PLUGIN: AutoClearLagg v3.1.0

Code:
[112]                         }
[113]                     }
[114]                 }
[115]                if($this->messages[self::LANG_ENTITIES_CLEARED] !== ""){
[116]                     $this->getServer()->broadcastMessage(str_replace("{COUNT}", $entitiesCleared, $this->messages[self::LANG_ENTITIES_CLEARED]));
[117]                 }
[118] 
[119]                 $this->seconds = $this->interval;
[120]             }else if(in_array($this->seconds, $this->broadcastTimes) && $this->messages[self::LANG_TIME_LEFT] !== ""){
[121]                 $this->getServer()->broadcastMessage(str_replace("{SECONDS}", $this->seconds, $this->messages[self::LANG_TIME_LEFT]));
[122]             }
[123]         }), 50);
[124]     }
[125] }

Backtrace:
#0 plugins/ClearLag/src/twisted/autoclearlagg/AutoClearLagg(121): str_replace(string[9] {SECONDS}, integer 60, string[40] ..cServer d...n r..c sau {SECONDS} gi..y)
#1 pmsrc/src/pocketmine/scheduler/ClosureTask(61): twisted\autoclearlagg\AutoClearLagg->twisted\autoclearlagg\{closure}(integer 96951)
#2 pmsrc/src/pocketmine/scheduler/TaskHandler(137): pocketmine\scheduler\ClosureTask->onRun(integer 96951)
#3 pmsrc/src/pocketmine/scheduler/TaskScheduler(179): pocketmine\scheduler\TaskHandler->run(integer 96951)
#4 pmsrc/src/pocketmine/plugin/PluginManager(654): pocketmine\scheduler\TaskScheduler->mainThreadHeartbeat(integer 96951)
#5 pmsrc/src/pocketmine/Server(2389): pocketmine\plugin\PluginManager->tickSchedulers(integer 96951)
#6 pmsrc/src/pocketmine/Server(2152): pocketmine\Server->tick()
#7 pmsrc/src/pocketmine/Server(1992): pocketmine\Server->tickProcessor()
#8 pmsrc/src/pocketmine/Server(1586): pocketmine\Server->start()
#9 pmsrc/src/pocketmine/PocketMine(314): pocketmine\Server->__construct(object BaseClassLoader, object pocketmine\utils\MainLogger, string[16] /home/container/, string[24] /home/container/plugins/)
#10 pmsrc/src/pocketmine/PocketMine(344): pocketmine\server()
#11 pmsrc(11): require(string[71] phar:///home/container/PocketMine-MP.phar/src/pocketmine/PocketMine.php)

PocketMine-MP version: 3.24.0 [Protocol 465]
Git commit: b54854529f8a1366e156f8ec32e02635ec670e95
uname -a: Linux 70ad3400-c5fa-46ad-84f2-694f522c3898 4.15.0-159-generic #167-Ubuntu SMP Tue Sep 21 08:55:05 UTC 2021 x86_64
PHP Version: 8.0.11
Zend version: 4.0.11
OS : Linux, linux
Composer libraries: 
- adhocore/json-comment 1.1.2@fc2f76979f0a44a5f5bc2a2b600d0762fe0e78e7
- daverandom/callback-validator unknown@unknown
- pocketmine/binaryutils 0.1.13@0abee38d4e2861621f262c79a2a3d699d8a697f4
- pocketmine/callback-validator 1.0.3@64787469766bcaa7e5885242e85c23c25e8c55a2
- pocketmine/classloader 0.1.2@9757928424652393b178a3760073113aa7c9911b
- pocketmine/log 0.2.1@830b44a2cf96ef703c550abe64302f230231ca49
- pocketmine/log-pthreads 0.1.3@e477ecf6ec214fdd4415ea1da3fdd9d73bf699ea
- pocketmine/math 0.2.6@43057cb8c179a9859677b496a788db922fd5cfc3
- pocketmine/nbt 0.2.18@9f82ca4d7f97fcd9a566e44b63c4f18a7657ae82
- pocketmine/pocketmine-mp 3.24.0@b54854529f8a1366e156f8ec32e02635ec670e95
- pocketmine/raklib 0.12.11@9cce458b8bfde3e4dfdbf70c659fc7b7fe26b5c4
- pocketmine/snooze 0.1.5@70b5e7937a06878dd321a3182ceb76d56298f2cd
- pocketmine/spl 0.4.2@6b08b7cf8c4afa17139c9a1b3bf1b408531de161

Loaded plugins:
AcaciaWoodHS 1 by BhawaniSingh for API(s) 3.0.0
AlwaysSpawn 2.2.4 by Philip Shilling for API(s) 3.0.0
AntiAuraBot 1.0.1 by  for API(s) 3.0.0
AntiToolBox 0.1 by NgLamVN for API(s) 3.0.0
AutoClearLagg 3.1.0 by Twisted for API(s) 3.0.0
AutoFly 1 by PIG for API(s) 3.0.0
AutoInv 0.0.10 by JackNoordhuis for API(s) 3.0.0
AutoSellUI 3.0.0 by LetTIHL for API(s) 3.8.2
AutoXP 1.1.0 by JackMD for API(s) 3.0.0
Banking_vonfram 1 by Noob for API(s) 3.0.0
BeetrootHS 1 by BhawaniSingh for API(s) 3.0.0
BirchWoodHS 1 by BhawaniSingh for API(s) 3.0.0
Broadcaster 1.5 by EvolSoft for API(s) 3.0.0
BuilderTools 1.2.0 by CzechPMDevs, VixikHD for API(s) 3.16.0
BuonLau 2.0.3 by PIG for API(s) 3.0.0
BuyFix 1 by Twisted, NhanAZ for API(s) 3.0.0, 3.7.1, 3.8.1, 3.9.3, 4.0.0
CarrotHS 1 by BhawaniSingh for API(s) 3.0.0
CmdSnooper 1.0.0 by HotshotHD for API(s) 3.0.0
CoinAPI 2.0.9 by onebone | Edit By SenKai Official for API(s) 3.0.0
Crossbow 1 by SonsaYT for API(s) 3.0.5
CuongHoa 2.0.3 by PIG for API(s) 3.0.0
CustomAlerts 2.1 by EvolSoft for API(s) 3.0.0
CustomItem 1.0.0 by Phuongaz for API(s) 3.0.0
DEVirion 1.2.7 by poggit, SOFe for API(s) 3.0.0
DanhGia 2 by PIG for API(s) 3.0.0
DarkOakWoodHS 1 by BhawaniSingh for API(s) 3.0.0
Detu 4.0.0 BETA 2.0.9 by CLADevs || GreenJajot for API(s) 3.0.0
DevTools 1.14.2 by PocketMine Team for API(s) 3.13.0
EconomyAPI 5.7.2 by onebone for API(s) 3.0.0
EnchantUIVH 0.6 by UnknownOre for API(s) 3.0.0
EnchantVIPUI 0.6 by UnknownOreforsource|RBpmmpformod for API(s) 3.0.0
FarmHS 1 by BhawaniSingh for API(s) 3.0.0
Fly 1.0.0 by NhanAZ for API(s) 3.0.0
FormAPI 1.3.0 by jojoe77777 for API(s) 3.2.0
FormImagesFix 0.0.1 by  for API(s) 3.11.4
HealFeed 1.0.0 by DafaRahestian for API(s) 3.0.0
HuongDan 1.0.0 by VbeeMC for API(s) 3.0.0
InvCrashFix 0.0.1 by  for API(s) 3.14.0
InvSee 1.0.0 by BlockHorizons for API(s) 3.0.0
JoinMenu 1 by PIG for API(s) 3.0.0
JungleWoodHS 1 by BhawaniSingh for API(s) 3.0.0
KeepInventory 1.0 by KhoaGamingPro for API(s) 3.0.0
KhoeItemHand 1.0.0 by S2TwKen for API(s) 3.0.0
KygekRanksUI 1.3.0 by Kygekraqmak for API(s) 3.0.0
LoadAllWorlds 1.1.2 by  for API(s) 3.12.0
LpkCuaHangUI 0.0.5 by phuongaz | Moded by LamPocketVN for API(s) 3.9.0
MSpawns 2.2 by EvolSoft for API(s) 3.0.0
MaxEnchants 1.2.1 by Xenophilicy for API(s) 3.0.0
MenuUIVHPIG 1.0.0 by PIG for API(s) 3.0.0
MuaDetuUI 3 by VanLXYTB for API(s) 3.0.0
MultiWorld 1.6.0-beta4 by CzechPMDevs, VixikCZ, fuyutsuki, kaliiks for API(s) 3.20.0
MysteryCrate 9.2.0 by JackMD, DaPigGuy for API(s) 3.9.0
Napthe 0.0.1 by hachkingtohach1,tungstenvn for API(s) 3.0.0
Netherite 1.2.1 by Wertzui123 for API(s) 3.0.0
Nick 1.0.0 by MDevPMMP for API(s) 3.0.0
OakWoodHS 1 by BhawaniSingh for API(s) 3.0.0
PiggyCustomEnchants 2.4.3 by DaPigGuy for API(s) 3.19.0
PiggyFactions 1.2.0 by DaPigGuy for API(s) 3.13.0
PotatoHS 1 by BhawaniSingh for API(s) 3.0.0
PureChat 1.4.11 by 64FF00 for API(s) 3.0.0
PureEntitiesX 0.7.0 by milk0417, RevivalPMMP for API(s) 3.19.0
PurePerms 1.4.2-c2a by 64FF00 & ProjectInfinity for API(s) 3.0.0
QuestPlugin 3.1 by HmmHmmmmm for API(s) 3.11.0
RandomBlock 2.0.0 by Edit By Nờ Cờ Dờ for API(s) 3.0.0
RankShopSystem 1.0.0 by zZPROGAMERZz423 ( Edit: PhongGremVN) for API(s) 3.0.0
RedSkyBlockUI 3.1.1 by RedCraftPE for API(s) 3.0.0
SAC 3.6.6 by DarkWav for API(s) 3.0.0
SETVIP 2.3 by MCPEVN TEAM for API(s) 3.0.0
ScoreHud 5.2.0 by JackMD for API(s) 3.0.0
SellCommand 1.2.7 by Muqsit for API(s) 3.0.0-ALPHA9, 3.0.0-ALPHA10, 3.0.0-ALPHA11, 3.0.0-ALPHA12, 3.0.0
ShopKeyUI 1 by VbeeMC for API(s) 3.0.0, 4.0.0
SizePlayer 1.0.3 by  for API(s) 3.0.0
Slapper 1.6.1 by jojoe77777 for API(s) 3.20.0
SlapperRotation 1.2.1 by jojoe77777 for API(s) 3.0.0
SpiderUI 1.0.0 by MCCreeperYT for API(s) 3.0.0, 4.0.0
SpruceWoodHS 1 by BhawaniSingh for API(s) 3.0.0
TableSpoon 1.0.0 by CortexPE, Xenophilicy, HyperFlareMC for API(s) 3.0.0
TempBanUI 2.3 by SonsaYT for API(s) 3.0.0, 4.0.0
ToCao 2.0.3 by PIG for API(s) 3.0.0, 3.2.0
TradeNPC 1.0.0 by Free for API(s) 3.0.0
UIShop 3.5.4 by SaltyPixelDevz for API(s) 3.0.0
VanishV2 1.20 by superbobby for API(s) 3.0.0
WarpsPro 1.3.0 by nikoskon for API(s) 3.0.0
WheatHS 1 by BhawaniSingh for API(s) 3.0.0
WorldProtect 2.3.8 by aliuly for API(s) 3.0.0
cayphattai 1.1.1 by PIG for API(s) 3.0.0
iProtector 3.1.1 by LDX for API(s) 3.0.0
tichluy 1.0.0 by LetTIHL for API(s) 3.0.0

----------------------REPORT THE DATA BELOW THIS LINE-----------------------

===BEGIN CRASH DUMP===
eNrtfX132zay91fBVfZsnedIski9e4974thO7I0d61rKy+2yJwckIYk1SbB8sa20+e7PDACSIC3b
sqPm3j/a3dbiEBzMb2YwMwBB8o/GnMcBTb9cszjxeNjY6zUbqRewxp4x6Pb6Q3Pc7bR749HQNJqN
LJKneqPeuD0YjIfmaDzudQfjfrPh0yQ9jmMeN/b+aKSrCJo1ZvBH0pqNgCUJXSA1SeMvMYt86rCd
l3vkIF5kAQtT8sIkO/9QJ16SIEtSYjPC5wS5ERrHdPUnXOuFiybxoP3Cu2YhcJ5nvv/G85H17pIH
bNfhYUq9kMW7kZ8tvDDZPfQZjc/oYjeJnd30xktS5u7SLOUOnvDpYrF7AEd5s0U7WkbIWXJ9Lhfg
4IMYoEpUXhoDrsbefxovOuS5HHeAE6hM16DUyH/Gv5I/pseHF++Ppt+EetiCxWTQaRLVoNf5lbTb
zpTFYGrittvtkMRAIAnNyktBqe326iVI/sIgUYBi4b8Rd65YGgCY3cRZMjfzQbmHPk+ymM1ocrUz
QLEUAMuqILCsCoTWz/c1+8ORDL/t5OKPwbMMIYz5mDAoxQkNXfi9Y3SHIE3ZzLKKdpalSd36mYeX
Wbimu+4m3U3zox1jOL6/Q02y1s/x2u5667uTXrI7EX/OaQjDJ94Z9HsP91WI1fo5gFEwW8aMuieg
5dRmNF3Te39979JTdszuqA5OymVZFcHArp5Tdp6s6WjwcEdG36x1JM9IzjuCxfBBFsZ4/BCLScwd
iEI8lrxGD/Pqjwb38EpSUKbkMV7PYyJ+nsPPna7Ru4fNly8QqGB0Zk66w+3fmJOS1zRhhxBJkzNO
XRY3iaLrl2ep5yeWdQ62PeOLBbZSQ9wY/ErqEbA4afbunszDkBzvncex9O74nlSWZKAixo6BwSBm
v2deXMSnofEriZY03tvdrUtRdtA6n7Sx0f0iYGB+2fj1W7PB/ndyzfYyAmCQbL544TX3rxkKBrxd
0JqTNvKzQKmzcLjLELlhmHCW3PPPN2hpGN17WsizvTVn5Zn+3TPefOcf6dJLIK5I/Sb/SZg/39s7
O3j/9svx+9np7PR4+uXw7Pjg8vjoV/Jf+/vEaliNl38IjoN7JFE8FyxVI+9l62c7Bv93oKI4lz3t
6Ha0Gn8cXnx4P/tmNZrkH6A0L/VYIhTE3CZ5iowvX/5LyDa8Vw8jOCN+jNc0UV0lDJzZTch+TsDQ
F19TXzA3O7UrvzE/YahNML3wtJ0qnwJCoYUZVF3JS/LPfz4EbnZ6fvzl7PjNrK5507hf9CdpPS8S
hN7Xi/ywYErdZt1thapN3VW/vWySfkc1z71UNkPP/Nb49ndB9XdB9XdB9XdB9XdBtY2CqtlYMLiU
+lhXhBQn+Y0KG5DHBl2W6wSNbtvstTtIzzzfbeyZHQNmuV7yxWXXjb05hSQHNUzMISRxYNsb9KET
Dyscu98b9Xt9czwfUaM7GDCjP5iPmNM1WcccdPvMGQw7bNwH3pmS5cwLs1sy7FC32+t0Wk5/Tlu9
AXVbo97cbA3GvXnfNB0YWSPSaxv9dqdl9MctgclzyAtjMGx9sLMwzcj0fEJmGSNTFhHTIJ3RXr+/
1+mTD7NDYnaAcjsafBn0sP5aRtDzqN1pGwYcfmUhoGz08mM4/YUnuWxAEAe+OnB4EHEw5hffs2Ma
Q4GCmqXuErQRs93fEh62oI2q+Yy20TZfzR1zPhyMh+N5h/Z6tD/v245JTXvQ6bid4cCcsw4bjtgQ
2LsUDAExkAe7DvV9mzpXLSg4PJemWBWD3q5CfhO+Un9R3NL6thfSeCXcHpoCnLbRfdWhNmPdkdtj
5mhgDExjbg5MZzimJu26g/HYHVEQbd6rslrbuQEq6r4a9IajYQ+uGQxsh9Ih649GfbNnslHfMbuO
2Wcjp9+nZo0hDlZfDFYlm/lqPOwPx+aoZ4IPmd1x1zaGI9odglqGXahwgbczHhuGXeXk84XgYLaN
V6NuxwaNms58PGDzYacLPSPgQa/bMecm/KdrOLQ3vsOhFaUi3OeK6r5iveGQOfMBc0yjN3fdXs/o
M2q4tAsHY3fYteegLUarrAKaLpU0g1fQaX/o2CMH0hwdj/rjwXBo98YDOhyNXHtsmnO378ydbpVF
aKc5ntErGDomCOwO52ATxx3TPgyjXs8edJ3e3BjR4aA/pGxUU275sxVExRB+9YTxqDGL6RX4ttQL
yGS8GjsO6/VH9sieu6zLeu7ctUHXzqA/njtDezhn5sDuOzUPSkLOvzKl3v6rYcfus+G4O6SdwWg4
ct2uadCuAWiZPRy4/YE5Hs1Nx60xiXzBoQfeMrA7I3vozEdOj86pMTS6Y2dMDRsMY9i9zqjfNVxm
DIzGt2IGJsbmgUMdj37i3D2ZalGwQm42yviHMQAKriWPEyxCXy/pDQ29KcTmJcZTGnlI7sJY6OAx
C6ntM4ggkJ8gMLosgniCV8K5hM/TI52AdUatb8vSe4AasDiHk0oYMBixL6azTxeXZ0dAumF24qWI
AGvlA/+GrpJpRCEWaNg0qg7NBCfrVeFNlp7vRWQKfyDELbaFMBJsE8UVKlghUYISWZbM2SW86ezg
cvZhchccTAEPspi+5qkOTqNW7IYBvAJuS1guFtnXJQ0/BFnqZ2Cgsv/KwUbmguYzzv3X/LaGKKfq
iOp4Gu8XZzT4+H5bRlLsJAolwF3rrEcDGX+Z2W1Idbu5VIivsqKhIaytdOjVhiGKDQ3lTE57toVy
o8nWY3CXaRolUJJpsJWYB8nKz4Lzw9qCkFLGG39VUwNSHgg3k9O3W4sysjdZAW/knXDBaXhdExgp
Va8Ev6yZ7N9QKrznPHaXmZdsS/7fgGmYM5Xm88JraTgp1EaIpsz3P5zWQCli1RM7dU88Y+ns9OSs
AmjUNp8LSLF7mkE+T2qif57Uwt6dAYTWOD/alhkkN6n2z5PNhF8zXCSbXYUAwL2m4RXkhi/XPJzH
NNBQ1s88MFzA6eythUPgBdkYOt/cQq8ZS2PO00ppoRF/cGFR9lwvK/IzG4HyYmd5p2DSqT8aVtn1
HVz5qY2A5QuhLNaBadTqyOpXoR1fc38KIm4NVtkxAKlI8UBllI+tm5ubNgOJkHs7vRL4cMbOYkzl
iQ5QJ1cRmvXYcfiVOcvJ+RG7xqYfvVvv6qQaSozB8xE7yD0KXOBuWbYUK0WxAH9VyKeGF03u3Qor
oRYentGsohFJqRbHMLv9y5Lx6yeE/dfZ6o13WxFXEB4YdXnN1Gy8h1L14Jc7Yjfh71DUk5jC5N+x
wNv7LlhCss2hHdI4rkXLgvSDg0rebz2iSPpGYAJ3CgVKVIkmGrE+O6kNtROeJkuQYGuZ2gncRHYN
KHQxHkcCldXBRC+Sckp9hIyrGHjIbPiX/EmOXS8lr1dkysJ31CMX87kH81h/W9hUR5blgGDAEBAW
Ej4OL+ZJYvMbHV9OesDrpjxM6P/MahD6z4Wg2IHkqu8nDBuIV4sTTnUAOenHxbDDk6dInKQ8OPAh
vicVqTVyVXLjr022es9ggqocz0u3kslpyoI7CAXxkfE/WaIJ6dftIsSeNzfT0fFHLxYSFgAKUr1S
GFbFj/gCl/2bjenFG7a1dSPB1LKuhQiWBZWC+qWJ9ciy0RENl289fazklIrD/WXD5KPNIE6pPp9g
ChpfXdCrO3V3lf6Dk2Sl83qm1E5uBJCleg0mDnU4ohAhr49nB2RNpjk8O8Dijvz5J3kbMxb+m/7G
txccJHMwlhcKb9vYaOy6Xm0XpNosvdeuu1xxH47MGExzK0V29ztspgQAA5WibBDhtGq6FG234AFo
jx0e8mBVrRQ0oo64D+WmubZY2HpJwKQEoiqoSPOo+Y5DB8rl9MPpxxMdkUatrnwNqoA+yLtwF/HW
MJUcAUouxubuqC75eDqprHhVyBsimgOFZ7HD/rx8HQVBhPvJubt9nEYB9KMXPQXrGxoHlUCpCD84
Qspe66ERqRuBqKwP31kbvls03DO9e67wT1kefgMeUB36OaUqc7cu82/8N86G+E9FbvM7loYLjqBq
KUTxY1MopwFuaKtOtKv0O6ve995dMox277lYguz3BEseHGCe6Hv+lBn1CaP+G4Z9FigK0iO+dETn
9JIuWZJ6NNxexaAxtaxclicAwqoYqicdUE56BBBWXueH20KS97q56Kfh9WFMk2XVqXTqE1yq93zJ
c5fywmsHexYOtdl9PQVjylgVARIe0f5rH6qGEx57X2Giu7V1M52pZUlJngLm39wLz1moV54F6cfc
h/vtCfOxf2fhwmd35gAV8g9OcHrf9TRXntsE3DvGIjAgC1Me62mvSq95WRXguyWnb2kAvU9ivi2E
FaaWVRFnc9MBF4aTb9zCqoPTyY+MoKk5u3nHwi3iKrqu47hv8vxutWBXlzS8SioVZIX8SLoXbWP6
e0CvtoakZAn20WTZ3DwYMQ58/xOPfVefrlXp9Tur5v3x+TvKlysegrM5MK2yLBSc+v6N6P8JcKKr
w4yCZRcVO1XI9WRTu50VqfUn8ic55y5zib0iZzSQc7/aLpPxI2C1UrBcl63MxSbeYrGSS1Sq3hc5
4v4NRFI4XKpTeDZXzrnY+qRbOafUdkP9tUuOqlOQu+j9eQuN5/S20JmGSaPW1+pqeeEzC7nYkuWs
tgVOY4mGKUSpHGxkLMjEONXGjKuB06iPraNuL1UH0OsT3CyjuIhVGYAlrbK3pFan0vDs8//MXm9t
xZGGS8EQZJf9PwWEn3oi+lVQFMSq8gftTstmKe09etf48BfxCPcqS5PsyoPfV9T3vKtqYWh2tnQv
OUCBRQxFFWjCf899ZI0RKmqF9+ZXUMqnem1cIevKGt+9ua425uBaL4TDt9nqSTF2gz06ujDfu1On
Agzwv6dRutSRK8LDU5rGkjpL3M2TcvxlNFMoGYFxeL21MqfWg2VJwfK/mwyC9wwaxl7FsCXtkeD6
icXp18zDB922hKjkCCByMZ5tz5LbbokJQXvOlY4XDx8JtTguJufnk61lSMUPYELvmwetdfdJ/tfu
kdx7f+QJ90bWVUfaEztrzlYrmV79tu/aCGOMv2ddRzK0rDXSrCU+w1XzTnbXsNst9PSGOqnHwzsa
KuiP7HFar5sn33Gp1rciWSjKPeVus3Fy+e5wScVNU3xc6CQTC+rrNZyjqR1+t1YLRqhOntKUV4ZR
QfrBoyjvtz6IJH2jMZTFTGhXA5OTqh7Rk096aYgGvTdvOp0nYRHMJywO1sxj7vhj/hNXLZpQO197
PEsmx62iSamIL1IWQK6EL389w/ZCSPX0YsFGKetYPWL/uaaxkl7N7cP6QAo8/6rTM3BjwCVAuqb+
neTwPSEnljzx7pNlRRne9ZWCSY3kYj757qYm624Vr1KMtGpVKZJW9yOz5Zh0nSuRfxKwNT6TehrO
vdBLtzbxqviHkEr7uQUPkXxAE/+dsSSdqJdVFLrQqbUHOWrb24IA/g//NGp3Sh4ZVlOfRrht7aGK
LwiWyNmyfkdpLEsI9QzsuYy7OiqAfikewRRrzxp0nVrfdVUbGfluuPdWZjDXJYfq75H8uy1f0CTa
vHjCpbPpkkdTLPCDKj79xCO14NdfJpcXbw/Ojy9/+dozu2RHbAHcI5MlDxdvYxZ8fP/y6QFVhbly
OUl37buLTA/rRkPzBPUwd3q1EjqtzOyr9PozTDXnh8YwcZqnk+OtmbrgaFmaKJaV/9oE2/TgUEOE
R1Ucg/p+ANzi84leb3M7EbADoQ8OxX8eX5CeHs8+nurPwChCdQDWqt/zw8nxx/dkdnxwvrWpimCJ
LyXAjQobKTsv8TTZc1J1p4z5Y57gyXsvf20Eg/n+IQ+C6m0NnfrIRsFzcTeyDqZ1cDY5ORiLjejF
odGpHRu1YzM/fvYmXJB73f2QB/BDDHnHVpVYUNIeqJLvuRu9yY77tcvplQWZh26WsBXK95QF86n3
FWoAuqrsZNeI9VTQ/SuesxX9nWF/4KDF743EVyWDJrui1Fcvjc12pnwHikT2/OzVmlKk3RxEifAS
J0PV7br1M48sVt2D+HvMVhXgCU4XeS6Lq+MqJz22DnV4CLMB6PXO7vzO9z7RkovwFBxx5ty9Z18h
/+DJtN53fUJdntsE3Aw7n0a84nMa8RFDHfI4ZbdQBTUr96CajZMVWO+NT+Mtbtip3JIqZdR/P15v
zFgQvaZhxS1L2oNVx/rnRb7fI/PnRgoxNvfNGT+kXEcijp/xyEjz+zbsiX5hnnr69gmyx9Rl7yd6
xVqQHnG7NxAdtuVVeZ+bC/7hFPOvJrYiVGvtfv1VHFPqp6uJd8v8I3b9tKdC9KXIh3bdCjk2B/IR
okay/GhqUApSLc/UDJBkMLxtbtsPL3uot0ltllgLlpaVS1H+2gTOJxpHYgWuhFOQHtnTEnpXPLni
W7tnlfOzrFyC8tdGUJaMVh+jzCk/ONOobutJRpA3AoK3VwF0iu9G1dDo5FrQbY+qsKjvZf7Wltck
N8sSN5MjKcEmm6fWlHLnmRfPPea7+gua8lfJpRCidgPxvPduBS0oxaGraEnTlHqaSjRifZfSX7d3
0YnSzcOFpyBwvRLXiI+smZwdfd6W2MDKssqen12MA58WTvx3NRT4hlLPWfqZvoUxpzySl9a9UOR7
Xm0je93UQvheLBqDwOBzQpz2mlcKwjWtVshbN95XGrviyPUSlK1Fw8QT6UW8y7ANgwMisliB32u8
mBRH5JCHc29B8J3KVvjinIfkwkmJYRCju9cx9/rd4qV8Vih5tSKoE/eNsdHtFiQv2sftBPA/Kwx4
6u6/owH5+N4Kb5YAqOV7SbrP53MrpGHIs9DBoYUTxhZ1lh6Tr11O9iHEhuK1Uy01lsE2+8iR3qr2
yb4JxwtQS8BdhufmPAZuBUV0AppxcdFEHkXXkeDseviYcwZ5e98EHuJVi+AjrYSlKQTCZN8KfRDF
b6Gb7J9h8ppmQQDTQ0VPGHOLRviO6v2j4zcHH85mVigdovV7BnN+0ZkixJDqpRT4qx3RJIFY5e7/
P/EPqCNLeSuh10xcdO2xGzRgSkFD+yMrvLX5bQtdUpz2abjI6ILts3CxqTEqr2hrrwJ8RdsLgi5I
HGH5LBYzQeEABJRJKl4GLkFmS5YwkmuJwCyApEtGeAjek0KQIw4aVby72wsdP8PdicD+juMhrykP
5Bu+7/JM6Jw1Ccc9DwmyJHbM6BVZ8SxWvIg3J2BkD8I09gAWxpd0Q/wHxu/ZTcFu12VzCnZOyA0P
f0oJTnlpTFDXAYDF1yWuUEJ8W7LEfbNkIcmiBVSPwKBtoR8qZntWSMgLSJEoGEk59BK6BFioV5CC
DmIYaz5NQShxWojqc+gGoMIvlgp94dOxDiNL8dJcpATIWbpvbtk9IoosPJEss9TlMBTU25z3iNVQ
rznGNwoz12oIyQ58n98QHGAgTP4KZnLtUfLf6IzYRnhlnsv2CMYscemx8FF1DQG5CA4aAhYDpSA3
e0WUKrG9cunitCbsi08eKISHoFfquiRmiVQ/qhXfUUsCRvH9xOK176B0m6HQoBz2e0Z9VJt4tzu5
pn7GyI7qFKLOS+Que4TBxNDZW6B2fEHsHsFQAH2/zwIbtAJedZCsQgffFgyGj6/Aj9qiwQfQlnDt
HCk2W8ZQhGdgPWieNImoIIgKCjAemgRfHgpAMD8I3UBwRlqQheBB2EQynwrzAibwspjfeuBhDNQA
kITnhoVwqFsl0OkcfRXboE82iZf+BOpLY3GZyzDyCZepXUx2AEMG48YUahEwWgrpnmBV91UqnCPO
QtzCjB4Ieo+EEcT7XJI2gdmL+k0Cb7GEwYzPoDT1waccBzUSx1mUSqpUGComANkULmFcGJTinaqu
HBD0mnsuiL1eAvQR9DkOigbvamuOBo1bslHhaZAKIMzHKzko3/rcBu/BhEskHcZB4KU4tgO2oPYq
BY2TqVR1RyhXZkdx+QytduMJzQuPgkF705KMcidLBMK5ByJCRGL4nAGymUM9mHcpnRysleEwJQsO
huI4TNErsKOFELMlRNsjHUQBvYsQLN9r+n8eAVYwD8mP+fb75E9SHgkRVPgsRFLsEgLhA7MnxL1c
IOw1l8romD0lmAgCn8SoUPIlP21BQjEuhEgYMYiTQfIJIfkQdsucTARfLkWWIxKTVdGa3TpQOyQl
Ihm4LmbHe2R2cjolZ6fnpzNyMJmcnR5PyeT4kkBN+O74skmgEZldQKtj8unk4uyYTC4vDo+n03Y9
BFT0YfYHSh0TFntcJGQMxAkCdJZMhGShjSLYGkR+R0DEFtGkhTcvZJgVrKBUBJwQoMGbEO99ziad
DCo/TIAhNlOdCc6SCYTeMpDLjCT6uMAcgnleXNC+2xp9QZXfYLaIOVgOSM2iuNKu8toCA7gXi5IS
arejsCYv14ukkHcV8gWNbRgZLYf7vqxKRQBar10x1FAcdRVRV0HsDmiYieJDlwQKswx88GUzzwl1
J8zdUKbX+Rx4SbxBOQTb5ELGfOnwUD3wzHcLWTxIIjchKeVPJONIiA9AB52Owgq9vRHB4k6SFK4j
ORTY5jEP8mQrr1YtWrpr6hZGNMqSd3yDrHGpindM84IRTRZz8b7a3JHdLIhkdSVLOKJOtPBEbq8j
bKQuELILMXMEcARpHgY7XaNgSNqQ+KCHa3CyJMkYBoZ0CVZb5NUmBi3srZSqmRtS1giqqGxLabDp
vXrCOY+zzMKrJJf9kEZI9YIsgBwL6TUm+VwBDUnkDElKUeoVx4tSpRgxd30Miu1ISSQ6bGEVnEHS
7RUWO+LyVN2nsTbCqCf5y8b5EJK8VEMdmagcWg7M/FiB7QhEEbUKlI+oPZBOFhiSS0RxTkLkNRJh
iQ4uU/pUU1/VMzYuq11UIL7wNef7MKuH/NAKQ5aiwfZUioDSbMl9WWLaNIUZLVbiQuQEv1pCVJIR
sU3OfNRZmVpsVhSbMr290K2Un8KwGq/SpfgcUsvQDCiMJzpupbkwKgWIqF3WsWLqiiWkK5HjXEYU
+ngxEJVYbXICtSD40r4o7sjh5EMTrgUZbBhfN54Lbi9qBRk9C/4twX+PDPKyu6zIE6EdrW2bHLgQ
qJbUn+/iS8nENMFl4MOqK+iU4BoJOpg2EMu0pzHTpyLHtxjVsMSkfpugEB8m4SQvtssJIM4lUKgb
SJt4YRaFUUsd12Y352rUJd5XVtgTy/LcjAkmPFUyQdku3UNLrb2xKS962SYTdY1P44W4gKqZqPIF
0eM8pguEADYBtSWRLyoWnF4GIDwOdhqjnQ59D1dOxHwZv03BkpSczz4ISROAhLDtLCU4PxemLLuT
k4t2HmuCNGvhVXtCWvRyl9nZYi+fsPxMDJyoqHJtCUNVnCf5x4bkhBo9OUy4TFzKGwxkJoOT5Ha4
5DCBRQ/M5yksn4mKCObSlJKEXueREtdH8vUiPKdNYUEwsQQnCxa1HvEb90I5GRZLRj+Rzza/Ra+P
yekR2fn84fToJWAGlwcZoP0NhPsoltt8wTFw/hLD5KVdVoDgCVw0EcoOwdM/vz7L+au5jUb5SXSG
y0giaUL1gZNckYYFNp6vjqgUoi3zzOeiWzjnzVet28xzS7QUyhQIboymedgE+PKuTD4LEDNIJSi4
DRSdoiILuYMvjhfXgtec0xV4DM4kA36dT8oxo6k0IEJxKz8nu0zKAJivhukLJDOxwiHdXX7NVNpC
tFW+nSVqpcWBgZzKUKeuaclr9kgENdK152M3MoyrEKV6wTxEw0UxTwjxMr+eDpt5q8qC2tpFKWnk
g4BnOILnMt+oAY2qVCbG/IoRSixHgBvib5Eg4eJLkS61iwXwkMnpr80kMxtf0gO/cXlTZLhl7u/C
xcWqZyXxSvjYUQEf4hChdVEj+f0f6I1BTlsnZWe9mDQGTuAf+bADYfOL8W8hTVeMZVwcaGUR+C9L
tNgo3tEuOhKLvPrQPBKd2bjdMREBCPXJYrQ0kZ9NIQodUYspeQIX11SgA78WMckLsoBpWFKqp1yw
KTTUvqsiFZpuqCfmaRAmYRIjbRPxKPNzZ1QHmMlEGxUQuyIcigK/FakghrkE4xIkO1U6i6VcuUS1
p5I4rqiJaaMkyxyo7IVfWijWOrRBjv7ewo8L1kjFcKuSoyVUm3OuWQRGWUveHSlaLjlaRojSxg36
bY8LiSGQrQKc9iS4HSgBhEkpOs7l1HlSnhcQRBCji0UME2i5WKZW1uQCAn4T7qqOT8gHI/ji6AI/
o9RSIV9mPgwKN0zW1hSGzo3oMRGClwAEra0tZ0OiLTQvXVMa545SwaDyvHImyPH45R+RqfQSUdC5
rjqoukP0E23lqgnxMVrSJsFna0V6TosqDELvnMVQabcwAoWY/uTZPFvJXEErK2HqLpSWXjOoOCGT
iyiWBwvFUFhens/7uGNpiVU3deoFZaxW+ReZYnscCRia0bIYMLFDscSnLsqXc9tlB+qM3kOuzYcz
vArb0rpyVGgrJ4oHsE+VPvM1kqUiioiBkxxVN6uIgUvOMDVxReHozQtGMPsAIPL+AkagfOFAxjjg
p0Jkntmo79FEzUqgkKRB5OdHWPKAjMpWe7nR5DnwW1zB2iP/EbUK5M+mWNL6FZnKt0UUaVK/7yFg
YN0Ye65aNMhvS4nVgHUZSyR0kaETUR+LySY+zwayqnSriy/7FTLInwRvY2FWkNmr7HGPvDk7mO2Z
/xo2++Nbo9m97TbNfxn/crEeEuN8B++DOxhc90cdGYrlUa//UhZ58haDPleXIxxzC+hYLaWJ0kOs
hYHVnBWRn4vL4jwo5xOUuLg5ISIO8BFfh8T1liRXWCu/sQG+IKvZF29EqBFdifYVJpmoFNRHXzVK
S5SWWs3HIzG9ZbcQ+BI1t3OucHaQiHkMaMT2oC5fyRpOtEO8IArMPGQakWNGohT8oRiJi1jdaDbY
bcrCJH8+8hAqBP1rZ654er089j37VtzBKyjgFGGSVEiRU2WS/A5Csm7lK2rym1HFse2oT2MVFLx5
Fbo0rtDiVZRy8XBZV7yNw1Ff/S1bZHFFFEjxuAuk0+kahjlWX+7FdKU3App4xb9GSSvffFu4laOg
cnIJOa2CFko9F++FazT8zltFjThIXFshwbv+gS1v5umtghVoTnxtTv0ixanp5Kyq8TD171zq6ZTJ
0UXlCpd/EY3qRGmsypXLqhXK9PdFVDf6F+Q64nyCLzTTNCIuSCo8yu+p4UZBAz8W2GzAvCcTMW2R
SQXmLC/ZXC32VPguA14xxdTDePP5vKIbbyE/dKe6wl10Kb9iIRRWFVg1v4ZDlPBOmxt8Hr5CXFFx
pal2T3/1IrnPZiz6+gVrsIuJWO0pr/r27f8D6/5tiw==
===END CRASH DUMP===
