PocketMine-MP Crash Dump Sun Oct 17 15:38:48 +07 2021

Error: file_put_contents(/home/container/plugin_data/SETVIP/time.yml): Failed to open stream: No such file or directory
File: pmsrc/src/pocketmine/utils/Config
Line: 241
Type: ErrorException

A PLUGIN WAS INVOLVED IN THIS CRASH
BAD PLUGIN: SETVIP v2.3

Code:
[232] 					$content = serialize($this->config);
[233] 					break;
[234] 				case Config::ENUM:
[235] 					$content = implode("\r\n", array_keys($this->config));
[236] 					break;
[237] 				default:
[238] 					throw new \InvalidStateException("Config type is unknown, has not been set or not detected");
[239] 			}
[240] 
[241] 			file_put_contents($this->file, $content);
[242] 
[243] 			$this->changed = false;
[244] 
[245] 			return true;
[246] 		}else{
[247] 			return false;
[248] 		}
[249] 	}
[250] 
[251] 	/**

Backtrace:
#0 (): pocketmine\utils\Utils::errorExceptionHandler(integer 2, string[112] file_put_contents(/home/container/plugin_data/SETVIP/time.yml): Failed to open s, string[73] phar:///home/container/PocketMine-MP.phar/src/pocketmine/utils/Config.php, integer 241)
#1 pmsrc/src/pocketmine/utils/Config(241): file_put_contents(string[43] /home/container/plugin_data/SETVIP/time.yml, string[11] --- [].....)
#2 pmsrc/src/pocketmine/utils/Config(171): pocketmine\utils\Config->save()
#3 plugins/SETVIP_v2.3.phar/src/MCPEVN/SetVip(173): pocketmine\utils\Config->load(string[43] /home/container/plugin_data/SETVIP/time.yml, integer 2)
#4 plugins/SETVIP_v2.3.phar/src/MCPEVN/SetVip(26): MCPEVN\SetVip->tick()
#5 pmsrc/src/pocketmine/scheduler/TaskHandler(137): MCPEVN\TickTask->onRun(integer 8161)
#6 pmsrc/src/pocketmine/scheduler/TaskScheduler(179): pocketmine\scheduler\TaskHandler->run(integer 8161)
#7 pmsrc/src/pocketmine/plugin/PluginManager(654): pocketmine\scheduler\TaskScheduler->mainThreadHeartbeat(integer 8161)
#8 pmsrc/src/pocketmine/Server(2389): pocketmine\plugin\PluginManager->tickSchedulers(integer 8161)
#9 pmsrc/src/pocketmine/Server(2152): pocketmine\Server->tick()
#10 pmsrc/src/pocketmine/Server(1992): pocketmine\Server->tickProcessor()
#11 pmsrc/src/pocketmine/Server(1586): pocketmine\Server->start()
#12 pmsrc/src/pocketmine/PocketMine(314): pocketmine\Server->__construct(object BaseClassLoader, object pocketmine\utils\MainLogger, string[16] /home/container/, string[24] /home/container/plugins/)
#13 pmsrc/src/pocketmine/PocketMine(344): pocketmine\server()
#14 pmsrc(11): require(string[71] phar:///home/container/PocketMine-MP.phar/src/pocketmine/PocketMine.php)

PocketMine-MP version: 3.24.0 [Protocol 465]
Git commit: b54854529f8a1366e156f8ec32e02635ec670e95
uname -a: Linux 70ad3400-c5fa-46ad-84f2-694f522c3898 4.15.0-159-generic #167-Ubuntu SMP Tue Sep 21 08:55:05 UTC 2021 x86_64
PHP Version: 8.0.11
Zend version: 4.0.11
OS : Linux, linux
Composer libraries: 
- adhocore/json-comment 1.1.2@fc2f76979f0a44a5f5bc2a2b600d0762fe0e78e7
- daverandom/callback-validator unknown@unknown
- pocketmine/binaryutils 0.1.13@0abee38d4e2861621f262c79a2a3d699d8a697f4
- pocketmine/callback-validator 1.0.3@64787469766bcaa7e5885242e85c23c25e8c55a2
- pocketmine/classloader 0.1.2@9757928424652393b178a3760073113aa7c9911b
- pocketmine/log 0.2.1@830b44a2cf96ef703c550abe64302f230231ca49
- pocketmine/log-pthreads 0.1.3@e477ecf6ec214fdd4415ea1da3fdd9d73bf699ea
- pocketmine/math 0.2.6@43057cb8c179a9859677b496a788db922fd5cfc3
- pocketmine/nbt 0.2.18@9f82ca4d7f97fcd9a566e44b63c4f18a7657ae82
- pocketmine/pocketmine-mp 3.24.0@b54854529f8a1366e156f8ec32e02635ec670e95
- pocketmine/raklib 0.12.11@9cce458b8bfde3e4dfdbf70c659fc7b7fe26b5c4
- pocketmine/snooze 0.1.5@70b5e7937a06878dd321a3182ceb76d56298f2cd
- pocketmine/spl 0.4.2@6b08b7cf8c4afa17139c9a1b3bf1b408531de161

Loaded plugins:
AlwaysSpawn 2.2.4 by Philip Shilling for API(s) 3.0.0
AntiToolBox 0.1 by NgLamVN for API(s) 3.0.0
AutoClearLagg 3.1.0 by Twisted for API(s) 3.0.0
AutoFly 1 by PIG for API(s) 3.0.0
AutoInv 0.0.10 by JackNoordhuis for API(s) 3.0.0
AutoSellUI 3.0.0 by LetTIHL for API(s) 3.8.2
AutoXP 1.1.0 by JackMD for API(s) 3.0.0
Banking_vonfram 1 by Noob for API(s) 3.0.0
Broadcaster 1.5 by EvolSoft for API(s) 3.0.0
BuilderTools 1.2.0 by CzechPMDevs, VixikHD for API(s) 3.16.0
BuonLau 2.0.3 by PIG for API(s) 3.0.0
BurgerSellWands 1.0.1 by Heisenburger69 for API(s) 3.0.0
BuyFix 1 by Twisted, NhanAZ for API(s) 3.0.0, 3.7.1, 3.8.1, 3.9.3, 4.0.0
CmdSnooper 1.0.0 by HotshotHD for API(s) 3.0.0
CoinAPI 2.0.9 by onebone | Edit By SenKai Official for API(s) 3.0.0
Command 1.1.2 by CrowBaldeYT for API(s) 3.0.0
Crossbow 1 by SonsaYT for API(s) 3.0.5
CuongHoa 2.0.3 by PIG for API(s) 3.0.0
CustomAlerts 2.1 by EvolSoft for API(s) 3.0.0
CustomItem 1.0.0 by Phuongaz for API(s) 3.0.0
DEVirion 1.2.7 by poggit, SOFe for API(s) 3.0.0
DanhGia 2 by PIG for API(s) 3.0.0
Detu 4.0.0 BETA 2.0.9 by CLADevs || GreenJajot for API(s) 3.0.0
DevTools 1.14.2 by PocketMine Team for API(s) 3.13.0
EconomyAPI 5.7.2 by onebone for API(s) 3.0.0
EnchantUIVH 0.6 by UnknownOre for API(s) 3.0.0
EnchantVIPUI 0.6 by UnknownOreforsource|RBpmmpformod for API(s) 3.0.0
Fly 1 by PIG for API(s) 3.0.0, 3.2.3, 3.1.0, 3.2.0, 4.0.0
FormAPI 1.3.0 by jojoe77777 for API(s) 3.2.0
FormImagesFix 0.0.1 by  for API(s) 3.11.4
HuongDan 1.0.0 by VbeeMC for API(s) 3.0.0
InvCrashFix 0.0.1 by  for API(s) 3.14.0
InvSee 1.0.0 by BlockHorizons for API(s) 3.0.0
JoinMenu 1 by PIG for API(s) 3.0.0
KeepInventory 1.0 by KhoaGamingPro for API(s) 3.0.0
KhoeItemHand 1.0.0 by S2TwKen for API(s) 3.0.0
KygekRanksUI 1.3.0 by Kygekraqmak for API(s) 3.0.0
LoadAllWorlds 1.1.2 by  for API(s) 3.12.0
LpkCuaHangUI 0.0.5 by phuongaz | Moded by LamPocketVN for API(s) 3.9.0
MSpawns 2.2 by EvolSoft for API(s) 3.0.0
MaxEnchants 1.2.1 by Xenophilicy for API(s) 3.0.0
MenuUIVHPIG 1.0.0 by PIG for API(s) 3.0.0
MuaDetuUI 3 by VanLXYTB for API(s) 3.0.0
MultiWorld 1.6.0-beta4 by CzechPMDevs, VixikCZ, fuyutsuki, kaliiks for API(s) 3.20.0
MysteryCrate 9.2.0 by JackMD, DaPigGuy for API(s) 3.9.0
NapThe 0.1 by phuongaz for API(s) 3.21.0
Netherite 1.2.1 by Wertzui123 for API(s) 3.0.0
OreGenerator 2.0.0 by vividmemory, LetTIHL for API(s) 3.0.0
PHP-Sell 1.2.7 by Muqsit for API(s) 3.0.0-ALPHA9, 3.0.0-ALPHA10, 3.0.0-ALPHA11, 3.0.0-ALPHA12, 3.0.0
PiggyCustomEnchants 2.4.3 by DaPigGuy for API(s) 3.19.0
PiggyFactions 1.2.0 by DaPigGuy for API(s) 3.13.0
PureChat 1.4.11 by 64FF00 for API(s) 3.0.0
PureEntitiesX 0.7.0 by milk0417, RevivalPMMP for API(s) 3.19.0
PurePerms 1.4.3 by 64FF00 & ProjectInfinity for API(s) 3.0.0
QuestPlugin 3.1 by HmmHmmmmm for API(s) 3.11.0
RankShopSystem 1.0.0 by zZPROGAMERZz423 ( Edit: PhongGremVN) for API(s) 3.0.0
RedSkyBlockUI 3.1.1 by RedCraftPE for API(s) 3.0.0
SETVIP 2.3 by MCPEVN TEAM for API(s) 3.0.0
ScoreHud 5.2.0 by JackMD for API(s) 3.0.0
SellCommand 1.2.7 by Muqsit for API(s) 3.0.0-ALPHA9, 3.0.0-ALPHA10, 3.0.0-ALPHA11, 3.0.0-ALPHA12, 3.0.0
SellExp 3.0.0 by EzMinh, LetTIHL for API(s) 3.0.0
ShopKeyUI 1 by VbeeMC for API(s) 3.0.0, 4.0.0
SizePlayer 1.0.3 by  for API(s) 3.0.0
Slapper 1.6.1 by jojoe77777 for API(s) 3.20.0
SpiderUI 1.0.0 by MCCreeperYT for API(s) 3.0.0, 4.0.0
TableSpoon 1.0.0 by CortexPE, Xenophilicy, HyperFlareMC for API(s) 3.0.0
TempBanUI 2.3 by SonsaYT for API(s) 3.0.0, 4.0.0
ToCao 2.0.3 by PIG for API(s) 3.0.0, 3.2.0
TradeNPC 1.0.0 by Free for API(s) 3.0.0
UIShop 3.5.4 by SaltyPixelDevz for API(s) 3.0.0
WorldProtect 2.3.8 by aliuly for API(s) 3.0.0
cayphattai 1.1.1 by PIG for API(s) 3.0.0
iProtector 3.1.1 by LDX for API(s) 3.0.0
tichluy 1.0.0 by LetTIHL for API(s) 3.0.0

----------------------REPORT THE DATA BELOW THIS LINE-----------------------

===BEGIN CRASH DUMP===
eNrtXYtz2zbS/1cwys1X50aUROqtjjtxbCf21Y51kZPmWnYyEAlJjPkqH7aVa//3bxcASYBWbNlW
b25umntYXIKL3z6wuwAo6N+NRZQENPt8zZLUi8LGpNdsZF7AGhNz0O31+uOxNWoNx6POeNBs5LG4
1euMW+Ned9gbjfudcX9k9ZsNn6bZcZJESWPy70a2jqFZg18f3zoMngPezUbA0pQu8dbC89nnOM8+
O1GYsTBL99qrKGBtvKReyJJ27OdLL/zs0oy2Z8eXH0+nbey9tQ78lxPyhgIDl2QRiWIWkjRLGA0m
5F1E0txZEWRPooS4XsKcLErW0Pki9/03QIfe4xVNJu12vctp5Fyx7Bw+G+fTFjZqp4nTjjk5AHI7
zzw/bR9G4cJbQoMY2UqWATa9pzk09YHWmFg9E3ScUAc+/9J40SF7IE/1kG3zp2z7A/6ZTJimxBMa
uj5L9jzQ2pIlxGqi7F64/MU0rV/JrtVach92fyU701qTlPB75ktQzAuTPKi/PWw72SChRNgDhI8Q
VtHbr8QwDPLLry38x+FYW8Axh+Zmu4n7xg8pvWZ7nF2XCCCpBPH52mp1K02dH06PP75rz1j20YuB
b/d+vn5E3ScLXSqeA+s9Bpg1AFyCZNuCZvyQec6VELK/WWeps2JuDi7bvqTpVeG+ZneoMLsEJnjX
+CEK3+dh6dwjcyDcY7AN71lxBSoc11RYtoTOKhjGD8mm3oabexOqak/5n3MaQiBL9gb93v1dlaiM
HwKwz+UKApV7wmiSzRnN7nY+2tz5jCUQoves7qgumoBl2xouYZiy7/RuP+P7+zH7Vq0fcUe1uNm5
l4cJueMeHtMkciAdRIlkZt7PrD8afINZmoEyJZNvDNwqRO11zd43+HzGkALjKneyvWj+BfIGeU1T
dgiZLT2DMceSJpH0DaPzHIx7Fi2X2KqILIO7g7O8afW+NXLTtpCl+7AsvTvOJ7QlGPQEgz0TA1XC
fsshGRaBY2g+I55XLTCav2z8+kezwf67c/8TkjQIJXF44XXkX7MAsAITLxScG8V9oAmQQHEil6EW
rK4FZDsr/vM3KSvZJ2Ajj/reV7b3t2zlpcYPDu/65ffwuNXtao/NQbQrcaOn3HDAL4lAPJkcv/tw
PuFN+t/q0gtiH4Dt2Q3bhrgU2o0moUlC15+v2Dqt4ZBABt8CMlRuuGxBcz8T3Y+0J7JVEt2QkN0Q
2z4Nr0Fid5bRjJU+AWiECARdhngpycOrMLoJm2RFUxJGGZkztC/L0Jx47bIMFM9cuyFBjssu/8Dr
Xgeu+QezvHHX26S4eKNJCi0Jhj2rYFDZodDOioZLcLt9sqB+ykTzXtG8Un3CsjwJCcQR2aZQ5B8M
Hvs3Jw3rrRWWhRaFQEJA/rlfCNcXwrX//vfGH39Vkn9Vkn9Vkn9Vkn9Vkn9Vkv8LlWSzsWTwKPWx
iAoprjY1NDaAZw66rBasGt2W1Wt1kJ57vgulW8c0mw0v/eyy68aEZ1ao1JIoi5wI2PYGfejEw0pu
3u+N+r2+NV6MqNkdDJjZHyxGzOlarGMNun3mDIYdNu4D71xiOfPC/JYMO9Tt9jodw+kvqNEbUNcY
9RaWMRj3Fn3LcmBsjUivZfZbHcPsjw0uk+eQF+ZgaHyY52GWk9n5lFzmjMxYTCyTdEaTfn/S6ZMP
l4fE6gDldjT4POhhlbmKoedRq9MyTbj8ykKQstErruH25ygtsAGBX/jywomCOAJjfva9eUITj6Wo
WequQBsJa39Jo9CANrK2NVtmy3q1cKzFcDAejhcd2uvR/qI/dyxqzQedjtsZDqwF67DhiA2BvQup
KYEYGAVth/r+nDpXBq/1aIbTgYYs6V7Jvwi3sv7cC2my5m4PTUGcltl91aFQ9XVHbo9Zo4E5sMyF
NbCc4ZhatOsOxmN3RAHaoqez2ti5CSrqvhr0hqNhD54ZDOYOpUPWH436UOmxUd+xuo7VZyOn36dW
jSEOVp8PVonNejUe9odja9SDmq4PtWd3bg5HtDsEtQy7ptkF3s54bJpznZMfLTkHq2W+GnU7c9Co
5SzGA7YYdrrQMwo86HU71sKC/+uaDoWqr87BiDMe7wtFdV+x3nDInMWAOZbZW7hur2f2GTVd2oWL
sTvszhegLUZ1VgHNVhLN4BV02h8685EDaY6OR/3xYDic98YDOhyN3PnYshZu31k4XZ1FOM8KeUav
YOhYANgdLsAmjjumfRhGvd580HV6C3NEh4P+kLJRTbnVRyOIyyH86hHjUWGW0CvwbaEXwGS+GjsO
6/VH89F84bIu67kLdw66dgb98cIZzocLZg3mfafmQWkYRV+ZVG//1bAz77PhuDukncFoOHLdrmXS
rgnSsvlw4PYH1ni0sBy3xiT2OYceeMtg3hnNh85i5PTogkKR1x07Y2rOwTDmvNcZ9bumyyCJNv4o
Z5p8bB74N3SdzmIKw6UKgiq12aiinwV2QElonq2iJMWJwHTl+V5MZvAHosASgyqNPbzThQHRwWsW
0jmU540JTlNgFDOo0dG3foF7abTIjlQCVht80RzZppKrbVOOKEVEti3SGk6f4QNOiC8P3l9+wGh9
w+apl6EIOFs5CDPvMor819GtKpxCVYUDU+iivVue0eDju12JJNnZtgLgrizTi9nlTxfvz440aSCF
rPJ5C2Jnu0CF8uVZdOhDUXZGl0tVQo2uytgFd+voUl7eeCnMcnclZSbYgcUAhIMgfAABQtcw3Svu
KsviFHK8IraEeZCu/Tw4P2zr/KQy3vjrmhqQoiqgZuLp6dtdCS57EyXVQwIWgE/D6xpgpOheCX5Z
M9k/IPe8i6LEXeVeuiv8X4BpWDAV5vPCa2E4AWoriWbM9z+c1oSSRN0TO3VPPGPZ5enJmSbQqGU9
VSDJ7nEG+TStQf801f3n7gBCa5wf7coMgptQ+6fpduA3DBfBpi0lAOFe0/AKIunna5iOJzRQpKzf
uWe4gNPNdxYOgZdtY+fbW+h1Ai0cCoEgUQVQqLqt+jr84+vInwGcXYmgdAySaCjuyUyFtW5ubloM
ECH3VnbF5cNJBUswOaSqgCpZl9Cqe+PhV+aspudH7BqbfvRuvasT3TnNwdMldpB7HMBkB0LEXMDK
EBbIr4N8rMMquNsaK66WKDyjuaYRQdGLEyjA/7Tw/voRgeR1nsCEGoPeT5TzUXDrd3Rj3qlATpiX
snDOHxqMHyVK4ximxlGwPpieNu4RS+8BragBfIzM6zferSYqJ9wTTYrKo9l4t6Lhwc935GvC3yHX
CSYC8XfMbdx7lik5su1FOwzcGWTGWAs6CrFuxNqIPImydBVlJztLEU7gpqJr29ZgPCwJpHR0CEUM
SakPpLEuQxSyOfyP/E6OXS8jr9dkxsIfqUcuFgvP8ai/K9lkR7btADBgiOvHBcItxAsCiusViniC
Uk/hVi1oJtHNawox51+XuxJE9vyIEQQg0nQe3ajwC9I9o2gWhSm9g7v/VNySHehd9v0IASAoL08i
qgpQkP5zgfrw5DGI0ywKDnxIYqmGWiHryM0/t6JQewYT6DieVlMIJqcZC+5IyIkPRK/pCk1Iv+5W
Qux5ezMdHX/0Eo6wFKAk1cuhoQ4/jpa4/NpszC7esJ0tTnCmtn3NIdg2lEPykwLrgbWJIxqu3nrq
WCkomsP9acPk45xBlJV9PsIULFPrMH6pAuaJmbw+vjwgG9LI4dkBFnjk99/J24Sx8B/0S7S7sSOY
gyxeyI2xvUzX9Yq7JNUSR6+eOartAnLJYPKkFdrdpwtTAAATVVC2CABKRV1Ba5c8QFqlLqzkVYiq
xH0ov6yNlcDO8z0TCHjK19A8aL7jEN+WyD6cfjxRJVKo+nrKQBfog9gsuEh2JlPFEUQpYGzvjvKR
j6dTbR1FI28p0QIoUZ447Pf3r+MgiPH968jdvZxmKehHL36MrPqC3RMW63BKYPFqolja7Mo58bOm
CI9ayHsDWtWHU0HRo0e3nlu/RF8iNsR/mlzWMxbxSo62LUGUH7YV5TSgS5bqkzmdfmd9UhNLC4Fm
q/dUWYL8txSzLDqtx/tePGbWdoJ1C+Q3RYqS9EDNg7nx/HBXw6TodXvop+H1YULTlW4DlfoIC/Se
jrywgBdeO9gz1/92GxZSjBljugRIeED7r31IXCdR4n2FqcjOlm9UpvwdwRnWP9sL8w+Yhp6zUC1+
StJ/ZoPhyyMq5h8Zi0FGFvJXUivIOr1mCB35j6uIvqWBFy6nSbQrGTSmtq3BeYR0q4jhDOJEn+xr
5AecbGZd3vzIwh3KVXZdl+NbM4Af10t29Z6GV6mW5zXyAwmEt03obwG92pkkFUuwj4Jle/PgoDrw
/Z+ixNcWP3X6/UsyWgh7RkK8ikJwNgeKX9tG4NT3b3j/jxAnvjrMKVh2qdlJI9fjcW3jIZaTaPI7
OY9c5pL5mpzRQFTotR3m8UMLu1U6r5bGtIp56i2XazHPllVZ2rh3q12Aw/UGKc/2yjnnLwmoVi4o
tfcG/tx1E9kp4C57f9pqyTm9LXWmyKRQ6wsOtYD/iYURf3nBWe9KOIUlGqaEol1sZSxIVjghwqSk
CKdQH1oM2l02C6DXR7hZTnGpQRuAFU3bV66VcjQ8+/Svy9c7Wzah4YozBOyi/8cI4Wcej36aFCVR
V/6g1THmLKO9B/f3Dn/mXzhd51maX3nw+Yr6nnel105WZ0e7fgEC5jEUVaCAf86On8IIFbXGXdQ1
VLuZWj5qZFVZ47vboHJTHtfZIBy+zdePirFb7M+rYJ67S68JBvK/o/HlSpVcEu59WynetFBrmc95
BavIC6L7x1TL71i2Yomnma+iPRBCf2JJ9jX3TKu7q1FbcQRhChhPtlrFrV3JBEJfJOwtf584i9Sd
Qo1c3wepue21d+25AQugHG6STe/DPEMJKg7blh/ZNtacnkwN3BJWX5MuSA+sv5/zKWRdBOPgbHpy
MOarNeWl2aldm7Vrq7h+8t4WAN5Uod8j+YZSSlHChru6gXv1ja6N4ch8RjwqGNr2BjQbiU/w+KKT
9gZ27VJPb6iD3/W6o6GS/sCrK5t18+hFdL0Y5plFUr5RGzcbJ+9/PFxRvk2EL6qf5HyNdLOGC2lq
l8/WaskI1ZknjANSNFmQdCX2xGv5ihYHvTdvOp3HvSuCzKcsCTbME+6YsPiIqwJNqE2vvShPp8dG
2aTS3GeBBTQlwVefnqAuDlJ+1aRkI5V1HGZe5rH0U01jFV3PncO67wWef9XpmRi93oNI19Sfnp9P
dzZKE8ET1+BtO85x70sAExopYD56j0fB2tbllYoRVtWVImh1P+puciPyfwTsjF8eOg0XXuhlO5vU
aL7BESkfd+Adgg9o4Z85S7Op/O50qQeVWntBuvb2ThDAf+Ffo7au/cCQmvk0xrdy7lHBKghWyNm2
f0M0ts1BPUH2AmNblQpEx5Wb2SqKZ1hfqtv/tRsPzPq+/jx9f/H24Pz4/c9fe1aX7PGXgCZkuoL6
8G3Cgo/vXj4+3sgoUK1mqNa/u8Zxjx51abZP7u+ZO7ta85VhbWKp0+uvz9f8AxpD3b7Ipse7GhkV
R9tWoNh28Wkb2eQZAZVQ5aEBanlSG/Pii63k8vjgfGcLM9oXb7dCXmRgBXtB0vemrf/Mm9hF79Wn
rcSAWvPu+2gq9X+7csYnjm/jmuxIeeBbAMdfz71wtfPZj2Br28efphgrHiEItP6RrbUIUdHu2fr5
xi7iNjvTG9d4tVWC+1bw2RrxPWYVd+Z9heRJ19obrgqxniC631yrf46PYX9n2B+MtPLzVvBlrlWw
S0p9Sc3cbgP+GVKkoucnLy5UkNqFEChh7Lks0X2wID2Qvc8PD6HcBD4b3m195lsSBYTtHe0SO5nF
kfYun0J8QJbDKMnYLaTaprbODhO4NQj4xqfJDvfttWX3CqP6+eFNvksWxK9pqFmuot2bjTe/2Pt8
oxUv+JYwHmG+6JBGqiT8+gnv9jaf95oL7xfmC6dvH4E9oS57Nz1U4RekB9zuDQygXXlV0ef2wD+c
YjhXYEuCnkf79S/mzqifrafeLfOP2PXXP+O7IwLH9oLw9X2YTuKxSoo4Grk2IlojXSjqe7m/szmo
4GbbfDcjFgi22b3fELbPcy9ZeMx31a+bFwdjZOA/7YB/NaytSQtKceg6hplQRj1FJQqxvk3+571f
4sTZ9rb0pAjaSrdCfGDWdHb0aVewgZVtVz0/OfECHwNnK21FCjzxynNWfq6+Q1NQHggaO65fZa/b
Wgi/5U8TAAw+x+G0NhyQAs8YRhgZN95Xmrj8yvVSxGbQMPX42Ocns7RgcECC5UtUk8aLaXklz4Xj
x1vZ4YvzKCQXTkZMk5jdScea9LvlESN2KHgZMSTxfXNsdrslyYv38a0J+I8dBlHm7mtYiTjqxg5v
ViCe4Xtpth8tFnZIwzDKQwcHGpaKBnVWHhNH56X7kKlDfl6AIUc2WGof+dNb2T7dt+B6SXG/xWV4
bxElwK2k8E5ATy7O+8RVfB1zzq6HX3zKIcTuW8Cj2FcxUpZlXrhM9+3QByi+gU6zfxbN5+tZHgQo
haCnjLllIzyTbv/o+M3Bh7NLOxTuYfyWQ7XPO5OEBKKyQIGfWjFNU4hc7v7f+T9QR55FBh7fxR+6
9tgNmjOjoKH9kR3ezqNbAx2U3/ZpuMzpku2zcLmtabTjJ/BgLnQGgg5JxHF+OSgB1CxORQRlEs2O
4CDkcsVSRgotESjYSLZiJArBlzIIecRBo+JhfMQLHT/Hl2U8PJav5obIaxYF8OQCGdR5pnTBmiTC
zbkUWRJ+pCBZR3kieRFvQcDIHgRt7AEsjMcsQjYAxu/YTcmuLU8dTMlNFH6XESzJaUJQ1wEIi0fB
rBEhntsn5L5ZsZDk8RISPTBo2eiHktnEDgl58dOK7xricXUpjHMCLOTxSqCDBEaeDzM8V9zmUP0I
uuHHTPos4/rCb5w4jKz4gWBICZCzcN/CshNx0B/eSFd55kYwFOS5mBNiN8SgIo4fpXjGIUd24PvR
DcEBBmCKQ9bItUfJP9EZsQ33yiKzTfjJg/zRY+6j8hkCuAgOGgIWA6Ugt/maSFVie+nS5W0F7Iuf
PFBIFIJeqeuShKVC/ahWPIGLBIymecKHOR7kOGcIGpTDfsupj2pbetfQ9pr6OSN7slOIQS+Ru+gR
BhNDZzdA7Xj41YRgKIC+3+XBHLQCXnWQrkMHj0IDwydX4Ect3uADaIu7diEpNlslUC/lYD1onjYJ
ryeIDAowHpoED0YCQTBbcN1AqEZakIfgQdhEMJ9x84JM4GVJdOuBhzFQA4jEPTcswaFuJaDTBT+0
EtqgTzaJl30H6ssS/pg4w5K7TO1hsgcy5DBuLK4WLoYhJZ1wVnVfpdw5kjzEN+rQA0HvMTcC/yJ4
2iJQaMrPJPCWKxjM+NZwUx180nFQI0mSx5mgCoWhYgLAJuXixoVByc+LcsWAoNeR5wLszQjQR9Dn
IlA0eFdLcTRobIhGpadBKuAb7WJQvvWjOXgPpl8i6DAOAi/DsR2wJZ2vM9A4mQlVd7hyRa7kj1+i
1W48rnnuUTBobwzBqHCylEu48AAiRCSGr70imwVUh0WXwsnBWjkOU7KMwFARDlP0CuxoyWEaHNqE
dFAK6J2HYHFm03+9BFjP3Icf8+3z8KdZFHMIMnyWkCS7lED4wOwJca8AhL0WqMyO1ZPAeBD4iY8K
iS/9bgcI+bjgkDBiECeH5BNC8iHsljk5D76RgCxGJCarsjW7daB2SCuJROC6uDyekMuT0xk5Oz0/
vSQH0+nZ6fGMTI/fE6gQfzx+3yTQiFxeQKtj8tPJxdkxmb6/ODyezVr1EKDpw+oPpDqmLPEinpAx
EKcooLNiPCRzbZTB1gTdQ0ng8tjCmxi4bCnCLGcFhSPICQEavAnl/ZazCSeDyg8TYIjNZGecs2AC
obcK5CIj8T4uMIdgnucPtO62Rl+QxTiYLWYOlgNCswhX2FU8W8oA7sXitBK125Gypi83Q5KSd6Xk
S5rMYWQYTuT7oirlAWizdvlQQzjyKSKfgtgd0DDnxYeKBAqzHHzwZbPICXUnLNxQpNfFAngJeYNq
CLbIhYj5wuGheohy3y2xeJBEbkJS4U8F45jDB0EHnY6UFXp7w4PFnSTJXUdwKGVbJFFQJFvxtGxh
qK6pWhilkZa84xtkg0tp3jErCkY0WRLxg8YKR3bzIBbVlSjhiLxh4I3CXkfYSD7AsXOYhQRwBWke
BjvdoGBI2pD4oIdrPIs6zRkGhmwFVlsW1SYGLeytQtUsDClqBFlUtgQabPpNPeGcx1nl4VVaYD+k
MVK9IA8gx0J6xSPMxVwBDUnEDEmgqPSK40Wqko+Yuz4GxXYsEfEODayCc0i6vdJiR5G4VfdprI0w
6gn+onExhAQv2VCVjFcOhgMzP1bKdgRQeK0C5SNqD9CJAkNwiSnOSYh4RkhYSQePSX3KibDsGRtX
1S4qEM8eK/jez+o+P7TDkGVosIlMEVCarSJflJhzmsGMFitxDjnFc5CJTDI8tomZj7wrUsuclcWm
SG8vVCsVtzCsJusMmTeJYSoG5MbjHRtZAUamAB61qzqWT12xhHSF5DiX4YU+PgxECatFTqAWBF/a
58UdOZx+aMKzgGEO4+vGc8Htea0gomfJ3+D8J2RQlN1VRZ5y7ShtW+TAhUC1ov6ijceU8GmCy8CH
ZVfQKcEVE3QwZSBWaU9hpk5Fjm8xqmGJSf0WQRAfpuG0KLarCSDOJRDUDaRNfDCPw9iQ17XZzbkc
dan3lZX2xLK8MGOKCU+WTFC2C/dQUmtvbImHXrbIVD7jUzy2B2fQciYqfYH3uEjoEkUAm4Da0tjn
FQtOLwMAj4OdJminQ9/DlRM+X8Zzd1makfPLDxxpCiKh2PM844fjc1NW3YnJRauINUGWG/jUhKNF
L3fZPF9OignLD8TEiYos11YwVPl9IqenqZhQoyeHaSQSl/QGE5mJ4CS4Ha4imMCiBxbzFFbMRHkE
w/PESUqvi0iJ6yPFehHeU6awAIwvyImCRa5HfIm8UEyG+ZLRd+TTPLpFr0/I6RHZ+/Th9OglyAwu
Dxig/Q2E+zgRb8WBY+D8JYHJS6uqAMETIt6EKzsET//0+qzgL+c2CuU73hkuI/GkCdUHTnJ5Guay
RcXqiEwhyjLPYsG7hXveYm3c5p5bSUuhTIHgxmhWhE0QX5xfXMwC+AxSAgW3gaKTV2Rh5OCJn/xZ
8JpzugaPwZlkEF0Xk3LMaDIN8FBsFPdEl2kVAIvVMHWB5JKvcAh3Fz8ZJmzB20rfzlO50uLAQM5E
qJPPGOKZCYmhRrr2fOxGhHEZomQvmIfwZxaKeUKIj/n1dNgsWmkLahsXpYSRD4IoxxG8EPlGDmhU
pTQx5leMUHw5AtwQP/MECQ+/5+lSeZgLHjIx/Z0zwWyO3+yHz7i8yTPcqvB37uJ81VNLvEJ87KgU
H+IQoXWosTjdHHpjkNM2oexshkkT4AT+UQw7AFs8jH9LNF0+lnFxwMhj8F+WKrGRHxfKO+KLvOrQ
POKdzfH1J/FrHahPlqCliTgSmkjpiFxMKRI4f0YTHfgZxCIvyBKmYWmlnmrBptRQ666KZGi6oR6f
p0GYhEmMsE0cxblfOKO8wEzG28iA2OXhkBf4RiyDGOYSjEuQ7GTpzJdyxRLVRCZxXFHj00ZBFjlQ
2guPyC3XOpRBjv5u4K/E1EjlcNPJ8QqqzUWkWARGmSH2SsqWqwgtw6G08H3WlhdxxBDI1gFOe2CA
ZLiC6KQVdJzLyfukus9F4EGMLpcJTKDFYplcWRMLCPiLI1d1+Tg+GMEXRxd4RLwhQ77IfBgUbpio
rSn/TRjsMeXAKwE4raUsZ0OiLTUvXFMY545SwaDivnQmyPF4qjnPVGqJyOmRqjqoukP0E2Xlqgnx
MV7RJsGvevH0nJVVGITeBUug0jYwAoWY/sTdIluJXEG1lTC5J6Wk1xwqTsjkPIoVwUIy5JYX94s+
7lhayKqaOvOCKlbL/ItMsT2OBAzNaFkMmNghX+KTDxXLua2qA3lH7aHQ5v0ZXoZtYV0xKpSVE8kD
2GdSn8UayUoSecTASY6sm2XEwCVnmJq4vHD0FiUjmH2AIGJ/ASNQsXAgYhzwkyGyyGzU92gqZyVQ
SNIg9osrLHkAo7TVpDCauAd+iytYE/ILr1Ugfzb5ktavyFR8eblMk+q+BxcD68bEc+WiQbEtxVcD
NmUsntB5hk55fcwnm/iNCcAq060KX/TLMYiPBLexMCuI7FX1OCFvzg4uJ9b3w2Z/fGs2u7fdpvW9
+b2L9RAf53u4K+5gcN0fdUQoFle9/ktR5IktBnWuLkY45hbQsVxK46UHXwsDqzlrIn4KI0+KoFxM
UJJyc4JHHOADqcrhmz9poTCj2NjA3/MSPvOGhxreFW+vMcl5paD8co2kGLy0VGq+iP8KEmG3EPhS
ObdzrnB2kPJ5DGhk7kFdvhY1HG+H8gIUmHmINCLGjJCS84diJCljdaPZYLcZC9PiGziHUCGov+Tg
8i9TVte+N7/lO3glBX87KU01UuzoTNLfACTrar8QIc7DL6/njjz2v6Tg5lXo0kSjJes4i/h3Mbr8
y+GO/Cm3qkWeaFAgxeM7IZ1O1zStsfyZNUxXaiOg8bOBFUqm/Z7F0tWuAu3mCnKaJi2Uei7ujCs0
/A0LTY04SNy5lATfAQjmYjNPbRWsQXP8lzTkJ1Lemk3PdI2HmX/nUU+lTI8utCfc6DNvVCcKY2lP
rnQrVOnvM69u1F/H6PD7KR5Bo2iEP5BqPKrfisB3ukz8IZRmA+Y9OY9py1wosGD5ni3kYo/GdxVE
milm+Cty7NO5phtvKX7EQ3aFLzxl0RULobDSxKr5NVwiwjttbvCLmxpxTfmTlvxO6lcvFm/djHlf
P2MNdjHlqz3VU3/88f94ac8B
===END CRASH DUMP===
