PocketMine-MP Crash Dump Thu Oct 14 12:05:25 UTC 2021

Error: str_replace(): Argument #2 ($replace) must be of type array|string, int given
File: plugins/ClearLag/src/twisted/autoclearlagg/AutoClearLagg
Line: 121
Type: TypeError

THIS CRASH WAS CAUSED BY A PLUGIN
BAD PLUGIN: AutoClearLagg v3.1.0

Code:
[112]                         }
[113]                     }
[114]                 }
[115]                if($this->messages[self::LANG_ENTITIES_CLEARED] !== ""){
[116]                     $this->getServer()->broadcastMessage(str_replace("{COUNT}", $entitiesCleared, $this->messages[self::LANG_ENTITIES_CLEARED]));
[117]                 }
[118] 
[119]                 $this->seconds = $this->interval;
[120]             }else if(in_array($this->seconds, $this->broadcastTimes) && $this->messages[self::LANG_TIME_LEFT] !== ""){
[121]                 $this->getServer()->broadcastMessage(str_replace("{SECONDS}", $this->seconds, $this->messages[self::LANG_TIME_LEFT]));
[122]             }
[123]         }), 50);
[124]     }
[125] }

Backtrace:
#0 plugins/ClearLag/src/twisted/autoclearlagg/AutoClearLagg(121): str_replace(string[9] {SECONDS}, integer 60, string[40] ..cServer d...n r..c sau {SECONDS} gi..y)
#1 pmsrc/src/pocketmine/scheduler/ClosureTask(61): twisted\autoclearlagg\AutoClearLagg->twisted\autoclearlagg\{closure}(integer 236951)
#2 pmsrc/src/pocketmine/scheduler/TaskHandler(137): pocketmine\scheduler\ClosureTask->onRun(integer 236951)
#3 pmsrc/src/pocketmine/scheduler/TaskScheduler(179): pocketmine\scheduler\TaskHandler->run(integer 236951)
#4 pmsrc/src/pocketmine/plugin/PluginManager(654): pocketmine\scheduler\TaskScheduler->mainThreadHeartbeat(integer 236951)
#5 pmsrc/src/pocketmine/Server(2389): pocketmine\plugin\PluginManager->tickSchedulers(integer 236951)
#6 pmsrc/src/pocketmine/Server(2152): pocketmine\Server->tick()
#7 pmsrc/src/pocketmine/Server(1992): pocketmine\Server->tickProcessor()
#8 pmsrc/src/pocketmine/Server(1586): pocketmine\Server->start()
#9 pmsrc/src/pocketmine/PocketMine(314): pocketmine\Server->__construct(object BaseClassLoader, object pocketmine\utils\MainLogger, string[16] /home/container/, string[24] /home/container/plugins/)
#10 pmsrc/src/pocketmine/PocketMine(344): pocketmine\server()
#11 pmsrc(11): require(string[71] phar:///home/container/PocketMine-MP.phar/src/pocketmine/PocketMine.php)

PocketMine-MP version: 3.24.0 [Protocol 465]
Git commit: b54854529f8a1366e156f8ec32e02635ec670e95
uname -a: Linux 70ad3400-c5fa-46ad-84f2-694f522c3898 4.15.0-159-generic #167-Ubuntu SMP Tue Sep 21 08:55:05 UTC 2021 x86_64
PHP Version: 8.0.11
Zend version: 4.0.11
OS : Linux, linux
Composer libraries: 
- adhocore/json-comment 1.1.2@fc2f76979f0a44a5f5bc2a2b600d0762fe0e78e7
- daverandom/callback-validator unknown@unknown
- pocketmine/binaryutils 0.1.13@0abee38d4e2861621f262c79a2a3d699d8a697f4
- pocketmine/callback-validator 1.0.3@64787469766bcaa7e5885242e85c23c25e8c55a2
- pocketmine/classloader 0.1.2@9757928424652393b178a3760073113aa7c9911b
- pocketmine/log 0.2.1@830b44a2cf96ef703c550abe64302f230231ca49
- pocketmine/log-pthreads 0.1.3@e477ecf6ec214fdd4415ea1da3fdd9d73bf699ea
- pocketmine/math 0.2.6@43057cb8c179a9859677b496a788db922fd5cfc3
- pocketmine/nbt 0.2.18@9f82ca4d7f97fcd9a566e44b63c4f18a7657ae82
- pocketmine/pocketmine-mp 3.24.0@b54854529f8a1366e156f8ec32e02635ec670e95
- pocketmine/raklib 0.12.11@9cce458b8bfde3e4dfdbf70c659fc7b7fe26b5c4
- pocketmine/snooze 0.1.5@70b5e7937a06878dd321a3182ceb76d56298f2cd
- pocketmine/spl 0.4.2@6b08b7cf8c4afa17139c9a1b3bf1b408531de161

Loaded plugins:
AlwaysSpawn 2.2.4 by Philip Shilling for API(s) 3.0.0
AntiToolBox 0.1 by NgLamVN for API(s) 3.0.0
AutoClearLagg 3.1.0 by Twisted for API(s) 3.0.0
AutoFly 1 by PIG for API(s) 3.0.0
AutoInv 0.0.10 by JackNoordhuis for API(s) 3.0.0
AutoSellUI 3.0.0 by LetTIHL for API(s) 3.8.2
AutoXP 1.1.0 by JackMD for API(s) 3.0.0
BuilderTools 1.2.0 by CzechPMDevs, VixikHD for API(s) 3.16.0
BuonLau 2.0.3 by PIG for API(s) 3.0.0
BurgerSellWands 1.0.1 by Heisenburger69 for API(s) 3.0.0
CoinAPI 2.0.9 by onebone | Edit By SenKai Official for API(s) 3.0.0
Crossbow 1 by SonsaYT for API(s) 3.0.5
CuongHoa 2.0.3 by PIG for API(s) 3.0.0
CustomAlerts 2.1 by EvolSoft for API(s) 3.0.0
CustomItem 1.0.0 by Phuongaz for API(s) 3.0.0
DEVirion 1.2.7 by poggit, SOFe for API(s) 3.0.0
DanhGia 2 by PIG for API(s) 3.0.0
Detu 4.0.0 BETA 2.0.9 by CLADevs || GreenJajot for API(s) 3.0.0
DevTools 1.14.2 by PocketMine Team for API(s) 3.13.0
EconomyAPI 5.7.2 by onebone for API(s) 3.0.0
EnchantUIVH 0.6 by UnknownOre for API(s) 3.0.0
EnchantVIPUI 0.6 by UnknownOreforsource|RBpmmpformod for API(s) 3.0.0
Fly 1 by PIG for API(s) 3.0.0, 3.2.3, 3.1.0, 3.2.0, 4.0.0
FormAPI 1.3.0 by jojoe77777 for API(s) 3.2.0
FormImagesFix 0.0.1 by  for API(s) 3.11.4
InvCrashFix 0.0.1 by  for API(s) 3.14.0
InvSee 1.0.0 by BlockHorizons for API(s) 3.0.0
JoinMenu 1 by PIG for API(s) 3.0.0
KeepInventory 1.0 by KhoaGamingPro for API(s) 3.0.0
KitUI 1.3.6 by Infernus101 for API(s) 3.4.0
LoadAllWorlds 1.1.2 by  for API(s) 3.12.0
LpkCuaHangUI 0.0.5 by phuongaz | Moded by LamPocketVN for API(s) 3.9.0
MSpawns 2.2 by EvolSoft for API(s) 3.0.0
MaxEnchants 1.2.1 by Xenophilicy for API(s) 3.0.0
MenuUIVHPIG 1.0.0 by PIG for API(s) 3.0.0
MuaDetuUI 3 by VanLXYTB for API(s) 3.0.0
MuaSsp 2 by NoobPvP2k3 And Shin1134 for API(s) 3.0.0
MultiWorld 1.6.0-beta4 by CzechPMDevs, VixikCZ, fuyutsuki, kaliiks for API(s) 3.20.0
MysteryCrate 9.2.0 by JackMD, DaPigGuy for API(s) 3.9.0
OreGenerator 2.0.0 by vividmemory, LetTIHL for API(s) 3.0.0
PHP-Sell 1.2.7 by Muqsit for API(s) 3.0.0-ALPHA9, 3.0.0-ALPHA10, 3.0.0-ALPHA11, 3.0.0-ALPHA12, 3.0.0
PickaxeLevelUI 2.0.0 by LetTIHL for API(s) 3.0.0
PiggyCustomEnchants 2.4.3 by DaPigGuy for API(s) 3.19.0
PiggyFactions 1.2.0 by DaPigGuy for API(s) 3.13.0
PureEntitiesX 0.7.0 by milk0417, RevivalPMMP for API(s) 3.19.0
PurePerms 1.4.2-c2a by 64FF00 & ProjectInfinity for API(s) 3.0.0
RedSkyBlockUI 3.1.1 by RedCraftPE for API(s) 3.0.0
SETVIP 2.3 by MCPEVN TEAM for API(s) 3.0.0
ScoreHud 5.2.0 by JackMD for API(s) 3.0.0
SellCommand 1.2.7 by Muqsit for API(s) 3.0.0-ALPHA9, 3.0.0-ALPHA10, 3.0.0-ALPHA11, 3.0.0-ALPHA12, 3.0.0
SellExp 3.0.0 by EzMinh, LetTIHL for API(s) 3.0.0
ShopKeyUI 1 by VbeeMC for API(s) 3.0.0, 4.0.0
SizePlayer 1.0.3 by  for API(s) 3.0.0
SpiderUI 1.0.0 by MCCreeperYT for API(s) 3.0.0, 4.0.0
TableSpoon 1.0.0 by CortexPE, Xenophilicy, HyperFlareMC for API(s) 3.0.0
TempBanUI 2.3 by SonsaYT for API(s) 3.0.0, 4.0.0
ToCao 2.0.3 by PIG for API(s) 3.0.0, 3.2.0
UIShop 3.5.4 by SaltyPixelDevz for API(s) 3.0.0
WorldProtect 2.3.8 by aliuly for API(s) 3.0.0
capdao 1.0.0 by Nguyễn Công Danh (NCD) for API(s) 3.0.0
cayphattai 1.1.1 by PIG for API(s) 3.0.0
iProtector 3.1.1 by LDX for API(s) 3.0.0
tichluy 1.0.0 by LetTIHL for API(s) 3.0.0

----------------------REPORT THE DATA BELOW THIS LINE-----------------------

===BEGIN CRASH DUMP===
eNrtPYly20aWv9JLT02kLYIiwJsppSxTtKWJZHFN2vHsIKVqAA0SFq7gkEQn/vd9r7sBoiHqNDO7
tRVPZUw8NF6/q9/VQPv3hhslAc0ur1mSelHYGHebjcwLWGOs9ztdQ+/oRq/VGRr9TrORx/KOPuyO
WsNe1+ga7WG/qzcbPk2zaZJESWP8eyNbxzCqsYC/BKzZCFia0iVC0yy5TFjsU5vt7Y/JUbLMAxZm
5JVB9v4mb+yTIE8zYjESuQSxEZokdP0HPOuFyybxYPzSu2YhYHZz33/r+Yj6YBUF7MCOwox6IUsO
Yj9femF6MPEZTc7o8iBN7IPsxksz5hzQPItsvOHT5fLgCK6KYctWvIoRs8D6UiyAwQcyQFwGCChL
gK/G+F+NV23yUox7gAlEVpWgkMi/Rr+S3+fTycX74/k3Lh62ZAnpt5tEDui2fyWtlj1nCSiaOK1W
KyQJAEhK882jINRWa70PlL/SSRwgWfhfHNlXLAuAmYPUXjEn90G4Ez9K84QtaHq110eyJAOmqXBg
mgoL2k/3DfvdFgi/7RXkG53+qKdzaozHqEEyTmjowO89vTMAcjbDTLMcZ5oVsrWfovBDHm6br/OU
+ebF1Z4+GN0/Y4U07adk+3zd7fMJQzmY8b/OaQgrKNnr97oPT1bSpf0UwEJYrBJGnRMQdGYxmm2b
vrd9emEte0ZnWGdPEGaaCmWgW8/ezJ5um6n/8Ex6z6jNJO4I1HscxeBBFPpo9BCKWRLZ4IqiROAa
PoyrN+zfgyvNQJwCx2g7jhn/eQ4/9zp69x40l5fgrWCJ5na2F1lfmJ2RNzRlE3Cn6VlEHZY0iYRX
H88zz09N8xy0exYtlzhKrnO9/yupu8HyptG9e7PwRWLRtx/npXvH+oSwBALpNvZ09AgJ+y33ktJJ
DfRfSbyiyfjgoE7FZgLtfNbCQfeTgN55v/Hrt2aD/e8EnN2FBeBBoLn0wuvIv2ZIGOB2QGp21iju
AqSOwo4chpzrugF3yT1/vsFIXe/cM0Lc7W65K+707t7x3L2/ZSsvBc8i5Jv+K2W+Ox6fHb1/dzl9
vzhdnE7nl5Oz6dGH6fGv5D8OD4nZMBv7v3OM/XsokTiXLJMrb1/7yUrA/m1IK87FTHtVPZqN3ycX
H98vvpmNJvkbCM3LPJZyATGnSZ5D4/7+j5y2wb1yGMId/mO0ZYicKmVgzE5KDgsA+r7kmvocudGu
PfmN+SlDaYLquaXtqXhKFkopLCDzSvfJ3//+EHOL0/Pp5dn07aIueUO/n/RnSb3IFLjct5P8MGFS
3EbdbLmojaqpfttvkl5bDi+sVAxDy/zW+PZXVvVXVvVXVvVXVvVXVrWzrKrZWDJ4lPqYXIQUq/2G
ggbosUCWm35Bo9Myuq02wnPPdxpjo61Dveullw67boxdCpEOEpkkAr8UAdpuvweTeJjmWL3usNft
GSN3SPVOv8/0Xt8dMrtjsLbR7/SY3R+02agHuHNJy5kX5rdk0KZOp9tua3bPpVq3Tx1t2HUNrT/q
uj3DsGFpDUm3pfdabU3vjTTOk2eTV3p/oH208jDLyfx8RhY5I3MWE0Mn7eG41xu3e+TjYkKMNkBu
h/3LfheTsFUMMw9b7Zauw+VXFgKXjW5xDbcvo7SgDQD8wpcXdhTEESjz0veshCaQpaBkqbMCaSTs
4EsahRqMkYmf3tJbxmvXNtxBfzQYuW3a7dKe27NsgxpWv9122oO+4bI2GwzZANA7FBQBbjAKDmzq
+xa1rzTIOjyHZpgag9yuwugmfC3/RnI32re8kCZrbvYwFNhp6Z3XbWox1hk6XWYM+3rf0F2jb9iD
ETVox+mPRs6QAmluV0W1dXIdRNR53e8OhoMuPNPvWzalA9YbDntG12DDnm10bKPHhnavR40aQlys
Pl+skjbj9WjQG4yMYdcAGzI6o46lD4a0MwCxDDqQ5gJuezTSdUvF5EdLjsFo6a+HnbYFEjVsd9Rn
7qDdgZmR4X630zZcA/6vo9u0O7qDQYsz7vALQXVes+5gwGy3z2xD77qO0+3qPUZ1h3bgYuQMOpYL
0mJURRXQbCWp6b+GSXsD2xraEOnoaNgb9QcDqzvq08Fw6Fgjw3Cdnu3aHRVFaGUFP8PXsHQMINgZ
uKAT2xnRHiyjbtfqd+yuqw/poN8bUDasCXfzUwvicgm/fsZ6rCBL6BXYtpAL0KS/Htk26/aG1tBy
HdZhXcd1LJC13e+NXHtgDVxm9K2eXbOgNIyir0yKt/d60LZ6bDDqDGi7PxwMHadj6LSjA7fMGvSd
Xt8YDV3DdmpIYp9j6IK19K320BrY7tDuUpfqA70zskdUt0AxutVtD3sd3WF6X298K8swvjaP/Bu6
TucxheWycYJVaLOx8X4G6AE5gbxrFSUp5qKzled7MZnDX+AFluhUaezhnQ4siDZes5BaPgM3AkEK
vKPDYnAq+DDcSyM3O64CMN3AgpOjTSVWyPQ4RSlSZJoirGFtCT9g8Hxx9GHxEb31DbNSL0MWMGE+
glJpEUX+m+i2ylwFWmUOVKGy9n55RoNP73fFkkQH2eyGgLu8zC7mi18uPpwdK9xACFnlVgt850FB
FfKn1MkVDmv1czV86Tx6VbhciGR6V1w+KYV/jN1VlsUpxPgK25LMo3Tt58H5pNZmkMJ4669rYkBI
VQA1Fc9O3+2KcTmbSKkeY7Ag+DS8rhGMENUqwS5rKvsHxJ73UZQ4q9xLd0X/F0AaFkiF+rzwWihO
EPUkjubM9z+e1piSQNUS23VLPGPZ4vTkTGFo2DJeypBE9zyFfJ7VSP88U+3n7gJCbZwf70oNApsQ
++fZ04jfslwEmgPJATD3BvNVlqDfSSssKmCVUaPO6OQrs1ez82N2jUM/ebfe1YnKt95/OeM2Yo8D
yKPB+ixBVoZkmWaNyOfKokL3gYKKiyUKz2iuSERA1LgHud2f5jnePMNG3+QJ1Gq4nn6hHE+FbvWO
qsw7we2EeSkLLf5Qf/QsVhpTqLqiYH00O208wJY6A2pRIfDpPE/AEeFcG14LSF1HI5XHKGQW/Ef+
IFPHg7J4DfVP+DP1yIXrerYHdd+ONCgnMk0bCAOEprmh8HH2kihNreimyl8BeiB0zaHqp/9c1Fjo
vZQFiQ4ol3M/Qz+wYpYnEa0yUID+fatocvIcitMsCo588DCpQnUFrFJeE/70OvLnQMjOiK/MDCpQ
6Xggyy283c3NTYsBTYi/lV1teDzNWHCHQw6s+4d2Pa9HFdKvu+UQZ366mo6nn7yEU1gyUILqsWqg
kh9HS2y7NBvzi7dsZ0UJR2qa15wE04RYJX9VyHqkJjmm4eqdV10rBUQxuD9tmXyyGPgpOeczVMGy
apDkl1WCsUHUJm+miyOyxRFPzo4w+pI//iDvEsbCf9Av0e7WjkAOvHghV8bTebqup0MlqJbzQYld
00jZJiQLRgM1C+q8nJmCAFDRhpQnOIBKurMh7aDEAdxWgvaG3wqwynGvNagzLEPcziMmExTwoKlQ
86j6pqG9omH28fTTSZWjClSto/oqQx9Fk/Ai2RlPG4zASkHG081RPvLpdKbUTwr4iRy5AInyxGZ/
fHgTB0GMr71Fzu751EtGP3nxc3hVC/UXFOlNbOPxbKJoaXRkwdL9HtaeVcC/Bamqy6mAqN6jU4+t
X6IvERvgH4Uv4zuK9xKjaUoiyh9PZeU0wI3st95tjaEN/E5fQmFLcYF6q/tSXoL8txSjLBqtx+d2
vduna+U0vJ4kNF2pjFShz2Cj+3KVFGx44bWNM3Mmntbtk2zMGVM5QMAjadsbH7z/SZR4XyGf31mB
WkVqmoKS5zDzD6iGzllYzSBK0L+nO/flGWnnz4zFwCMLsyipuikVXlOESvnPq4i+o4EXLmdJtCse
FKSmqZDzDO68TIkv4rrusWqh5TR0WRLmqd7WFW6+Y31UUAIv3rNCJVreke//EiW+0gNR4fW+nXH/
Ov8O13sVhaARG9Is00TCqe/f8PmfwU58NcnpCQ2XimYUcN1p9Wr1jizXyB/kPHKYQ6w1OaOByAVr
exijx/o7m8CxaWMoudnMWy7XoqKT8T9tPLiZI4jDylby83ThnPNtqKqWC0htZ+rPrdDlpEB3OfvL
6vJzelvKrMJTBVovbWte8TMLI749Zq93xVwFJSqmJEW5eJKywKNj6o2eu8JcBfpY22F3Lj+AWZ9h
ZjnFolZZgBuYsnOhUvyJhmef/7l4s7MCHUpzjhBoF/M/i4l5GqscIOCB1sL7KLJm1zPjqkOOQgf3
cUNd73R3tmw4Ac/hwM887r8VLkqgaj79VluzWEa7j25UTP6bfz2zzrM0v/Lg9xX1Pe9KTZGM9o62
LwIkmEcBVGKF+O/ZuqggQkGt04wla0hqs2qWqICrwhrd3c+RG1fYkwKH/i5fPytKPGEPq0rM9+5k
KYwB/1B9vuMvb2XirXjJvwKuN59r/F97154TsADSpybZtvn4HeZQpcM05U/2lBUwO5lpuElSfSet
AD3S9DznJUedBe3obHZyNOIlcnmpt2vXeu3aKK5fvKEABOM7q09f+zPPvqK37IxdM3ULuXbjEbXu
WJOxmPw5bNxNjqq83L2rMtStb5JsXZ76d6zPAqFpbqFmK/AF67aY5GALuoNSTm+pnXlReEdCJfyR
Pentsnl2A1ZNb7mnlZB7st1m4+TDz5MV5VsM+HLjSc77a9slXHBTu/xuqZaIUJx5wqby25DPVXEq
cLWMGNTFGXj+Vburo1/5wMA/Un92fj7bmeElAie2JE0zznErQBAGgqmQ+eyWd4XWA5VfKZgZS4K0
JhQBU+2r2zI026CqUPrdt2/bbfJ3AmU3vkcNlasXetnOsu9LMYGQAaeq8vMFNsKfle9kb/B8Q5U6
86s17+Yo/lWF198Xq5UfMBiCsJvNprvif4PRNCukmGbx6yledz5dfDqtvrwjAapvrXnW88ls+uk9
WUyPzneW8HKU+Ho+9sSfRHnhPiq0FyB1U8b497x6VMy++fUkNiDeT6IgoKHCSQX6/zt7wSemt3GN
d4Q88trb9Ou5F652noEKtKY5/Tybr6JnlGA4+me2VjzEBvZAuxa3ls8nW7ZqHt+S2dpyUlL+h/qi
bI30PaepNPe+gouka1atHSrAepeic2/r8HtsDOc7w/lgpZW/n0R+7DksUTVUgB5psJxPJhB2Y5bc
eXXouzfPChKeroYFTjKPI+UVjwrwEV4mUZKxWwhETaUpBrnZGhh869Nkmz3uoke2obH6+/G3PxYs
iN/QUNHcBvZgrNr+vtf3K61476sk4xnqiyY0qnLCr1/wylfz+3Y/+byQM52+ezrtH0/RZ1SIlwDV
WffqnzvMqZ+tZ94t84/Z9dc/47VJQcfTGeEdIchMM/yIfsOOAq4ZVmuoMkV9L/d3ls4KbKbJ+1+x
oKDOzhPz+vPcS1yP+U71I57ic8MM/NhBQDFGHCjcglBsGjuKaUrAIw7l/RJKtlxndi8kEzNvt91u
uCT4shTZez853t/dpyD5moWTKFwibtPknY3T1BdZ0qMqt+k6htIzo57CYQmsb3z9eduqdpw93VI9
qSClYVcBPlJ4nB1/3hXZgMo0NzO/uDcJeDRM+A8qXOCH+p698vPq1nEBecT+dpwCylmfqiH8Mowm
QDCsKE5Oa8tHtfCMpoWRduN9pYnDrxwvRdo0GqYe92z8a94WLH2IwryeHzdezcorAnbvekuCR4uY
4avzKCQXdkZ0neidcdsY9zrlZ6lmKHBpMUT6Q32kdzolyIsPcR8U/meGQZQ5hwqtRHwebYY3K2BP
8700O4xc1wxpGEZ5aKMbwWxLo/bKY+IskvQQwnnIvzHTpN8CTR0ifnorx6eHBlwvKbaNHYb33CgB
bCWETwJycrB0ElfxdcwxOx6+dp5DADk0AEfRHtZSlmVeuEwPzdBHR6Ch0RyeRZa1nudBgFwIeMqY
Uw7Cg1sOj6dvjz6eLcxQmIf2Ww4JM59MAhKIOYIK/NWKaZqCX3YO/5P/AXHkWaSl9Jrxh649doPq
zChI6HBohrdWdKuhgfLb4J+WOV2yQxYun6oa5ZPF1jrATxZfETRIYnM7yEEIIGZuDgSESRQ9goGQ
xYqljBRSIpDVkWzFSBSCLWXg8oiNSuUH2nih7ee4/Q3o75gh4ppHgTj25i7OlLqsSSK4k6SIklgJ
o1dkHeWJxEU8l4CSPQhJOANoGE+ugVgHiN+zmxLdgcNcCnpOyU0U/pARGseMJgRlHQCz+PnwGinE
I0QE3zcrFpI8XibUAQQtE+1QIhubISGvflkxJIxkEcwSOgRQyE/yQQYJrDwfiiRH3Oak+hFMA6zC
L5ZxeeHbyjYjK36OBEICxCzMt9DsmPBP2PFGusozJ4KlII84GROzIc/+wGM2mGM2OGVHvh/dEFxg
QExxLgm59ij5LzRGHMOtsojbY4IejD865TYqnyFAF8FFQ0BjIBTEZq2JFCWOlyZd3q4Q++oXDwQS
hSBX6jgkYakQP4oVz2wgAaN4Zgc/CwmEbjEkGoTDfsupj2LjBx6Ra+rnjOzJScEH7SN2MSMsJobG
roHY8cCEMUFXAHO/zwMLpAJWdZSuQxvPzwDFJ1dgRy0+4CNIi5t2wSkOWyWQDeagPRieNgnPloh0
CrAemgQ/pgdGMFpw2YCrRliQh2BBOEQgn3P1Ak9gZUl064GFMRADsMQtNyyJQ9lKgk5dtFUcgzbZ
JF72A4gvS/hjDkPPx02m9jDZAx5yWDcGFwtnQ5Ocjjmquq1SbhxJHuI7MmiBIPeYK4F/4ZW2CKTR
8jcJvOUKFjO+LNesLj5pOCiRJMnjTECFwFAwAdAm+eLKhUXJzxhwxIKg15HnANnbKUAbQZuLQNBg
Xa2KocFgTQwqLQ1CAd8vFIvynR9ZYD0YfomAwzoIvAzXdsCW1FpnIHEyF6Juc+GKWMkfX6DWbjwu
eW5RsGhvNIGoMLKUc+h6QCJ4JIZveyEaF3LfYkph5KCtHJcpWUagqAiXKVoFTrTkZGqctDFpIxcw
O3fB4jv///McYD7zEP0Yb7+P/jSLYk6CdJ8lSRJdSsB9YPQEv1cQhLMWVOltoysJ407gF74qJH3p
DzugkK8LThJ6DGLnEHxCCD6E3TI75843EiSLFYnBqhzNbm3IHdINR8JxXSymY7I4OZ2Ts9Pz0wU5
ms3OTqdzMpt+IJAh/jz90CQwiCwuYNSU/HJycTYlsw8Xk+l83qq7AEUeRq8vxTFjiRfxgIyOOEUG
7RXjLplLo3S2OhGHa3Hfwodo2PkTbpajgsQR+AQHDdaE/N5nbMLIIPPDABjiMDkZxyyQgOvdOHIR
kfgcFxhDMM7zB1p3R6MtyGQc1BYzG9MBIVkkV+hVPFvyAObF4nTDaqcteU33t5MkOe9Izpc0sWBl
aHbk+yIr5Q5ou3T5UkNy5FNEPgW+O6BhzpOPKiWQmOVgg/vNIibUjbAwQxFeXRdwCX6DzRJskQvh
84XBQ/YQ5b5T0uJBELkJyYb+VCCOOfnAaL/dlrzCbG+5s7gTJLnpCAwlb24SBUWwFU/LEVrVNKsa
Rm6kJu/YBtliUop1zIuEEVWWRPxwisKQnTyIRXYlUjgib2h4o9DXMQ6SD3DaOZkFB3AFYR4WO90i
YAjaEPhghmswsjTNGTqGbAVaWxbZJjotnG1DVbNQpMgRZFLZEtTg0HvlhDWPvcrDq7SgfUJjhHpB
HkCMhfCakKJWQEUSUSEJKjZyxfUiRclXzF0bg2Q7lhTxCTXMgnMIut1SY8eRuFW3acyN0OsJ/GJw
sYQELjmwyhnPHDQbKj9W8nYMpPBcBdJHlB5QJxIMgSWmWJMQ8YzgcMMdPCblKQthOTMO3mS7KEA8
r6LA+zCqh+zQDEOWocLGMkRAaraKfJFiWjSDihYzcU5yikf5ERlkuG8TlY+8K0KLxcpkU4S3V1Ut
FbfQrSbrbMXPCNX0igK58vjEWlYQI0MA99qbPJaXrphCOoJzrGV4oo8PA1CS1SInkAuCLR3y5I5M
Zh+b8CzQYMH6uvEcMHueKwjvWeLXOP4x6Rdp9yYjT7l0KmNb5MgBR7WivnuAH4nzMsFhYMNyKpiU
YMcEDayyEDdhr4KsWopMb9GrYYpJ/RZBIj7OwlmRbG8KQKwlkKgbCJv4YB6HsSava9XNuVx1qfeV
lfrEtLxQY4oBT6ZMkLYL86iE1u7IEA/tt8hMPuNT/B4fK2hZiUpb4DO6CV0iC6ATEFsa+zxjwfIy
AOJxsdME9TTxPeyc8HoZz2pjaUbOFx85pSmwhGxbeUawPueq3EwniotW4WuCLNfwqTGnFq3cYVa+
HBcFy09Ex0JFpmsrWKr8PilO4BQFNVpymEYicElr0BGZcE4C22QVQQGLFljUKayoRLkHc2hGSUqv
C0+J/ZGiX4T3KiUsEMYbciJhkf2IL5EXimKYt4x+IJ+t6BatPiGnx2Tv88fT433gGUweaIDxN+Du
Y3w3BkIdGAbWLwkUL61NBgiWEPEhXNghWPrnN2cFflnbVCA/8MmwjcSDJmQfWOTyMMx5i4ruiAwh
lTaP6/Jp4Z7nrrXb3HM23FJIU8C5MZoVbhPYF2feFVUAryAloWA2kHTyjCyMbDwlij8LVnNO12Ax
WEkG0XVRlGNEk2GAu2KtuCemTDcOsOiGVRskC97hEOYuTvkXuuBjpW3nqey02LCQM+Hq5DOaeGZM
YsiRrj0fpxFuXLooOQvGIRouyzohxMf8ejhsFqOUhtrWppRQ8lEQ5biCXRFv5IJGUUoVY3xFD8Xb
EWCG+JsHSHj4Aw+XlYc54yET5a/FBDILvwqF39je5BFuVdg7N3He9VQCr2AfJyrZBz9EaJ3UWJyH
CbMxiGnbqGxvJ5MmgAnso1h2QGzxMP5dUtPhaxmbA1oeg/2ytOIb+RFTfCLe5K0uzWM+mYVvEKXc
AaE8WYKaJuIYQSK5I7KZUgRw/ozCOuDTiEFekSWUYelGPJuGTSmh1l0RSdd0Qz1ep4GbhCJG6CaO
4twvjFFeYCTjY6RD7HB3yBN8LZZODGMJ+iUIdjJ15q1c0aIayyCOHTVeNgqwiIFSX3isWtnrqCxy
tHcNT9yugcrlpoLjFWSbblTRCKwyTeyVlCNXEWqGk9LCl/9aXsQpBke2DrDsgQWSYQfRTjekYy0n
75PNfc4Cd2J0uUyggBbNMtlZEw0EPCj5qs4fpw9W8MXxBR4rqkmXLyIfOoUbJnJrCkvnhs+YcsI3
DHBYq9LOhkBbSl6YplDOHaGCQsV9aUwQ4/EkTB6pqikih0dV0UHWHaKdVDpXTfCP8Yo2CX76wMNz
VmZh4HpdlkCmraEHCjH8ibtFtBKxgiqdMLknVQmvOWScEMm5FyuchUTINS/uF3Pc0bTgtarqzAs2
vlrGX0SK43EloGtGzaLDxAl5i08+VLRzW5sJ5J3qDIU0H47w0m0L7YpVUemcSByAPpPyLHokKwnk
HgOLHJk3S4+BLWcoTRyeOHpuiQiqD2BE7C+gByoaB8LHAT7pIovIRn2PprIqgUSSBrFfXGHKAzRK
XY0LpYl7YLfYwRqTf/FcBeJnk7e0fkWk4nPEMkxW9z04G5g3Jp4jmwbFthTvBmyLWDyg8wid8vyY
F5v4xjTQKsNtlXwxL6dB/CS4jYVRQUSvzYxj8vbsaDE2fhw0e6Nbvdm57TSNH/UfHcyH+Drfwz1/
G53r4bAtXLG46vb2RZInthiqtbpY4RhbQMaylcZTD94LA63ZayKOT86TwikXBUpSbk5wjwN4+JHp
2G9JC4FpxcYG2ILIZl+95a6GT8XHK0hyninIfwmhAtF4alnJ+aKYl7fsFhxfKms7+wqrg5TXMSAR
y4O8fC1yOD4O+QVSoPIQYUSsGcElxw/JSFL66kazwW4zFqbFG/gTyBCqp/86/OOizbXvWbd8B6+E
gFGEaaqAYltFkv4GRLKOcqqwOEO1vLZseVRsCcHNq9ChiQJL1nEW8RfXO/xzT1v+UxibEXmikAIh
Ht94abc7um6M5D9ngeGqOghgGVMmcjPlDOSlo1wFys0VxDSFW0j1HNwZr8Dw3GNFjLhIHEtygu8A
BJbYzKuOCtYgOX76svxFylvz2Zkq8TDz7zzqVSGz4wvlCSe65IPqQKEs5cmVqoVN+Lvk2U31ROU2
v5/iyQsVifAHUgXH5nxhfPFLx8Ozmw2oe3Lu05a5EGCB8gNzZbNHwbsKIkUVcw/9zedzRTbeUhz8
LKfC17my6IqFkFgpbNXsGi6RwjtjbhKvZixryp805Ie6X71YvHUz4nP9N+ZgFzPe7dk89e3b/wBz
46Ty
===END CRASH DUMP===
