PocketMine-MP Crash Dump Tue Oct 19 09:48:20 +07 2021

Error: str_replace(): Argument #2 ($replace) must be of type array|string, int given
File: plugins/ClearLag/src/twisted/autoclearlagg/AutoClearLagg
Line: 121
Type: TypeError

THIS CRASH WAS CAUSED BY A PLUGIN
BAD PLUGIN: AutoClearLagg v3.1.0

Code:
[112]                         }
[113]                     }
[114]                 }
[115]                if($this->messages[self::LANG_ENTITIES_CLEARED] !== ""){
[116]                     $this->getServer()->broadcastMessage(str_replace("{COUNT}", $entitiesCleared, $this->messages[self::LANG_ENTITIES_CLEARED]));
[117]                 }
[118] 
[119]                 $this->seconds = $this->interval;
[120]             }else if(in_array($this->seconds, $this->broadcastTimes) && $this->messages[self::LANG_TIME_LEFT] !== ""){
[121]                 $this->getServer()->broadcastMessage(str_replace("{SECONDS}", $this->seconds, $this->messages[self::LANG_TIME_LEFT]));
[122]             }
[123]         }), 50);
[124]     }
[125] }

Backtrace:
#0 plugins/ClearLag/src/twisted/autoclearlagg/AutoClearLagg(121): str_replace(string[9] {SECONDS}, integer 60, string[40] ..cServer d...n r..c sau {SECONDS} gi..y)
#1 pmsrc/src/pocketmine/scheduler/ClosureTask(61): twisted\autoclearlagg\AutoClearLagg->twisted\autoclearlagg\{closure}(integer 11951)
#2 pmsrc/src/pocketmine/scheduler/TaskHandler(137): pocketmine\scheduler\ClosureTask->onRun(integer 11951)
#3 pmsrc/src/pocketmine/scheduler/TaskScheduler(179): pocketmine\scheduler\TaskHandler->run(integer 11951)
#4 pmsrc/src/pocketmine/plugin/PluginManager(654): pocketmine\scheduler\TaskScheduler->mainThreadHeartbeat(integer 11951)
#5 pmsrc/src/pocketmine/Server(2389): pocketmine\plugin\PluginManager->tickSchedulers(integer 11951)
#6 pmsrc/src/pocketmine/Server(2152): pocketmine\Server->tick()
#7 pmsrc/src/pocketmine/Server(1992): pocketmine\Server->tickProcessor()
#8 pmsrc/src/pocketmine/Server(1586): pocketmine\Server->start()
#9 pmsrc/src/pocketmine/PocketMine(314): pocketmine\Server->__construct(object BaseClassLoader, object pocketmine\utils\MainLogger, string[16] /home/container/, string[24] /home/container/plugins/)
#10 pmsrc/src/pocketmine/PocketMine(344): pocketmine\server()
#11 pmsrc(11): require(string[71] phar:///home/container/PocketMine-MP.phar/src/pocketmine/PocketMine.php)

PocketMine-MP version: 3.24.0 [Protocol 465]
Git commit: b54854529f8a1366e156f8ec32e02635ec670e95
uname -a: Linux 70ad3400-c5fa-46ad-84f2-694f522c3898 4.15.0-159-generic #167-Ubuntu SMP Tue Sep 21 08:55:05 UTC 2021 x86_64
PHP Version: 8.0.11
Zend version: 4.0.11
OS : Linux, linux
Composer libraries: 
- adhocore/json-comment 1.1.2@fc2f76979f0a44a5f5bc2a2b600d0762fe0e78e7
- daverandom/callback-validator unknown@unknown
- pocketmine/binaryutils 0.1.13@0abee38d4e2861621f262c79a2a3d699d8a697f4
- pocketmine/callback-validator 1.0.3@64787469766bcaa7e5885242e85c23c25e8c55a2
- pocketmine/classloader 0.1.2@9757928424652393b178a3760073113aa7c9911b
- pocketmine/log 0.2.1@830b44a2cf96ef703c550abe64302f230231ca49
- pocketmine/log-pthreads 0.1.3@e477ecf6ec214fdd4415ea1da3fdd9d73bf699ea
- pocketmine/math 0.2.6@43057cb8c179a9859677b496a788db922fd5cfc3
- pocketmine/nbt 0.2.18@9f82ca4d7f97fcd9a566e44b63c4f18a7657ae82
- pocketmine/pocketmine-mp 3.24.0@b54854529f8a1366e156f8ec32e02635ec670e95
- pocketmine/raklib 0.12.11@9cce458b8bfde3e4dfdbf70c659fc7b7fe26b5c4
- pocketmine/snooze 0.1.5@70b5e7937a06878dd321a3182ceb76d56298f2cd
- pocketmine/spl 0.4.2@6b08b7cf8c4afa17139c9a1b3bf1b408531de161

Loaded plugins:
AcaciaWoodHS 1 by BhawaniSingh for API(s) 3.0.0
AlwaysSpawn 2.2.4 by Philip Shilling for API(s) 3.0.0
AntiAuraBot 1.0.1 by  for API(s) 3.0.0
AntiToolBox 0.1 by NgLamVN for API(s) 3.0.0
AutoClearLagg 3.1.0 by Twisted for API(s) 3.0.0
AutoFly 1 by PIG for API(s) 3.0.0
AutoInv 0.0.10 by JackNoordhuis for API(s) 3.0.0
AutoSellUI 3.0.0 by LetTIHL for API(s) 3.8.2
Banking_vonfram 1 by Noob for API(s) 3.0.0
BeetrootHS 1 by BhawaniSingh for API(s) 3.0.0
BirchWoodHS 1 by BhawaniSingh for API(s) 3.0.0
BlazinVanish 1.0.3 by PIG for API(s) 3.0.0, 4.0.0
Broadcaster 1.5 by EvolSoft for API(s) 3.0.0
BuilderTools 1.2.0 by CzechPMDevs, VixikHD for API(s) 3.16.0
BuonLau 2.0.3 by PIG for API(s) 3.0.0
BuyFix 1 by Twisted, NhanAZ for API(s) 3.0.0, 3.7.1, 3.8.1, 3.9.3, 4.0.0
CarrotHS 1 by BhawaniSingh for API(s) 3.0.0
CmdSnooper 1.0.0 by HotshotHD for API(s) 3.0.0
CoinAPI 2.0.9 by onebone | Edit By SenKai Official for API(s) 3.0.0
Crossbow 1 by SonsaYT for API(s) 3.0.5
CuongHoa 2.0.3 by PIG for API(s) 3.0.0
CustomAlerts 2.1 by EvolSoft for API(s) 3.0.0
CustomItem 1.0.0 by Phuongaz for API(s) 3.0.0
DEVirion 1.2.7 by poggit, SOFe for API(s) 3.0.0
DanhGia 2 by PIG for API(s) 3.0.0
DarkOakWoodHS 1 by BhawaniSingh for API(s) 3.0.0
Detu 4.0.0 BETA 2.0.9 by CLADevs || GreenJajot for API(s) 3.0.0
DevTools 1.14.2 by PocketMine Team for API(s) 3.13.0
Disable_TNT 0.1 by  for API(s) 3.0.0
EconomyAPI 5.7.2 by onebone for API(s) 3.0.0
EnchantUIVH 0.6 by UnknownOre for API(s) 3.0.0
EnchantVIPUI 0.6 by UnknownOreforsource|RBpmmpformod for API(s) 3.0.0
FarmHS 1 by BhawaniSingh for API(s) 3.0.0
FastTravel 1 by BhawaniSingh for API(s) 3.0.0
Fly 1.0.0 by NhanAZ for API(s) 3.0.0
FormAPI 1.3.0 by jojoe77777 for API(s) 3.2.0
FormImagesFix 0.0.1 by  for API(s) 3.11.4
HealFeed 1.0.0 by DafaRahestian for API(s) 3.0.0
HuongDan 1.0.0 by VbeeMC for API(s) 3.0.0
InvCrashFix 0.0.1 by  for API(s) 3.14.0
InvSee 1.0.0 by BlockHorizons for API(s) 3.0.0
JoinMenu 1 by PIG for API(s) 3.0.0
JungleWoodHS 1 by BhawaniSingh for API(s) 3.0.0
KeepInventory 1.0 by KhoaGamingPro for API(s) 3.0.0
KhoeItemHand 1.0.0 by S2TwKen for API(s) 3.0.0
KygekRanksUI 1.3.0 by Kygekraqmak for API(s) 3.0.0
LoadAllWorlds 1.1.2 by  for API(s) 3.12.0
LpkCuaHangUI 0.0.5 by phuongaz | Moded by LamPocketVN for API(s) 3.9.0
MSpawns 2.2 by EvolSoft for API(s) 3.0.0
MaxEnchants 1.2.1 by Xenophilicy for API(s) 3.0.0
MenuUIVHPIG 1.0.0 by PIG for API(s) 3.0.0
MuaDetuUI 3 by VanLXYTB for API(s) 3.0.0
MultiServerCounter 0.0.1 by luca28pet for API(s) 3.0.0
MultiWorld 1.6.0-beta4 by CzechPMDevs, VixikCZ, fuyutsuki, kaliiks for API(s) 3.20.0
MysteryCrate 9.2.0 by JackMD, DaPigGuy for API(s) 3.9.0
Napthe 0.0.1 by hachkingtohach1,tungstenvn for API(s) 3.0.0
Netherite 1.2.1 by Wertzui123 for API(s) 3.0.0
Nick 1.0.0 by MDevPMMP for API(s) 3.0.0
OakWoodHS 1 by BhawaniSingh for API(s) 3.0.0
PiggyCustomEnchants 2.4.3 by DaPigGuy for API(s) 3.19.0
PiggyFactions 1.2.0 by DaPigGuy for API(s) 3.13.0
PotatoHS 1 by BhawaniSingh for API(s) 3.0.0
PureChat 1.4.11 by 64FF00 for API(s) 3.0.0
PureEntitiesX 0.7.0 by milk0417, RevivalPMMP for API(s) 3.19.0
PurePerms 1.4.2-c2a by 64FF00 & ProjectInfinity for API(s) 3.0.0
QuestPlugin 3.1 by HmmHmmmmm for API(s) 3.11.0
RandomBlock 2.0.0 by Edit By Nờ Cờ Dờ for API(s) 3.0.0
RankShopSystem 1.0.0 by zZPROGAMERZz423 ( Edit: PhongGremVN) for API(s) 3.0.0
RedSkyBlockUI 3.1.1 by RedCraftPE for API(s) 3.0.0
SAC 3.6.6 by DarkWav for API(s) 3.0.0
SETVIP 2.3 by MCPEVN TEAM for API(s) 3.0.0
ScoreHud 5.2.0 by JackMD for API(s) 3.0.0
SellCommand 1.2.7 by Muqsit for API(s) 3.0.0-ALPHA9, 3.0.0-ALPHA10, 3.0.0-ALPHA11, 3.0.0-ALPHA12, 3.0.0
ShopKeyUI 1 by VbeeMC for API(s) 3.0.0, 4.0.0
SimpleWarp 4.0.1 by Falkirks for API(s) 3.0.0
SizePlayer 1.0.3 by  for API(s) 3.0.0
Slapper 1.6.1 by jojoe77777 for API(s) 3.20.0
SlapperPlayerCount 2.1.3 by  for API(s) 3.12.0
SlapperRotation 1.2.1 by jojoe77777 for API(s) 3.0.0
SpiderUI 1.0.0 by MCCreeperYT for API(s) 3.0.0, 4.0.0
SpruceWoodHS 1 by BhawaniSingh for API(s) 3.0.0
TableSpoon 1.0.0 by CortexPE, Xenophilicy, HyperFlareMC for API(s) 3.0.0
TempBanUI 2.3 by SonsaYT for API(s) 3.0.0, 4.0.0
ToCao 2.0.3 by PIG for API(s) 3.0.0, 3.2.0
TradeNPC 1.0.0 by Free for API(s) 3.0.0
UIShop 3.5.4 by SaltyPixelDevz for API(s) 3.0.0
WarpsPro 1.3.0 by nikoskon for API(s) 3.0.0
WheatHS 1 by BhawaniSingh for API(s) 3.0.0
WorldProtect 2.3.8 by aliuly for API(s) 3.0.0
cayphattai 1.1.1 by PIG for API(s) 3.0.0
iProtector 3.1.1 by LDX for API(s) 3.0.0
tichluy 1.0.0 by LetTIHL for API(s) 3.0.0

----------------------REPORT THE DATA BELOW THIS LINE-----------------------

===BEGIN CRASH DUMP===
eNrtXXt32zay/yq4yp6tfY8ki9Tbe9wTx4/YjR9aS0m6XfbkQCQosearfNhW2nz3OwOAFEDLtmxr
s/ePdre1OAQH85sZzAxAkPyj5kZJQLMvNyxJvSis7XbqtcwLWG3X6LU7PcPot1rNbr/d68GJPBan
ekAb9jr9Xq9ldrudtlmv+TTNjpIkSmq7f9SyRQytahP4I2j1WsDSlM6QmmbJl4TFPrXZ1vYu2U9m
ecDCjLwxydbf5IltEuRpRqaMRC5BboQmCV38Cdd64axOPGg/825YCJzd3PePPR9Z78yjgO3YUZhR
L2TJTuznMy9Mdw58RpMzOttJE3snu/XSjDk7NM8iG0/4dDbb2YejotmsGc9j5Cy4vpQLcPBBDNCk
aYBSE8BV2/137U2LvJTjFnAClakaFBr59/BX8sf46ODy4nD8jauHzVhCeq06kQ06rV9Js2mPWQKW
Jk6z2QxJAgSS0nx5KSi12Vxsg+RvDBIHKBb+G0f2NcsCALOT2nPm5D4o98CP0jxhE5peb/VQLAnA
sjQElqVBaPz4ULM/bMHw21YhvmEMuwYXxnxKGJTihIYO/N4y2n2QZtnMssp2lqVI3fgxCq/ycEV3
7XW6GxdHW0Z/+HCHimSNH5OV3XVWdye8ZGfE/5zTEIZPstXrdh7vqxSr8WMAo2AyTxh1TkDL2ZTR
bEXv3dW9C0/ZMtuDKjghl2VpgoFdPXvZebqio97jHRlds9KROCM4b3EW/UdZGMPhYyxGSWRDFIoS
wWvwOK/uoPcArzQDZQoew9U8RvznOfzcahudB9h8+QKBCkZnbmdb0fQ3ZmfkHU3ZAUTS9CyiDkvq
RNLVy/PM81PLOgfbnkWzGbaSQ9zo/UqqEbA8aXbunyzCkBjvraexdO75nlCWYCAjxpaBwSBhv+de
UsanvvEriec02d3ZqUqx7KBxPmpio4dFwMC8Xfv1W73G/ju5ZnMZATAINl+88CbybxgKBrwd0Jqd
1YqzQKmysCOHIXLDMOEseeCfb9DSMNoPtBBnOyvOijPd+2c8d+tv2dxLIa4I/ab/Tpnv7u6e7V+8
/3J0MTmdnB6NvxycHe1fHR3+Sv5nb49YNau2/Qfn2HtAEslzxjI58rYbP04T8H8bKopz0dOWaker
9sfB5ceLyTerVid/A6V5mcdSriDm1MlzZNze/geXrf+gHgZwhv8Yrmgiu0oZOLOTkr2CgKEvuaE+
Z262Kld+Y37KUJtgeu5pWzqfEkKphQkUXek2+fvfHwM3OT0/+nJ2dDypat40Hhb9WVovigSu99Ui
Py6YVLdZdVuualN11W/bddJtyeaFl4pm6Jnfat/+Kqj+Kqj+Kqj+Kqj+Kqg2UVDVazMGl1If64qQ
4hy/prEBeaagy+UyQa3dNDvNFtJzz3dqu2bLgFmul35x2E1t16WQ5KCGSSIISRGw7fS60ImHFc60
2xl0O11z6A6o0e71mNHtuQNmt03WMnvtLrN7/RYbdoF3LmU588L8jvRb1Gl3Wq2G3XVpo9OjTmPQ
cc1Gb9hxu6Zpw8gakE7T6DZbDaM7bHBMnk3eGL1+4+M0D7OcjM9HZJIzMmYxMQ3SGux2u7utLvk4
OSBmCyh3g96XXgfrr3kMPQ+araZhwOFXFgLKWqc4htNforSQDQj8wJcHdhTEERjzi+9NE5pAgYKa
pc4ctJGwnd/SKGxAG1nzGU2jab51bdPt94b9oduinQ7tut2pbVJz2mu1nFa/Z7qsxfoD1gf2DgVD
QAyMgh2b+v6U2tcNKDg8h2ZYFYPersPoNnwr/6K4S+tPvZAmC+720BTgNI322xadMtYeOB1mDnpG
zzRcs2fa/SE1advpDYfOgIJobkdntbJzA1TUftvr9Af9DlzT601tSvusOxh0zY7JBl3bbNtmlw3s
bpeaFYY4WH0+WKVs5tthv9sfmoOOCT5ktoftqdEf0HYf1NJvQ4ULvO3h0DCmOic/mnEOZtN4O2i3
pqBR03aHPeb2W23oGQH3Ou2W6Zrwn7Zh087wHodGnPFwXyiq/ZZ1+n1muz1mm0bHdZxOx+gyaji0
DQdDp9+euqAtRnVWAc3mUpreW+i027enAxvSHB0OusNevz/tDHu0Pxg406Fpuk7Xdu22ziKcZgWe
wVsYOiYI7PRdsIntDGkXhlGnM+217Y5rDGi/1+1TNqgod/mzEcTlEH77jPGoMEvoNfi20AvIZLwd
2jbrdAfTwdR1WJt1HNeZgq7tXnfo2v1p32Vmb9q1Kx6UhlH0lUn1dt/2W9Mu6w/bfdrqDfoDx2mb
Bm0bgJZN+z2n2zOHA9e0nQqT2OccOuAtvWlrMO3b7sDuUJcafaM9tIfUmIJhjGmnNei2DYcZPaP2
rZyB8bG5b1Pbo5+jyDkZK1FQI9dry/iHMQAKrnmUpFiEvpvTWxp6Y4jNc4ynNPaQ3Iax0MJjFtKp
zyCCQH6CwOiwGOIJXgnn0sjNDlUC1hmVvi1L7QFqwPIcTiphwGDEvhxPPl9enR0C6ZZNUy9DBFgr
7/u3dJGOYwqxQMGmUFVoJjhZR4c3mnu+F5Mx/IEQN9sUwpizTSVXqGC5RClKZFkiZy/hjSf7V5OP
o/vgYAq4nyf0XZSp4BSqZjcM4Bq4DWG5nOVf5zT8GOSZn4OBlv1rB2uZC5pPosh/F91VEBVUFVEV
T+1idkaDTxebMpJkJ1BIAe5bZzUayPjzfNqEVLdTSIX4tBUNBWFlpUOtNgxebCgoJ2LasymUa022
noI7z7I4hZJMgS3F3E8Xfh6cH1QWhKQyjv1FRQ1IeSTcjE7fbyzKiN5EBbyWd8IFp+FNRWCk6F4J
flkx2U9QKlxEUeLMcy/dlPy/AdOwYCrM54U3wnBCqLUQjZnvfzytgJJE3RNbVU88Y9nk9ORMAzRo
mi8FJNmtb5B3NLyG8PnlJgrdhAYKhuqZRzwK7DLdWMQAXpCwoPNngGAsS6Io07KvQvzOuXfZczXz
FmfWAuUl9vxeTaFSvzesZdf3cBWn1gLm069e+AmuTucqMpVczbrtp0NYnc+vXozO8459GnheiHLA
bFoVRz9aC2OxHsoSFaJC1RF2dXxHN5E/BkE3Zrplx4BFk+KRAqnISLe3t00GEiH3ZnbN8eHEnSWY
0VMVoErWEZrVyHfwldnz0fkhu8Gmn7w77/rkUANs9F6O2EbuceAAd8uaCrEyFAvw60I+Nykrcu9o
rLhaovCM5ppGBEWvkddy6Jfa+jnRP18ce3eauJzwSGQpSqd67QIq1v1fVozDdrPPy0rMZOLvkON9
1fgUkq0P7YAmSSUjlKTvHDiLfqtRU9DXAhM4Y6hTYi2aKMRquKwMtZMoS+cgweGmENmBk4quAYUq
xtNIoMDaH6m1UkGpjpChjiEK2RT+JX+SI8fLyLsFGbPwA/XIpet6MJ31N4VNdmRZNggGDAFhKeHT
8JIoTafRrYqvID3ideMoTOm/JhUI3ZdCkOxActn3M4YNxKvZSURVAAXp+8Wwg5PnSJxmUbDvQ3xP
NakVsi658Z9NtmrPYAJdjpelW8HkNGPBPYSc+MT4H83RhPTrZhFiz+ub6fDok5dwCUsAJalaKfR1
8eNohqv/9dr48phtbPmIM7WsGy6CZUGlIH8pYj2xenRIw/l7Tx0rBUVzuP/YMPk0ZRCnZJ/PMAVN
ri/p9b25hU7/zklS67yaKZWTawFkmVqD8UMVDi9EyLujyT5ZkWkOzvaxuCN//kneJ4yFP9Hfos0F
B8EcjOWF3NvWNhq7qVbbJUkfP0anWXW58nYcmTCYymtFdvsVNpMCgIGWoqwR4ZRqeinaTskD0Xop
ivNlcjFRASvUx1YxN+WSojvorWqmhwLCkR2FUbDQCxyFqArdhSrZXFnjbLySYUICXsxo0jzpdUeh
DVV+9vH004mKSKHqdujpgD6Ke4iXycYwLTkClEKM9UeRvOTT6Uhbr9PIayJygRLlic3+vHoXB0GM
m+EjZ/M4jRLoJy9+DtZjmgRafJeE7xzYRa/ViI7U9UCk2SShN8zXgJTE7w6m6LkKaG2raMv195bq
7xdvD0yzXwrgOav1x+DSeiwrKLrM7arMv0W/RayP/2hym69YqS85gu8IIcof60I5DXB/ob7godPv
3YR4MK0YRrPzUixB/nuKpSdGDI/37T5nZeOEUf+YYZ8lipL0hC8dUpde0TlLM4+Gm6vcFKaWVcjy
DEA4O4EqVgVUkJ4AhBXw+cGmkBS9ri/6aXhzkNB0rjuVSn2GS3VeLnnhUl54Y2PP3KHWu80qYYwZ
0xEg4Qntv/OhejuJEu9rFG7snpzG1LKEJM8B81PkhecsVGcAJen73Bb97Rnz4p/ycOaze3Mxjfyd
k5zadzXNLc+tA+4DYzEYkIVZlKhpT6dXvEwH+GEe0fc0gN5HSbQphBpTy9LEWd90wIXhIgjuKFbB
qeQnRtDYnNx+YOEGcZVdrztn+bCYsesrGl6nWkmskZ9I97xtQn8P6PXGkCxZgn0UWdY3D0aMfd//
HCW+o06bdXpl7lyZkmnx+RXly3UUgrPZML21LBSc+v4t7/8ZcOLrg5yCZWeanTRyNdlUbivGch2Q
/EnOI4c5ZLogZzQQc/DKpp/hE2CVUnC5Pq5NLkfebLYQS4VyAsNzxMP7uYRwuGQq8ayvnHO+E021
ckGpbE77zy79yk5B7rL3ly34ntO7UmcKJoVaXTOt5IWfWRjxHXL2YlPgFJZomFIU7WAtY0EmxrUD
zLgKOIX61Hr25lJ1AL0+w81yiouJ2gBc0rStPpU6lYZnP/9r8m5jK780nHOGILvo/zkg/MwTDz4c
RHmob1FYcfLxCrbm5zY1BzHb2CAqGSK2qjTPhMmDfBWeIOo+1mu2GlOW0c6TmxQOfuEvDljkWZpf
e/D7mvqed63Xv2ZrQ1sXAhSYpwqpjUL412xbUBihoha4FWQBM5ZMnQJoZFVZw/t7OXBz3jmKcEgh
6r/PF89KJY+VopwxQFeEWc8FVqhAMNvRgAH+CxpncxW5JDzh93Nqz3GDXBbhL6OeQWUMjMObjVVz
lR4sSwhW/F1nEFwwaJh4mmGXtCdyyGeWZF9zDx+v3BCiJUcAUYjxYnsuue0sMSFoz75W8eLhExkF
x8Xo/Hy0sUJA8gOY0Pv6QWvVbbn/2i25B2/HPeNW3KoiUHlObMVZvWDrVHcZrIwwxvA1y1eCoWWt
kGYl8QWuWnSys4LdTqmnY2pnXhTe01BJf2JL3WrdPPsGn17G82QhKQ9U9fXaydWHgznl9+jxIbWT
nN8IWa3hAk3l8NVaLRmhOqOMZpE2jErSdx5FRb/VQSToa42hPGFcuwqYgqR7REc8X6gg6nWOj1ut
Z2HhzEcsCVZM1+75Y/ETF2fqMEW48aI8HR01yiZLRXwRsgByKfzy1wtsz4WUz8yWbKSyjuSLHX6u
aGxJ13N7vzqQAs+/bnUM3IdyBZBuqH8vObwm5CSCJ941tKw4x00GQjChkULMZ99MV2Td0fFKxQir
6koRtKofmQ3bpKtcifydgK3xSejT0PVCL9vY/FLzDy6V8nMDHiL4gCb+mbM0G8lXpJS6UKmVx4cq
uymDAP4P/9QqN4SeGFZjn8a4S/Kxii8I5sjZsn5HaSyLC/UC7IWMOyoqgH7FH/zlS+wKdJVa3eRX
GRnF5ssLKzeY45AD+fdQ/N2ULygSrV884QrheB7FYyzwAx2feuKJWvDrL6Ory/f750dXv3ztmG2y
xXec7pLRPApn7xMWfLrYfn5AlWFuuWqmuvb9tbTHdaOgeYZ6mDO+XnCdagsYOr365FzF+aExTJzc
bHS0MVOXHC1LEcWyil/rYBvvHyiI8EjH0avu48AdZZ/pzSZ3rwE7EHr/gP/n6XX38dHk0+lIlVoQ
9AFYqX7PD0ZHny7I5Gj/fGNTFc4SX4WBG0zWUnZR4imyFyR9h9NDCwWbulElVweK3pe/1oLBfP8g
CgL97o1KfWJf6jm/6VoF09g/G53sD/lzD+Wh0aocG5Vjszh+8Z5vkHvVbZ9H8EMM+cAWWixY0h6p
kh+46b7OAx4r7xpoCzKP3RNiC5TvOfcFxl4Q++wzTWIV5JJY3RVaQXpM/WsvuX7lve1i11CYunw5
dexHt8rhUZpi/Uf9VARVidaVfVtWyuW9BXnBwVXZ14D/FUogutCWeBXi44/ZbWiU8v7OsD8Uv/i9
lviyYlJkl5Tq4q2x3v6jV6BIRc8vXqxairRTgFgiFObgS9z3waonKw8yPGKw19ytZBnM6z3btsFg
92R4xuAT117hRFff+V8988RC5APmfI1P6gI8A1PsOSzRY2ZBemqN8eAAZnrQ670HfV798GohwnNw
JLl9f9uJRv7OCyVq39XFkuW5dcBNsPNxHGk+pxCfMNRBlGTsDoJxXbuNWq+dLMB6xz5NNrjnTLur
upRR/f10LTlhQfyOhppbLmmPVpSrHz17vUcWj6CVYqzvm5PogEYqEn78gqfP6q/bc8r7tSzg/AzZ
E+qwi5E6GylJT7jdMUSHTXlV0ef6gn88xdpKEVsS9HlUt/pynzH1s8XIu2P+Ibt53gNm6jLzYzvh
uRzrA8HaiC9HLqGUpCf2MYXedZReRxu7gVfws6xCguWvtaDMGdUfYS4o3zk0y26rUZmT1wKC95oB
dIavJ1bQqORKlGoOdFjU93J/Y2uNgptl8TvrsZBgnQ1zKwq789xLXI/5jvqOtOJtjhmM6Z2Av2th
R0MLSrHpIp7TLKOeohKFWN2Z9p/br2rHz6jqPAkhUutyhfjEAtLZ4c+bEhtYWday5xeX5sCngasg
OwoKfEmwZ8/9XN22WlCeCOSr3unzmrdLiV7XtRC+mo4mIDD4HBenueKtnnBNoxFGjVvvK00cfuSI
p90aMC/1eDzm226aMDig6OG3I3Zrb0blETmIQtebEXytuRW+OY9CcmlnxDCI0d5tmbvddvleTCsU
vBoxFFZ7xtBot0uSF+/h3gr4nxUGUebsfaAB+XRhhbdzANTwvTTbi1zXCmkYwuzDxqGFU5EGtece
E28+T/cgxIb8zW8NOZbBNnvIkd7J9umeCcczUEsQOQzPuVEC3EoK7wQ04+AKkjiKb2LO2fHwFQM5
JLo9E3jwt52CjzRSlmUQCNM9K/RBFL+BbrJ3Fk2ni3EeBDBZlPSUMadshK+J3zs8Ot7/eDaxQuEQ
jd9zlix4Z5KQQG4UUuCvZkzTFGKVs/e//B9QR55FjZTeMH7Rjcdu0YAZBQ3tDazwbhrdNdAl+Wmf
hrOcztgeC2frGkN7S2JzEeBbEt8QdEFic8vnCZ86cQcgoEyieRm4BJnMWcpIoSUCZTPJ5oxEIXgP
zDAzYqNR+evzvdD2c9yRCuzvOR7yGkeBeMn+fZ4pdVmdRLgBJEWWZJowek0WUZ5IXsRzCRjZgzCN
PYCF8T35EP+B8QW7LdntOMylYOeU3EbhDxnBOSJNCOo6ALD4xtIFSogvLBe4b+csJHk8g3ILGDQt
9EPJbNcKCXkDKRIFI1kEvYQOARbyLcCgA1wD8mkGQvHTXFQ/gm4AKvxiGdcXPpluMzLn761GSoCc
hfsWlt0l/K25eCKd55kTwVCQL1TfJVZNvmkcX+rNHKvGJdv3/eiW4AADYYq3oJMbj5J/ojNiG+6V
RS7bJRiz+KVH3EflNQTkIjhoCFgMlILcpgsiVYntpUuXpxVh33z2QCFRCHqljkMSlgr1o1rxNdEk
YBRfEc6/vABKnzIUGpTDfs+pj2rjn1cgN9TPGdmSnULU2UbuokcYTAydvQFqx3c07xIMBdD3RR5M
QSvgVfvpIrTxhd1g+OQa/KjJG3wEbXHXLpBis3kCVWsO1oPmaZ3wCoLIoADjoU7w/b0ABPMD1w0E
Z6QFeQgehE0E8zE3L2ACL0uiOw88jIEaABL33LAUDnUrBTp10VexDfpknXjZD6C+LOGXOQwjH3eZ
ysVkCzDkMG5MrhYOoyGR7nJWVV+l3DmSPMRt6+iBoPeYG4G/SyltEij35W8SeLM5DGZ87qiuDj7p
OKiRJMnjTFCFwlAxAcgmcXHjwqDkrzV2xICgN5HngNirJUAfQZ+LQNHgXU3F0aBxQzQqPQ1SAYT5
ZCEG5Xs/moL3YMIlgg7jIPAyHNsBm9HpIgONk7FQdYsrV2RHfvkErXbrcc1zj4JBe9sQjAonSzlC
1wMRISIxfLYE2bhQDxZdCicHa+U4TMksAkNFOEzRK7CjGRezwUXbJS1EAb3zECxeLfz/HgFWMI/J
j/n2dfKnWRRzEWT4LEWS7FIC4QOzJ8S9QiDstZDKaJkdKRgPAp/5qJDypT9sQEI+LrhIGDGInUPy
CSH5EHbH7JwH30iILEYkJquyNbuzoXZIl4hE4LqcHO2SycnpmJydnp9OyP5odHZ6NCajoysCNeGH
o6s6gUZkcgmtjsjnk8uzIzK6ujw4Go+b1RCg6cPs9qQ6RizxIp6QMRCnCNCeMx6SuTbKYGsQ8SkP
Hlt4kwbeyRFhlrOCUhFwQoAGb0K8DzmbcDKo/DABhthMdsY5CyYQepeBXGQk3scl5hDM8/yC5v3W
6Auy/AazxczGckBoFsUVdhXXlhjAvVicLqG2WxJrur1aJIm8LZHPaDKFkdGwI98XVSkPQKu1y4ca
iiOvIvIqiN0BDXNefKiSQGGWgw9u14ucUHXCwg1FenVd4CXwBssh2CSXIuYLh4fqIcp9p5TFgyRy
G5Kl/KlgHHPxAWiv1ZJYobdjHizuJUnuOoJDic1NoqBItuJq2aKhuqZqYUQjLXnPN8gKl9K8Y1wU
jGiyJOKvjC4c2cmDWFRXooQj8kQDTxT2OsRG8gIuOxezQABHkOZhsNMVCoakDYkPergBJ0vTnGFg
yOZgtVlRbWLQwt6WUtULQ4oaQRaVTSENNn1QTzjnsed5eJ0Wsh/QGKlekAeQYyG9JqSYK6AhiZgh
CSmWesXxIlXJR8x9H4NiO5YS8Q4bWAXnkHQ7pcUOI3Gq6tNYG2HUE/xF42IICV6yoYqMVw4NG2Z+
rMSG72jhtQqUj6g9kE4UGIJLTHFOQsQ1AuESHVwm9SmnvrJnbLysdlGB+M7lgu/jrB7zQysMWYYG
25UpAkqzeeSLEnNKM5jRYiXORU7xw0FEJhke28TMR54VqWXKymJTpLc3qpWKUxhWk0U2518kaxiK
AbnxeMeNrBBGpgAetZd1LJ+6YgnpCOQ4l+GFPl4MRClWk5xALQi+tMeLO3Iw+liHa0GGKYyvW88B
t+e1goieJf8G579LekXZvazIU64dpW2T7DsQqObUd3fwhYB8muAw8GHZFXRKcI0EHUwZiMu0pzBT
pyJHdxjVsMSkfpOgEB9H4agotpcTQJxLoFC3kDbxwjwO44Y8rsxuzuWoS72vrLQnluWFGfHOf1Ey
Qdku3ENJrZ2hKS7abpKRvManyYxfQOVMVPoC79FN6AwhgE1AbWns84oFp5cBCI+DnSZopwPfw5UT
Pl/Gz8OwNCPnk49c0hQgIexpnhGcn3NTLrsTk4tmEWuCLG/gVbtcWvRyh03z2W4xYfmRGDhRkeXa
HIYqP0+K732JCTV6cphGInFJbzCQmQhOgtvBPIIJLHpgMU9hxUyURzCHZpSk9KaIlLg+UqwX4Tll
CguC8SU4UbDI9YjfIi8Uk2G+ZPQD+Xka3aHXJ+T0kGz9/PH0cBswg8uDDND+FsJ9nIg9z+AYOH9J
YPLSXFaA4AkRb8KVHYKn//zurOAv5zYK5QfeGS4j8aQJ1QdOcnka5tiiYnVEphBlmcd1ebdwznMX
jbvcc5ZoKZQpENwYzYqwCfDFZ3aKWQCfQUpBwW2g6OQVWRjZ+O0Gfi14zTldgMfgTDKIbopJOWY0
mQZ4KG4U50SX6TIAFqth6gLJhK9wCHcX3xMWtuBtpW/nqVxpsWEgZyLUyWsa4ppdEkONdOP52I0I
4zJEyV4wD9FwVs4TQrzMr6bDetFKW1BbuSgljLwf4JYIPtHmKVcMaFSlNDHmV4xQfDkC3BB/8wQJ
F1/xdKlczIGHTEx/p0wwm+KbpuA3Lm/yDDcv/J27OF/11BKvgI8dlfAhDhFaFTUWn+CC3hjktFVS
tlaLSRPgBP5RDDsQtrgY/5bStPlYxsWBRh6D/7JUiY38Mwm8I77Iqw7NQ97ZFPd+pjwAoT5ZgpYm
4stFRKIjcjGlSOD8Gg068GsQk7whM5iGpUv1LBdsSg0176tIhqZb6vF5GoRJmMQI28RRnPuFM8oD
zGS8jQyIbR4OeYHfiGUQw1yCcQmSnSyd+VKuWKLalUkcV9T4tFGQRQ6U9sKPnZRrHcogR39v4Pc9
K6RyuOnkeA7VphspFoFR1hB3R8qW8wgtw0Vp4tMKTS/iEkMgWwQ47Ulx/0wKCNOl6DiXk+fJ8jyH
wIMYnc0SmECLxTK5siYWEPCzjNdVfFw+GMGXh5f4JbOGDPki82FQuGWitqYwdG55jykXfAmA05rK
cjYk2lLzwjWFce4pFQwqzktnghyPH9/imUotETk9UlUHVXeIfqKsXNUhPsZzWif4oDFPz1lZhUHo
dVkClXYDI1CI6U+cLbKVyBVUWwmTd6GU9JpDxQmZnEexIlhIhtzy4nzRxz1LC6yqqTMvWMZqmX+R
KbbHkYChGS2LARM75Et88qJiObe57ECeUXsotPl4hpdhW1hXjApl5UTyAPaZ1GexRjKXRB4xcJIj
62YZMXDJGaYmDi8cPbdkBLMPACLuL2AEKhYORIwDfjJEFpmN+h5N5awECkmKmzTlEZY8IKO01W5h
NHEO/BZXsHbJv3mtAvmzzpe0fkWm4g0hZZpU73twGFg3Jp4jFw2K21J8NWBVxuIJnWfolNfHfLKJ
D/eBrDLdquKLfrkM4ifB21iYFUT2Wva4S47P9ie75j/69e7wzqi379p18x/GPxysh/g438L74DYG
171BS4RicdTpbosiT9xiUOfqYoRjbgEdy6U0XnrwtTCwmr0g4ouNeVIE5WKCkpQ3J3jEAT78A624
3pIWCmsUNzbAF0Q1++aYhxreFW+vMcl5pSC/u6xQGry0VGq+KObTW3YHgS+Vczv7GmcHKZ/HgEam
HtTlC1HD8XaIF0SBmYdII2LMCJScPxQjSRmra/Uau8tYmBYPix5AhaB+cNDhj/Ivj31vesfv4JUU
cIowTTVSbOtM0t9BSNbWPmQoPttWHk9t+XW6koI3r0KHJhotWcRZxJ+0a/M3sNjyw9vLFnmiiQIp
HneBtFptwzCH8uPZmK7URkDj765QKJn22cWZox0F2sk5TTXBsdRz8F64QsNPLWpqxEHiTCUSvOsf
TMXNPLVVsADN8Q8+yl+kPDUenekaDzP/3qWeShkdXmpXONEX3qhKFMbSrpzrVlimvy+8ulE/4tji
51N8iZ2iEX5BqvFYftIQd9YZ+L3Oeg3mPTmPabNcKLBgecVcudij8Z0HkWYKsaf953NNN95MfGtS
doXbzrLomoVQWGmwKn4NhyjhvTa3+HIAjbig/EpTbjf+6sVin82Q9/UL1mCXI77as7zq27f/A0YU
lKo=
===END CRASH DUMP===
