PocketMine-MP Crash Dump Tue Oct 19 01:20:20 +07 2021

Error: str_replace(): Argument #2 ($replace) must be of type array|string, int given
File: plugins/ClearLag/src/twisted/autoclearlagg/AutoClearLagg
Line: 121
Type: TypeError

THIS CRASH WAS CAUSED BY A PLUGIN
BAD PLUGIN: AutoClearLagg v3.1.0

Code:
[112]                         }
[113]                     }
[114]                 }
[115]                if($this->messages[self::LANG_ENTITIES_CLEARED] !== ""){
[116]                     $this->getServer()->broadcastMessage(str_replace("{COUNT}", $entitiesCleared, $this->messages[self::LANG_ENTITIES_CLEARED]));
[117]                 }
[118] 
[119]                 $this->seconds = $this->interval;
[120]             }else if(in_array($this->seconds, $this->broadcastTimes) && $this->messages[self::LANG_TIME_LEFT] !== ""){
[121]                 $this->getServer()->broadcastMessage(str_replace("{SECONDS}", $this->seconds, $this->messages[self::LANG_TIME_LEFT]));
[122]             }
[123]         }), 50);
[124]     }
[125] }

Backtrace:
#0 plugins/ClearLag/src/twisted/autoclearlagg/AutoClearLagg(121): str_replace(string[9] {SECONDS}, integer 60, string[40] ..cServer d...n r..c sau {SECONDS} gi..y)
#1 pmsrc/src/pocketmine/scheduler/ClosureTask(61): twisted\autoclearlagg\AutoClearLagg->twisted\autoclearlagg\{closure}(integer 11951)
#2 pmsrc/src/pocketmine/scheduler/TaskHandler(137): pocketmine\scheduler\ClosureTask->onRun(integer 11951)
#3 pmsrc/src/pocketmine/scheduler/TaskScheduler(179): pocketmine\scheduler\TaskHandler->run(integer 11951)
#4 pmsrc/src/pocketmine/plugin/PluginManager(654): pocketmine\scheduler\TaskScheduler->mainThreadHeartbeat(integer 11951)
#5 pmsrc/src/pocketmine/Server(2389): pocketmine\plugin\PluginManager->tickSchedulers(integer 11951)
#6 pmsrc/src/pocketmine/Server(2152): pocketmine\Server->tick()
#7 pmsrc/src/pocketmine/Server(1992): pocketmine\Server->tickProcessor()
#8 pmsrc/src/pocketmine/Server(1586): pocketmine\Server->start()
#9 pmsrc/src/pocketmine/PocketMine(314): pocketmine\Server->__construct(object BaseClassLoader, object pocketmine\utils\MainLogger, string[16] /home/container/, string[24] /home/container/plugins/)
#10 pmsrc/src/pocketmine/PocketMine(344): pocketmine\server()
#11 pmsrc(11): require(string[71] phar:///home/container/PocketMine-MP.phar/src/pocketmine/PocketMine.php)

PocketMine-MP version: 3.24.0 [Protocol 465]
Git commit: b54854529f8a1366e156f8ec32e02635ec670e95
uname -a: Linux 70ad3400-c5fa-46ad-84f2-694f522c3898 4.15.0-159-generic #167-Ubuntu SMP Tue Sep 21 08:55:05 UTC 2021 x86_64
PHP Version: 8.0.11
Zend version: 4.0.11
OS : Linux, linux
Composer libraries: 
- adhocore/json-comment 1.1.2@fc2f76979f0a44a5f5bc2a2b600d0762fe0e78e7
- daverandom/callback-validator unknown@unknown
- pocketmine/binaryutils 0.1.13@0abee38d4e2861621f262c79a2a3d699d8a697f4
- pocketmine/callback-validator 1.0.3@64787469766bcaa7e5885242e85c23c25e8c55a2
- pocketmine/classloader 0.1.2@9757928424652393b178a3760073113aa7c9911b
- pocketmine/log 0.2.1@830b44a2cf96ef703c550abe64302f230231ca49
- pocketmine/log-pthreads 0.1.3@e477ecf6ec214fdd4415ea1da3fdd9d73bf699ea
- pocketmine/math 0.2.6@43057cb8c179a9859677b496a788db922fd5cfc3
- pocketmine/nbt 0.2.18@9f82ca4d7f97fcd9a566e44b63c4f18a7657ae82
- pocketmine/pocketmine-mp 3.24.0@b54854529f8a1366e156f8ec32e02635ec670e95
- pocketmine/raklib 0.12.11@9cce458b8bfde3e4dfdbf70c659fc7b7fe26b5c4
- pocketmine/snooze 0.1.5@70b5e7937a06878dd321a3182ceb76d56298f2cd
- pocketmine/spl 0.4.2@6b08b7cf8c4afa17139c9a1b3bf1b408531de161

Loaded plugins:
AcaciaWoodHS 1 by BhawaniSingh for API(s) 3.0.0
AlwaysSpawn 2.2.4 by Philip Shilling for API(s) 3.0.0
AntiAuraBot 1.0.1 by  for API(s) 3.0.0
AntiToolBox 0.1 by NgLamVN for API(s) 3.0.0
AutoClearLagg 3.1.0 by Twisted for API(s) 3.0.0
AutoFly 1 by PIG for API(s) 3.0.0
AutoInv 0.0.10 by JackNoordhuis for API(s) 3.0.0
AutoSellUI 3.0.0 by LetTIHL for API(s) 3.8.2
Banking_vonfram 1 by Noob for API(s) 3.0.0
BeetrootHS 1 by BhawaniSingh for API(s) 3.0.0
BirchWoodHS 1 by BhawaniSingh for API(s) 3.0.0
BlazinVanish 1.0.3 by PIG for API(s) 3.0.0, 4.0.0
Broadcaster 1.5 by EvolSoft for API(s) 3.0.0
BuilderTools 1.2.0 by CzechPMDevs, VixikHD for API(s) 3.16.0
BuonLau 2.0.3 by PIG for API(s) 3.0.0
BuyFix 1 by Twisted, NhanAZ for API(s) 3.0.0, 3.7.1, 3.8.1, 3.9.3, 4.0.0
CarrotHS 1 by BhawaniSingh for API(s) 3.0.0
CmdSnooper 1.0.0 by HotshotHD for API(s) 3.0.0
CoinAPI 2.0.9 by onebone | Edit By SenKai Official for API(s) 3.0.0
Crossbow 1 by SonsaYT for API(s) 3.0.5
CuongHoa 2.0.3 by PIG for API(s) 3.0.0
CustomAlerts 2.1 by EvolSoft for API(s) 3.0.0
CustomItem 1.0.0 by Phuongaz for API(s) 3.0.0
DEVirion 1.2.7 by poggit, SOFe for API(s) 3.0.0
DanhGia 2 by PIG for API(s) 3.0.0
DarkOakWoodHS 1 by BhawaniSingh for API(s) 3.0.0
Detu 4.0.0 BETA 2.0.9 by CLADevs || GreenJajot for API(s) 3.0.0
DevTools 1.14.2 by PocketMine Team for API(s) 3.13.0
Disable_TNT 0.1 by  for API(s) 3.0.0
EconomyAPI 5.7.2 by onebone for API(s) 3.0.0
EnchantUIVH 0.6 by UnknownOre for API(s) 3.0.0
EnchantVIPUI 0.6 by UnknownOreforsource|RBpmmpformod for API(s) 3.0.0
FarmHS 1 by BhawaniSingh for API(s) 3.0.0
Fly 1.0.0 by NhanAZ for API(s) 3.0.0
FormAPI 1.3.0 by jojoe77777 for API(s) 3.2.0
FormImagesFix 0.0.1 by  for API(s) 3.11.4
HealFeed 1.0.0 by DafaRahestian for API(s) 3.0.0
HuongDan 1.0.0 by VbeeMC for API(s) 3.0.0
InvCrashFix 0.0.1 by  for API(s) 3.14.0
InvSee 1.0.0 by BlockHorizons for API(s) 3.0.0
JoinMenu 1 by PIG for API(s) 3.0.0
JungleWoodHS 1 by BhawaniSingh for API(s) 3.0.0
KeepInventory 1.0 by KhoaGamingPro for API(s) 3.0.0
KhoeItemHand 1.0.0 by S2TwKen for API(s) 3.0.0
KygekRanksUI 1.3.0 by Kygekraqmak for API(s) 3.0.0
LoadAllWorlds 1.1.2 by  for API(s) 3.12.0
LpkCuaHangUI 0.0.5 by phuongaz | Moded by LamPocketVN for API(s) 3.9.0
MSpawns 2.2 by EvolSoft for API(s) 3.0.0
MaxEnchants 1.2.1 by Xenophilicy for API(s) 3.0.0
MenuUIVHPIG 1.0.0 by PIG for API(s) 3.0.0
MuaDetuUI 3 by VanLXYTB for API(s) 3.0.0
MultiWorld 1.6.0-beta4 by CzechPMDevs, VixikCZ, fuyutsuki, kaliiks for API(s) 3.20.0
MysteryCrate 9.2.0 by JackMD, DaPigGuy for API(s) 3.9.0
Napthe 0.0.1 by hachkingtohach1,tungstenvn for API(s) 3.0.0
Netherite 1.2.1 by Wertzui123 for API(s) 3.0.0
Nick 1.0.0 by MDevPMMP for API(s) 3.0.0
OakWoodHS 1 by BhawaniSingh for API(s) 3.0.0
PiggyCustomEnchants 2.4.3 by DaPigGuy for API(s) 3.19.0
PiggyFactions 1.2.0 by DaPigGuy for API(s) 3.13.0
PotatoHS 1 by BhawaniSingh for API(s) 3.0.0
PureChat 1.4.11 by 64FF00 for API(s) 3.0.0
PureEntitiesX 0.7.0 by milk0417, RevivalPMMP for API(s) 3.19.0
PurePerms 1.4.2-c2a by 64FF00 & ProjectInfinity for API(s) 3.0.0
QuestPlugin 3.1 by HmmHmmmmm for API(s) 3.11.0
RandomBlock 2.0.0 by Edit By Nờ Cờ Dờ for API(s) 3.0.0
RankShopSystem 1.0.0 by zZPROGAMERZz423 ( Edit: PhongGremVN) for API(s) 3.0.0
RedSkyBlockUI 3.1.1 by RedCraftPE for API(s) 3.0.0
SAC 3.6.6 by DarkWav for API(s) 3.0.0
SETVIP 2.3 by MCPEVN TEAM for API(s) 3.0.0
ScoreHud 5.2.0 by JackMD for API(s) 3.0.0
SellCommand 1.2.7 by Muqsit for API(s) 3.0.0-ALPHA9, 3.0.0-ALPHA10, 3.0.0-ALPHA11, 3.0.0-ALPHA12, 3.0.0
ShopKeyUI 1 by VbeeMC for API(s) 3.0.0, 4.0.0
SizePlayer 1.0.3 by  for API(s) 3.0.0
Slapper 1.6.1 by jojoe77777 for API(s) 3.20.0
SlapperRotation 1.2.1 by jojoe77777 for API(s) 3.0.0
SpiderUI 1.0.0 by MCCreeperYT for API(s) 3.0.0, 4.0.0
SpruceWoodHS 1 by BhawaniSingh for API(s) 3.0.0
TableSpoon 1.0.0 by CortexPE, Xenophilicy, HyperFlareMC for API(s) 3.0.0
TempBanUI 2.3 by SonsaYT for API(s) 3.0.0, 4.0.0
ToCao 2.0.3 by PIG for API(s) 3.0.0, 3.2.0
TradeNPC 1.0.0 by Free for API(s) 3.0.0
UIShop 3.5.4 by SaltyPixelDevz for API(s) 3.0.0
WarpsPro 1.3.0 by nikoskon for API(s) 3.0.0
WheatHS 1 by BhawaniSingh for API(s) 3.0.0
WorldProtect 2.3.8 by aliuly for API(s) 3.0.0
cayphattai 1.1.1 by PIG for API(s) 3.0.0
iProtector 3.1.1 by LDX for API(s) 3.0.0
tichluy 1.0.0 by LetTIHL for API(s) 3.0.0

----------------------REPORT THE DATA BELOW THIS LINE-----------------------

===BEGIN CRASH DUMP===
eNrtXXt32zay/yq4yp6tfY8ki9Tbe9wTx4/YjR9aS0m6Xfb4QCQksSYJlg/bSpvvfmcAkARp2ZYd
bfb+0e62FofgzPwGg5kBSIJ/1GY88mlyfcui2OVBbbdTryWuz2q7Rq/d6Q4M02w1W33D7AzrtTSU
p7rDYbPXH5j9fsvo9ga9es2jcXIURTyq7f5RS5YhNKpN4I+k1Ws+i2M6R2qcRNcRCz1qs63tXbIf
zVOfBQl5Y5Ktv6kT28RP44RMGeEzgtwIjSK6/BOudYN5nbjQfu7esgA4z1LPO3Y9ZL2z4D7bsXmQ
UDdg0U7opXM3iHcOPEajMzrfiSN7J7lz44Q5OzRNuI0nPDqf7+zDUdZs3gwXIXKWXF/LBTh4oAYY
0jTAphHgqu3+u/amRV7LcQs4gcl0C0qL/Hv4K/ljfHRweXE4/irMw+YsIr1WnagGndavpNm0xyyC
jiZOs9kMSAQEEtO0uBSM2mwut0HzNwYJfVQL/w25fcMSH8DsxPaCOakHxj3weJxGbELjm60eqqUA
WFYJgWWVIDR+fKzZH7Zk+HUrU98whl1DKGM+pwxqcUIDB35vGe0+aFM0s6y8nWVpWjd+5MFVGqwQ
115H3Dg72jL6w8cFapo1foxWiuusFie9ZGck/pzTAIZPtNXrdp6WlavV+NGHUTBZRIw6J2DlZMpo
skJ6d7V06SlbZntQBSf1sqySYtCvrl0Ij1cI6j0tyOiaFUHyjOS8JVj0n2RhDIdPsRhF3IYoxCPJ
a/A0r+6g9wivOAFjSh7D1TxG4uc5/NxqG51H2FxfQ6CC0ZnayRaf/sbshLyjMTuASBqfceqwqE4U
Xb88TVwvtqxz6NszPp9jKzXEjd6vpBoB85Nm5+HJLAzJ8d56Hkvnge9JY0kGKmJsGRgMIvZ76kZ5
fOobv5JwQaPdnZ2qFoWAxvmoiY0eVwED83bt16/1Gvvv5JrNZQTAINlcu8Et924ZKga8HbCandSy
s0CpsrC5wxC5YZhwljzyz1doaRjtR1rIs50VZ+WZ7sMz7mzrb8nCjSGuSPvG/46ZN9vdPdu/eH99
dDE5nZweja8Pzo72r44OfyX/s7dHrJpV2/5DcOw9ooniOWeJGnnbjR+nEfi/DRXFuZS0pfejVfvj
4PLjxeSrVauTv4HR3MRlsTAQc+rkJTpub/9D6NZ/1A4DOCN+DFc0UaJiBs7sxGQvI2Doi26pJ5ib
rcqVX5kXM7QmdL3wtK0ynxxCboUJ1FzxNvn7358CNzk9P7o+OzqeVC1vGo+r/iKrZ0WCsPtqlZ9W
TJnbrLqtMLWpu+rX7TrptlTzzEtlM/TMr7WvfxVUfxVUfxVUfxVUfxVUmyio6rU5g0uph3VFQHGK
XyuxAX2mYMtilaDWbpqdZgvpqes5tV2zZcAs142vHXZb251RSHJQw0QcQhIHtp1eF4S4WOFMu51B
t9M1h7MBNdq9HjO6vdmA2W2Ttcxeu8vsXr/Fhl3gnSpdztwgvSf9FnXanVarYXdntNHpUacx6MzM
Rm/YmXVN04aRNSCdptFtthpGd9gQmFybvDF6/cbHaRokKRmfj8gkZWTMQmIapDXY7XZ3W13ycXJA
zBZQ7ge9614H669FCJIHzVbTMODwCwsAZa2THcPpax5nugFBHHjqwOZ+yKEzrz13GtEIChS0LHUW
YI2I7fwW86ABbVTNZzSNpvl2Zpuzfm/YH85atNOh3Vl3apvUnPZaLafV75kz1mL9AesDe4dCR0AM
5P6OTT1vSu2bBhQcrkMTrIrBbjcBvwveqr+obtH7Uzeg0VK4PTQFOE2j/bZFp4y1B06HmYOe0TON
mdkz7f6QmrTt9IZDZ0BBtVmnzGqlcANM1H7b6/QH/Q5c0+tNbUr7rDsYdM2OyQZd22zbZpcN7G6X
mhWGOFg9MViVbubbYb/bH5qDjgk+ZLaH7anRH9B2H8zSb0OFC7zt4dAwpmVOHp8LDmbTeDtot6Zg
UdOeDXts1m+1QTIC7nXaLXNmwn/ahk07wwccGmEiwn1mqPZb1un3mT3rMds0OjPH6XSMLqOGQ9tw
MHT67ekMrMVomZVPk4XSpvcWhHb79nRgQ5qjw0F32Ov3p51hj/YHA2c6NM2Z07VndrvMIpgmGZ7B
Wxg6Jijs9GfQJ7YzpF0YRp3OtNe2OzNjQPu9bp+yQcW4xc+GH+ZD+O0LxqPGLKI34NvSLqCT8XZo
26zTHUwH05nD2qzjzJwp2NrudYczuz/tz5jZm3btigfFAedfmDJv922/Ne2y/rDdp63eoD9wnLZp
0LYBaNm033O6PXM4mJm2U2ESeoJDB7ylN20Npn17NrA7dEaNvtEe2kNqTKFjjGmnNei2DYcZPaP2
NZ+BibG5b1PbpZ85d07GWhQskeu1Iv5hDICCa8GjGIvQdwt6RwN3DLF5gfGUhi6S2zAWWnjMAjr1
GEQQyE8QGB0WQjzBK+FczGfJoU7AOqMi27J0CVAD5udwUgkDBiP25Xjy+fLq7BBId2wauwkiwFp5
37ujy3gcUogFGjaNqkMzwck6ZXijheu5IRnDHwhx800hDAXbWHGFClZoFKNGliVzdgFvPNm/mnwc
PQQHU8D9NKLveKKD06ilfsMAXgK3ISyX8/TLggYf/TTxUuigQn7pYK3uguYTzr13/L6CKKPqiKp4
ahfzM+p/uthUJyl2EoVS4GHvrEYDGX+RTpuQ6nYyrRBfaUVDQ1hZ6dCrDUMUGxrKiZz2bArlWpOt
5+AukiSMoSTTYCs19+Oll/rnB5UFIWWMY29ZMQNSngg3o9P3G4syUpqsgNfyTrjgNLitKIyUsleC
X1a67CcoFS44j5xF6sab0v83YBpkTGX3ucGt7Dip1FqIxszzPp5WQCli2RNbVU88Y8nk9OSsBGjQ
NF8LSLFbv0Pe0eAGwuf1LQ9mEfU1DNUzT3gU9Mt0YxEDeEHCAuEvAMFYEnGelLKvRvzOubeQXM28
2Zm1QLmRvXhQU+jU7w2rEP0AV3ZqLWAe/eIGn+DqeKEj08nVrNt+PoTVxfzq1ehc99ijvusGqAfM
pnV1ykdrYczWQ1mkQ9SoZYTdMr6jW+6NQdGNdV0hGLCUtHiiQMoy0t3dXZOBRsi9mdwIfDhxZxFm
9FgHqJPLCM1q5Dv4wuzF6PyQ3WLTT+69e3NyWAJs9F6P2Ebuoe8Ad8uaSrUSVAvwl5V8aVLW9N4p
sRJm4cEZTUsWkZRyjbyWQ7+2r18S/dPlsXtfUlcQnogsWelUr11Axbr/y4px2G72RVmJmUz+HQq8
3zQ+pWbrQzugUVTJCDnpOwfOTG41akr6WmB8Zwx1SliKJhqxGi4rQ+2EJ/ECNDjcFCLbd2IpGlDo
ajyPBAqs/ZFeK2WU6ggZljHwgE3hX/InOXLchLxbkjELPlCXXM5mLkxnvU1hU4IsywbFgCEgzDV8
Hl7E43jK73R8GekJrxvzIKb/mlQgdF8LQbEDzZXsFwwbiFfzE051ABnp+8Wwg5OXaBwn3N/3IL7H
Ja01cllz4z+bbHXJ0AVlPV6XbiWT04T5DxAK4jPjf7TALqRfNosQJa/fTYdHn9xIaJgDyEnVSqFf
Vj/kc1z9r9fGl8dsY8tHgqll3QoVLAsqBfVLU+uZ1aNDGizeu/pYySglh/uPDZNPUwZxSsl8QVfQ
6OaS3jyYW5Tp3zlJloRXM6V2ci2ALNFrMHGowxGFCHl3NNknKzLNwdk+Fnfkzz/J+4ix4Cf6G99c
cJDMobPcQHjb2p3GbqvVdk4qjx+j06y6XH47jkwYTOVLRXb7G/pMKQAdVKiyRoTTqulCtZ2cB6J1
Y1TnenIx0QFr1KdWMTflklIcSKt202MB4cjmAfeX5QJHI+pKd6FKNlfWOBuvZJjUQBQzJW2e9bqj
wIYqP/l4+ulER6RRy/3QKwP6KO8hXkYbw1RwBCiZGuuPInXJp9NRab2uRF4T0QwoPI1s9ufVu9D3
Q3wWnjubx2nkQD+54UuwHtPIL8V3RfjOgV1KrUZ0pK4ForS6/WBl+2Gt88is9LXKv2Rx+xg8oDz0
M0pZ53ZV59/4b5z18Z+S3uY3LGznHMHUUon8x7pQTn18HK+8PlCmP1izfzQKG0az81osfvp7jJUa
DjBXyJ69ZCHghFHvmKHMHEVOesaXDumMXtEFixOXBpsrdDSmlpXp8gJAWMxD0acDykjPAMKC8fxg
U0gyqeurfhrcHkQ0XpSdSqe+wKU6r9c8cyk3uLVRsnCo9e5KKhhjxsoIkPCM9d95UOyc8Mj9AvPz
jS336UwtS2ryEjA/cTc4Z4FeMOek73MX8bcXTCN/SoO5xx5MXUrk75zgdNnVNFecWwfcB8ZC6EAW
JDzS016ZXvGyMsAPC07fUx+kjyK+KYQlppZVUmf9rgMuDNcM8AFcHZxOfmYEjc3J3QcWbBBXLnrd
Ev/Dcs5urmhwE5cqyBL5mXQv2kb0d5/ebAxJwRL6R9Nl/e7BiLHveZ955Dn6LLNMr0w1KzOYUnz+
hvLlhgfgbDbMBi0LFaeedyfkvwBOeHOQUujZeamfSuRqsqnchQvVshn5k5xzhzlkuiRn1JdT1soz
MsNnwGqlYLGcXJqLjdz5fClX1lS9L3LE448/SeVwhVHhWd845+LBLb2XM0rlWa7/7EqpEgp659Jf
tz56Tu9zm2mYNGp1ibGSF35mARcPlNnLTYHTWGLH5KqUDtbqLMjEONXGjKuB06jPLf9uLlX7IPUF
bpZSXHsrDcCCVnoyplKn0uDs539N3m1soZQGC8EQdJfyXwLCS1wR/UoocmLZ+L1mqzFlCe08e7P7
4BfxAvoyTeL0xoXfN9Rz3ZtyYWi2NnQL3EeFRQxFE2jKf8vtb40RGmqJjxQsoZRP9Nq4RNaNNXz4
TAA+5HWOKhxSCIfv0+WLYuxTNZpgDNA1ZdZzgRUmkMx2SsAA/wUNk4WOXBGentLUFtRe4INWCcdf
Rj2BkhEYB7cbK3MqEixLKpb9XWcQXDBoGLmlji1ozwTXzyxKvqQuvqa3IUQFRwCRqfHq/iy47RSY
ELRr3+h48fCZUIvjYnR+PtpYhlT8ACZIXz9orbq981+7tfPobZ0X3NJZVR1p7xutOFuuZDrVu9Ur
I4wx/JZ1HcnQslZos5L4ClfNhOysYLeT2+mY2onLgwcWyunPPJq12jYvvlFUrm9FslCUR8rdeu3k
6sPBgop7vfiy00kqFtRXWzhDUzn8ZqvmjNCcPKEJLw2jnPSdR1EmtzqIJH2tMZRGTFhXA5ORyh7R
ke+paYh6nePjVutFWATzEYv8FfOYB/6Y/cRVizrUzrcuT+PRUSNvUhjiWuoCyJXyxa9X9L1QUr17
mbNRxjpSGwT8XLFYQS/n9n51IPmud9PqGPg8wxVAuqXeg+TwLSEnkjzx7pNlhSnerJaKSYtkar74
pqym604ZrzKM7NWyUSSt6kdmwzbpKlcifyfQ1/hG7WkwcwM32djEq+QfQivt5wY8RPIBS/wzZXEy
Ultt5LbQqZXXUCpP5fk+/B/+qVXulDwzrMYeDfFpu6cqPt9fIGfL+h21sSyh1CuwZzru6KgA+pV4
gVSsPWvQdWr1YbHKyMge4ruwUoM5DjlQfw/l3035gqbR+sUTLp2NFzwcY4Hvl/HpJ56pBb/8Mrq6
fL9/fnT1y5eO2SZb4snFXTJa8GD+PmL+p4vtlwdUFeaK5STdtR8uMj1tGw3NC8zDnPHNUti0NLMv
06tvYFWcHxrDxGmWjI421tU5R8vSVLGs7Nc62Mb7BxoiPCrj6FWfB8Ankz7T200+BQXsQOn9A/Gf
5xekx0eTT6cjXWtJKA/ASvV7fjA6+nRBJkf75xubqgiWuKUCPqiwlrGzEk/TPSOVn5R5bKFgU3dw
1OpAJr34tRYM5nkH3PfLtzV06jPPN56Lu5FVMI39s9HJ/lA8P58fGq3KsVE5NrPjVz87DHqvuh/y
BH6IIR/YshQLCtoTVfIjd6PXeVFg5XJ6aUHmqZslbIn6vWTBfOx+gRqALksP4GvEp99X2pCbCnln
KA8cNP+9lvqqZNB0V5Tq6qWx3pMp34AilpJfvVpTqLSTgSgQXuFkqPyUcfXMM4tVjyD+lm4rK/AC
pwtdh0XlcZWRnluHOjiA2QBIffBSwTe/KJep8BIcUWo/vGdfIn/nybQuuzqhLs6tA26CwschL/mc
Rnymow54lLB7qILqpXtQ9drJEnrv2KPRBh/YKd2SKnTUfz9fb0yYH76jQcktC9qTVcfq11y+3SOz
111yNdb3zQk/oFxHIo5f8aZL/dse2BNyYZ56+v4FukfUYRcjvWLNSc+43TFEh015VSZzfcU/nmL+
1dRWhHKt3a1uJDKmXrIcuffMO2S3L3uZRV+KfOqpW6HH+kA+0ygUS1YFlJz0zEMggXvD4xu+sZs8
GT/LyjQofq0FZcFo+XXJjPKdQ7MSW43KgrwWELwfCaAT3ApVQ6OTK1GqOSjDop6behtbj5LcLEvc
fQ2lBus8bbSi9jlP3WjmMs/R92PKdo5LYEzv+OK97p0SWjCKTZfhgiYJdTWTaMTqYz3/uYf97DBZ
f3y5CgLXS1eN+Mwiw9nhz5tSG1hZViH51dUr8GngTHlHQ4Ebkrr2wkv1Z/4yyjOBfNX+Id+yk42U
um4P4TZYNAKFweeEOs0VOwjCNY1GwBt37hcaOeLIkW/WNGgQuyIei60LmzA4oOgRS9a7tTej/Igc
8GDmzgluoWwFb855QC7thBgGMdq7LXO328734LMCyasRQmG1ZwyNdjsnueEe3n+H/1mBzxNn7wP1
yacLK7hbAKCG58bJHp/NrIAGAU8DG4cWzrAa1F64TO6yHO9BiA3ELlMNNZahb/aQI71X7eM9E47n
YBafOwzPzXgE3HKKEAKWcXCVQR6Ft6Hg7Lj4OnMKiW7PBB5iZ0XwkUbMkgQCYbxnBR6o4jXQTfbO
+HS6HKe+D/MpRY8Zc/JGuCX13uHR8f7Hs4kVSIdo/J7CJFkIU4QIcqPUAn81QxrHEKucvf8V/4A5
0oQ3YnrLxEW3LrvDDkwoWGhvYAX3U37fQJcUpz0azFM6Z3ssmK/bGaUd2ZpLH3dke0PQBYktej6N
xNRJOAABY5KSl4FLkMmCxYxkViJQNpNkwQgPwHsSCHLExk4VW3W7ge2l+DgfsH/geMhrzH25ofdD
njGdsTrh+JBAjCzJNGL0hix5GilexJ0R6GQXwjRKgB7GPbkh/gPjC3aXs9tx2IxCP8fkjgc/JATn
iDQiaGsfwOLuiEvUEDdHlrjvFiwgaTiHcgsYNC30Q8Vs1woIeQMpEhUjCQcpgUOAhdpxFGwQwVjz
aAJKidNCVY+DGIAKv1gi7IVvwdqMLMQeuUjxkbN036xnd4nYoRNPxIs0cTgMBbV58y6xampXY9xA
mDlWTWi273n8juAAA2WyHZfJrUvJP9EZsY3wyiyX7RKMWeLSI+Gj6hoCehEcNAR6DIyC3KZLokyJ
7ZVL56c1Zd98dsEgPAC7UschEYul+dGsuCUt8RnF7YjFLu9g9ClDpcE47PeUemg2sZU7uaVeysiW
EgpRZxu5S4kwmBg6ewPMjvvB7hIMBSD7IvWnYBXwqv14Gdi4OTB0fHQDftQUDT6CtYRrZ0ix2SKC
qjWF3oPmcZ2ICoKooADjoU5wr1AAgvlB2AaCM9L8NAAPwiaS+Vh0L2ACL4v4vQsexsAMAEl4bpAr
h7ZVCp3O0FexDfpknbjJD2C+JBKXOQwjn3CZysVkCzCkMG5MYRYBo6GQ7gpWVV+lwjmiNMBnftED
we6h6ASxb0vcJFDuq9/Ed+cLGMz40kZdH3zKcdAiUZSGiaRKg6FhfNBN4RKdC4NSbKHqyAFBb7nr
gNqrNUAfQZ/jYGjwrqbmaNC4IRvlngapAMJ8tJSD8r3Hp+A9mHCJpMM48N0Ex7bP5nS6TMDiZCxN
3RLGldlRXD7BXrtzheWFR8GgvWtIRpmTxQLhzAUVISIxfDAf2cygHsxESieH3kpxmJI5h47iOEzR
K1DQXKjZEKrtkhaiAOkiBMttTP/fI8AK5in9Md9+m/5xwkOhggqfuUqKXUwgfGD2hLiXKYRSM62M
ltlRiokg8FmMCqVf/MMGNBTjQqiEEYPYKSSfAJIPYffMTkXw5VJlOSIxWeWt2b0NtUNcIJKB63Jy
tEsmJ6djcnZ6fjoh+6PR2enRmIyOrgjUhB+OruoEGpHJJbQ6Ip9PLs+OyOjq8uBoPG5WQ0DJHma3
p8wxYpHLRULGQBwjQHvBREgW1siDrUHkZwNEbBFNGrjaL8OsYAWlIuCEAA3ehHgfczbpZFD5YQIM
sJkSJjhLJhB6i0AuM5KQcYk5BPO8uKD5sDX6giq/odtCZmM5IC2L6sp+ldfmGMC9WBgXUNsthTXe
Xq2SQt5WyOc0msLIaNjc82RVKgLQauuKoYbqqKuIugpit0+DVBQfuiZQmKXgg9v1LCdUnTBzQ5le
ZzPgJfH6xRBskksZ86XDQ/XAU8/JdXEhidwFpNA/loxDoT4A7bVaCitIOxbB4kGSFK4jOeTYZhH3
s2Qrr1YtGrpr6j2MaFRPPvANssKlSt4xzgpG7LKIi+1pM0d2Uj+U1ZUs4Yg60cATWX8dYiN1gdBd
qJkhgCNI8zDY6QoDQ9KGxAcSbsHJ4jhlGBiSBfTaPKs2MWihtEKretaRskZQRWVTaoNNH7UTznns
RRrcxJnuBzREquunPuRYSK8RyeYK2JFEzpCkFoVdcbwoU4oR89DHoNgOlUZCYAOr4BSSbifvsUMu
T1V9GmsjjHqSv2ycDSHJSzXUkYnKoWHDzI/l2HA/CFGrQPmI1gPtZIEhuYQU5yREXiMRFujgMmVP
NfVVkrFxUe2iAXF/14zv06ye8kMrCFiCHbarUgSUZgvuyRJzShOY0WIlLlSO8SMlRCUZEdvkzEed
lallyvJiU6a3N3ovZacwrEbLZCG+ftQwtA4UnScEN5JMGZUCRNQu6lgxdcUS0pHIcS4jCn28GIhK
rSY5gVoQfGlPFHfkYPSxDteCDlMYX3euA24vagUZPXP+DcF/l/SysruoyGNhHa1tk+w7EKgW1Jvt
4OZjYprgMPBhJQqEElwjQQfTBmKR9jRm+lTk6B6jGpaY1GsSVOLjKBhlxXYxAcS5BCp1B2kTL0zD
IGyo48rs5lyNutj9wvL+xLI868YYE54qmaBsl+6hpdbO0JQXbTfJSF3j0WguLqBqJqp8QUicRXSO
EKBPwGxx6ImKBaeXPiiPg51G2E8HnosrJ2K+jJ+iYHFCzicfhaYxQELY0zQhOD8XXVmIk5OLZhZr
/CRt4FW7Qlv0codN0/luNmH5kRg4UVHl2gKGqjhPsm8LyQk1enIQc5m4lDcYyEwGJ8ntYMFhAose
mM1TWDYTFRHMoQklMb3NIiWuj2TrRXhOm8KCYmIJThYsaj3iN+4GcjIslox+ID9P+T16fUROD8nW
zx9PD7cBM7g86ADt7yDch5F8LhYcA+cvEUxemkUFCJ7ARRNh7AA8/ed3Zxl/NbfRKD8IYbiMJJIm
VB84yRVpWGDj2eqISiHaMs9sJsTCOXe2bNynrlOgpVCmQHBjNMnCJsCXn/TIZgFiBqkUBbeBolNU
ZAG3cZ94cS14zTldgsfgTNLnt9mkHDOaSgMiFDeyc1JkXATAbDVMXyCZiBUO6e7y06WyL0Rb5dtp
rFZabBjIiQx16pqGvGaXhFAj3boeipFhXIUoJQXzEA3m+TwhwMu8ajqsZ61KC2orF6VkJ+/7PMUR
PJP5Rg1oNKXqYsyvGKHEcgS4If4WCRIuvhLpUrtYAA+YnP5OmWQ2xV1t4Dcub4oMt8j8Xbi4WPUs
JV4JHwXl8CEOEVpVNZSf+wFpDHLaKi1bq9WkEXAC/8iGHSibXYx/c23aYizj4kAjDcF/WazFRrEl
uxAkFnn1oXkohE3x+cBYBCC0J4uwp4n8SgpR6IhaTMkSuLimBB34NYhJ3pA5TMPiwjzFgk1uoeZD
E6nQdEddMU+DMAmTGNk3IQ9TL3NGdYCZTLRRAbEtwqEo8BuhCmKYSzAuQbJTpbNYypVLVLsqieOK
mpg2SrLMgaq/8MMK+VqHNsjR3xv4LcEKKR9uZXK4gGpzxrUegVHWkHdH8pYLjj0jVGniE+1NlwuN
IZAtfZz2xPj8TAwI40J1nMup86Q4LyCIIEbn8wgm0HKxTK2syQUE/ATcTRWf0A9G8OXhJX41qaFC
vsx8GBTumKytKQydOyExFooXAAStqS1nQ6LNLS9dU3bOA6NCh8rzypkgx+OHfkSm0ktEQee66aDq
DtBPtJWrOsTHcEHrBF9GFek5yaswCL0zFkGl3cAIFGD6k2ezbCVzBS2thKm7UFp6TaHihEwuolgW
LBRD0fPyfCbjQU9LrHpXJ65fxGqVf5EptseRgKEZexYDJgoUS3zqomw5t1kIUGd0CZk1n87wKmzL
3pWjQls5UTyAfaLsma2RLBRRRAyc5Ki6WUUMXHKGqYkjCkd3ljOC2QcAkfcXMAJlCwcyxgE/FSKz
zEY9l8ZqVgKFJPVDLzvCkgd0VH21m3WaPAd+iytYu+TfolaB/FkXS1q/IlO5vUKeJvX7HgIG1o2R
66hFg+y2lFgNWJWxREIXGToW9bGYbOILYKCrSre6+lKu0EH+JHgbC7OCzF6FxF1yfLY/2TX/0a93
h/dGvX3frpv/MP7hYD0kxvkW3ge3MbjuDVoyFMujTndbFnnyFoM+V5cjHHML2FgtpYnSQ6yFQa/Z
SyK/DpdGWVDOJihRfnNCRBzgIz4GiestcWawRnZjA3xBVrNvjkWoEaJE+xKTVFQK6huvGqUhSkut
5uOhmN6yewh8sZrb2Tc4O4jFPAYsMnWhLl/KGk60Q7ygCsw8ZBqRY0aiFPyhGInyWF2r19h9woI4
e6HwACoE/eNmjnjduzj23Om9uIOXU8ApgjgukUK7zCT+HZRk7dJH0+QnovLjqa2+hJVT8OZV4NCo
RIuWYcLF21htsX2FrT7yW7RIo5IqkOLxKZBWq20Y5lB9qBfTld4IaGIrf42SlD7xNndKR37p5ILG
JcWx1HPwXrhGw8+6lcyIg8SZKiR419+fypt5eit/CZYTH5dTv0h+ajw6K1s8SLwHl7o6ZXR4WbrC
4deiUZUoO6t05aLcC0X6uxbVjf7BuJY4H+MOYJpFxAVxiUfx+TR8ss7AbwPWazDvSUVMm6fSgBnL
KzZTiz0lvgufl7pi7GK8+fm8ZBt3Lr9rp0ThY2cJv2EBFFYlWBW/hkPU8EGbO3yBvERcUnGlqR43
/uKG8jmboZD1C9ZglyOx2lNc9fXr/wEjZGaY
===END CRASH DUMP===
