PocketMine-MP Crash Dump Tue Oct 19 10:57:45 +07 2021

Error: Undefined variable $coin
File: plugins/NapThe_Trumthe-main.cc/src/hachkingtohach1/Napthe/Napthe
Line: 231
Type: ErrorException

THIS CRASH WAS CAUSED BY A PLUGIN
BAD PLUGIN: Napthe v0.0.1

Code:
[222]     }
[223]     
[224]     public function napThanhCong(string $name,int $giatri, int $ucoin){    
[225]         $player = $this->getServer()->getPlayerExact($name);
[226]         
[227]         $this->getServer()->broadcastMessage("§l\n=================\n\n§l✾§eCảm ơn bạn §a".$name."§e đã\nnạp thẻ (§a".$giatri."§e) ủng hộ server§r\n\n=================");                
[228]         
[229]         //event x2:
[230]         $ucoin *=2;
[231]         $this->getServer()->dispatchCommand(new ConsoleCommandSender(), 'givecoin '.$name.' '.$coin);
[232]         
[233]         $totalmoney = $this->getConfig()->getNested("database.$name.totalmoney");
[234]         if(!isset($totalmoney)){
[235]             $this->getConfig()->setNested("database.$name.totalmoney",$giatri);
[236]             $this->getConfig()->setNested("database.$name.coin",$coin);
[237]         }else{
[238]             $coin = $this->getConfig()->getNested("database.$name.ucoin");
[239]             $this->getConfig()->setNested("database.$name.totalmoney",$totalmoney + $giatri);
[240]             $this->getConfig()->setNested("database.$name.coin",$coin + $coin);
[241]         }

Backtrace:
#0 plugins/NapThe_Trumthe-main.cc/src/hachkingtohach1/Napthe/Napthe(231): pocketmine\utils\Utils::errorExceptionHandler(integer 2, string[24] Undefined variable $coin, string[84] /home/container/plugins/NapThe_Trumthe-main.cc/src/hachkingtohach1/Napthe/Napthe, integer 231)
#1 plugins/NapThe_Trumthe-main.cc/src/hachkingtohach1/Napthe/checktheTask(63): hachkingtohach1\Napthe\Napthe->napThanhCong(string[11] Caodinhmanh, integer 20000, integer 46)
#2 pmsrc/src/pocketmine/scheduler/AsyncPool(319): hachkingtohach1\Napthe\checktheTask->onCompletion(object pocketmine\Server)
#3 pmsrc/src/pocketmine/Server(2393): pocketmine\scheduler\AsyncPool->collectTasks()
#4 pmsrc/src/pocketmine/Server(2152): pocketmine\Server->tick()
#5 pmsrc/src/pocketmine/Server(1992): pocketmine\Server->tickProcessor()
#6 pmsrc/src/pocketmine/Server(1586): pocketmine\Server->start()
#7 pmsrc/src/pocketmine/PocketMine(314): pocketmine\Server->__construct(object BaseClassLoader, object pocketmine\utils\MainLogger, string[16] /home/container/, string[24] /home/container/plugins/)
#8 pmsrc/src/pocketmine/PocketMine(344): pocketmine\server()
#9 pmsrc(11): require(string[71] phar:///home/container/PocketMine-MP.phar/src/pocketmine/PocketMine.php)

PocketMine-MP version: 3.24.0 [Protocol 465]
Git commit: b54854529f8a1366e156f8ec32e02635ec670e95
uname -a: Linux 70ad3400-c5fa-46ad-84f2-694f522c3898 4.15.0-159-generic #167-Ubuntu SMP Tue Sep 21 08:55:05 UTC 2021 x86_64
PHP Version: 8.0.11
Zend version: 4.0.11
OS : Linux, linux
Composer libraries: 
- adhocore/json-comment 1.1.2@fc2f76979f0a44a5f5bc2a2b600d0762fe0e78e7
- daverandom/callback-validator unknown@unknown
- pocketmine/binaryutils 0.1.13@0abee38d4e2861621f262c79a2a3d699d8a697f4
- pocketmine/callback-validator 1.0.3@64787469766bcaa7e5885242e85c23c25e8c55a2
- pocketmine/classloader 0.1.2@9757928424652393b178a3760073113aa7c9911b
- pocketmine/log 0.2.1@830b44a2cf96ef703c550abe64302f230231ca49
- pocketmine/log-pthreads 0.1.3@e477ecf6ec214fdd4415ea1da3fdd9d73bf699ea
- pocketmine/math 0.2.6@43057cb8c179a9859677b496a788db922fd5cfc3
- pocketmine/nbt 0.2.18@9f82ca4d7f97fcd9a566e44b63c4f18a7657ae82
- pocketmine/pocketmine-mp 3.24.0@b54854529f8a1366e156f8ec32e02635ec670e95
- pocketmine/raklib 0.12.11@9cce458b8bfde3e4dfdbf70c659fc7b7fe26b5c4
- pocketmine/snooze 0.1.5@70b5e7937a06878dd321a3182ceb76d56298f2cd
- pocketmine/spl 0.4.2@6b08b7cf8c4afa17139c9a1b3bf1b408531de161

Loaded plugins:
AcaciaWoodHS 1 by BhawaniSingh for API(s) 3.0.0
AlwaysSpawn 2.2.4 by Philip Shilling for API(s) 3.0.0
AntiAuraBot 1.0.1 by  for API(s) 3.0.0
AntiInternalKick 1 by Jibix for API(s) 3.0.0
AntiToolBox 0.1 by NgLamVN for API(s) 3.0.0
AutoClearLagg 3.1.0 by Twisted for API(s) 3.0.0
AutoFly 1 by PIG for API(s) 3.0.0
AutoInv 0.0.10 by JackNoordhuis for API(s) 3.0.0
AutoSellUI 3.0.0 by LetTIHL for API(s) 3.8.2
Banking_vonfram 1 by Noob for API(s) 3.0.0
BeetrootHS 1 by BhawaniSingh for API(s) 3.0.0
BirchWoodHS 1 by BhawaniSingh for API(s) 3.0.0
Broadcaster 1.5 by EvolSoft for API(s) 3.0.0
BuilderTools 1.2.0 by CzechPMDevs, VixikHD for API(s) 3.16.0
BuonLau 2.0.3 by PIG for API(s) 3.0.0
BuyFix 1 by Twisted, NhanAZ for API(s) 3.0.0, 3.7.1, 3.8.1, 3.9.3, 4.0.0
CarrotHS 1 by BhawaniSingh for API(s) 3.0.0
CmdSnooper 1.0.0 by HotshotHD for API(s) 3.0.0
CoinAPI 2.0.9 by onebone | Edit By SenKai Official for API(s) 3.0.0
Crossbow 1 by SonsaYT for API(s) 3.0.5
CuongHoa 2.0.3 by PIG for API(s) 3.0.0
CustomAlerts 2.1 by EvolSoft for API(s) 3.0.0
CustomItem 1.0.0 by Phuongaz for API(s) 3.0.0
DEVirion 1.2.7 by poggit, SOFe for API(s) 3.0.0
DanhGia 2 by PIG for API(s) 3.0.0
DarkOakWoodHS 1 by BhawaniSingh for API(s) 3.0.0
Detu 4.0.0 BETA 2.0.9 by CLADevs || GreenJajot for API(s) 3.0.0
DevTools 1.14.2 by PocketMine Team for API(s) 3.13.0
Disable_TNT 0.1 by  for API(s) 3.0.0
EconomyAPI 5.7.2 by onebone for API(s) 3.0.0
EnchantUIVH 0.6 by UnknownOre for API(s) 3.0.0
EnchantVIPUI 0.6 by UnknownOreforsource|RBpmmpformod for API(s) 3.0.0
FarmHS 1 by BhawaniSingh for API(s) 3.0.0
FastTravel 1 by BhawaniSingh for API(s) 3.0.0
Fly 1.0.0 by NhanAZ for API(s) 3.0.0
FormAPI 1.3.0 by jojoe77777 for API(s) 3.2.0
FormImagesFix 0.0.1 by  for API(s) 3.11.4
HealFeed 1.0.0 by DafaRahestian for API(s) 3.0.0
HuongDan 1.0.0 by VbeeMC for API(s) 3.0.0
InvCrashFix 0.0.1 by  for API(s) 3.14.0
InvSee 1.0.0 by BlockHorizons for API(s) 3.0.0
JoinMenu 1 by PIG for API(s) 3.0.0
JungleWoodHS 1 by BhawaniSingh for API(s) 3.0.0
KeepInventory 1.0 by KhoaGamingPro for API(s) 3.0.0
KhoeItemHand 1.0.0 by S2TwKen for API(s) 3.0.0
KygekRanksUI 1.3.0 by Kygekraqmak for API(s) 3.0.0
LoadAllWorlds 1.1.2 by  for API(s) 3.12.0
LpkCuaHangUI 0.0.5 by phuongaz | Moded by LamPocketVN for API(s) 3.9.0
MSpawns 2.2 by EvolSoft for API(s) 3.0.0
MaxEnchants 1.2.1 by Xenophilicy for API(s) 3.0.0
MenuUIVHPIG 1.0.0 by PIG for API(s) 3.0.0
MuaDetuUI 3 by VanLXYTB for API(s) 3.0.0
MultiServerCounter 0.0.1 by luca28pet for API(s) 3.0.0
MultiWorld 1.6.0-beta4 by CzechPMDevs, VixikCZ, fuyutsuki, kaliiks for API(s) 3.20.0
MysteryCrate 9.2.0 by JackMD, DaPigGuy for API(s) 3.9.0
Napthe 0.0.1 by hachkingtohach1,tungstenvn for API(s) 3.0.0
Netherite 1.2.1 by Wertzui123 for API(s) 3.0.0
Nick 1.0.0 by MDevPMMP for API(s) 3.0.0
OakWoodHS 1 by BhawaniSingh for API(s) 3.0.0
PersonaToSkin 0.0.1 by XenialDan, DenielWorld for API(s) 3.11
PiggyCustomEnchants 2.4.3 by DaPigGuy for API(s) 3.19.0
PiggyFactions 1.2.0 by DaPigGuy for API(s) 3.13.0
PotatoHS 1 by BhawaniSingh for API(s) 3.0.0
PureChat 1.4.11 by 64FF00 for API(s) 3.0.0
PureEntitiesX 0.7.0 by milk0417, RevivalPMMP for API(s) 3.19.0
PurePerms 1.4.2-c2a by 64FF00 & ProjectInfinity for API(s) 3.0.0
QuestPlugin 3.1 by HmmHmmmmm for API(s) 3.11.0
RandomBlock 2.0.0 by Edit By Nờ Cờ Dờ for API(s) 3.0.0
RankShopSystem 1.0.0 by zZPROGAMERZz423 ( Edit: PhongGremVN) for API(s) 3.0.0
RedSkyBlockUI 3.1.1 by RedCraftPE for API(s) 3.0.0
SAC 3.6.6 by DarkWav for API(s) 3.0.0
SETVIP 2.3 by MCPEVN TEAM for API(s) 3.0.0
ScoreHud 5.2.0 by JackMD for API(s) 3.0.0
SellCommand 1.2.7 by Muqsit for API(s) 3.0.0-ALPHA9, 3.0.0-ALPHA10, 3.0.0-ALPHA11, 3.0.0-ALPHA12, 3.0.0
ShopKeyUI 1 by VbeeMC for API(s) 3.0.0, 4.0.0
SimpleWarp 4.0.1 by Falkirks for API(s) 3.0.0
SizePlayer 1.0.3 by  for API(s) 3.0.0
Slapper 1.6.1 by jojoe77777 for API(s) 3.20.0
SlapperPlayerCount 2.1.3 by  for API(s) 3.12.0
SlapperRotation 1.2.1 by jojoe77777 for API(s) 3.0.0
SpiderUI 1.0.0 by MCCreeperYT for API(s) 3.0.0, 4.0.0
SpruceWoodHS 1 by BhawaniSingh for API(s) 3.0.0
TableSpoon 1.0.0 by CortexPE, Xenophilicy, HyperFlareMC for API(s) 3.0.0
TempBanUI 2.3 by SonsaYT for API(s) 3.0.0, 4.0.0
ToCao 2.0.3 by PIG for API(s) 3.0.0, 3.2.0
TradeNPC 1.0.0 by Free for API(s) 3.0.0
UIShop 3.5.4 by SaltyPixelDevz for API(s) 3.0.0
WarpsPro 1.3.0 by nikoskon for API(s) 3.0.0
WheatHS 1 by BhawaniSingh for API(s) 3.0.0
WorldProtect 2.3.8 by aliuly for API(s) 3.0.0
cayphattai 1.1.1 by PIG for API(s) 3.0.0
iProtector 3.1.1 by LDX for API(s) 3.0.0
tichluy 1.0.0 by LetTIHL for API(s) 3.0.0

----------------------REPORT THE DATA BELOW THIS LINE-----------------------

===BEGIN CRASH DUMP===
eNrtfY1z27ay77+Cq3Rek3slWaS+3XEnju00buxYN3LS3h6dyYAkJLEmCZYftpXT/u93FwBJgFJs
KVbz3sw7OR8Wl+Bif7uL3QUIkv9qzHkS0uzTLUtSn0eNw16zkfkhaxxag25vYPVHg357NO6Mmo08
VifGw/awP+yNLfg37Pe7w2YjoGl2liQ8aRz+q5GtYmjWEMdn9y6D64BzsxGyNKULPPUh8tjcj5hH
bmniUydg5DuX+9hongfBaz/AVgdLHrIDl0cZhbbJQRzkCz9KD97R+HrJPl0neZgtWSuEs23XPUgT
92BJ3eWNHy0yjr8sbApN1J92vIyxB8n9qdyAUwBiNQ7trgU6S6gLv//ReNYhT+X8HDi+OCQxd29Y
FkIfs1me+UE6m33AP4eHzNDsGxp5AUue+1HGFiwhdpOkWQLM/2H3/km+pOqy0Qga7VvTTVIKA1BA
U8+sJ2jFXTL3Bn5c0/Tm+aALqqk1nM1ky+Jv68cIO6HR8oRHi+cKqGX9k5xQ7vnRMoRTmowd+Fcd
9gZCYpvEIQqF/6tMcZCCNF4O+j44TleRO+E8eN61xg8Jpcvf+pFHJzyMA4ame86d35mbGaaesgQG
oxChu1kE2QK8ZNytuUkp3GxWStf60eVBAL1g9+lzwbj3MGOrb9cYyzOtHzPfvZEs+g+ysMbjh1hM
Eu5CMOCJ5DV4mBfEoC/wSjOaZJLHcDOPifh5CT/BSr0vsPn0CVwfvCR3s8Iir2jKTiCqpReceixp
kg2WUoPyEjz4gi8W2KpwtcH6mDJG5ZcGnIAyehxKrw4llboS14/l9c8tjCIJ+yP3E1YMgiEMgnhJ
k8ODg7oMFf/W5aSNjb4sAYbSF41//tVssP1E/f3HZJBNsvvkR7c8uGUhizLowwNtuFmjOAuU8lqX
ewyh2LYNZAL//gKqbXfVkTjoqYM4dwLfJfM8chEp2RByyHcRDVkTAgv5buFToIkoQ77LEfaLf5U8
+4on/vsuDugKwtAR+S5b+mnrxwXL1Eh4IQ4m4vzZPQVvFR28+EEwGWhMBGGoc93Ay0nAt13I3JfS
RM9njVne6dBhMJtFR/V/QMP/qga5PewyecBOZrnFaDckcGxRKyKOIMAP2YDOGm0haLvogImmloVH
rAtsI3lFTLIl/nIc8ly7VuquuvoFwUZsCBoWzb0xkf4vzydS1HUEjRc/kNo/oahRXXNjjXBwwG7B
c8i9fYjnuh1dq8KQ5D+PbGGCrvWIxj0/jWnmgo+EkIK85xG7I+AvKQ+YIk0ZDBJo2yTfL/xbJth/
r7T3Pf4SniN7s2tid7tG9zyjQcgjtjJcCbqb+wvlSu9YmjEP7O7RjDoQ8lRP1bWoM8G7p/H258//
w09TBv5XtXzx4l+ioe7Lph6qrtPtum4qyysRBk/jjJpDnpoG9RHyFwtSJiGM6h0JM+ysxVz2qPoa
71MvmnH/ixha6nX2pyXkXWmrp3v3X42//l30/rvo/XfR+++i9/+3orfZWDC4lAZYKmLMhLBosAFx
MKBWayqNbtvutTtIz/3Ag/IUip9mw08/eey2cTinkHmgHk14xsFtG4e9QR868bFadfq9Ub/Xt8fz
EbW6gwGz+oP5iLldm3XsQbfP3MGww8Z94J0rWS78KL8nww71ur1Op+X257TVG1CvNerN7dZg3Jv3
bdvtjsYj0mtb/XanZfXHLYEJ6tln1mDY+uDkUZaT6eWEXOeMTFlMbIt0Rof9/mGnTz5cn0D8AMr9
aPBp0MNaehlDz6N2p21ZcPgZqhg47hXHcPoTTwvZgCAOAnXgQmjgYMtPge8kEK9Zipql3hK0kbCD
31MetaCNqt+tttW2X85dez4cjIfjeYf2erQ/7zuuTW1n0Ol4neHAnrMOG47YENh7FAwB6YKHBy4N
Aoe6N61bGviQ+HDmAnq7ifhd9FL9RXEr6zt+RJOVcHpoCnDaVvdlhzqMdUdej9mjgTWwrbk9sN3h
mNq06w3GY29EQbR5z2S1sXMLVNR9OegNR8MeXDMYOC6FCrc/GvXtns1Gfdfuunafjdx+n9o1hjhU
AzFUlWz2y/GwPxzbo54NPoSx0rGGI9odglqGXcvqAm93PLYsx+QU8IXgYLetl6NuxwGN2u58PGDz
YacLPSPgQa/bsedQ/0J2c2lvvMahBYE/YdQrFNV9yXrDIXPnA+baVm/ueb2e1Ycq36NdOBh7w64z
B20xarIKabZU0gxeQqf9oeuMXAvUOx71x4Ph0OmNB3Q4GnnO2LbnXt+du12TReRkBZ7RSxg6Ngjs
DedgE9cb0z4Mo17PGXTd3twa0eGgP6RsVFNu9bMVxuUQfrnDeNSYJfQGfFvqBWSyXo5dl/X6I2fk
zD3WZT1v7jmga3fQH8/doTOcM3vg9N2aB6UR55+ZUm//5bDj9Nlw3B3SzmA0HHle17Zo1wK0zBkO
vP7AHo/mtuvVmMSB4NADbxk4nZEzdOcjt0fn1Bpa3bE7ppYDhrGcXmfU71oeswZW469yNi3G5rFL
XZ/+wrn3ZqpFQYPcbFTxD2MAzbMlT1IsF18t6R2N/CnE5iXGUxr7SO7CWOjgMYuwZIMIAtkJAqPH
YogneCWcS/k8O9UJWEvV+p7N9B6gLCjP4QIBDBiM2FfT61+u3l+cAumOOamfIQKsao+DO7pKpzGF
WKBh06g6NBucrGfCmyz9wI/JFP5AiFvsC2Es2KaK62xGhUQpSjSbyYxdwZteH7+//jBZBxdl/nGe
0Fc808FpVMNuGMANcHvCcrXIP0Op+iHMsyAHA1X9GwdbmQuan0MVm0Q0eAtlVg2WceoBn/zZd/z7
fZlKMJNI9P5l2bQtqGuoY1/x+xqegqpDqRup8W5xQcOP7/YFR7GTgJQA6y63GQ2UMcvcgWlleFBI
hfjyjJ8EjCYXdLHQERp0HWMXQl7HRHl95+Mcdl8oM8kOBhYI4aIQAQgBoGsyPQh3mWVxCnWmBluJ
CXOTIA8vTw5MfkoZr4NVTQ1IecBfJ+c/7S10yt528E644Dy6rQmMFNMrwS9rJvsZ6p93nCfeMvfT
fcn/OzCNCqbSfH50Kw0nhdoK0ZQFwYfzGihFND2xU/fEC5Zdn7+5MACN2vbXAlLstjfIKxrhJPzT
LY/mCQ01DPUzD3gU2MXZW8QAXpCFofMdQDCWJZxnRkmhEb9xQVH1XC8nijNbgfITd7lWKOnUbw2r
6noNV3FqK2DFzQOW6MA0qllI9E1oZ7c8mIKIe4NVdQxADCkeqIiKaH13d9dmIBFyb2c3Ah/O1FmC
2S7VAepkE6Fdjwonn5m7nFyeslts+tG/92/enBqArcHXI3aRexx6wH02c6RYGYoF+E0hd01YmtwH
BiuhFh5d0NzQiKSYRTHMav+2fPVql8iYr17794a4gvDAqCvKimbjHZSox7+tid2Ev0NRcmGUl3/H
Am/vSbCEZNtDO6FJUouWJekbB5Wi33pEkfStwITeFHJ4bEQTjVifldSG2huepUuQ4HRfiNzQS2XX
gEIX43EkUHwcT/Q6oqDUR8jYxMAj5sD/yJ/kzPMz8mpFpix6S31yNZ/7MH8N9oVNdTSb4S0RYAgI
Swkfh5fwNHX4nY6vID3gdVMepfR/rmsQ+l8LQbEDyVXfOwwbiFeLN5zqAArSt4thJ292kTjNeHgc
QHxPDak1sim59fcmW71nMIEpx9elW8nkPGPhGkJBfGT8T5ZoQvp5vwix5+3NdHr20U+EhCWAklSv
FIam+DFf4HJ/szG9es32tl4kmM5mt0KE2QwqBfVLE+uR5aJTGi1/8vWxUlAMh/vbhslHh0GcUn3u
YAqa3FzRm7W626R/4yRpdF7PlNrJrQCyTK/BxKEORxQi5NXZ9THZkGlOLo6xuCN//kl+ShiLfqa/
8/0FB8kcjOVHwtu2Nhq7rVfbJckcP1avXXe58v4buWYwzTWK7O4TbKYEAANVomwR4bRquhLtoOSB
aP0Uxfl0/e5aB6xRH1rh25dLyu6gt7qZvhQQzlwe8XBlFjgaURe6D1WyvbHG2Xslw6QEopgxpHnU
684iF6r87MP5xzc6Io1q2mFgAvogbxpeJXvDVHEEKIUY248idcnH84mxlmWQt0Q0BwrPE5f9+f5V
HIYxPirAvf3jtEqgH/14F6yvaRIa8V0RvnFgl73WIzpStwORZtcJvWWBAaQkfnMwRc91QFtbxVjK
XlvGXi/evjDN/loAu6xkvwaXNmNZQTFl7tZl/p3/ztkQ/xly209YxS45gu9IIcof20I5D+mCpeaC
h0lfW6D/YlqxrHbva7GE+R8plp4YMXzR93yXlY03jAavGfZZoihJj/jSKZ3T93TJ0syn0f4qN43p
bFbIsgMgnJ1AFasDKkiPAMIK+PJkX0iKXrcX/Ty6PUloujSdSqfu4FK9r5e8cCk/unWxZ+FQ292C
VDCmjJkIkPCI9l8FUL294Yn/mUd7u19lMJ3NpCS7gPmZ+9Eli/QZQEn6NrcMf99hXvxzHi0CtjYX
M8jfOMnpfdfTXHVuG3BvGYvBgCzKeKKnPZNe8zIT4Nslpz/REHqfJHxfCA2ms5khzvamAy4MF0Fw
t7UOTic/MoKm9vXdWxbtEVfZ9bZzlrerBbt5T6Ob1CiJDfIj6V60TegfIb3ZG5KKJdhHk2V782DE
OA6CX3gSePq02aTX5s61KZkRn59QvtzwCJzNhentbIaC0yC4E/3vACe+OckpWHZh2Mkg15NN7bZi
rNYByZ/kknvMI86KXNBQzsFrG2LGj4DVSsFqfdyYXE78xWIllwrVBEbkiC9v4JLC4ZKpwrO9ci7F
1jPdygWlthvt7136VZ2C3GXvX7fge0nvS51pmDRqfc20lhd+ZREXW+Lc1b7AaSzRMKUoxsFWxoJM
jGsHmHE1cBr1sfXs/aXqEHrdwc1yiouJxgCsaMY2mFqdSqOLX//n+tXeVn5ptBQMQXbZ/y4ggsyX
zzmc8DwytyhsOPlwBdsIcpfao5jtbRCVDBFbXZodYYogX4cniaaPDdqdlsMy2nt0k8LJb+I9DKs8
S/MbH37f0MD3b8z61+7saetCiAKLVKG0UQj/lG0LGiNU1Aq3gqxgxpLpUwCDrCtrvL6XAzeuXaII
pxSi/k/5aqdU8lApKhgDdE2Y7VxggwokswMDGOBXDzhXyMsnnh/0+9qzXc0MKmNgHN3urZp75JG2
bQbBOwYNE98wbEV7JIf8wpLsc+5bdndfiCqOAKIQ46vtWXE7qDAhaHOf87u1vc3rGQXHxeTycrK3
QkDxA5g77WzedFvu/9otuS/ejtvhVtwEBOYRvebTG19f4DHpjww1qDx8GsjloFP4zWTxbt7Hsr4W
5r3g7uGyjyHVLmsOm2pdDeyGs2Zd2qtvptgYSK3xU1bpJEMAuS7NRuJXjMiik4MN7A5KPb2m4p0Q
axoq6Y/sHNysm53vY5qzFZETFeULk5dm4837tydLKrYi4MN3b3Lhg5s1XKCpHT5ZqyUjVCfPaMaN
aFGSvnGwKPqtxwpJ32oM5QkT2tXAFCTTI3ryuUkN0aD3+nWnsxMWwRwGfLhhVrrmj8VPXINqQjy6
9XmeTs5aZZNKEZ+kLIBcCV/9+grbCyHVk8AlG6WssyjzM5+lv9Y0VtHNuDqsD6TQD246PQu327wH
SLc0WMuBTwk5ieSJN0dnszjHvRRSMKmRQsyd9wxosh6YeJVipFVNpUha3Y/slmvTTa5E/g8BW+Pz
3efR3I/8bG/TaMM/hFTazz14iOQDmvjvnKXZRL3Gp9SFTq09QVTbNBqG8F/4V0uzjw2raUBj3Az6
UGEbhkvkPJv9gdLMZkKor8BeyHigowLo78UDzeJOggZdp9b3MtZGRrHH9J14gY5HTtTfU/l3X76g
SbR9jYgLodMlj6c4jwlNfPqJR0rez79N3l/9dHx59v63zz27S56LjbWHZLLk0eKnhIUf373YPaCq
MFctDuquvb5k+LBuNDQ7qId505uV0KmxTmPS6w/P1ZwfGsP8cJ5NzvZm6pLjbKaJMpsVv7bBNj0+
0RDhkYljUN+ughvnfqG3+9ykB+xA6OMT8X+P316Ynl1/PJ/oUkuCOQBr1e/lyeTs4ztyfXZ8ubcZ
mWCJL/jAfTRbKbso8TTZC5K5ketL6yH7uh+nFkGK3qtfW8FgQaBen6Uj0aiPbL+9FPeW62BaxxeT
N8dj8XhHeWh1asdW7dgujr96azvIvenu1gP4IYa8ZSsjFlS0B6rkL+wt2OY5lo03R4x1p4dufbEV
yrfL7Y+pj68P+oUmsQ6yItY3v9aQvqbBjZ/cPPEWfrE5KkrnYtI8DfiddniWplj/0SCVQVWhnau+
Z7NUyHsH8oKD67JvAf8zk+/9M+CXxHom7P4du0VFfxfYH4pf/N5KfFUxabIrSn2N2tpum9UTUKSy
569ek6tEOihAVAilOcRK/jpY/WTteY0HDPaUm7Isg3m977ouGGxNhh0Gn7z2PU50zQcc6mceWW/9
gjmf4pOmADtgin2PJWbMLEiPLaWenMBMD3pde56p89RnAAsRdsGR5O767hqD/I0XSvS+64sl1blt
wF1j59OYGz6nER8x1AlPMnYPwbhp3C1uNt6swHqvA5rscWudcfO4klH//Xgtec3C+BWNDLesaA9W
lJufsHu6RxZP2pVibO+b1/yEch2JOP6Kh+yaT9taK/qdzYDzDrIn1GPvJvpspCQ94navITrsy6uK
PrcX/MM51laa2IpgzqP69ZcWTWmQrSb+PQtO2e1uz9Hpy8wPbfgXcmwPBGsjsRxZQSlJj2zXivwb
nt7wvd2nLPjNZoUE1a+toCwZNZ/ULijfODSrbutRWZC3AoJ3pQB0hq/Q1tDo5FqUao9MWDTw82Bv
a42S22wmNhDEUoJt9gVuKOwucz+Z+yzw9He/Fe+ozGBMH4TilRIHBlpQiktX8ZJmGfU1lWjE+ga8
v29brhvvUNX5CgLX63KN+MgC0sXpr/sSG1jNZlXPX12aA58WroIcaCjwNcW+uwxyfXduQXkkkG96
rc9TXjAle93WQvjKPZqAwOBzQpz2hreVwjWtVsRbd/5nmnjiyJMP9bVgXuqLeCx2F7VhcEDRI25H
HDaeTcojIl8LTfAV/LPo2SWPyJWbEcsiVvewYx/2u+X7PmeR5NWKobA6ssZWt1uS/PgI72vDf2ZR
yDPv6C0Nycd3s+huCYBagZ9mR3w+n0U0imD24eLQwqlIi7pLn8m386dHEGIj8Ua7lhrLYJsj5Ejv
Vfv0yIbjBagl5B7Dc3OeALeSIjoBzXi4giSP4ttYcPZ8fJNCDonuyAYe4i2u4COtlGUZBML0aBYF
IErQQjc5uuCOs5rmYQiTRUVPGfPKRvjBg6PTs9fHHy6uZ5F0iNYfOUtWojNFSCA3SinwVzumaQqx
yjv6T/EP1JFnvJXSWyYuuvXZHRowo6Cho9Esunf4fQtdUpwOaLTI6YIdsWixrTGMtz+2VyG+/fEZ
QRckrrB8noipk3AAAsokhpeBS5DrJUsZKbREoGwm2ZIRHoH3wAwzIy4aNSMOI37kBjluvAX2a46H
vKY8hCvnyKDOM6Vz1iQc97mkyJI4CaM3ZMXzRPEi/pyAkX0I09gDWBi/5QDxHxi/Y3cluwOPzSnY
OSV3PPo+IzhHpAlBXYcAFt/EukIJ8dXoEvfdkkUkjxdQbgGD9gz9UDE7nEWEPIMUiYKRjEMvkUeA
hXq3MegA14ACmoFQ4rQQNeDQDUCFXywT+sIH8F1GluLV5UgJkbN038Kyh0S8DRhPpMs88zgMBfUF
jUMya8idgsQNeMq8WUNIdhwE/I7gAMNPTqiERW59Sv4bnRHbCK8sctkhwZglLj0TPqquISAXwUFD
wGKgFOTmrIhSJbZXLl2e1oR99osPCuER6JV6HklYKtWPasWXX5OQ0TRPxDAnoHSHodCgHPZHTgNU
G37uICK3NMgZea46hajzArnLHmEwMXT2Fqgd3zx9SDAUQN/v8tABrYBXiReA4zu/wfDJDfhRWzT4
ANoSrl0gxWbLBKrWHKyHrwhvElFBEBUUYDw0Cb6XGIBgfhC6geCMtDCPwIOwiWQ+FeYFTOBlCb/3
wcMYqAEgCc+NSuFQt0qg8zn6KrZBn2wSP/se1Jcl4jKPYeQTLlO7mDwHDDmMG1uoRcBoKaSHglXd
V6lwjiSPcHc+eiDoPRZGEK+MStsEyn31m4T+YgmDGR+vauqDTzkOaiRJ8jiTVKkwVEwIsilcwrgw
KMXrmj05IOgt9z0Qe7ME6CPocxwUDd7V1hwNGrdko9LTIBVAmE9WclD+FHAHvAcTLpF0GAehn+HY
DtmCOqsMNE6mUtUdoVyZHcXl12i1O19oXngUDNq7lmRUOFkqEM59EBEikvwUCLCZQz1YdCmdHKyV
4zAlCw6G4jhM0Suwo4UQsyVEOyQdRAG9ixAsX5n8/zwCrGAekh/z7dPkTzMeCxFU+CxFUuxSAuED
syfEvUIg7LWQyurYPSWYCAK/iFGh5Eu/34OEYlwIkTBiEDeH5BNB8iHsnrm5CL5ciixHJCarsjW7
d6F2SCtEMnBdXZ8dkus351NycX55fk2OJ5OL87MpmZy9J1ATvj173yTQiFxfQasz8subq4szMnl/
dXI2nbbrIcDQh90fKHVMWOJzkZAxEKcIUHycodBGGWwt0D2UBJ6ILaJJC+/kyDArWEGpCDghQIM3
Id4vOZt0Mqj8MAFG2Ex1JjhLJhB6q0AuM5Lo4wpzCOZ5cUF7vTX6giq/wWwxc7EckJpFcaVd5bUl
BnAvFqcV1G5HYU1fbBZJIe8q5AuaODAyWuqrEhD7RQDarF0x1FAcdRVRV0HsDmmUi+JDlwQKsxx8
8EWzyAl1JyzcUKbX+Rx4SbxhNQTb5ErGfOnwUD3wPPBKWXxIIncRqeRPJeNYiA9AB52Owgq9vRbB
Yi1JCteRHEps84SHRbKVV6sWLd01dQsjGmXJNd8gG1zK8I5pUTCiyRIuXoVdOLKXh7GsrmQJR9SJ
Fp4o7HWKjdQFQnYhZoEAjiDNw2CnGxQMSRsSH/RwC06WpjnDwJAtwWqLotrEoIW9VVI1C0PKGkEV
lW0pDTb9op5wzuMu8+gmLWQ/oTFS/TAPIcfih6JIMVdAQxL15TAhRaVXHC9KlWLErPsYFNuxkkh0
2MIqOIek2ystdsrlqbpPY22EUU/yl42LISR5qYY6MlE5tFyY+bESG76KRtQqUD6i9kA6WWBILjHF
OQmR10iEFTq4TOlTTX1Vz9i4qnZRgfja5YLvw6we8sNZFLEMDXaoUgSUZkseyBLTwQ98iUpciJzi
N3aISjIitsmZjzorU4vDymJTprdnupWKUxhWk1WGzJukZWkGFMYTHbeyQhiVAkTUrupYMXXFEtKT
yHEuIwp9vBiISqw2eQO1oPgKHRZ35GTyoQnXggwOjK873wO3F7WCjJ4l/5bgf0gGRdldVeSp0I7W
tk2OPQhUSxrMD/C9h2Ka4DHwYdUVdEpwjQQdTBuIVdrTmOlTkbN7jGpYYtKgTVCID5NoUhTb1QQQ
5xIo1B2kTbwwj6O4pY5rs5tLNepS/zMr7YlleWFGvPNflExQtkv30FJrb2zLi160yURdE9BkIS6g
aiaqfEH0OE/oAiGATUBtaRyIigWnlyEIj4OdJmink8DHlRMxX8bP3rA0I5fXH4SkKUBC2E6eEZyf
C1NW3cnJRbuINWGWt/CqQyEternHnHxxWExYfiQWTlRUubaEoSrOEzU9TeWEGj1ZfNAOL1PeYCEz
GZwkt5MlhwksemAxT2HFTFREMPwmGUnpbREpcX2kWC/Cc9oUFgQTS3CyYFHrEb9zP5KTYbFk9D35
1eH36PUJOT8lz3/9cH76AjCDy4MM0P4Own2cyD3P4Bg4f0lg8tKuKkDwBC6aCGVH4Om/vroo+Ku5
jUb5XnSGy0giaUL1gZNckYYFNl6sjqgUoi3zzOeiWzjnz1et+9z3KrQUyhQIboxmRdgE+PLzQcUs
QMwglaDgNlB0ioos4i5+k0JcC15zSVfgMTiTDPltMSnHjKbSgAjFreKc7DKtAmCxGqYvkFyLFQ7p
7vKj0tIWoq3y7TxVKy0uDORMhjp1TUtec0hiqJFu/QC7kWFchSjVC+YhGi3KeUKElwX1dNgsWhkL
ahsXpaSRj0PcEiEm2iLlygGNqlQmxvyKEUosR4Ab4m+RIOHi9yJdahcL4BGT01+HSWYOvlALfuPy
pshwy8LfhYuLVU8j8Ur42FEJH+IQoXVRY/lhMeiNQU7bJGVns5g0AU7gH8WwA2GLi/FvKU1XjGVc
HGjlMfgvS7XYKL6UIDoSi7z60DwVnTm49zMVAQj1yRK0NJFfZCIKHVGLKUUCF9cY0IFfi9jkGVnA
NCyt1FMt2JQaaq+rSIWmO+qLeRqESZjESNvEPM6DwhnVAWYy0UYFxK4Ih6LAb8UqiGEuwbgEyU6V
zmIpVy5RHaokjitqYtooyTIHKnvhR1zKtQ5tkKO/t/BTtDVSOdxMcryEanPONYvAKGvJuyNlyyVH
ywhR2vi0QtvnQmIIZKsQpz0p7p9JAWFaiY5zOXWeVOcFBBHE6GKRwARaLpaplTW5gIAfhryp4xPy
wQi+Or3CL7S1VMiXmQ+Dwh2TtTUl+F1U7DEVglcABK2tLWdDoi01L11TGmdNqWBQeV45E+R4/KiY
yFR6iSjoXFcdVN0R+om2ctWE+BgvaZPg89QiPWdlFQahd84SqLRbGIEiTH/ybJGtZK6gxkqYugul
pdccKk7I5CKKFcFCMRSWl+eLPtYsLbHqps78sIrVKv8iU2yPIwFDM1oWAyZ2KJb41EXFcm676kCd
0XsotPlwhldhW1pXjgpt5UTxAPaZ0mexRrJURBExcJKj6mYVMXDJGaYmnigc/XnJCGYfAETeX8AI
VCwcyBgH/FSILDIbDXyaqlkJFJIUN2mqIyx5QEZlq8PCaPIc+C2uYB2Sf4haBfJnUyxp/ROZyheh
lGlSv+8hYGDdmPieWjQobkuJ1YBNGUskdJGhU1Efi8kmPtwHsqp0q4sv+xUyyJ8Eb2NhVpDZq+rx
kLy+OL4+tH8YNvvje6vZve827R+sHzysh8Q4f473wV0MrkejjgzF8qjXfyGLPHmLQZ+ryxGOuQV0
rJbSROkh1sLAau6KyO9Q5kkRlIsJSlLenBARB/hAqnLFzZ+0UFiruLEBviCr2WevRagRXYn2BpNc
VArq2+AapSVKS63m4+JLs4TdQ+BL1dzOvcHZQSrmMaARx4e6fCVrONEO8YIoMPOQaUSOGYlS8Idi
JCljdaPZYPcZi9LiYdETqBD0Dyl64o0F1XHgO/fiDl5JAaeI0tQgxa7JJP0DhGRd4wON8nN05bHj
qq/ulRS8eRV5NDFoySrOuHjSriteNOOqj75XLfLEEAVSPO4C6XS6lmWP1YfeMV3pjYAmXtGhUTLj
c5ILzzgKjZNLyGkGWij1PLwXrtHwE5KGGnGQeI5Cgnf9Q0fezNNbhSvQnPiQpfpFylPTyYWp8SgL
1i71dcrk9Mq4wuOfRKM6URrLuHJpWqFKf59EdaN/nLIjzqf4rj5NI+KC1OBRfaoRd9ZZ+B3SZgPm
PbmIaYtcKrBg+Z7N1WKPwXcZcsMUck/7r5eGbvyF/Iam6gq3nWX8hkVQWBmwan4NhyjhWps7fAeC
QVxRcaWttht/9mO5z2Ys+voNa7CriVjtqa7666//BeJcPCM=
===END CRASH DUMP===
