PocketMine-MP Crash Dump Tue Oct 19 04:42:53 +07 2021

Error: str_replace(): Argument #2 ($replace) must be of type array|string, int given
File: plugins/ClearLag/src/twisted/autoclearlagg/AutoClearLagg
Line: 121
Type: TypeError

THIS CRASH WAS CAUSED BY A PLUGIN
BAD PLUGIN: AutoClearLagg v3.1.0

Code:
[112]                         }
[113]                     }
[114]                 }
[115]                if($this->messages[self::LANG_ENTITIES_CLEARED] !== ""){
[116]                     $this->getServer()->broadcastMessage(str_replace("{COUNT}", $entitiesCleared, $this->messages[self::LANG_ENTITIES_CLEARED]));
[117]                 }
[118] 
[119]                 $this->seconds = $this->interval;
[120]             }else if(in_array($this->seconds, $this->broadcastTimes) && $this->messages[self::LANG_TIME_LEFT] !== ""){
[121]                 $this->getServer()->broadcastMessage(str_replace("{SECONDS}", $this->seconds, $this->messages[self::LANG_TIME_LEFT]));
[122]             }
[123]         }), 50);
[124]     }
[125] }

Backtrace:
#0 plugins/ClearLag/src/twisted/autoclearlagg/AutoClearLagg(121): str_replace(string[9] {SECONDS}, integer 60, string[40] ..cServer d...n r..c sau {SECONDS} gi..y)
#1 pmsrc/src/pocketmine/scheduler/ClosureTask(61): twisted\autoclearlagg\AutoClearLagg->twisted\autoclearlagg\{closure}(integer 11951)
#2 pmsrc/src/pocketmine/scheduler/TaskHandler(137): pocketmine\scheduler\ClosureTask->onRun(integer 11951)
#3 pmsrc/src/pocketmine/scheduler/TaskScheduler(179): pocketmine\scheduler\TaskHandler->run(integer 11951)
#4 pmsrc/src/pocketmine/plugin/PluginManager(654): pocketmine\scheduler\TaskScheduler->mainThreadHeartbeat(integer 11951)
#5 pmsrc/src/pocketmine/Server(2389): pocketmine\plugin\PluginManager->tickSchedulers(integer 11951)
#6 pmsrc/src/pocketmine/Server(2152): pocketmine\Server->tick()
#7 pmsrc/src/pocketmine/Server(1992): pocketmine\Server->tickProcessor()
#8 pmsrc/src/pocketmine/Server(1586): pocketmine\Server->start()
#9 pmsrc/src/pocketmine/PocketMine(314): pocketmine\Server->__construct(object BaseClassLoader, object pocketmine\utils\MainLogger, string[16] /home/container/, string[24] /home/container/plugins/)
#10 pmsrc/src/pocketmine/PocketMine(344): pocketmine\server()
#11 pmsrc(11): require(string[71] phar:///home/container/PocketMine-MP.phar/src/pocketmine/PocketMine.php)

PocketMine-MP version: 3.24.0 [Protocol 465]
Git commit: b54854529f8a1366e156f8ec32e02635ec670e95
uname -a: Linux 70ad3400-c5fa-46ad-84f2-694f522c3898 4.15.0-159-generic #167-Ubuntu SMP Tue Sep 21 08:55:05 UTC 2021 x86_64
PHP Version: 8.0.11
Zend version: 4.0.11
OS : Linux, linux
Composer libraries: 
- adhocore/json-comment 1.1.2@fc2f76979f0a44a5f5bc2a2b600d0762fe0e78e7
- daverandom/callback-validator unknown@unknown
- pocketmine/binaryutils 0.1.13@0abee38d4e2861621f262c79a2a3d699d8a697f4
- pocketmine/callback-validator 1.0.3@64787469766bcaa7e5885242e85c23c25e8c55a2
- pocketmine/classloader 0.1.2@9757928424652393b178a3760073113aa7c9911b
- pocketmine/log 0.2.1@830b44a2cf96ef703c550abe64302f230231ca49
- pocketmine/log-pthreads 0.1.3@e477ecf6ec214fdd4415ea1da3fdd9d73bf699ea
- pocketmine/math 0.2.6@43057cb8c179a9859677b496a788db922fd5cfc3
- pocketmine/nbt 0.2.18@9f82ca4d7f97fcd9a566e44b63c4f18a7657ae82
- pocketmine/pocketmine-mp 3.24.0@b54854529f8a1366e156f8ec32e02635ec670e95
- pocketmine/raklib 0.12.11@9cce458b8bfde3e4dfdbf70c659fc7b7fe26b5c4
- pocketmine/snooze 0.1.5@70b5e7937a06878dd321a3182ceb76d56298f2cd
- pocketmine/spl 0.4.2@6b08b7cf8c4afa17139c9a1b3bf1b408531de161

Loaded plugins:
AcaciaWoodHS 1 by BhawaniSingh for API(s) 3.0.0
AlwaysSpawn 2.2.4 by Philip Shilling for API(s) 3.0.0
AntiAuraBot 1.0.1 by  for API(s) 3.0.0
AntiToolBox 0.1 by NgLamVN for API(s) 3.0.0
AutoClearLagg 3.1.0 by Twisted for API(s) 3.0.0
AutoFly 1 by PIG for API(s) 3.0.0
AutoInv 0.0.10 by JackNoordhuis for API(s) 3.0.0
AutoSellUI 3.0.0 by LetTIHL for API(s) 3.8.2
Banking_vonfram 1 by Noob for API(s) 3.0.0
BeetrootHS 1 by BhawaniSingh for API(s) 3.0.0
BirchWoodHS 1 by BhawaniSingh for API(s) 3.0.0
BlazinVanish 1.0.3 by PIG for API(s) 3.0.0, 4.0.0
Broadcaster 1.5 by EvolSoft for API(s) 3.0.0
BuilderTools 1.2.0 by CzechPMDevs, VixikHD for API(s) 3.16.0
BuonLau 2.0.3 by PIG for API(s) 3.0.0
BuyFix 1 by Twisted, NhanAZ for API(s) 3.0.0, 3.7.1, 3.8.1, 3.9.3, 4.0.0
CarrotHS 1 by BhawaniSingh for API(s) 3.0.0
CmdSnooper 1.0.0 by HotshotHD for API(s) 3.0.0
CoinAPI 2.0.9 by onebone | Edit By SenKai Official for API(s) 3.0.0
Crossbow 1 by SonsaYT for API(s) 3.0.5
CuongHoa 2.0.3 by PIG for API(s) 3.0.0
CustomAlerts 2.1 by EvolSoft for API(s) 3.0.0
CustomItem 1.0.0 by Phuongaz for API(s) 3.0.0
DEVirion 1.2.7 by poggit, SOFe for API(s) 3.0.0
DanhGia 2 by PIG for API(s) 3.0.0
DarkOakWoodHS 1 by BhawaniSingh for API(s) 3.0.0
Detu 4.0.0 BETA 2.0.9 by CLADevs || GreenJajot for API(s) 3.0.0
DevTools 1.14.2 by PocketMine Team for API(s) 3.13.0
Disable_TNT 0.1 by  for API(s) 3.0.0
EconomyAPI 5.7.2 by onebone for API(s) 3.0.0
EnchantUIVH 0.6 by UnknownOre for API(s) 3.0.0
EnchantVIPUI 0.6 by UnknownOreforsource|RBpmmpformod for API(s) 3.0.0
FarmHS 1 by BhawaniSingh for API(s) 3.0.0
Fly 1.0.0 by NhanAZ for API(s) 3.0.0
FormAPI 1.3.0 by jojoe77777 for API(s) 3.2.0
FormImagesFix 0.0.1 by  for API(s) 3.11.4
HealFeed 1.0.0 by DafaRahestian for API(s) 3.0.0
HuongDan 1.0.0 by VbeeMC for API(s) 3.0.0
InvCrashFix 0.0.1 by  for API(s) 3.14.0
InvSee 1.0.0 by BlockHorizons for API(s) 3.0.0
JoinMenu 1 by PIG for API(s) 3.0.0
JungleWoodHS 1 by BhawaniSingh for API(s) 3.0.0
KeepInventory 1.0 by KhoaGamingPro for API(s) 3.0.0
KhoeItemHand 1.0.0 by S2TwKen for API(s) 3.0.0
KygekRanksUI 1.3.0 by Kygekraqmak for API(s) 3.0.0
LoadAllWorlds 1.1.2 by  for API(s) 3.12.0
LpkCuaHangUI 0.0.5 by phuongaz | Moded by LamPocketVN for API(s) 3.9.0
MSpawns 2.2 by EvolSoft for API(s) 3.0.0
MaxEnchants 1.2.1 by Xenophilicy for API(s) 3.0.0
MenuUIVHPIG 1.0.0 by PIG for API(s) 3.0.0
MuaDetuUI 3 by VanLXYTB for API(s) 3.0.0
MultiWorld 1.6.0-beta4 by CzechPMDevs, VixikCZ, fuyutsuki, kaliiks for API(s) 3.20.0
MysteryCrate 9.2.0 by JackMD, DaPigGuy for API(s) 3.9.0
Napthe 0.0.1 by hachkingtohach1,tungstenvn for API(s) 3.0.0
Netherite 1.2.1 by Wertzui123 for API(s) 3.0.0
Nick 1.0.0 by MDevPMMP for API(s) 3.0.0
OakWoodHS 1 by BhawaniSingh for API(s) 3.0.0
PiggyCustomEnchants 2.4.3 by DaPigGuy for API(s) 3.19.0
PiggyFactions 1.2.0 by DaPigGuy for API(s) 3.13.0
PotatoHS 1 by BhawaniSingh for API(s) 3.0.0
PureChat 1.4.11 by 64FF00 for API(s) 3.0.0
PureEntitiesX 0.7.0 by milk0417, RevivalPMMP for API(s) 3.19.0
PurePerms 1.4.2-c2a by 64FF00 & ProjectInfinity for API(s) 3.0.0
QuestPlugin 3.1 by HmmHmmmmm for API(s) 3.11.0
RandomBlock 2.0.0 by Edit By Nờ Cờ Dờ for API(s) 3.0.0
RankShopSystem 1.0.0 by zZPROGAMERZz423 ( Edit: PhongGremVN) for API(s) 3.0.0
RedSkyBlockUI 3.1.1 by RedCraftPE for API(s) 3.0.0
SAC 3.6.6 by DarkWav for API(s) 3.0.0
SETVIP 2.3 by MCPEVN TEAM for API(s) 3.0.0
ScoreHud 5.2.0 by JackMD for API(s) 3.0.0
SellCommand 1.2.7 by Muqsit for API(s) 3.0.0-ALPHA9, 3.0.0-ALPHA10, 3.0.0-ALPHA11, 3.0.0-ALPHA12, 3.0.0
ShopKeyUI 1 by VbeeMC for API(s) 3.0.0, 4.0.0
SizePlayer 1.0.3 by  for API(s) 3.0.0
Slapper 1.6.1 by jojoe77777 for API(s) 3.20.0
SlapperRotation 1.2.1 by jojoe77777 for API(s) 3.0.0
SpiderUI 1.0.0 by MCCreeperYT for API(s) 3.0.0, 4.0.0
SpruceWoodHS 1 by BhawaniSingh for API(s) 3.0.0
TableSpoon 1.0.0 by CortexPE, Xenophilicy, HyperFlareMC for API(s) 3.0.0
TempBanUI 2.3 by SonsaYT for API(s) 3.0.0, 4.0.0
ToCao 2.0.3 by PIG for API(s) 3.0.0, 3.2.0
TradeNPC 1.0.0 by Free for API(s) 3.0.0
UIShop 3.5.4 by SaltyPixelDevz for API(s) 3.0.0
WarpsPro 1.3.0 by nikoskon for API(s) 3.0.0
WheatHS 1 by BhawaniSingh for API(s) 3.0.0
WorldProtect 2.3.8 by aliuly for API(s) 3.0.0
cayphattai 1.1.1 by PIG for API(s) 3.0.0
iProtector 3.1.1 by LDX for API(s) 3.0.0
tichluy 1.0.0 by LetTIHL for API(s) 3.0.0

----------------------REPORT THE DATA BELOW THIS LINE-----------------------

===BEGIN CRASH DUMP===
eNrtXXt32zay/yq4yp6tfY8ki9Tbe9wTx4/YjR9aS0m6Xfb4QCQksearfNhW2nz3OwOAJEDLtuxo
s/ePdre1OARn5jcYzAxAEvyjNgtjn6bXtyxO3DCo7XbqtdT1WW3X6LU73WG73W83DbM16MGJLBKn
usNhs9duD9rmsG10jUGvXvNokh7FcRjXdv+opcsIWtUm8EfQ6jWfJQmdIzVJ4+uYRR612db2LtmP
55nPgpS8McnW3+SJbeJnSUqmjIQzgtwIjWO6/BOudYN5nbjQfu7esgA4zzLPO3Y9ZL2zCH22Y4dB
St2AxTuRl83dINk58BiNz+h8J4ntnfTOTVLm7NAsDW084dH5fGcfjvJm82a0iJCz4PpaLsDBAzXA
kqYBRo0BV23337U3LfJajlvACUymWlBY5N/DX8kf46ODy4vD8VduHjZnMem16kQ26LR+Jc2mPWYx
9DRxms1mQGIgkIRm5aVg1GZzuQ2avzFI5KNa+G8U2jcs9QHMTmIvmJN5YNwDL0yymE1ocrPVQ7Uk
AMvSEFiWBqHx42PN/rAFw69bufqGMewaXBnzOWVQixMaOPB7y2j3QZuymWUV7SxL0brxYxhcZcEK
ce11xI3zoy2jP3xcoKJZ48d4pbjOanHCS3ZG/M85DWD4xFu9budpWYVajR99GAWTRcyocwJWTqeM
piukd1dLF56yZbYHVXBCL8vSFIN+de1SeLJCUO9pQUbXrAgSZwTnLc6i/yQLYzh8isUoDm2IQmEs
eA2e5tUd9B7hlaRgTMFjuJrHiP88h59bbaPzCJvrawhUMDozO90Kp78xOyXvaMIOIJImZyF1WFwn
kq5enqWul1jWOfTtWTifYys5xI3er6QaAYuTZufhyTwMifHeeh5L54HvCWMJBjJibBkYDGL2e+bG
RXzqG7+SaEHj3Z2dqhalgMb5qImNHlcBA/N27dev9Rr77+SazWUEwCDYXLvBbejdMlQMeDtgNTut
5WeBUmVhhw5D5IZhwlnyyD9foaVhtB9pIc52VpwVZ7oPz7izrb+lCzeBuCLsm/w7Yd5sd/ds/+L9
9dHF5HRyejS+Pjg72r86OvyV/M/eHrFqVm37D86x94gmkuecpXLkbTd+nMbg/zZUFOdC0pbaj1bt
j4PLjxeTr1atTv4GRnNTlyXcQMypk5fouL39D65b/1E7DOAM/zFc0USKShg4s5OQvZyAoS++pR5n
brYqV35lXsLQmtD13NO2dD4FhMIKEyi6km3y978/BW5yen50fXZ0PKla3jQeV/1FVs+LBG731So/
rZg0t1l1W25qU3XVr9t10m3J5rmXimbomV9rX/8qqP4qqP4qqP4qqP4qqDZRUNVrcwaXUg/rioDi
HL+msQF9pmDLcpmg1m6anWYL6ZnrObVds2XALNdNrh12W9udUUhyUMPEIYSkENh2el0Q4mKFM+12
Bt1O1xzOBtRo93rM6PZmA2a3TdYye+0us3v9Fht2gXcmdTlzg+ye9FvUaXdarYbdndFGp0edxqAz
Mxu9YWfWNU0bRtaAdJpGt9lqGN1hg2NybfLG6PUbH6dZkGZkfD4ik4yRMYuIaZDWYLfb3W11ycfJ
ATFbQLkf9K57Hay/FhFIHjRbTcOAwy8sAJS1Tn4Mp6/DJNcNCPzAkwd26EchdOa1505jGkOBgpal
zgKsEbOd35IwaEAbWfMZTaNpvp3Z5qzfG/aHsxbtdGh31p3aJjWnvVbLafV75oy1WH/A+sDeodAR
EANDf8emnjel9k0DCg7XoSlWxWC3myC8C97Kv6hu2ftTN6Dxkrs9NAU4TaP9tkWnjLUHToeZg57R
M42Z2TPt/pCatO30hkNnQEG1WUdntVK4ASZqv+11+oN+B67p9aY2pX3WHQy6Zsdkg65ttm2zywZ2
t0vNCkMcrB4frFI38+2w3+0PzUHHBB8y28P21OgPaLsPZum3ocIF3vZwaBhTnZMXzjkHs2m8HbRb
U7Coac+GPTbrt9ogGQH3Ou2WOTPhP23Dpp3hAw6NKOXhPjdU+y3r9PvMnvWYbRqdmeN0OkaXUcOh
bTgYOv32dAbWYlRn5dN0IbXpvQWh3b49HdiQ5uhw0B32+v1pZ9ij/cHAmQ5Nc+Z07Znd1lkE0zTH
M3gLQ8cEhZ3+DPrEdoa0C8Oo05n22nZnZgxov9ftUzaoGLf82fCjYgi/fcF4VJjF9AZ8W9gFdDLe
Dm2bdbqD6WA6c1ibdZyZMwVb273ucGb3p/0ZM3vTrl3xoCQIwy9Mmrf7tt+adll/2O7TVm/QHzhO
2zRo2wC0bNrvOd2eORzMTNupMIk8zqED3tKbtgbTvj0b2B06o0bfaA/tITWm0DHGtNMadNuGw4ye
UftazMD42Ny3qe3Sz2HonIyVKKiR67Uy/mEMgIJrEcYJFqHvFvSOBu4YYvMC4ymNXCS3YSy08JgF
dOoxiCCQnyAwOiyCeIJXwrkknKWHKgHrjIpsy1IlQA1YnMNJJQwYjNiX48nny6uzQyDdsWnipogA
a+V9744uk3FEIRYo2BSqCs0EJ+vo8EYL13MjMoY/EOLmm0IYcbaJ5AoVLNcoQY0sS+TsEt54sn81
+Th6CA6mgPtZTN+FqQpOoWr9hgFcA7chLJfz7MuCBh/9LPUy6KBSvnawVndB80kYeu/C+wqinKoi
quKpXczPqP/pYlOdJNkJFFKBh72zGg1k/EU2bUKq28m1QnzaioaCsLLSoVYbBi82FJQTMe3ZFMq1
JlvPwV2kaZRASabAlmruJ0sv888PKgtC0hjH3rJiBqQ8EW5Gp+83FmWENFEBr+WdcMFpcFtRGCm6
V4JfVrrsJygVLsIwdhaZm2xK/9+AaZAzFd3nBrei44RSayEaM8/7eFoBJYm6J7aqnnjG0snpyZkG
aNA0XwtIslu/Q97R4AbC5/VtGMxi6isYqmee8Cjol+nGIgbwgoQFwl8AgrE0DsNUy74K8Tvn3lJy
NfPmZ9YC5cb24kFNoVK/N6xS9ANc+am1gHn0ixt8gquThYpMJVezbvv5EFbn86tXo3PdY4/6rhug
HjCbVtXRj9bCmK+HsliFqFB1hF0d39Ft6I1B0Y11XSkYsGhaPFEg5Rnp7u6uyUAj5N5Mbzg+nLiz
GDN6ogJUyTpCsxr5Dr4wezE6P2S32PSTe+/enBxqgI3e6xHbyD3yHeBuWVOhVopqAX5dyZcmZUXv
HY0VN0sYnNFMs4ig6DXyWg792r5+SfTPlsfuvaYuJzwRWfLSqV67gIp1/5cV47Dd7POyEjOZ+Dvk
eL9pfArN1od2QOO4khEK0ncOnLncatQU9LXA+M4Y6pRIiyYKsRouK0PtJEyTBWhwuClEtu8kQjSg
UNV4HgkUWPsjtVbKKdURMtQxhAGbwr/kT3LkuCl5tyRjFnygLrmczVyYznqbwiYFWZYNigFDQFho
+Dy8OEySaXin4stJT3jdOAwS+q9JBUL3tRAkO9Bcyn7BsIF4NT8JqQogJ32/GHZw8hKNkzT09z2I
74mmtULWNTf+s8lWlQxdoOvxunQrmJymzH+AkBOfGf+jBXYh/bJZhCh5/W46PPrkxlzDAkBBqlYK
fV39KJzj6n+9Nr48ZhtbPuJMLeuWq2BZUCnIX4paz6weHdJg8d5Vx0pO0RzuPzZMPk0ZxCkp8wVd
QeObS3rzYG6h079zktSEVzOlcnItgCxVazB+qMLhhQh5dzTZJysyzcHZPhZ35M8/yfuYseAn+lu4
ueAgmENnuQH3trU7jd1Wq+2CpI8fo9OsulxxO45MGEzltSK7/Q19JhWADipVWSPCKdV0qdpOwQPR
ugmqcz25mKiAFepTq5ibckkhDqRVu+mxgHBkh0HoL/UCRyGqSnehSjZX1jgbr2SY0IAXM5o2z3rd
UWBDlZ9+PP10oiJSqHo/9HRAH8U9xMt4Y5hKjgAlV2P9USQv+XQ60tbrNPKaiGZACbPYZn9evYt8
P8KH4UNn8ziNAugnN3oJ1mMa+1p8l4TvHNiF1GpER+paILTV7Qcr2w9rnUdmpa9V/iWL28fgAfrQ
zym6zu2qzr+Fv4Wsj/9oepvfsLBdcARTCyWKH+tCOfXxcTx9fUCnP1izfzQKG0az81osfvZ7gpUa
DjCXy569ZCHghFHvmKHMAkVBesaXDumMXtEFS1KXBpsrdBSmlpXr8gJAWMxD0acCyknPAMKC8fxg
U0hyqeurfhrcHsQ0WehOpVJf4FKd12ueu5Qb3NoomTvUenclJYwxYzoCJDxj/XceFDsnYex+gfn5
xpb7VKaWJTR5CZifQjc4Z4FaMBek73MX8bcXTCN/yoK5xx5MXTTyd05wquxqmivPrQPuA2MRdCAL
0jBW055Or3iZDvDDIqTvqQ/SR3G4KYQaU8vS1Fm/64ALwzUDfABXBaeSnxlBY3Ny94EFG8RViF63
xP+wnLObKxrcJFoFqZGfSfe8bUx/9+nNxpCULKF/FF3W7x6MGPue9zmMPUedZer0ylSzMoPR4vM3
lC83YQDOZsNs0LJQcep5d1z+C+BENwcZhZ6da/2kkavJpnIXLpLLZuRPch46zCHTJTmjvpiyVp6R
GT4DVikFy+VkbS42cufzpVhZk/U+zxGPP/4klMMVRolnfeOc8we31F7OKZVnuf6zK6VSKOhdSH/d
+ug5vS9spmBSqNUlxkpe+JkFIX+gzF5uCpzCEjumUEU7WKuzIBPjVBszrgJOoT63/Lu5VO2D1Be4
WUZx7U0bgCVNezKmUqfS4Oznf03ebWyhlAYLzhB0F/JfAsJLXR79NBQFUTd+r9lqTFlKO8/e7D74
hb+AvszSJLtx4fcN9Vz3Ri8MzdaGboH7qDCPoWgCRflvuf2tMEJDLfGRgiWU8qlaG2tk1VjDh88E
4ENe56jCIYVw+D5bvijGPlWjccYAXVFmPRdYYQLBbEcDBvgvaJQuVOSS8PSUprag9gIftEpD/GXU
UygZgXFwu7EypyLBsoRi+d91BsEFg4axq3VsSXsmuH5mcfolc/E1vQ0hKjkCiFyNV/dnyW2nxISg
XftGxYuHz4RaHBej8/PRxjKk5AcwQfr6QWvV7Z3/2q2dR2/rvOCWzqrqSHnfaMVZvZLpVO9Wr4ww
xvBb1nUEQ8taoc1K4itcNReys4LdTmGnY2qnbhg8sFBBf+bRrNW2efGNIr2+5clCUh4pd+u1k6sP
BwvK7/Xiy04nGV9QX23hHE3l8JutWjBCc4YpTUNtGBWk7zyKcrnVQSToa42hLGbcugqYnKR7REe8
p6Yg6nWOj1utF2HhzEcs9lfMYx74Y/4TVy3qUDvfumGWjI4aRZPSENdCF0AulS9/vaLvuZLy3cuC
jTTWkdwg4OeKxUq6ntv71YHku95Nq2Pg8wxXAOmWeg+Sw7eEnFjwxLtPlhVleLNaKCYskqv54puy
iq47Ol5pGNGrulEErepHZsM26SpXIn8n0Nf4Ru1pMHMDN93YxEvzD66V8nMDHiL4gCX+mbEkHcmt
NgpbqNTKayiVp/J8H/4P/9Qqd0qeGVZjj0b4tN1TFZ/vL5CzZf2O2lgWV+oV2HMdd1RUAP2Kv0DK
154V6Cq1+rBYZWTkD/FdWJnBHIccyL+H4u+mfEHRaP3iCZfOxoswGmOB7+v41BPP1IJffhldXb7f
Pz+6+uVLx2yTLf7k4i4ZLcJg/j5m/qeL7ZcHVBnmyuUk1bUfLjI9bRsFzQvMw5zxzZLbVJvZ6/Tq
G1gV54fGMHGapaOjjXV1wdGyFFUsK/+1Drbx/oGCCI90HL3q8wD4ZNJnervJp6CAHSi9f8D/8/yC
9Pho8ul0pGotCPoArFS/5wejo08XZHK0f76xqQpniVsq4IMKaxk7L/EU3XOS/qTMYwsFm7qDI1cH
cunlr7VgMM87CH1fv62hUp95vvGc342sgmnsn41O9of8+fni0GhVjo3KsZkfv/rZYdB71f2QJ/BD
DPnAllosKGlPVMmP3I1e50WBlcvp2oLMUzdL2BL1e8mC+dj9AjUAXWoP4CvEp99X2pCbcnlnKA8c
tPi9lvqyZFB0l5Tq6qWx3pMp34AiEZJfvVpTqrSTgygRXuFkSH/KuHrmmcWqRxB/S7fpCrzA6SLX
YbE+rnLSc+tQBwcwGwCpD14q+OYX5XIVXoIjzuyH9+w18neeTKuyqxPq8tw64CYofByFms8pxGc6
6iCMU3YPVVBduwdVr50sofeOPRpv8IEd7ZZUqaP6+/l6Y8L86B0NNLcsaU9WHatfc/l2j8xfdynU
WN83J+EBDVUk/PgVb7rUv+2BPS4X5qmn71+ge0wddjFSK9aC9IzbHUN02JRX5TLXV/zjKeZfRW1J
0GvtbnUjkTH10uXIvWfeIbt92css6lLkU0/dcj3WB/KZxhFfsiqhFKRnHgIJ3JswuQk3dpMn52dZ
uQblr7WgLBjVX5fMKd85NEux1ajMyWsBwfuRADrFrVAVNCq5EqWaAx0W9dzM29h6lOBmWfzuayQ0
WOdpoxW1z3nmxjOXeY66H1O+c1wKY3rH5+9172howSg2XUYLmqbUVUyiEKuP9fznHvazo3T98eVK
CKFauirEZxYZzg5/3pTawMqySsmvrl6BTwNnyjsKCtyQ1LUXXqY+85dTngnkq/YP+ZadbITUdXsI
t8GiMSgMPsfVaa7YQRCuaTSCsHHnfqGxw48c8WZNgwaJy+Mx37qwCYMDih6+ZL1bezMqjshBGMzc
OcEtlK3gzXkYkEs7JYZBjPZuy9zttos9+KxA8GpEUFjtGUOj3S5IbrSH99/hf1bgh6mz94H65NOF
FdwtAFDDc5N0L5zNrIAGQZgFNg4tnGE1qL1wmdhlOdmDEBvwXaYacixD3+whR3ov2yd7JhzPwSx+
6DA8Nwtj4FZQuBCwjIOrDOIouo04Z8fF15kzSHR7JvDgOyuCjzQSlqYQCJM9K/BAFa+BbrJ3Fk6n
y3Hm+zCfkvSEMadohFtS7x0eHe9/PJtYgXCIxu8ZTJK5MEmIITcKLfBXM6JJArHK2ftf/g+YI0vD
RkJvGb/o1mV32IEpBQvtDazgfhreN9Al+WmPBvOMztkeC+brdoa2I1tz6eOObG8IuiCxec9nMZ86
cQcgYEyieRm4BJksWMJIbiUCZTNJF4yEAXhPCkGO2NipfKtuN7C9DB/nA/YPHA95jUNfbOj9kGdC
Z6xOQnxIIEGWZBozekOWYRZLXsSdEehkF8I0SoAexj25If4D4wt2V7DbcdiMQj8n5C4MfkgJzhFp
TNDWPoDF3RGXqCFujixw3y1YQLJoDuUWMGha6IeS2a4VEPIGUiQqRtIQpAQOARZyx1GwQQxjzaMp
KMVPc1W9EMQAVPjFUm4vfAvWZmTB98hFio+chfvmPbtL+A6deCJZZKkTwlCQmzfvEqsmdzXGDYSZ
Y9W4ZvueF94RHGCgTL7jMrl1KfknOiO24V6Z57JdgjGLX3rEfVReQ0AvgoOGQI+BUZDbdEmkKbG9
dOnitKLsm88uGCQMwK7UcUjMEmF+NCtuSUt8RnE7Yr7LOxh9ylBpMA77PaMemo1v5U5uqZcxsiWF
QtTZRu5CIgwmhs7eALPjfrC7BEMByL7I/ClYBbxqP1kGNm4ODB0f34AfNXmDj2At7to5Umy2iKFq
zaD3oHlSJ7yCIDIowHioE9wrFIBgfuC2geCMND8LwIOwiWA+5t0LmMDL4vDeBQ9jYAaAxD03KJRD
20qFTmfoq9gGfbJO3PQHMF8a88schpGPu0zlYrIFGDIYNyY3C4fRkEh3Oauqr1LuHHEW4DO/6IFg
94h3At+3JWkSKPflb+K78wUMZnxpo64OPuk4aJE4zqJUUIXB0DA+6CZx8c6FQcm3UHXEgKC3oeuA
2qs1QB9BnwvB0OBdTcXRoHFDNCo8DVIBhPl4KQbley+cgvdgwiWCDuPAd1Mc2z6b0+kyBYuTsTB1
ixtXZEd++QR77c7lluceBYP2riEY5U6WcIQzF1SEiMTwwXxkM4N6MBcpnBx6K8NhSuYhdFSIwxS9
AgXNuZoNrtouaSEKkM5DsNjG9P89AqxgntIf8+236Z+kYcRVkOGzUEmySwiED8yeEPdyhVBqrpXR
MjtSMR4EPvNRIfVLftiAhnxccJUwYhA7g+QTQPIh7J7ZGQ++oVBZjEhMVkVrdm9D7ZCUiETgupwc
7ZLJyemYnJ2en07I/mh0dno0JqOjKwI14YejqzqBRmRyCa2OyOeTy7MjMrq6PDgaj5vVEKDZw+z2
pDlGLHZDnpAxECcI0F4wHpK5NYpgaxDx2QAeW3iTBq72izDLWUGpCDghQIM3Id7HnE04GVR+mAAD
bCaFcc6CCYTeMpCLjMRlXGIOwTzPL2g+bI2+IMtv6LaI2VgOCMuiuqJfxbUFBnAvFiUl1HZLYk22
V6skkbcl8jmNpzAyGnboeaIq5QFotXX5UEN15FVEXgWx26dBxosPVRMozDLwwe16nhOqTpi7oUiv
sxnwEnj9cgg2yaWI+cLhoXoIM88pdHEhidwFpNQ/EYwjrj4A7bVaEitIO+bB4kGS5K4jOBTYZnHo
58lWXC1bNFTXVHsY0ciefOAbZIVLad4xzgtG7LI45NvT5o7sZH4kqitRwhF5ooEn8v46xEbyAq47
VzNHAEeQ5mGw0xUGhqQNiQ8k3IKTJUnGMDCkC+i1eV5tYtBCaaVW9bwjRY0gi8qm0AabPmonnPPY
iyy4SXLdD2iEVNfPfMixkF5jks8VsCOJmCEJLUq74niRpuQj5qGPQbEdSY24wAZWwRkk3U7RY4eh
OFX1aayNMOoJ/qJxPoQEL9lQRcYrh4YNMz9WYMP9IHitAuUjWg+0EwWG4BJRnJMQcY1AWKKDy6Q9
5dRXSsbGZbWLBsT9XXO+T7N6yg+tIGApdtiuTBFQmi1CT5SYU5rCjBYrca5ygh8pITLJ8NgmZj7y
rEgtU1YUmyK9vVF7KT+FYTVepgv+9aOGoXQg7zwuuJHmysgUwKN2WcfyqSuWkI5AjnMZXujjxUCU
ajXJCdSC4Et7vLgjB6OPdbgWdJjC+LpzHXB7XiuI6Fnwb3D+u6SXl91lRZ5w6yhtm2TfgUC1oN5s
Bzcf49MEh4EPS1EglOAaCTqYMhDLtKcwU6ciR/cY1bDEpF6ToBIfR8EoL7bLCSDOJVCpO0ibeGEW
BVFDHldmN+dy1CXuF1b0J5bleTcmmPBkyQRlu3APJbV2hqa4aLtJRvIaj8ZzfgGVM1HpC1ziLKZz
hAB9AmZLIo9XLDi99EF5HOw0xn468FxcOeHzZfwUBUtScj75yDVNABLCnmYpwfk578pSnJhcNPNY
46dZA6/a5dqilztsms138wnLj8TAiYos1xYwVPl5kn9bSEyo0ZODJBSJS3qDgcxEcBLcDhYhTGDR
A/N5CstnojyCOTSlJKG3eaTE9ZF8vQjPKVNYUIwvwYmCRa5H/Ba6gZgM8yWjH8jP0/AevT4mp4dk
6+ePp4fbgBlcHnSA9ncQ7qNYPBcLjoHzlxgmL82yAgRPCHkTbuwAPP3nd2c5fzm3USg/cGG4jMST
JlQfOMnlaZhjC/PVEZlClGWe2YyLhXPubNm4z1ynREuhTIHgxmiah02ALz7pkc8C+AxSKgpuA0Un
r8iC0MZ94vm14DXndAkegzNJP7zNJ+WY0WQa4KG4kZ8TIpMyAOarYeoCyYSvcAh3F98uFX3B20rf
zhK50mLDQE5FqJPXNMQ1uySCGunW9VCMCOMyREkpmIdoMC/mCQFe5lXTYT1vpS2orVyUEp2874cZ
juCZyDdyQKMpZRdjfsUIxZcjwA3xN0+QcPEVT5fKxRx4wMT0d8oEsynuagO/cXmTZ7hF7u/cxfmq
p5Z4BXwUVMCHOERoVdVIfO4HpDHIaau0bK1Wk8bACfwjH3agbH4x/i20afOxjIsDjSwC/2WJEhv5
luxcEF/kVYfmIRc2xecDEx6A0J4sxp4m4ispRKIjcjElT+D8Gg068GsQk7whc5iGJaV5ygWbwkLN
hyaSoemOunyeBmESJjGib6IwyrzcGeUBZjLeRgbENg+HvMBvRDKIYS7BuATJTpbOfClXLFHtyiSO
K2p82ijIIgfK/sIPKxRrHcogR39v4LcEK6RiuOnkaAHV5ixUegRGWUPcHSlaLkLsGa5KE59ob7oh
1xgC2dLHaU+Cz88kgDApVce5nDxPyvMcAg9idD6PYQItFsvkyppYQMBPwN1U8XH9YARfHl7iV5Ma
MuSLzIdB4Y6J2prC0LnjEhOueAmA05rKcjYk2sLywjVF5zwwKnSoOC+dCXI8fuiHZyq1ROT0UDUd
VN0B+omyclWH+BgtaJ3gy6g8PadFFQahd8ZiqLQbGIECTH/ibJ6tRK6g2kqYvAulpNcMKk7I5DyK
5cFCMuQ9L87nMh70tMCqdnXq+mWslvkXmWJ7HAkYmrFnMWCiQL7EJy/Kl3ObpQB5RpWQW/PpDC/D
tuhdMSqUlRPJA9in0p75GslCEnnEwEmOrJtlxMAlZ5iaOLxwdGcFI5h9ABBxfwEjUL5wIGIc8JMh
Ms9s1HNpImclUEhSP/LyIyx5QEfZV7t5p4lz4Le4grVL/s1rFcifdb6k9SsyFdsrFGlSve/BYWDd
GLuOXDTIb0vx1YBVGYsndJ6hE14f88kmvgAGusp0q6ov5HIdxE+Ct7EwK4jsVUrcJcdn+5Nd8x/9
end4b9Tb9+26+Q/jHw7WQ3ycb+F9cBuD696gJUKxOOp0t0WRJ24xqHN1McIxt4CN5VIaLz34Whj0
mr0k4utwWZwH5XyCEhc3J3jEAT78Y5C43pLkBmvkNzbAF0Q1++aYhxouirfXmGS8UpDfeFUoDV5a
KjVfGPHpLbuHwJfIuZ19g7ODhM9jwCJTF+rypajheDvEC6rAzEOkETFmBErOH4qRuIjVtXqN3acs
SPIXCg+gQlA/bubw173LY8+d3vM7eAUFnCJIEo0U2TqT5HdQkrW1j6aJT0QVx1NbfgmroODNq8Ch
sUaLl1Ea8rex2nz7Clt+5LdskcWaKpDi8SmQVqttGOZQfqgX05XaCGh8K3+FkmqfeJs72pGvnVzQ
RFMcSz0H74UrNPysm2ZGHCTOVCLBu/7+VNzMU1v5S7Ac/7ic/EWKU+PRmW7xIPUeXOqqlNHhpXaF
E17zRlWi6CztyoXeC2X6u+bVjfrBuBY/n+AOYIpF+AWJxqP8fBo+WWfgtwHrNZj3ZDymzTNhwJzl
FZvJxR6N78IPta4Yuxhvfj7XbOPOxXftpCh87CwNb1gAhZUGq+LXcIgaPmhzhy+Qa8Ql5Vea8nHj
L24knrMZclm/YA12OeKrPeVVX7/+H/QSZs0=
===END CRASH DUMP===
