PocketMine-MP Crash Dump Tue Oct 12 05:54:43 UTC 2021

Error: str_replace(): Argument #2 ($replace) must be of type array|string, int given
File: plugins/ClearLag/src/twisted/autoclearlagg/AutoClearLagg
Line: 121
Type: TypeError

THIS CRASH WAS CAUSED BY A PLUGIN
BAD PLUGIN: AutoClearLagg v3.1.0

Code:
[112]                         }
[113]                     }
[114]                 }
[115]                if($this->messages[self::LANG_ENTITIES_CLEARED] !== ""){
[116]                     $this->getServer()->broadcastMessage(str_replace("{COUNT}", $entitiesCleared, $this->messages[self::LANG_ENTITIES_CLEARED]));
[117]                 }
[118] 
[119]                 $this->seconds = $this->interval;
[120]             }else if(in_array($this->seconds, $this->broadcastTimes) && $this->messages[self::LANG_TIME_LEFT] !== ""){
[121]                 $this->getServer()->broadcastMessage(str_replace("{SECONDS}", $this->seconds, $this->messages[self::LANG_TIME_LEFT]));
[122]             }
[123]         }), 50);
[124]     }
[125] }

Backtrace:
#0 plugins/ClearLag/src/twisted/autoclearlagg/AutoClearLagg(121): str_replace(string[9] {SECONDS}, integer 60, string[40] ..cServer d...n r..c sau {SECONDS} gi..y)
#1 pmsrc/src/pocketmine/scheduler/ClosureTask(61): twisted\autoclearlagg\AutoClearLagg->twisted\autoclearlagg\{closure}(integer 236951)
#2 pmsrc/src/pocketmine/scheduler/TaskHandler(137): pocketmine\scheduler\ClosureTask->onRun(integer 236951)
#3 pmsrc/src/pocketmine/scheduler/TaskScheduler(179): pocketmine\scheduler\TaskHandler->run(integer 236951)
#4 pmsrc/src/pocketmine/plugin/PluginManager(654): pocketmine\scheduler\TaskScheduler->mainThreadHeartbeat(integer 236951)
#5 pmsrc/src/pocketmine/Server(2389): pocketmine\plugin\PluginManager->tickSchedulers(integer 236951)
#6 pmsrc/src/pocketmine/Server(2152): pocketmine\Server->tick()
#7 pmsrc/src/pocketmine/Server(1992): pocketmine\Server->tickProcessor()
#8 pmsrc/src/pocketmine/Server(1586): pocketmine\Server->start()
#9 pmsrc/src/pocketmine/PocketMine(314): pocketmine\Server->__construct(object BaseClassLoader, object pocketmine\utils\MainLogger, string[16] /home/container/, string[24] /home/container/plugins/)
#10 pmsrc/src/pocketmine/PocketMine(344): pocketmine\server()
#11 pmsrc(11): require(string[71] phar:///home/container/PocketMine-MP.phar/src/pocketmine/PocketMine.php)

PocketMine-MP version: 3.24.0 [Protocol 465]
Git commit: b54854529f8a1366e156f8ec32e02635ec670e95
uname -a: Linux 70ad3400-c5fa-46ad-84f2-694f522c3898 4.15.0-159-generic #167-Ubuntu SMP Tue Sep 21 08:55:05 UTC 2021 x86_64
PHP Version: 8.0.11
Zend version: 4.0.11
OS : Linux, linux
Composer libraries: 
- adhocore/json-comment 1.1.2@fc2f76979f0a44a5f5bc2a2b600d0762fe0e78e7
- daverandom/callback-validator unknown@unknown
- pocketmine/binaryutils 0.1.13@0abee38d4e2861621f262c79a2a3d699d8a697f4
- pocketmine/callback-validator 1.0.3@64787469766bcaa7e5885242e85c23c25e8c55a2
- pocketmine/classloader 0.1.2@9757928424652393b178a3760073113aa7c9911b
- pocketmine/log 0.2.1@830b44a2cf96ef703c550abe64302f230231ca49
- pocketmine/log-pthreads 0.1.3@e477ecf6ec214fdd4415ea1da3fdd9d73bf699ea
- pocketmine/math 0.2.6@43057cb8c179a9859677b496a788db922fd5cfc3
- pocketmine/nbt 0.2.18@9f82ca4d7f97fcd9a566e44b63c4f18a7657ae82
- pocketmine/pocketmine-mp 3.24.0@b54854529f8a1366e156f8ec32e02635ec670e95
- pocketmine/raklib 0.12.11@9cce458b8bfde3e4dfdbf70c659fc7b7fe26b5c4
- pocketmine/snooze 0.1.5@70b5e7937a06878dd321a3182ceb76d56298f2cd
- pocketmine/spl 0.4.2@6b08b7cf8c4afa17139c9a1b3bf1b408531de161

Loaded plugins:
AlwaysSpawn 2.2.4 by Philip Shilling for API(s) 3.0.0
AntiToolBox 0.1 by NgLamVN for API(s) 3.0.0
AutoClearLagg 3.1.0 by Twisted for API(s) 3.0.0
AutoFly 1 by PIG for API(s) 3.0.0
AutoInv 0.0.10 by JackNoordhuis for API(s) 3.0.0
AutoSellUI 3.0.0 by LetTIHL for API(s) 3.8.2
AutoXP 1.1.0 by JackMD for API(s) 3.0.0
BuilderTools 1.2.0 by CzechPMDevs, VixikHD for API(s) 3.16.0
BuonLau 2.0.3 by PIG for API(s) 3.0.0
BurgerSellWands 1.0.1 by Heisenburger69 for API(s) 3.0.0
CoinAPI 2.0.9 by onebone | Edit By SenKai Official for API(s) 3.0.0
Crossbow 1 by SonsaYT for API(s) 3.0.5
CuongHoa 2.0.3 by PIG for API(s) 3.0.0
CustomAlerts 2.1 by EvolSoft for API(s) 3.0.0
CustomItem 1.0.0 by Phuongaz for API(s) 3.0.0
DEVirion 1.2.7 by poggit, SOFe for API(s) 3.0.0
DanhGia 2 by PIG for API(s) 3.0.0
Detu 4.0.0 BETA 2.0.9 by CLADevs || GreenJajot for API(s) 3.0.0
DevTools 1.14.2 by PocketMine Team for API(s) 3.13.0
EconomyAPI 5.7.2 by onebone for API(s) 3.0.0
EnchantUIVH 0.6 by UnknownOre for API(s) 3.0.0
EnchantVIPUI 0.6 by UnknownOreforsource|RBpmmpformod for API(s) 3.0.0
Fly 1 by PIG for API(s) 3.0.0, 3.2.3, 3.1.0, 3.2.0, 4.0.0
FormAPI 1.3.0 by jojoe77777 for API(s) 3.2.0
FormImagesFix 0.0.1 by  for API(s) 3.11.4
InvCrashFix 0.0.1 by  for API(s) 3.14.0
InvSee 1.0.0 by BlockHorizons for API(s) 3.0.0
JoinMenu 1 by PIG for API(s) 3.0.0
KeepInventory 1.0 by KhoaGamingPro for API(s) 3.0.0
KitUI 1.3.6 by Infernus101 for API(s) 3.4.0
LoadAllWorlds 1.1.2 by  for API(s) 3.12.0
LpkCuaHangUI 0.0.5 by phuongaz | Moded by LamPocketVN for API(s) 3.9.0
MSpawns 2.2 by EvolSoft for API(s) 3.0.0
MaxEnchants 1.2.1 by Xenophilicy for API(s) 3.0.0
MenuUIVHPIG 1.0.0 by PIG for API(s) 3.0.0
MuaDetuUI 3 by VanLXYTB for API(s) 3.0.0
MuaSsp 2 by NoobPvP2k3 And Shin1134 for API(s) 3.0.0
MultiWorld 1.6.0-beta4 by CzechPMDevs, VixikCZ, fuyutsuki, kaliiks for API(s) 3.20.0
MysteryCrate 9.2.0 by JackMD, DaPigGuy for API(s) 3.9.0
PHP-Sell 1.2.7 by Muqsit for API(s) 3.0.0-ALPHA9, 3.0.0-ALPHA10, 3.0.0-ALPHA11, 3.0.0-ALPHA12, 3.0.0
PiggyCustomEnchants 2.4.3 by DaPigGuy for API(s) 3.19.0
PiggyFactions 1.2.0 by DaPigGuy for API(s) 3.13.0
PureEntitiesX 0.7.0 by milk0417, RevivalPMMP for API(s) 3.19.0
RedSkyBlockUI 3.1.1 by RedCraftPE for API(s) 3.0.0
SETVIP 2.3 by MCPEVN TEAM for API(s) 3.0.0
ScoreHud 5.2.0 by JackMD for API(s) 3.0.0
SellCommand 1.2.7 by Muqsit for API(s) 3.0.0-ALPHA9, 3.0.0-ALPHA10, 3.0.0-ALPHA11, 3.0.0-ALPHA12, 3.0.0
SellExp 3.0.0 by EzMinh, LetTIHL for API(s) 3.0.0
SizePlayer 1.0.3 by  for API(s) 3.0.0
SpiderUI 1.0.0 by MCCreeperYT for API(s) 3.0.0, 4.0.0
TableSpoon 1.0.0 by CortexPE, Xenophilicy, HyperFlareMC for API(s) 3.0.0
TempBanUI 2.3 by SonsaYT for API(s) 3.0.0, 4.0.0
ToCao 2.0.3 by PIG for API(s) 3.0.0, 3.2.0
WorldProtect 2.3.8 by aliuly for API(s) 3.0.0
capdao 1.0.0 by Nguyễn Công Danh (NCD) for API(s) 3.0.0
cayphattai 1.1.1 by PIG for API(s) 3.0.0
iProtector 3.1.1 by LDX for API(s) 3.0.0
tichluy 1.0.0 by LetTIHL for API(s) 3.0.0

----------------------REPORT THE DATA BELOW THIS LINE-----------------------

===BEGIN CRASH DUMP===
eNrtPIly20aWv9JLT22kLYIiAN4ppSxTtKWJZHFN2vHMIOVqAA0SFoBGcEiiE//7vtfdAAGIumxl
dmsrnsqIeN397n5H4/i95fEkpNmnK5akPo9ak167lfkha030gdnr6qPuyOyYuj40zXYrj9WQPuqN
O8Zg3NX73aE5HA7arYCm2SxJeNKa/N7KNjFMay3hj4S1WyFLU7pCaJolnxIWB9Rhe/sTcpSs8pBF
GXlhkL2/qYF9EuZpRmxGuEcQG6FJQjd/wFo/WrWJD/NX/hWLALOXB8FrP0DUB2sesgOHRxn1I5Yc
xEG+8qP0YBowmpzR1UGaOAfZtZ9mzD2gecYdHAjoanVwBFfFtFUnXseIWWL9ViyAIQA2QF+GDlpN
QK7W5F+tF13yrRj3ABOorKpBqZF/jX8lvy9m04u3x4uvQj1sxRIy6LaJmtDr/ko6HWfBEjA1cTud
TkQSAJCU5tuloNROZ7MPnL/QSRwiW/hfzJ1LloUgzEHqrJmbB6DcacDTPGFLml7uDZAtJYBl1SSw
rJoI2k93TfvdkQi/7hXsG+Zg3NcFN8ZD3CAbJzRy4feebg6Bne00yyrnWVaFbe0nHr3Lo130zMfQ
WxRXe/pwfDfFCmvaT8luer3d9KSjHMzFn3MawQ5K9gb93v3ESr60n0LYCMt1wqh7AorObEazXeT7
u8lLb9kzzFFTPMmYZdU4A9v6zpZ6uovS4H5Ket9oUJIjEvWeQDG8F4U+Ht+HYp5wB0IRTySu0f24
+qPBHbjSDNQpcYx345iLn+fwc8/Ue3eg+fQJohVs0dzJ9rj9mTkZeUVTNoVwmp5x6rKkTRS8ujzP
/CC1rHOw7hlfrXCW2uf64FfSDIPloNG7PVjEIrnpuw/L0rvlfVJZEoEKG3s6RoSE/Zb7SRmkhvqv
JF7TZHJw0ORiS0A7n3dw0t0sYHTeb/36td1i/zsJ5/nSAsgg0XzyoyseXDFkDHC7oDUnaxWjAGmi
cLjLUHJdN2CU3PHvK8zUdfOOGXK0t2NUjvRvj/je3t+ytZ9CZJH6Tf+VssCbTM6O3r75NHu7PF2e
zhafpmezo3ez41/JfxweEqtltfZ/FxgHd3CicK5YpnbevvaTnYD/O1BWnEtKe1U7Wq3fpxfv3y6/
Wq02+Rsozc98lgoFMbdNnsLj/v6PgrfhnXoYwYj4Md4xRZFKGTizm5LDAoCxL7migUBudBsrv7Ig
ZahNML3wtL06nlKEUgtLKL3SffKf/3mfcMvT89mns9nrZVPzhn4360/SelEpCL3vZvl+xpS6jabb
ClUbVVf9ut8m/a6aXnipnIae+bX19a+q6q+q6q+q6q+q6q+q6tmqqnZrxWApDbC4iCi2+60aGuDH
Bl1uTwxaZsfodboIz/3AbU2Mrg79rp9+ctlVa+JRyHRQyCQc4hIHtL1BH4j4WObY/d6o3+sbY29E
dXMwYHp/4I2YYxqsawzMPnMGwy4b9wF3rng586P8hgy71DV73a7m9D2q9QbU1UY9z9AG457XNwwH
ttaI9Dp6v9PV9P5YEzL5DnmhD4baezuPspwszudkmTOyYDExdNIdTfr9SbdP3i+nxOgC5GY0+DTo
YRG2joHyqNPt6DpcfmERSNnqFdcw/ImnBW8AEBeBunB4GHMw5qfAtxOaQJWCmqXuGrSRsIPPKY80
mKMKP72jd4yXnmN4w8F4OPa6tNejfa9vOwY17EG363aHA8NjXTYcsSGgdykYAsIgDw8cGgQ2dS41
qDp8l2ZYGoPeLiN+Hb1Uf5HdrfVtP6LJRrg9TAVxOrr5skttxsyR22PGaKAPDN0zBoYzHFODmu5g
PHZHFFjzenVUO4nroCLz5aA3HA17sGYwsB1Kh6w/GvWNnsFGfccwHaPPRk6/T40GQtysgdisijfj
5XjYH46NUc8AHzLMsWnrwxE1h6CWoQllLuB2xmNdt+uYAr4SGIyO/nJkdm3QqOF44wHzhl0TKKPA
g57ZNTwD/s/UHdob38KgxZkI+IWizJesNxwyxxswx9B7nuv2enqfUd2lJlyM3aFpe6AtRuuoQpqt
FTeDl0C0P3TskQOZjo5H/fFgOLR74wEdjkauPTYMz+07nmPWUUR2VsgzeglbxwCG3aEHNnHcMe3D
Nur17IHp9Dx9RIeD/pCyUUO5259aGJdb+OUT9mMFWUIvwbelXoAn/eXYcVivP7JHtucyk/Vcz7VB
186gP/acoT30mDGw+07Dg9KI8y9Mqbf/cti1+2w4Noe0OxgNR65rGjo1dZCW2cOB2x8Y45FnOG4D
SRwIDD3wloHdHdlDxxs5PepRfaibY2dMdRsMo9u97qhv6i7TB3rra9mGib15FFzTTbqIKWyXbRCs
QtutbfQzwA4oCdRda56kWIvO137gx2QBfyAKrDCo0tjHERM2RBevWUTtgEEYgSQF0dFlMQQVXAxj
Kfey4yoAyw1sOAXaVGGFSk9wlCJHliXTGvaW8AMmL5ZH75bvMVpfMzv1MxQBC+YjaJWWnAev+E1V
uAq0KhyYoi7a29UZDT+8fS6RFDqoZrcM3JZlfrFY/nLx7uy4Jg2kkHVudyB2HhRcoXy1PrkiYaN/
rqYvXWSvipRLWUw/l5SPKuEfEnedZXEKOb4itmLzKN0EeXg+bRwzKGW8DjYNNSCkqoCGieenb55L
cEVNllQPCVgwfBpdNRhGSN0rwS8bJvs75J63nCfuOvfT5+L/MyCNCqTSfH50JQ0nmXqURAsWBO9P
G0IpYN0Tu01PPGPZ8vTkrCbQqGN8q0AK3dMM8nHeYP3jvO4/tzcQWuP8+LnMILFJtX+cP475HdtF
ojlQEoBwr7BeZQnGnbQiYg1cF9RoCjr9wpz1/PyYXeHUD/6Nf3lSl1sffLvgDmKPQ6ijwftsyVaG
bFlWg8mn6qLC90ENlVALj85oXtOIhNTzHtR2f1rkePUEH32VJ9Cr4X76hQo8Fb7rI3Vj3kpuJ8xP
WWSLRYPxk0RpzaDr4uHmaH7aukesOgW0Yo3Bx8s8hUCEtLayFpCmjcZ1GXnEbPiP/EFmrg9t8Qb6
n+hn6pMLz/MdH/q+Z7KgImRZDjAGCC1ry+HD4iU8TW1+XZWvAN2TuhbQ9dN/LBsi9L9VBIUOOFe0
n2Af2DGrE06rAhSgf98ump48heM04+FRABEmrXFdAdc5byh/dsWDBTDybMxXKIMJ6nzcU+UW0e76
+rrDgCfE38kutzKeZiy8JaEANuNDt1nXownpl+eVECk/3kzHsw9+IjgsBShBzVw1rLMf8xUeu7Rb
i4vX7NmaEoHUsq4EC5YFuUr9qrD1QE9yTKP1G7+6VwpIzeH+tG3ywWYQpxTNJ5iCZdUkKS6rDOMB
UZe8mi2PyI5APD07wuxL/viDvEkYi/5OP/Pn2zsSOcjiR8IYj5fpqlkOlaBGzQctdsMi5TEhWTIa
1qsg89uFKRgAE21ZeUQAqJQ7W9YOShwgbSVpb+WtAKsS9zvDpsAqxT17xmSSA5E0a9w8aL5Z5Kxp
lL0//XBSlagCrfdRg7pA7+Uh4UXybDJtMYIoBRuPd0e15MPpvNY/1cCPlMgDCM8Th/3x7lUchjE+
+Mbd55dTLwX94MdPkbXeqH9Dk97GYzxRTRRHGqZqWHrfI9qTGvjXoNX6diog9ehhNnPrZ/6ZsyH+
q8llfEfzXmK0LMVE+eOxopyGeCP7tX/TEGgLv3UuUROrFgL1Tu9bZQnz31LMsui0vqDt+TePt8pp
dDVNaLquC1KFPkGM3rebpBDDj64cpCyEeNxpnxJjwVhdAgQ8ULa9CiD6n/DE/wL1/LM1qFWkliU5
eYowf4du6JxF1QqiBP17Tuc+P6Hs/JmxGGRkUcaTapiqwxuGqHP+85rTNzT0o9U84c8lQw2pZdXY
eYJ0flbLL/K6GbEaqeU08lgS5ane1WvSfMf+qKAEWfwnpUr0vKMg+IUnQe0MpA5vntsZd+/z7wi9
lzwCizhQZlkWMk6D4FrQf4I48eU0pyc0WtUsUwM3g1a/0e+odo38Qc65y1xib8gZDWUt2LiHMX7o
fGebOLbHGLXabO6vVhvZ0an8n7buvZkjmcPOVsnzeOWci9tQVSsXkMadqT+3Q1dEge+S+rf15ef0
ptRZRaYKtNnaNqLiRxZxcXvM2TyXcBWUaJiSldrFo4wFER1Lb4zcFeEq0IeOHZ4v5IdA9QlullNs
amsbcAur3bmoc/yBRmcf/7F89WwNOrTmAiHwLuk/SYhFGtclQMA9RwtvObfnV3Pj0iRHkYv3cSNd
N3vPtm0EA0+RIMh8Eb9rUpTAuvsMOl3NZhntPXijYvpP8fbMJs/S/NKH35c08P3LeolkdJ/p9kWI
DIssgEasMP89ty4qiFBRmzRjyQaK2qxaJdbAVWWNb9/PUTeu8EwKAvqbfPOkLPGIe1hVZr73TlZN
MJB/fjLX8F5C9dGtAvTA2eC5qMybHq4dnc1Pjsaikywv9W7jWm9cG8X1N5+7A8P4aOfjt8iu5FtR
wo7ReqLsNQ/hd5pf/w77Fwgtawc3O4Hf4BcFkYMd6A5KPb2mTubz6JaGSvgD9zx36+bJB3z18kns
ZAW5o5pqt07e/TxdU3GEjQ/PneTi/Ga3hgtpGpffrdUSEaozT9hMvXvwsarOGrxepg6b6gz94LLb
03FDvmNX/hUN5ufn82dzvETixCMvy4pzPGqWjIFiKmw++Ui1wutBXd6vKIi7uNyIHrlWPdThzadw
GkUdTIbQ5mXz2XNl3i1Gy6qwYlnFr8fEmsVs+eG0+kiEAtQjSiOenE/nsw9vyXJ2dP5sZYRAiQ89
40njozgvNk2F9wJUP+o2/j0PdBTUt78eJQakhykPQxrVJKlA/38nO1wxu4kbsiPkgYeJZl/O/Wjd
JrseKvoOCSRay5p9nC/W/AmF7cL/wuYB3bCkKssW2OyLzDsPK75H/0jvDOmBF5a/H8V+7LssqcW3
EvRAS3c+nUIgjlly62GF7z6uL1h4vBmWSGQR89pN5QrwAVmmPMnYDQTpdq0Nh2y9AQFfBzRh59M/
pSvf8lj9/fD95iUL41c0qlluC7s3ju9+wuT7jVY8aVKy8QTz8SnlVUnE9Tc8ZNL+vvstgi4UFadv
Hs+7aN3mCc/wbdetCDVwwx6dUV0S6Fnz4NlOfSQ2yxKNaiw5aIrzyALpPPcTz2eBW33avngvKIPt
fxBS7N8OatKCUhwauzWLKsAD+/DtCmrfXGdOPyJTK+92vV60IvhUA9l7Oz3ef75ntvMNi6Y8WiFu
yzpjVyw4TQOZeB80uUM3MdTwGfVrEpbA5gn1n3f/w4mzx3uqrwzEq7mqAnyglj07/vhcbAMqy9pS
/uZDBMCjYQ15UJEC36j1nXWQV+/xFJAH/O+ZqwpF9bEWwlc4aAIMw44S7HR2vP0GazQt4tq1/4Um
rrhy/RR502iU+uK8Xrx214GtD8lLNEaT1ot5eUXA7z1/RfAbAFZiRS/OeUQunIzoOtHNSdeY9M3y
DTKcIPFpMSTJQ32sm2YF6MeHeNsC/ofAkGfuYY1nIt9nxMHrNQiqBX6aHXLPQwiNIp5HDoYULFg0
6qx9Jj8gkB5CRkQyeCqvqSgGdjvUB4IQvVGL0kNDkF6B3kLuskNx5fEE0JYwRQ/U52KRXlzHV7Ei
4/r46Cj075tDQ2ATLxCCO2kpyzI/WqWHCA4wTmjoU4fyGLCEpYy5lSn4+YXD49nro/dnS4RK79F+
y1myUSQVKHFAKMUP/u7ENE0BuXv4X+IfaCnPuJbSK6YWXvnsGm2eUVDd4QhBNza/0dCP1RQIZKuc
rtghi1a7LbjDfvUX6zqbEF9DekHQd4kjXCYHlYANhOcQUDGpmRo8iSzXLGWk0BmBuolka0Z4BG6X
QXQkDtpcfKTCj5wgx1tagP6WxyKuBQ/lpyxu40ypx9qEw0iSIkpiJ4xekg3PE4WL+B4B0/uQvZAC
WB2/RgFpERC/ZdclugOXeRTsnpJrHv2QERrHjCYEdR6CsPhK4AY5xM8CSLmv1ywiebxKqAsIOlaE
upTIJlZEyItf1gwZIxkHKpFLAIV6zRZ0kMAmDWgGTIlhwSp07RQQgz4Dlgl94ROIDiNr8W44QkLE
LJ26sO2EiNdScSBd55nLYZ+ozxZMiNVS7/Pjq/PMtVqCs6Mg4NcEdyAwU3xrgFz5lPw3OibOER5a
pPgJwWAnls6Et6o1BPgiuJEIWAyUgtjsDVGqxPnKucvhCrMvfvFBITwCvVLXJQlLpfpRrfgeNgkZ
xffwxfdNQOk2Q6ZBOey3nAaoNvERE3JFg5yRPUUUgtU+YpcUYVsxdHYN1I4vQU9gWNB+m4c2aAW8
6ijdRA6+Ew+GTy7BjzpiwnvQlnDtQlKctk44BCqwHkxP20RsfaJCBOyHNsEXZEEQTCxCNxDVERbm
EXgQTpHIF8K8IBN4WcJvfPAwBmoAkYTnRiVzqFvF0KmHvopz0CfbxM9+APVliVjmMgyLwmUai8ke
yJDDvjGEWoQYmpJ0IlA1fZUK50jyCO97oweC3mNhBPHWRtohx+xK/Sahv1rDZsYHYNrVzaccBzWS
JHmcSahUGComBN6UXMK4sCnFe8Ou3BD0ivsusL2bA/QR9DkOigbv6lQcDSZrclLpaZAkIPgnG7kp
3wTcBu/BTE0kHPZB6Ge4t0O2ovYmA42ThVR1VyhXplWxfIlWu/aF5oVHwaa91iSiwslSIaHnA4sQ
kRg+wYFoPCiTC5LSycFaOW5TsuJgKI7bFL0CCa0Em5pgbUK6KAVQFyFYvrv7f14CLH3u4x9z8Pfx
n2Y8Fiyo8FmypNClBMIHZlGIewVDSLXgSu8aPcWYCAK/iF2h+Et/eAYOxb4QLGHEIE4OySeC5EPY
DXNyEXy5ZFnuSExW5Wx240AtkW4lkoHrYjmbkOXJ6YKcnZ6fLsnRfH52OluQ+ewdgWLy59m7NoFJ
ZHkBs2bkl5OLsxmZv7uYzhaLTjME1PRh9AdKHXOW+FwkZAzEKQrorJkIyUIbZbDVifxgjogtYoqG
N/BkmBWooMYEOSFAgzehvHc5m3QyKA0xAUY4TRETmCUSCL3bQC4zkqBxgTkE87xY0Lk9G31B1e1g
tpg5WA5IzSK70q5ybSkDuBeL062oZlfJmu7vZklJbirJVzSxYWdoDg8CWbKKALRbu2KrITtqFVGr
IHaHNMpF8VHlBAqzHHxwv13khKYTFm4o06vnAS4pb7jdgh1yIWO+dHioHngeuCUvPiSR64hs+U8l
4liwD4IOul0lK1B7LYLFrSQpXEdiKGXzEh4WyVauVjO0qmtWLYzSKEve8g2yw6Vq3rEoCkY0WcLF
C+eFI7t5GMvqSpZwRA1oOFDY6xgnqQWCd8FmIQFcQZqHzU53KBiSNiQ+oHAFTpamOcPAkK3Baqui
2sSghdS2XLULQ8oaQRWVHckNTr1TT9gNOes8ukwL3qc0Rqgf5iHkWEivCSk6BjQkkb2T5GKrV9wv
SpVix9z2MSi2Y8WRIKhhFZxD0u2VFjvmcqjp01gbYdST+OXkYgtJXGpiVTJROWgONIaslO0YWBG1
CpSPqD3gThYYEktMsSchco2UcCsdLFP6VD2zooyTt9UuKhDfQS/w3o/qPj+0oohlaLCJShFQmq15
IEtMm2bQ8GIlLlhO8fNcRCUZEdtk56NGZWqxWVlsyvT2omqlYgjDarLJ1uK7f5peMaAwniCsZQUz
KgWIqL2tY0UjiyWkKyXHXkYU+rgYgIqtDjmBWhB86VAUd2Q6f9+GtcCDDfvr2nfB7UWtIKNniV8T
+CdkUJTd24o8FdqpzO2QIxcC1ZoG3gG++CnaBJeBDytSQJTg4Qo6WGUjbtNeBVm1FZndYFTDEpMG
HYJMvJ9H86LY3jaA2EsgU9eQNnFhHkexpq4b3c252nWp/4WV9sSyvDBjiglPlUxQtkv3qKTW3tiQ
i/Y7ZK7WBBTfscUOWnWiyhcERS+hKxQBbAJqS+NAVCzYXobAPG52mqCdpoGPByuiX8bvL7E0I+fL
94LTFERCse08I9ifC1NuycnmolPEmjDLNVw1Edyil7vMzleTomH5iejYqKhybQ1bVYyT4qt6sqFG
T45SLhOX8gYdkcngJLFN1xwaWPTAok9hRScqIphLM0pSelVESjwnKY6TcKzSwgJj4uxOFizqPOIz
9yPZDIvDpB/IR5vfoNcn5PSY7H18f3q8DzKDywMPMP8awn2MzyNAqgPHwP4lgeals60AwRO4mCKU
HYGnf3x1VuBXvU0F8oMghkdKImlC9YFNrkjDQjZenI6oFFI56vE8QRbGfG+j3eS+u5WWQpkCwY3R
rAibIL78jlXRBYgOUjEKbgNFp6jIIu7gl1/EWvCac7oBj8FOMuRXRVOOGU2lARGKtWJMkky3AbA4
HasekCzFCYd0d/ntbmkLMVf5dp6qkxYHNnImQ51ao8k1ExJDjXTlB0hGhnEVohQVzEM0WpV9QoTL
gmY6bBezasdqOw+lpJGPQp7jDvZkvlEbGlWpTIz5FSOUOI4AN8TfIkHC4nciXVYWC8EjJttfm0lk
Nr7pBb/x7FNkuHXh78LFxZFoLfFK8ZFQKT7EIUKbrMbyG3dAjUFO28VldzebNAFM4B/FtgNmi8X4
t+TGFHsZDwe0PAb/ZWklNorPxghC4hS4ujWPBTEbn19JRQBCfbIELU3kp8GIko6ow5QigYs1NdEB
n0YM8oKsoA1Lt+rZHtiUGurcVpEKTdfUF30ahEloYqRtYh7nQeGM6gIzmZijAqIpwqEo8LVYBTHM
JRiXINmp0lkc6cojqolK4niiJtpGCZY5UNkLP5VUnnVUNjn6u4Zf0W2Ayu1WB8drqDY9XrEI7DJN
3lYpZ645Wkaw0sEHrjo+FxxDINuE2PbABsnwBNFJt6xjL6fGyXZciCCCGF2tEmig5WGZOlmTBwj4
8dPLpnyCP9jBF8cX+KlATYV8mfkwKFwzWVtT2DrXgmIqGN8KIGCdynE2JNpS89I1pXFuKRUMKseV
M0GOx6/biUxVLREFnFdVB1V3hH5SOblqQ3yM17RN8HFmkZ6zsgqD0OuxBCptDSNQhOlPjhbZSuYK
WjsJU7evKuk1h4oTMrmIYkWwUAiF5eV4QeOWpaWsVVNnfriN1Sr/IlKcjzsBQzNaFgMmEhRHfGpR
cZzb2RJQI1UKhTbvz/AqbEvryl1ROTlROAB9pvRZnJGsFVBEDGxyVN2sIgYeOUNr4orC0fdKRNB9
gCDy/gJGoOLgQMY4wKdCZJHZaODTVHUlUEjSMA6KKyx5gEdlq0lhNDkGfosnWBPyL1GrQP5siyOt
XxGpfMWoTJPV+x5CDKwbE99VhwbFTSpxGrArY4mELjJ0Kupj0WziU6rAq0q3VfYlXcGD/EnwthZm
BZm9thQn5PXZ0XJi/Dhs98c3etu8MdvGj/qPLtZDYp/v4eMBDgbXw1FXhmJ51evvyyJP3mKo9upy
h2NuAR2rozRReoizMLCasyHyk6h5UgTlokFJypsTIuIAHvEZZDxvSQuFacWNDfAFWc2+eC1CjSAl
5teQ5KJSUF83r0A0UVpWaj4ei/aW3UDgS1Vv51xid5CKPgY0YvtQl29kDSfmobzACnQeMo3IPSOl
FPihGEnKWN1qt9hNxqK0eOp5ChVC9YuernhhYHsd+PaNuINXQsApojStgWKnjiT9DZhkZu1LofK7
iOW17ajPP5YQvHkVuTSpwZJNnHHxsLApXuFy1OfttzPypMYKpHh8OKbbNXXdGKtP1GO6qk4CWMZq
hLys9l3TlVu7CmuDa8hpNWmh1HPxJnoFht8yrakRN4lrK0nwcYHQljfzqrPCDWhOfFFV/SLl0GJ+
Vtd4lAW3lvpVyPz4orbC5Z/EpCZQGqu2cl23wjb9fRLVTfUrqV0xnuLb1BWNiAVpDcf2m6H4aJWO
H8Rtt6DvyUVMW+VSgQXKd8xThz01vOuQ10yx8DHefDyv6cZfyY+5KlL49k/GL1kEhVVNrIZfwyVy
eGvOdeI3nGVDxUpDvXz3xY/lAzpjQeufWINdzMVpz3bV16//A0qHVYE=
===END CRASH DUMP===
