PocketMine-MP Crash Dump Tue Oct 19 09:38:11 +07 2021

Error: str_replace(): Argument #2 ($replace) must be of type array|string, int given
File: plugins/ClearLag/src/twisted/autoclearlagg/AutoClearLagg
Line: 121
Type: TypeError

THIS CRASH WAS CAUSED BY A PLUGIN
BAD PLUGIN: AutoClearLagg v3.1.0

Code:
[112]                         }
[113]                     }
[114]                 }
[115]                if($this->messages[self::LANG_ENTITIES_CLEARED] !== ""){
[116]                     $this->getServer()->broadcastMessage(str_replace("{COUNT}", $entitiesCleared, $this->messages[self::LANG_ENTITIES_CLEARED]));
[117]                 }
[118] 
[119]                 $this->seconds = $this->interval;
[120]             }else if(in_array($this->seconds, $this->broadcastTimes) && $this->messages[self::LANG_TIME_LEFT] !== ""){
[121]                 $this->getServer()->broadcastMessage(str_replace("{SECONDS}", $this->seconds, $this->messages[self::LANG_TIME_LEFT]));
[122]             }
[123]         }), 50);
[124]     }
[125] }

Backtrace:
#0 plugins/ClearLag/src/twisted/autoclearlagg/AutoClearLagg(121): str_replace(string[9] {SECONDS}, integer 60, string[40] ..cServer d...n r..c sau {SECONDS} gi..y)
#1 pmsrc/src/pocketmine/scheduler/ClosureTask(61): twisted\autoclearlagg\AutoClearLagg->twisted\autoclearlagg\{closure}(integer 11951)
#2 pmsrc/src/pocketmine/scheduler/TaskHandler(137): pocketmine\scheduler\ClosureTask->onRun(integer 11951)
#3 pmsrc/src/pocketmine/scheduler/TaskScheduler(179): pocketmine\scheduler\TaskHandler->run(integer 11951)
#4 pmsrc/src/pocketmine/plugin/PluginManager(654): pocketmine\scheduler\TaskScheduler->mainThreadHeartbeat(integer 11951)
#5 pmsrc/src/pocketmine/Server(2389): pocketmine\plugin\PluginManager->tickSchedulers(integer 11951)
#6 pmsrc/src/pocketmine/Server(2152): pocketmine\Server->tick()
#7 pmsrc/src/pocketmine/Server(1992): pocketmine\Server->tickProcessor()
#8 pmsrc/src/pocketmine/Server(1586): pocketmine\Server->start()
#9 pmsrc/src/pocketmine/PocketMine(314): pocketmine\Server->__construct(object BaseClassLoader, object pocketmine\utils\MainLogger, string[16] /home/container/, string[24] /home/container/plugins/)
#10 pmsrc/src/pocketmine/PocketMine(344): pocketmine\server()
#11 pmsrc(11): require(string[71] phar:///home/container/PocketMine-MP.phar/src/pocketmine/PocketMine.php)

PocketMine-MP version: 3.24.0 [Protocol 465]
Git commit: b54854529f8a1366e156f8ec32e02635ec670e95
uname -a: Linux 70ad3400-c5fa-46ad-84f2-694f522c3898 4.15.0-159-generic #167-Ubuntu SMP Tue Sep 21 08:55:05 UTC 2021 x86_64
PHP Version: 8.0.11
Zend version: 4.0.11
OS : Linux, linux
Composer libraries: 
- adhocore/json-comment 1.1.2@fc2f76979f0a44a5f5bc2a2b600d0762fe0e78e7
- daverandom/callback-validator unknown@unknown
- pocketmine/binaryutils 0.1.13@0abee38d4e2861621f262c79a2a3d699d8a697f4
- pocketmine/callback-validator 1.0.3@64787469766bcaa7e5885242e85c23c25e8c55a2
- pocketmine/classloader 0.1.2@9757928424652393b178a3760073113aa7c9911b
- pocketmine/log 0.2.1@830b44a2cf96ef703c550abe64302f230231ca49
- pocketmine/log-pthreads 0.1.3@e477ecf6ec214fdd4415ea1da3fdd9d73bf699ea
- pocketmine/math 0.2.6@43057cb8c179a9859677b496a788db922fd5cfc3
- pocketmine/nbt 0.2.18@9f82ca4d7f97fcd9a566e44b63c4f18a7657ae82
- pocketmine/pocketmine-mp 3.24.0@b54854529f8a1366e156f8ec32e02635ec670e95
- pocketmine/raklib 0.12.11@9cce458b8bfde3e4dfdbf70c659fc7b7fe26b5c4
- pocketmine/snooze 0.1.5@70b5e7937a06878dd321a3182ceb76d56298f2cd
- pocketmine/spl 0.4.2@6b08b7cf8c4afa17139c9a1b3bf1b408531de161

Loaded plugins:
AcaciaWoodHS 1 by BhawaniSingh for API(s) 3.0.0
AlwaysSpawn 2.2.4 by Philip Shilling for API(s) 3.0.0
AntiAuraBot 1.0.1 by  for API(s) 3.0.0
AntiToolBox 0.1 by NgLamVN for API(s) 3.0.0
AutoClearLagg 3.1.0 by Twisted for API(s) 3.0.0
AutoFly 1 by PIG for API(s) 3.0.0
AutoInv 0.0.10 by JackNoordhuis for API(s) 3.0.0
AutoSellUI 3.0.0 by LetTIHL for API(s) 3.8.2
Banking_vonfram 1 by Noob for API(s) 3.0.0
BeetrootHS 1 by BhawaniSingh for API(s) 3.0.0
BirchWoodHS 1 by BhawaniSingh for API(s) 3.0.0
BlazinVanish 1.0.3 by PIG for API(s) 3.0.0, 4.0.0
Broadcaster 1.5 by EvolSoft for API(s) 3.0.0
BuilderTools 1.2.0 by CzechPMDevs, VixikHD for API(s) 3.16.0
BuonLau 2.0.3 by PIG for API(s) 3.0.0
BuyFix 1 by Twisted, NhanAZ for API(s) 3.0.0, 3.7.1, 3.8.1, 3.9.3, 4.0.0
CarrotHS 1 by BhawaniSingh for API(s) 3.0.0
CmdSnooper 1.0.0 by HotshotHD for API(s) 3.0.0
CoinAPI 2.0.9 by onebone | Edit By SenKai Official for API(s) 3.0.0
Crossbow 1 by SonsaYT for API(s) 3.0.5
CuongHoa 2.0.3 by PIG for API(s) 3.0.0
CustomAlerts 2.1 by EvolSoft for API(s) 3.0.0
CustomItem 1.0.0 by Phuongaz for API(s) 3.0.0
DEVirion 1.2.7 by poggit, SOFe for API(s) 3.0.0
DanhGia 2 by PIG for API(s) 3.0.0
DarkOakWoodHS 1 by BhawaniSingh for API(s) 3.0.0
Detu 4.0.0 BETA 2.0.9 by CLADevs || GreenJajot for API(s) 3.0.0
DevTools 1.14.2 by PocketMine Team for API(s) 3.13.0
Disable_TNT 0.1 by  for API(s) 3.0.0
EconomyAPI 5.7.2 by onebone for API(s) 3.0.0
EnchantUIVH 0.6 by UnknownOre for API(s) 3.0.0
EnchantVIPUI 0.6 by UnknownOreforsource|RBpmmpformod for API(s) 3.0.0
FarmHS 1 by BhawaniSingh for API(s) 3.0.0
FastTravel 1 by BhawaniSingh for API(s) 3.0.0
Fly 1.0.0 by NhanAZ for API(s) 3.0.0
FormAPI 1.3.0 by jojoe77777 for API(s) 3.2.0
FormImagesFix 0.0.1 by  for API(s) 3.11.4
HealFeed 1.0.0 by DafaRahestian for API(s) 3.0.0
HuongDan 1.0.0 by VbeeMC for API(s) 3.0.0
InvCrashFix 0.0.1 by  for API(s) 3.14.0
InvSee 1.0.0 by BlockHorizons for API(s) 3.0.0
JoinMenu 1 by PIG for API(s) 3.0.0
JungleWoodHS 1 by BhawaniSingh for API(s) 3.0.0
KeepInventory 1.0 by KhoaGamingPro for API(s) 3.0.0
KhoeItemHand 1.0.0 by S2TwKen for API(s) 3.0.0
KygekRanksUI 1.3.0 by Kygekraqmak for API(s) 3.0.0
LoadAllWorlds 1.1.2 by  for API(s) 3.12.0
LpkCuaHangUI 0.0.5 by phuongaz | Moded by LamPocketVN for API(s) 3.9.0
MSpawns 2.2 by EvolSoft for API(s) 3.0.0
MaxEnchants 1.2.1 by Xenophilicy for API(s) 3.0.0
MenuUIVHPIG 1.0.0 by PIG for API(s) 3.0.0
MuaDetuUI 3 by VanLXYTB for API(s) 3.0.0
MultiServerCounter 0.0.1 by luca28pet for API(s) 3.0.0
MultiWorld 1.6.0-beta4 by CzechPMDevs, VixikCZ, fuyutsuki, kaliiks for API(s) 3.20.0
MysteryCrate 9.2.0 by JackMD, DaPigGuy for API(s) 3.9.0
Napthe 0.0.1 by hachkingtohach1,tungstenvn for API(s) 3.0.0
Netherite 1.2.1 by Wertzui123 for API(s) 3.0.0
Nick 1.0.0 by MDevPMMP for API(s) 3.0.0
OakWoodHS 1 by BhawaniSingh for API(s) 3.0.0
PiggyCustomEnchants 2.4.3 by DaPigGuy for API(s) 3.19.0
PiggyFactions 1.2.0 by DaPigGuy for API(s) 3.13.0
PotatoHS 1 by BhawaniSingh for API(s) 3.0.0
PureChat 1.4.11 by 64FF00 for API(s) 3.0.0
PureEntitiesX 0.7.0 by milk0417, RevivalPMMP for API(s) 3.19.0
PurePerms 1.4.2-c2a by 64FF00 & ProjectInfinity for API(s) 3.0.0
QuestPlugin 3.1 by HmmHmmmmm for API(s) 3.11.0
RandomBlock 2.0.0 by Edit By Nờ Cờ Dờ for API(s) 3.0.0
RankShopSystem 1.0.0 by zZPROGAMERZz423 ( Edit: PhongGremVN) for API(s) 3.0.0
RedSkyBlockUI 3.1.1 by RedCraftPE for API(s) 3.0.0
SAC 3.6.6 by DarkWav for API(s) 3.0.0
SETVIP 2.3 by MCPEVN TEAM for API(s) 3.0.0
ScoreHud 5.2.0 by JackMD for API(s) 3.0.0
SellCommand 1.2.7 by Muqsit for API(s) 3.0.0-ALPHA9, 3.0.0-ALPHA10, 3.0.0-ALPHA11, 3.0.0-ALPHA12, 3.0.0
ShopKeyUI 1 by VbeeMC for API(s) 3.0.0, 4.0.0
SimpleWarp 4.0.1 by Falkirks for API(s) 3.0.0
SizePlayer 1.0.3 by  for API(s) 3.0.0
Slapper 1.6.1 by jojoe77777 for API(s) 3.20.0
SlapperPlayerCount 2.1.3 by  for API(s) 3.12.0
SlapperRotation 1.2.1 by jojoe77777 for API(s) 3.0.0
SpiderUI 1.0.0 by MCCreeperYT for API(s) 3.0.0, 4.0.0
SpruceWoodHS 1 by BhawaniSingh for API(s) 3.0.0
TableSpoon 1.0.0 by CortexPE, Xenophilicy, HyperFlareMC for API(s) 3.0.0
TempBanUI 2.3 by SonsaYT for API(s) 3.0.0, 4.0.0
ToCao 2.0.3 by PIG for API(s) 3.0.0, 3.2.0
TradeNPC 1.0.0 by Free for API(s) 3.0.0
UIShop 3.5.4 by SaltyPixelDevz for API(s) 3.0.0
WarpsPro 1.3.0 by nikoskon for API(s) 3.0.0
WheatHS 1 by BhawaniSingh for API(s) 3.0.0
WorldProtect 2.3.8 by aliuly for API(s) 3.0.0
cayphattai 1.1.1 by PIG for API(s) 3.0.0
iProtector 3.1.1 by LDX for API(s) 3.0.0
tichluy 1.0.0 by LetTIHL for API(s) 3.0.0

----------------------REPORT THE DATA BELOW THIS LINE-----------------------

===BEGIN CRASH DUMP===
eNrtXXt32zay/yq4yp6tfY8ki9Tbe9wTx4/YjR9aS0m6XfbkQCQosearfNhW2nz3OwOAFEDLtmxr
s/ePdre1OAQH85sZzAxAkPyj5kZJQLMvNyxJvSis7XbqtcwLWG3X6LU7PcNoDY2m2Wm3hr16LY/F
qV6r1RyanW670xqYHcPs12s+TbOjJImS2u4ftWwRQ6vaBP4IWr0WsDSlM6SmWfIlYbFPbba1vUv2
k1kesDAjb0yy9Td5YpsEeZqRKSORS5AboUlCF3/CtV44qxMP2s+8GxYCZzf3/WPPR9Y78yhgO3YU
ZtQLWbIT+/nMC9OdA5/R5IzOdtLE3sluvTRjzg7Ns8jGEz6dzXb24ahoNmvG8xg5C64v5QIcfBAD
NGkaoNQEcNV2/1170yIv5bgFnEBlqgaFRv49/JX8MT46uLw4HH/j6mEzlpBeq05kg07rV9Js2mOW
gKWJ02w2Q5IAgaQ0X14KSm02F9sg+RuDxAGKhf/GkX3NsgDA7KT2nDm5D8o98KM0T9iEptdbPRRL
ArAsDYFlaRAaPz7U7A9bMPy2VYhvGMOuwYUxnxIGpTihoQO/t4x2H6RZNrOssp1lKVI3fozCqzxc
0V17ne7GxdGW0R8+3KEiWePHZGV3ndXdCS/ZGfE/5zSE4ZNs9bqdx/sqxWr8GMAomMwTRp0T0HI2
ZTRb0Xt3de/CU7bM9qAKTshlWZpgYFfPXnaeruio93hHRtesdCTOCM5bnEX/URbGcPgYi1ES2RCF
okTwGjzOqzvoPcArzUCZgsdwNY8R/3kOP7faRucBNl++QKCC0Znb2VY0/Y3ZGXlHU3YAkTQ9i6jD
kjqRdPXyPPP81LLOwbZn0WyGreQQN3q/kmoELE+anfsnizAkxnvraSyde74nlCUYyIixZWAwSNjv
uZeU8alv/EriOU12d3aqUiw7aJyPmtjoYREwMG/Xfv1Wr7H/Tq7ZXEYADILNFy+8ifwbhoIBbwe0
Zme14ixQqizsyGGI3DBMOEse+OcbtDSM9gMtxNnOirPiTPf+Gc/d+ls291KIK0K/6b9T5ru7u2f7
F++/HF1MTienR+MvB2dH+1dHh7+S/9nbI1bNqm3/wTn2HpBE8pyxTI687caP0wT834aK4lz0tKXa
0ar9cXD58WLyzarVyd9AaV7msZQriDl18hwZt7f/wWXrP6iHAZzhP4YrmsiuUgbO7KRkryBg6Etu
qM+Zm63Kld+YnzLUJpiee9qWzqeEUGphAkVXuk3+/vfHwE1Oz4++nB0dT6qaN42HRX+W1osiget9
tciPCybVbVbdlqvaVF3123addFuyeeGlohl65rfat78Kqr8Kqr8Kqr8Kqr8Kqk0UVPXajMGl1Me6
IqQ4x69pbECeKehyuUxQazfNTrOF9Nzzndqu2TJgluulXxx2U9t1KSQ5qGGSCEJSBGw7vS504mGF
M+12Bt1O1xy6A2q0ez1mdHvugNltk7XMXrvL7F6/xYZd4J1LWc68ML8j/RZ12p1Wq2F3Xdro9KjT
GHRcs9Ebdtyuadowsgak0zS6zVbD6A4bHJNnkzdGr9/4OM3DLCfj8xGZ5IyMWUxMg7QGu93ubqtL
Pk4OiNkCyt2g96XXwfprHkPPg2araRhw+JWFgLLWKY7h9JcoLWQDAj/w5YEdBXEExvzie9OEJlCg
oGapMwdtJGzntzQKG9BG1nxG02iab13bdPu9YX/otminQ7tud2qb1Jz2Wi2n1e+ZLmux/oD1gb1D
wRAQA6Ngx6a+P6X2dQMKDs+hGVbFoLfrMLoN38q/KO7S+lMvpMmCuz00BThNo/22RaeMtQdOh5mD
ntEzDdfsmXZ/SE3adnrDoTOgIJrb0Vmt7NwAFbXf9jr9Qb8D1/R6U5vSPusOBl2zY7JB1zbbttll
A7vbpWaFIQ5Wnw9WKZv5dtjv9ofmoGOCD5ntYXtq9Ae03Qe19NtQ4QJvezg0jKnOyY9mnIPZNN4O
2q0paNS03WGPuf1WG3pGwL1Ou2W6Jvynbdi0M7zHoRFnPNwXimq/ZZ1+n9luj9mm0XEdp9Mxuowa
Dm3DwdDpt6cuaItRnVVAs7mUpvcWOu327enAhjRHh4PusNfvTzvDHu0PBs50aJqu07Vdu62zCKdZ
gWfwFoaOCQI7fRdsYjtD2oVh1OlMe2274xoD2u91+5QNKspd/mwEcTmE3z5jPCrMEnoNvi30AjIZ
b4e2zTrdwXQwdR3WZh3Hdaaga7vXHbp2f9p3mdmbdu2KB6VhFH1lUr3dt/3WtMv6w3aftnqD/sBx
2qZB2wagZdN+z+n2zOHANW2nwiT2OYcOeEtv2hpM+7Y7sDvUpUbfaA/tITWmYBhj2mkNum3DYUbP
qH0rZ2B8bO7b1Pbo5yhyTsZKFNTI9doy/mEMgIJrHiUpFqHv5vSWht4YYvMc4ymNPSS3YSy08JiF
dOoziCCQnyAwOiyGeIJXwrk0crNDlYB1RqVvy1J7gBqwPIeTShgwGLEvx5PPl1dnh0C6ZdPUyxAB
1sr7/i1dpOOYQixQsClUFZoJTtbR4Y3mnu/FZAx/IMTNNoUw5mxTyRUqWC5RihJZlsjZS3jjyf7V
5OPoPjiYAu7nCX0XZSo4harZDQO4Bm5DWC5n+dc5DT8GeebnYKBl/9rBWuaC5pMo8t9FdxVEBVVF
VMVTu5id0eDTxaaMJNkJFFKA+9ZZjQYy/jyfNiHV7RRSIT5tRUNBWFnpUKsNgxcbCsqJmPZsCuVa
k62n4M6zLE6hJFNgSzH304WfB+cHlQUhqYxjf1FRA1IeCTej0/cbizKiN1EBr+WdcMFpeFMRGCm6
V4JfVkz2E5QKF1GUOPPcSzcl/2/ANCyYCvN54Y0wnBBqLURj5vsfTyugJFH3xFbVE89YNjk9OdMA
DZrmSwFJdusb5B0NryF8frmJQjehgYKheuYRjwK7TDcWMYAXJCzo/BkgGMuSKMq07KsQv3PuXfZc
zbzFmbVAeYk9v1dTqNTvDWvZ9T1cxam1gPn0qxd+gqvTuYpMJVezbvvpEFbn86sXo/O8Y58Gnhei
HDCbVsXRj9bCWKyHskSFqFB1hF0d39FN5I9B0I2ZbtkxYNGkeKRAKjLS7e1tk4FEyL2ZXXN8OHFn
CWb0VAWoknWEZjXyHXxl9nx0fshusOkn7867PjnUABu9lyO2kXscOMDdsqZCrAzFAvy6kM9Nyorc
OxorrpYoPKO5phFB0WvktRz6pbZ+TvTPF8fenSYuJzwSWYrSqV67gIp1/5cV47Dd7POyEjOZ+Dvk
eF81PoVk60M7oElSyQgl6TsHzqLfatQU9LXABM4Y6pRYiyYKsRouK0PtJMrSOUhwuClEduCkomtA
oYrxNBIosPZHaq1UUKojZKhjiEI2hX/Jn+TI8TLybkHGLPxAPXLpuh5MZ/1NYZMdWZYNggFDQFhK
+DS8JErTaXSr4itIj3jdOApT+q9JBUL3pRAkO5Bc9v2MYQPxanYSURVAQfp+Mezg5DkSp1kU7PsQ
31NNaoWsS278Z5Ot2jOYQJfjZelWMDnNWHAPISc+Mf5HczQh/bpZhNjz+mY6PPrkJVzCEkBJqlYK
fV38OJrh6n+9Nr48ZhtbPuJMLeuGi2BZUCnIX4pYT6weHdJw/t5Tx0pB0RzuPzZMPk0ZxCnZ5zNM
QZPrS3p9b26h079zktQ6r2ZK5eRaAFmm1mD8UIXDCxHy7miyT1ZkmoOzfSzuyJ9/kvcJY+FP9Ldo
c8FBMAdjeSH3trWNxm6q1XZJ0seP0WlWXa68HUcmDKbyWpHdfoXNpABgoKUoa0Q4pZpeirZT8kC0
XorifJlcTFTACvWxVcxNuaToDnqrmumhgHBkR2EULPQCRyGqQnehSjZX1jgbr2SYkIAXM5o0T3rd
UWhDlZ99PP10oiJSqLodejqgj+Ie4mWyMUxLjgClEGP9USQv+XQ60tbrNPKaiFygRHlisz+v3sVB
EONm+MjZPE6jBPrJi5+D9ZgmgRbfJeE7B3bRazWiI3U9EGk2SegN8zUgJfG7gyl6rgJa2yracv29
pfr7xdsD0+yXAnjOav0xuLQeywqKLnO7KvNv0W8R6+M/mtzmK1bqS47gO0KI8se6UE4D3F+oL3jo
9Hs3IR5MK4bR7LwUS5D/nmLpiRHD4327z1nZOGHUP2bYZ4miJD3hS4fUpVd0ztLMo+HmKjeFqWUV
sjwDEM5OoIpVARWkJwBhBXx+sCkkRa/ri34a3hwkNJ3rTqVSn+FSnZdLXriUF97Y2DN3qPVus0oY
Y8Z0BEh4QvvvfKjeTqLE+xqFG7snpzG1LCHJc8D8FHnhOQvVGUBJ+j63RX97xrz4pzyc+ezeXEwj
f+ckp/ZdTXPLc+uA+8BYDAZkYRYlatrT6RUv0wF+mEf0PQ2g91ESbQqhxtSyNHHWNx1wYbgIgjuK
VXAq+YkRNDYntx9YuEFcZdfrzlk+LGbs+oqG16lWEmvkJ9I9b5vQ3wN6vTEkS5ZgH0WW9c2DEWPf
9z9Hie+o02adXpk7V6ZkWnx+RflyHYXgbDZMby0LBae+f8v7fwac+Pogp2DZmWYnjVxNNpXbirFc
ByR/kvPIYQ6ZLsgZDcQcvLLpZ/gEWKUUXK6Pa5PLkTebLcRSoZzA8Bzx8H4uIRwumUo86yvnnO9E
U61cUCqb0/6zS7+yU5C77P1lC77n9K7UmYJJoVbXTCt54WcWRnyHnL3YFDiFJRqmFEU7WMtYkIlx
7QAzrgJOoT61nr25VB1Ar89ws5ziYqI2AJc0batPpU6l4dnP/5q829jKLw3nnCHILvp/Dgg/88SD
DwdRHupbFFacfLyCrfm5Tc1BzDY2iEqGiK0qzTNh8iBfhSeIuo/1mq3GlGW08+QmhYNf+IsDFnmW
5tce/L6mvudd6/Wv2drQ1oUABeapQmqjEP412xYURqioBW4FWcCMJVOnABpZVdbw/l4O3Jx3jiIc
Uoj67/PFs1LJY6UoZwzQFWHWc4EVKhDMdjRggP+CxtlcRS4JT/j9nNpz3CCXRfjLqGdQGQPj8GZj
1VylB8sSghV/1xkEFwwaJp5m2CXtiRzymSXZ19zDxys3hGjJEUAUYrzYnktuO0tMCNqzr1W8ePhE
RsFxMTo/H22sEJD8ACb0vn7QWnVb7r92S+7B23HPuBW3qghUnhNbcVYv2DrVXQYrI4wxfM3ylWBo
WSukWUl8gasWneysYLdT6umY2pkXhfc0VNKf2FK3WjfPvsGnl/E8WUjKA1V9vXZy9eFgTvk9enxI
7STnN0JWa7hAUzl8tVZLRqjOKKNZpA2jkvSdR1HRb3UQCfpaYyhPGNeuAqYg6R7REc8XKoh6nePj
VutZWDjzEUuCFdO1e/5Y/MTFmTpMEW68KE9HR42yyVIRX4QsgFwKv/z1AttzIeUzsyUbqawj+WKH
nysaW9L13N6vDqTA869bHQP3oVwBpBvq30sOrwk5ieCJdw0tK85xk4EQTGikEPPZN9MVWXd0vFIx
wqq6UgSt6kdmwzbpKlcifydga3wS+jR0vdDLNja/1PyDS6X83ICHCD6giX/mLM1G8hUppS5UauXx
ocpuyiCA/8M/tcoNoSeG1dinMe6SfKziC4I5cras31Eay+JCvQB7IeOOigqgX/EHf/kSuwJdpVY3
+VVGRrH58sLKDeY45ED+PRR/N+ULikTrF0+4QjieR/EYC/xAx6eeeKIW/PrL6Ory/f750dUvXztm
m2zxHae7ZDSPwtn7hAWfLrafH1BlmFuumqmufX8t7XHdKGieoR7mjK8XXKfaAoZOrz45V3F+aAwT
JzcbHW3M1CVHy1JEsazi1zrYxvsHCiI80nH0qvs4cEfZZ3qzyd1rwA6E3j/g/3l63X18NPl0OlKl
FgR9AFaq3/OD0dGnCzI52j/f2FSFs8RXYeAGk7WUXZR4iuwFSd/h9NBCwaZuVMnVgaL35a+1YDDf
P4iCQL97o1Kf2Jd6zm+6VsE09s9GJ/tD/txDeWi0KsdG5dgsjl+85xvkXnXb5xH8EEM+sIUWC5a0
R6rkB266r/OAx8q7BtqCzGP3hNgC5XvOfYGxF8Q++0yTWAW5JFZ3hVaQHlP/2kuuX3lvu9g1FKYu
X04d+9GtcniUplj/UT8VQVWidWXflpVyeW9BXnBwVfY14H+FEogutCVehfj4Y3YbGqW8vzPsD8Uv
fq8lvqyYFNklpbp4a6y3/+gVKFLR84sXq5Yi7RQglgiFOfgS932w6snKgwyPGOw1dytZBvN6z7Zt
MNg9GZ4x+MS1VzjR1Xf+V888sRD5gDlf45O6AM/AFHsOS/SYWZCeWmM8OICZHvR670GfVz+8Wojw
HBxJbt/fdqKRv/NCidp3dbFkeW4dcBPsfBxHms8pxCcMdRAlGbuDYFzXbqPWaycLsN6xT5MN7jnT
7qouZVR/P11LTlgQv6Oh5pZL2qMV5epHz17vkcUjaKUY6/vmJDqgkYqEH7/g6bP66/ac8n4tCzg/
Q/aEOuxipM5GStITbncM0WFTXlX0ub7gH0+xtlLElgR9HtWtvtxnTP1sMfLumH/Ibp73gJm6zPzY
Tngux/pAsDbiy5FLKCXpiX1MoXcdpdfRxm7gFfwsq5Bg+WstKHNG9UeYC8p3Ds2y22pU5uS1gOC9
ZgCd4euJFTQquRKlmgMdFvW93N/YWqPgZln8znosJFhnw9yKwu489xLXY76jviOteJtjBmN6J+Dv
WtjR0IJSbLqI5zTLqKeoRCFWd6b95/ar2vEzqjpPQojUulwhPrGAdHb486bEBlaWtez5xaU58Gng
KsiOggJfEuzZcz9Xt60WlCcC+ap3+rzm7VKi13UthK+mowkIDD7HxWmueKsnXNNohFHj1vtKE4cf
OeJptwbMSz0ej/m2myYMDih6+O2I3dqbUXlEDqLQ9WYEX2tuhW/Oo5Bc2hkxDGK0d1vmbrddvhfT
CgWvRgyF1Z4xNNrtkuTFe7i3Av5nhUGUOXsfaEA+XVjh7RwANXwvzfYi17VCGoYw+7BxaOFUpEHt
ucfEm8/TPQixIX/zW0OOZbDNHnKkd7J9umfC8QzUEkQOw3NulAC3ksI7Ac04uIIkjuKbmHN2PHzF
QA6Jbs8EHvxtp+AjjZRlGQTCdM8KfRDFb6Cb7J1F0+linAcBTBYlPWXMKRvha+L3Do+O9z+eTaxQ
OETj95wlC96ZJCSQG4UU+KsZ0zSFWOXs/S//B9SRZ1EjpTeMX3TjsVs0YEZBQ3sDK7ybRncNdEl+
2qfhLKcztsfC2brG0N6S2FwE+JbENwRdkNjc8nnCp07cAQgok2heBi5BJnOWMlJoiUDZTLI5I1EI
3gMzzIzYaFT++nwvtP0cd6QC+3uOh7zGUSBesn+fZ0pdVicRbgBJkSWZJoxek0WUJ5IX8VwCRvYg
TGMPYGF8Tz7Ef2B8wW5LdjsOcynYOSW3UfhDRnCOSBOCug4ALL6xdIES4gvLBe7bOQtJHs+g3AIG
TQv9UDLbtUJC3kCKRMFIFkEvoUOAhXwLMOgA14B8moFQ/DQX1Y+gG4AKv1jG9YVPptuMzPl7q5ES
IGfhvoVldwl/ay6eSOd55kQwFOQL1XeJVZNvGseXejPHqnHJ9n0/uiU4wECY4i3o5Maj5J/ojNiG
e2WRy3YJxix+6RH3UXkNAbkIDhoCFgOlILfpgkhVYnvp0uVpRdg3nz1QSBSCXqnjkISlQv2oVnxN
NAkYxVeE8y8vgNKnDIUG5bDfc+qj2vjnFcgN9XNGtmSnEHW2kbvoEQYTQ2dvgNrxHc27BEMB9H2R
B1PQCnjVfroIbXxhNxg+uQY/avIGH0Fb3LULpNhsnkDVmoP1oHlaJ7yCIDIowHioE3x/LwDB/MB1
A8EZaUEeggdhE8F8zM0LmMDLkujOAw9joAaAxD03LIVD3UqBTl30VWyDPlknXvYDqC9L+GUOw8jH
XaZyMdkCDDmMG5OrhcNoSKS7nFXVVyl3jiQPcds6eiDoPeZG4O9SSpsEyn35mwTebA6DGZ87qquD
TzoOaiRJ8jgTVKEwVEwAsklc3LgwKPlrjR0xIOhN5Dkg9moJ0EfQ5yJQNHhXU3E0aNwQjUpPg1QA
YT5ZiEH53o+m4D2YcImgwzgIvAzHdsBmdLrIQONkLFTd4soV2ZFfPkGr3Xpc89yjYNDeNgSjwslS
jtD1QESISAyfLUE2LtSDRZfCycFaOQ5TMovAUBEOU/QK7GjGxWxw0XZJC1FA7zwEi1cL/79HgBXM
Y/Jjvn2d/GkWxVwEGT5LkSS7lED4wOwJca8QCHstpDJaZkcKxoPAZz4qpHzpDxuQkI8LLhJGDGLn
kHxCSD6E3TE758E3EiKLEYnJqmzN7myoHdIlIhG4LidHu2RycjomZ6fnpxOyPxqdnR6NyejoikBN
+OHoqk6gEZlcQqsj8vnk8uyIjK4uD47G42Y1BGj6MLs9qY4RS7yIJ2QMxCkCtOeMh2SujTLYGkR8
yoPHFt6kgXdyRJjlrKBUBJwQoMGbEO9DziacDCo/TIAhNpOdcc6CCYTeZSAXGYn3cYk5BPM8v6B5
vzX6giy/wWwxs7EcEJpFcYVdxbUlBnAvFqdLqO2WxJpurxZJIm9L5DOaTGFkNOzI90VVygPQau3y
oYbiyKuIvApid0DDnBcfqiRQmOXgg9v1IidUnbBwQ5FeXRd4CbzBcgg2yaWI+cLhoXqIct8pZfEg
idyGZCl/KhjHXHwA2mu1JFbo7ZgHi3tJkruO4FBic5MoKJKtuFq2aKiuqVoY0UhL3vMNssKlNO8Y
FwUjmiyJ+CujC0d28iAW1ZUo4Yg80cAThb0OsZG8gMvOxSwQwBGkeRjsdIWCIWlD4oMebsDJ0jRn
GBiyOVhtVlSbGLSwt6VU9cKQokaQRWVTSINNH9QTznnseR5ep4XsBzRGqhfkAeRYSK8JKeYKaEgi
ZkhCiqVecbxIVfIRc9/HoNiOpUS8wwZWwTkk3U5pscNInKr6NNZGGPUEf9G4GEKCl2yoIuOVQ8OG
mR8rseE7WnitAuUjag+kEwWG4BJTnJMQcY1AuEQHl0l9yqmv7BkbL6tdVCC+c7ng+zirx/zQCkOW
ocF2ZYqA0mwe+aLEnNIMZrRYiXORU/xwEJFJhsc2MfORZ0VqmbKy2BTp7Y1qpeIUhtVkkc35F8ka
hmJAbjzecSMrhJEpgEftZR3Lp65YQjoCOc5leKGPFwNRitUkJ1ALgi/t8eKOHIw+1uFakGEK4+vW
c8Dtea0gomfJv8H575JeUXYvK/KUa0dp2yT7DgSqOfXdHXwhIJ8mOAx8WHYFnRJcI0EHUwbiMu0p
zNSpyNEdRjUsManfJCjEx1E4Kort5QQQ5xIo1C2kTbwwj8O4IY8rs5tzOepS7ysr7YlleWFGvPNf
lExQtgv3UFJrZ2iKi7abZCSv8Wky4xdQOROVvsB7dBM6QwhgE1BbGvu8YsHpZQDC42CnCdrpwPdw
5YTPl/HzMCzNyPnkI5c0BUgIe5pnBOfn3JTL7sTkolnEmiDLG3jVLpcWvdxh03y2W0xYfiQGTlRk
uTaHocrPk+J7X2JCjZ4cppFIXNIbDGQmgpPgdjCPYAKLHljMU1gxE+URzKEZJSm9KSIlro8U60V4
TpnCgmB8CU4ULHI94rfIC8VkmC8Z/UB+nkZ36PUJOT0kWz9/PD3cBszg8iADtL+FcB8nYs8zOAbO
XxKYvDSXFSB4QsSbcGWH4Ok/vzsr+Mu5jUL5gXeGy0g8aUL1gZNcnoY5tqhYHZEpRFnmcV3eLZzz
3EXjLvecJVoKZQoEN0azImwCfPGZnWIWwGeQUlBwGyg6eUUWRjZ+u4FfC15zThfgMTiTDKKbYlKO
GU2mAR6KG8U50WW6DIDFapi6QDLhKxzC3cX3hIUteFvp23kqV1psGMiZCHXymoa4ZpfEUCPdeD52
I8K4DFGyF8xDNJyV84QQL/Or6bBetNIW1FYuSgkj7we4JYJPtHnKFQMaVSlNjPkVIxRfjgA3xN88
QcLFVzxdKhdz4CET098pE8ym+KYp+I3LmzzDzQt/5y7OVz21xCvgY0clfIhDhFZFjcUnuKA3Bjlt
lZSt1WLSBDiBfxTDDoQtLsa/pTRtPpZxcaCRx+C/LFViI/9MAu+IL/KqQ/OQdzbFvZ8pD0CoT5ag
pYn4chGR6IhcTCkSOL9Ggw78GsQkb8gMpmHpUj3LBZtSQ837KpKh6ZZ6fJ4GYRImMcI2cRTnfuGM
8gAzGW8jA2Kbh0Ne4DdiGcQwl2BcgmQnS2e+lCuWqHZlEscVNT5tFGSRA6W98GMn5VqHMsjR3xv4
fc8KqRxuOjmeQ7XpRopFYJQ1xN2RsuU8QstwUZr4tELTi7jEEMgWAU57Utw/kwLCdCk6zuXkebI8
zyHwIEZnswQm0GKxTK6siQUE/CzjdRUflw9G8OXhJX7JrCFDvsh8GBRumaitKQydW95jygVfAuC0
prKcDYm21LxwTWGce0oFg4rz0pkgx+PHt3imUktETo9U1UHVHaKfKCtXdYiP8ZzWCT5ozNNzVlZh
EHpdlkCl3cAIFGL6E2eLbCVyBdVWwuRdKCW95lBxQibnUawIFpIht7w4X/Rxz9ICq2rqzAuWsVrm
X2SK7XEkYGhGy2LAxA75Ep+8qFjObS47kGfUHgptPp7hZdgW1hWjQlk5kTyAfSb1WayRzCWRRwyc
5Mi6WUYMXHKGqYnDC0fPLRnB7AOAiPsLGIGKhQMR44CfDJFFZqO+R1M5K4FCkuImTXmEJQ/IKG21
WxhNnAO/xRWsXfJvXqtA/qzzJa1fkal4Q0iZJtX7HhwG1o2J58hFg+K2FF8NWJWxeELnGTrl9TGf
bOLDfSCrTLeq+KJfLoP4SfA2FmYFkb2WPe6S47P9ya75j369O7wz6u27dt38h/EPB+shPs638D64
jcF1b9ASoVgcdbrbosgTtxjUuboY4ZhbQMdyKY2XHnwtDKxmL4j4YmOeFEG5mKAk5c0JHnGAD/9A
K663pIXCGsWNDfAFUc2+OeahhnfF22tMcl4pyO8uK5QGLy2Vmi+K+fSW3UHgS+Xczr7G2UHK5zGg
kakHdflC1HC8HeIFUWDmIdKIGDMCJecPxUhSxupavcbuMhamxcOiB1AhqB8cdPij/Mtj35ve8Tt4
JQWcIkxTjRTbOpP0dxCStbUPGYrPtpXHU1t+na6k4M2r0KGJRksWcRbxJ+3a/A0stvzw9rJFnmii
QIrHXSCtVtswzKH8eDamK7UR0Pi7KxRKpn12ceZoR4F2ck5TTXAs9Ry8F67Q8FOLmhpxkDhTiQTv
+gdTcTNPbRUsQHP8g4/yFylPjUdnusbDzL93qadSRoeX2hVO9IU3qhKFsbQr57oVlunvC69u1I84
tvj5FF9ip2iEX5BqPJafNMSddQZ+r7Neg3lPzmPaLBcKLFheMVcu9mh850GkmULsaf/5XNONNxPf
mpRd4bazLLpmIRRWGqyKX8MhSnivzS2+HEAjLii/0pTbjb96sdhnM+R9/YI12OWIr/Ysr/r27f8A
DKqUng==
===END CRASH DUMP===
