PocketMine-MP Crash Dump Tue Oct 19 12:45:52 +07 2021

Error: Undefined property: CLADevs\Minion\minion\Minion::$coinapi
File: pmsrc/src/pocketmine/entity/Entity
Line: 2178
Type: ErrorException

A PLUGIN WAS INVOLVED IN THIS CRASH
BAD PLUGIN: Detu v4.0.0 BETA 2.0.9

Code:
[2169] 	 *
[2170] 	 * @return void
[2171] 	 * @throws \ErrorException
[2172] 	 * @throws \InvalidArgumentException
[2173] 	 */
[2174] 	public function __set($name, $value){
[2175] 		if($name === "fireTicks"){
[2176] 			$this->setFireTicks($value);
[2177] 		}else{
[2178] 			throw new \ErrorException("Undefined property: " . get_class($this) . "::\$" . $name);
[2179] 		}
[2180] 	}
[2181] 
[2182] 	/**
[2183] 	 * TODO: remove this BC hack in 4.0
[2184] 	 *
[2185] 	 * @param string $name
[2186] 	 *
[2187] 	 * @return bool
[2188] 	 */

Backtrace:
#0 plugins/Detu/src/CLADevs/Minion/minion/Minion(73): pocketmine\entity\Entity->__set(string[7] coinapi, object onebone\coinapi\CoinAPI)
#1 pmsrc/src/pocketmine/entity/Entity(1393): CLADevs\Minion\minion\Minion->entityBaseTick(integer 1)
#2 pmsrc/src/pocketmine/level/Level(854): pocketmine\entity\Entity->onUpdate(integer 5628)
#3 pmsrc/src/pocketmine/level/Level(787): pocketmine\level\Level->actuallyDoTick(integer 5628)
#4 pmsrc/src/pocketmine/Server(2265): pocketmine\level\Level->doTick(integer 5628)
#5 pmsrc/src/pocketmine/Server(2396): pocketmine\Server->checkTickUpdates(integer 5628, double 1634622352.0819)
#6 pmsrc/src/pocketmine/Server(2152): pocketmine\Server->tick()
#7 pmsrc/src/pocketmine/Server(1992): pocketmine\Server->tickProcessor()
#8 pmsrc/src/pocketmine/Server(1586): pocketmine\Server->start()
#9 pmsrc/src/pocketmine/PocketMine(314): pocketmine\Server->__construct(object BaseClassLoader, object pocketmine\utils\MainLogger, string[16] /home/container/, string[24] /home/container/plugins/)
#10 pmsrc/src/pocketmine/PocketMine(344): pocketmine\server()
#11 pmsrc(11): require(string[71] phar:///home/container/PocketMine-MP.phar/src/pocketmine/PocketMine.php)

PocketMine-MP version: 3.24.0 [Protocol 465]
Git commit: b54854529f8a1366e156f8ec32e02635ec670e95
uname -a: Linux 70ad3400-c5fa-46ad-84f2-694f522c3898 4.15.0-159-generic #167-Ubuntu SMP Tue Sep 21 08:55:05 UTC 2021 x86_64
PHP Version: 8.0.11
Zend version: 4.0.11
OS : Linux, linux
Composer libraries: 
- adhocore/json-comment 1.1.2@fc2f76979f0a44a5f5bc2a2b600d0762fe0e78e7
- daverandom/callback-validator unknown@unknown
- pocketmine/binaryutils 0.1.13@0abee38d4e2861621f262c79a2a3d699d8a697f4
- pocketmine/callback-validator 1.0.3@64787469766bcaa7e5885242e85c23c25e8c55a2
- pocketmine/classloader 0.1.2@9757928424652393b178a3760073113aa7c9911b
- pocketmine/log 0.2.1@830b44a2cf96ef703c550abe64302f230231ca49
- pocketmine/log-pthreads 0.1.3@e477ecf6ec214fdd4415ea1da3fdd9d73bf699ea
- pocketmine/math 0.2.6@43057cb8c179a9859677b496a788db922fd5cfc3
- pocketmine/nbt 0.2.18@9f82ca4d7f97fcd9a566e44b63c4f18a7657ae82
- pocketmine/pocketmine-mp 3.24.0@b54854529f8a1366e156f8ec32e02635ec670e95
- pocketmine/raklib 0.12.11@9cce458b8bfde3e4dfdbf70c659fc7b7fe26b5c4
- pocketmine/snooze 0.1.5@70b5e7937a06878dd321a3182ceb76d56298f2cd
- pocketmine/spl 0.4.2@6b08b7cf8c4afa17139c9a1b3bf1b408531de161

Loaded plugins:
AcaciaWoodHS 1 by BhawaniSingh for API(s) 3.0.0
AlwaysSpawn 2.2.4 by Philip Shilling for API(s) 3.0.0
AntiAuraBot 1.0.1 by  for API(s) 3.0.0
AntiInternalKick 1 by Jibix for API(s) 3.0.0
AntiToolBox 0.1 by NgLamVN for API(s) 3.0.0
AutoFly 1 by PIG for API(s) 3.0.0
AutoInv 0.0.10 by JackNoordhuis for API(s) 3.0.0
AutoSellUI 3.0.0 by LetTIHL for API(s) 3.8.2
Banking_vonfram 1 by Noob for API(s) 3.0.0
BeetrootHS 1 by BhawaniSingh for API(s) 3.0.0
BirchWoodHS 1 by BhawaniSingh for API(s) 3.0.0
BlazinVanish 1.0.3 by PIG for API(s) 3.0.0, 4.0.0
Broadcaster 1.5 by EvolSoft for API(s) 3.0.0
BuilderTools 1.2.0 by CzechPMDevs, VixikHD for API(s) 3.16.0
BuonLau 2.0.3 by PIG for API(s) 3.0.0
BuyFix 1 by Twisted, NhanAZ for API(s) 3.0.0, 3.7.1, 3.8.1, 3.9.3, 4.0.0
CarrotHS 1 by BhawaniSingh for API(s) 3.0.0
CmdSnooper 1.0.0 by HotshotHD for API(s) 3.0.0
CoinAPI 2.0.9 by onebone | Edit By SenKai Official for API(s) 3.0.0
Crossbow 1 by SonsaYT for API(s) 3.0.5
CuongHoa 2.0.3 by PIG for API(s) 3.0.0
CustomAlerts 2.1 by EvolSoft for API(s) 3.0.0
CustomItem 1.0.0 by Phuongaz for API(s) 3.0.0
DEVirion 1.2.7 by poggit, SOFe for API(s) 3.0.0
DanhGia 2 by PIG for API(s) 3.0.0
DarkOakWoodHS 1 by BhawaniSingh for API(s) 3.0.0
Detu 4.0.0 BETA 2.0.9 by CLADevs || GreenJajot for API(s) 3.0.0
DevTools 1.14.2 by PocketMine Team for API(s) 3.13.0
Disable_TNT 0.1 by  for API(s) 3.0.0
EconomyAPI 5.7.2 by onebone for API(s) 3.0.0
EnchantUIVH 0.6 by UnknownOre for API(s) 3.0.0
EnchantVIPUI 0.6 by UnknownOreforsource|RBpmmpformod for API(s) 3.0.0
FarmHS 1 by BhawaniSingh for API(s) 3.0.0
FastTravel 1 by BhawaniSingh for API(s) 3.0.0
Fly 1.0.0 by NhanAZ for API(s) 3.0.0
FormAPI 1.3.0 by jojoe77777 for API(s) 3.2.0
FormImagesFix 0.0.1 by  for API(s) 3.11.4
HealFeed 1.0.0 by DafaRahestian for API(s) 3.0.0
HuongDan 1.0.0 by VbeeMC for API(s) 3.0.0
InvCrashFix 0.0.1 by  for API(s) 3.14.0
InvSee 1.0.0 by BlockHorizons for API(s) 3.0.0
JoinMenu 1 by PIG for API(s) 3.0.0
JungleWoodHS 1 by BhawaniSingh for API(s) 3.0.0
KeepInventory 1.0 by KhoaGamingPro for API(s) 3.0.0
KhoeItemHand 1.0.0 by S2TwKen for API(s) 3.0.0
KygekRanksUI 1.3.0 by Kygekraqmak for API(s) 3.0.0
LoadAllWorlds 1.1.2 by  for API(s) 3.12.0
LpkCuaHangUI 0.0.5 by phuongaz | Moded by LamPocketVN for API(s) 3.9.0
MSpawns 2.2 by EvolSoft for API(s) 3.0.0
MaxEnchants 1.2.1 by Xenophilicy for API(s) 3.0.0
MenuUIVHPIG 1.0.0 by PIG for API(s) 3.0.0
MuaDetuUI 3 by VanLXYTB for API(s) 3.0.0
MultiWorld 1.6.0-beta4 by CzechPMDevs, VixikCZ, fuyutsuki, kaliiks for API(s) 3.20.0
MysteryCrate 9.2.0 by JackMD, DaPigGuy for API(s) 3.9.0
Napthe 0.0.1 by hachkingtohach1,tungstenvn for API(s) 3.0.0
Netherite 1.2.1 by Wertzui123 for API(s) 3.0.0
Nick 1.0.0 by MDevPMMP for API(s) 3.0.0
OakWoodHS 1 by BhawaniSingh for API(s) 3.0.0
PersonaToSkin 0.0.1 by XenialDan, DenielWorld for API(s) 3.11
PiggyCustomEnchants 2.4.3 by DaPigGuy for API(s) 3.19.0
PiggyFactions 1.2.0 by DaPigGuy for API(s) 3.13.0
PotatoHS 1 by BhawaniSingh for API(s) 3.0.0
PureChat 1.4.11 by 64FF00 for API(s) 3.0.0
PureEntitiesX 0.7.0 by milk0417, RevivalPMMP for API(s) 3.19.0
PurePerms 1.4.2-c2a by 64FF00 & ProjectInfinity for API(s) 3.0.0
QuestPlugin 3.1 by HmmHmmmmm for API(s) 3.11.0
RandomBlock 2.0.0 by Edit By Nờ Cờ Dờ for API(s) 3.0.0
RankShopSystem 1.0.0 by zZPROGAMERZz423 ( Edit: PhongGremVN) for API(s) 3.0.0
RedSkyBlockUI 3.1.1 by RedCraftPE for API(s) 3.0.0
SAC 3.6.6 by DarkWav for API(s) 3.0.0
SETVIP 2.3 by MCPEVN TEAM for API(s) 3.0.0
ScoreHud 5.2.0 by JackMD for API(s) 3.0.0
SellCommand 1.2.7 by Muqsit for API(s) 3.0.0-ALPHA9, 3.0.0-ALPHA10, 3.0.0-ALPHA11, 3.0.0-ALPHA12, 3.0.0
ShopKeyUI 1 by VbeeMC for API(s) 3.0.0, 4.0.0
SimpleWarp 4.0.1 by Falkirks for API(s) 3.0.0
SizePlayer 1.0.3 by  for API(s) 3.0.0
Slapper 1.6.1 by jojoe77777 for API(s) 3.20.0
SlapperPlayerCount 2.1.3 by  for API(s) 3.12.0
SlapperRotation 1.2.1 by jojoe77777 for API(s) 3.0.0
SpiderUI 1.0.0 by MCCreeperYT for API(s) 3.0.0, 4.0.0
SpruceWoodHS 1 by BhawaniSingh for API(s) 3.0.0
TableSpoon 1.0.0 by CortexPE, Xenophilicy, HyperFlareMC for API(s) 3.0.0
TempBanUI 2.3 by SonsaYT for API(s) 3.0.0, 4.0.0
ToCao 2.0.3 by PIG for API(s) 3.0.0, 3.2.0
TradeNPC 1.0.0 by Free for API(s) 3.0.0
WarpsPro 1.3.0 by nikoskon for API(s) 3.0.0
WheatHS 1 by BhawaniSingh for API(s) 3.0.0
WorldProtect 2.3.8 by aliuly for API(s) 3.0.0
cayphattai 1.1.1 by PIG for API(s) 3.0.0
iProtector 3.1.1 by LDX for API(s) 3.0.0
tichluy 1.0.0 by LetTIHL for API(s) 3.0.0

----------------------REPORT THE DATA BELOW THIS LINE-----------------------

===BEGIN CRASH DUMP===
eNrtfQtz2ziy7l9BKVNnki1JFqm3tjwVx4+xN3asEynJnFlOpSASkjgmCQ4ftpWd+e+nGwApgFJs
2dHm3Lq1s1ux2AQb/XU3uhsgSP6rNudJSLPPtyxJfR7VRp16LfNDVhtZvXanZ9vtrt1sDVsDq12v
5bE8ZQ86zX7L6g+6gxb8tux6LaBpdpokPKmN/lXLVjG0qonj03uXwWXAul4LWZrSBZ76EHls7kfM
I3HCY5ZkqxE5vjw6Ybep41z5EbR3nFD9lcej0Q8u9yMa+8BpngfBmR8gq3hJk9HBwcGSh+zA5VFG
gW9yMObuDcvgUta4Gjex0UGauAexIANndsCizM9WB6fiD7SIka/iGWLbh9pD2wCIoAtQA6gsoS4c
/LP2okXiIF/4UXpwwrJc8FDADiSOAwlLHb3st1+NyLoXx5HdOI7sp/HT588py16mWeJHi3/2fyNK
CXXCZ78zNyM8YjOOF6oTjnMMP47GF69AxhcWeRzLS6s9RCkeMUDjJ3nVG5qyqe/evPSjjC1YQizR
k729p4DdsuDgEv99Oeh2HgHLow+xRzNW8u727IFg336cfX/Qr7AXZx1HnG78RN0sp0GwOuGG+GUX
ne1dTFgCo+Olbfe6D7L3vsK2+zDb9rBXYSvPNH5yl8y9QZ5SJ6nBuk48ns8CRvRxOrCGosvew11a
XfsrXWaIQLDoP8jCGg4fYjFOuAtjnSeS1+BhXt3B1zSQZjTJJI/hdh7rYf6ybXW+wubzZ4gLMIJy
N3upRg068TEErfSSU48l5WjSL88zP8DRAAHlki8W2EoNQ6v3G6kGnPKk3dk8WcQEOSZbj2PpVLGk
UlmSgRrVLy0LWiXsj9xPWBkirN/Is2PiugUGxFe13/6q19h3DOvPCr8go9TvZz+65cEtC6EtsPEj
D/TiZrXiPNAwKMOxyz2GkGyrNwSqk5G/ARWYtdQReZ1AyyQit9z35CmrPJUtE36XEghbVVVAM3uz
2UV0SwPfO0oWOYpWuaCtLjiQhx1xGMPY9l0yzyMXWxKZBX6IaMjq5Adgl7NX/5IXdMUFTubP5Xly
eHhIHNBlIsJ06tSKlj3V0sl+yJZ+CuOLZWdFs5eK699l275q+xcLUqauH5TXC2gkYncbSnjpbPUC
p0aaZMGyzy4Oupei/1dAcmqjkeP8IE4L6Yv+h0X/4nAg7aIO0BLyl1T2wd+k9QaFKsn0+uQaR0bI
bxnBvsibY7Kk7g3xI9JptmTzjm76Qbc0XEwTGqrhLKWSLXpG+37VVWacB/LUoDTpX/+pDf5TG/yn
NvhPbfD/YW1Qry0YXEoDzKQiSo5qBhuQZwa6XE8ua+2mLaPvLPcDD9J3y7LqNT/97LHb2mhOIddA
sk54xl2IpaNOrwud+JjMZ90OhIiuPZwPqNXu9ZjV7c0HzG3brGX32l3m9votNuwC71zJculH+T3p
t6jX7rRaDbc7p41Oj3qNQWduN3rDzrxr2257MBxASrC6zVbD6g4bAhOk3hdWr9/4MMujLCeTqzGZ
5oxMWExsi7QGo2531OqSD9NjYreAcj/ofe51sNCAaeSoNmi2mpYFh19YBChrneIYTn/maSEbEMRB
oA5cHsYcjPk58GcJTXyWomaptwRtJOzg9xQCLbRR5Y3VtJr267lrz/u9YX84b9FOh3bn3ZlrU3vW
a7W8Vr9nz1mL9QesD+w9CoagkcfDAxdi3QzSYUMUJjTDAg/0dhPxu+i1+ovirq0/gwSSrITbQ1OA
07Tar1t0xlh74HWYPehZPdua2z3b7Q+pTdtebzj0BhREm3dMVls7t0BF7de9DgTqDlzT681cSvus
Oxh07Y7NBl3Xbrt2lw3cbpfaFYY4WAMxWJVs9uthv9sf2oOODT4EcbQ9g/KFtvugln7bstrA2x0O
LWtmcgr4QnCwm9brQbs1A43a7nzYY/N+qw09I+Bep92y5zb807Zc2hlucGjEUB4x6hWKar9mnX6f
ufMec22rM/e8TsfqMmp5tA0HQ6/fns1BW4yarEKaLZU0vdfQabfvzgYulEZ0OOgOe/3+rDPs0f5g
4M2Gtj33uu7cbZssollW4Bm8hqFjg8Befw42cb0h7cIw6nRmvbbbmVsD2u91+5QNKspd/2yEcTmE
Xz9hPGrMEnoDvi31AjJZr4euyzrdwWwwm3uszTre3JuBrt1edzh3+7P+nNm9WdeteFAacf6FKfV2
X/dbsy7rD9t92uoN+gPPa9sWbUN16LJZv+dBShwO5rbrVZjEgeDQAW/pzVqDWd+dD9wOnVOo9dtD
d0itGRjGmnVag27b8pjVs2p/lZMNMTaPXOr69BPn3vlEi4IGuV5bxz+MATTPljxJsSJ8s6R3NPIn
EJuXGE9xFgTkNoyFFh6ziEIahwgC+QkCo8diiCd4JZxL+Tw70QkhFTMcvW/H0XtwnPU5nEDBgMGI
fT2Zfrp+f3kCpDs2S/0MEWDhehTc0VU6iSnEAg2bRtWh2eBkHRPeeOkHfkwm8AdC3GJfCGPBNlVc
HYcKiVKUCAouGQZKeJPp0fvph/EmOKgqj/KEvuGZDk6jGnbDAG6A2xOW60X+ZUmjD2GeBTkYaN2/
cbCTuaD5BVSBSUSDt1BoVWAZpx7wyX/4M/9+X6YSzCQSvX9ZOO0Kagrzqjf8voKnoOpQqkaqvVtc
0vDju33BUewkICXApsttRwNlzDKfNSF/HxRSIb4842fBSsemKA+YaHzx896iheztCQaBCy6i24rA
SDENAaZoVRwLUv47zhNvmfvpvuT/HZhGBVMIBSCLH92CgUqhdkI0YUHw4aICShF1XFJWA9Yly6YX
55cGoEHTfi4gxW53g7yh0Q2Ewc+3PJonNNQwVM884FFgl9neBgnwgsQDnT8BBGNZwnlmZFGN+J1z
6LrnagYtzuwEyk/c5UZtoFO/N6x11xu4ilM7AQvoFz/6CFenSx2ZTq5mz/bjIawu5knPRuf7ZwEN
fT9COWBWrItjHu2EMYEWLk0zlugQNaqJsGviO73lwQQE3Zvp1h0DFkOKBwqdZZbFKUz27+7umgwk
Qu7N7Ebgwwk4SzCJpTpAnWwitKuR7/gLc5fjK1wXhBMf/Xv/5vzEAGz1no/YRe5x6IlVx5kUK0Ox
AL8p5IO2LFSgpV9N7gODlVALjy5pbmhEUsxadyeHfq6tnxL989WZf2+IKwgPRJbpnQ+egwP9HVSe
R79uGYftZl9UUpjJ5N+hwPtN41NKtju0Y5oklYxQkr5z4Cz6rUZNSd8JTOhNoE6JjWiiEavhsjLU
znmWLkGCk30hckMvlV0DCl2Mx5HIOwg6DEWpjpChiUHdjCB/klPPz8ibFZmw6C31yfV87sO0NNgX
tq/e9dgJXsLTdMbvdHwF6QGvm/Aopf8zrUDoPheCYgeSq76fMGwgXi3OOdUBFKTvF8OOz58icZrx
8CiA+J4aUmtkU3Lr35ts9Z7BBKYcz0u3kslFxsINhIL4yPgfL9GE9Mt+EWLPu5vp5PSjnwgJSwAl
qVop9E3xY77AVfx6bXJ9xva2DCSYOs6tEMFxoFJQvzSxHlkFOqHR8mdfHysFxXC4f9sw+ThjEKdU
n08wBU1urunNxtzCpH/nJGl0Xs2U2smdAOI2DQ2X3LWxhiMKEfLmdHpEtmQadbOa/Pkn+TlhLPoH
/Z3vLzhU74TvbDR2W622S5I5fqxOs+py5W01MmUwlTeK7PY32EwJAAZai7JDhNOq6bVoByUPROun
KM7n6bupDlijPrRwty+XlN1Bb1UzfS0gnLo84uHKLHA0oi50F6pke2uNs/dKhkkJRDFjSPOo151G
LlT52YeLj+c6Io1q2qFnAvog7wVeJ3vDtOaIWzuUGLuPInXJx4uxsV5nkHdENAcKzxOX/fn+TRyG
MW6FhvC0d5xWCfSjHz8F6xlNQiO+K8J3Duyy12pER+puINJsmtBbFhhASuJ3B1P0XAW0s1WM5fqN
pfrN4u0r0+znAnjKav0ZuLQZywqKKXO7KvPv/HfO+vifIbf9DSv1JUfwHSlE+WNXKBchXbDUXPAw
6Rs3Ib6aViyr2XkuljD/I8XSEyOGL/qeP2Vl45zR4IxhnyWKkvSIL53QOX1PlyzNfBrtr3LTmDpO
IcsTAOHsBKpYHVBBegQQVsBXx/tCUvS6u+gX0e1xQtOl6VQ69Qku1Xm+5IVL+dGtiz0Lh9rtzqKC
MWHMRICER7T/JoDq7Zwn/hce7e2enMFU7H6e4CxndzD/4H50xSJ9BlCSvs9t0d+fMC/+Rx4tArYx
FzPI3znJ6X1X09z63C7g3jIWgwFZlPFET3smveJlJsC3S05/piH0Pk74vhAaTB3HEGd30wEXhosg
5zTSg7FBfmQETezp3VsW7RFX2fWuc5a3qwW7eU+jm9QoiQ3yI+letE3oHyG92RuSNUuwjybL7ubB
iHEUBJ94Enj6tNmkV+bOlSmZEZ+/oXy54RE4mwvTW8dBwWkQ3In+nwAnvjnOKVh2YdjJIFeTTeW2
YqzWAcmf5Ip7zCOzFbmkoZyDV/a5DB8Bq5WC6/VxY3I59heLlVwqVBMYkSO+vi9LCodLpgrP7sq5
EjvKdCsXlMoms3/v0q/qFOQue3/egu8VvS91pmHSqNU100pe+IVFXOx0c1f7AqexRMOUohgHOxkL
MjGuHWDG1cBp1MfWs/eXqkPo9QlullNcTDQG4JpmbPWp1Kk0uvzlf6Zv9rbyS6OlYAiyy/6fAiLI
fBH9DBQl0VR+r9lqzFhGO4/evT/+VTxavcqzNL/B5/FuaOD7N2ZhaLf2dE8/RIFFDEUVaMJ/y/18
jREqaoV7JFZQymd6bWyQdWUNNzc54K61KxThhEI4/DlfPSnGPlSjCcYAXRNmNxfYogLJ7MAABvjf
0Thb6sgV4eEpTW1J3SXuHMs4/rLqGZSMwDi63VuZU+nBcaRgxd9dBsE7Bg0T3zDsmvZIcP3EkuxL
7lt2e1+I1hwBRCHGs+255nawxoSgzX297zb28m6GWhwX46ur8d4ypOIHMJ+0k3fb/ar/s3tVX71P
9YR7VGMQmEd0yic3vr7yYdIfGWqQkn0ayHWSE/jNZFVr3uCxngvzXnD3cD3EkOopk/FtRaAGdstZ
s2DrVHcZbA2k1vBblq8kQwC5Kc1W4jNGZNHJwRZ2B6Wezqh4XHtDQyX9kS1123Xz5Bt8ZhkvcqKi
fKWqr9fO3789XlJxjx4fNjvPhQ9u13CBpnL4zVotGaE6eUYzbkSLkvSdg0XRbzVWSPpOYyhPmNCu
BqYgmR7Rkc8Jaoh6nbOzVutJWARzGPDhlunahj8WP3Fxpg7x6NbneTo+bZRN1or4LGUB5Er49a9n
2F4IqZ59LdkoZYlnvn2W/lLR2JpuxtV+dSCFfnDT6li4D+U9QLqlwUYO/JaQk0ieeNfQceIcNxlI
waRGCjGffDNdk/XAxKsUI61qKkXSqn5kN1ybbnMl8l8EbI1PNF9Ecz/Ct2nsaaAY/iGk0n7uwUMk
H9DEf+cszcbqnR6lLnSq+dBGZUidhyH8H/6rpNnHhtUkoDHuknyosA3DJXJ2nD9QGscRQj0DeyHj
gY4KoL8XD/CKJXYNuk6tbvKrjIxi8+U7J7eY55Fj9fdE/t2XL2gS7V4j4grhZMnjCc5jQhOffuKR
kvfLr+P31z8fXZ2+//VLx26Tl2LH6YiMlzxa/Jyw8OO7V08PqCrMrVfNdNfeXEt7WDcamieoh3mT
m5XQqbGAYdIrrl91fmgM88N5Nj7dm6lLjo6jieI4xa9dsE2OjjVEeGTi6FX3ceCOsk/0dp+714Ad
CH10LP55fN19cjr9eDHWpZYEcwBWqt+r4/Hpx3dkenp0tbcZmWCJr7TADSY7Kbso8TTZC5K5w+lr
6yH7ulGlFkGK3te/doLBguCYh6F590anPrIv9UrcdK2CaRxdjs+PhuK5h/LQalWOrcqxXRw/e883
yL3tts8D+CGGvGUrIxasaQ9UyV+56b7LAx5b7xoY604P3RNiK5TvKfcFJn4YB+wTTWId5JpY3RVa
QXpGgxs/ufnGe9vFrqEonYtJ8yTgd9rhaZpi/UeDVAZVhXau+nacVMh7B/KCg+uy7wD/C5RAdGU8
N6IRH37Mbk+jVPR3if2h+MXvncRXFZMmu6JU16it3fYffQOKVPb87DW5tUgHBYg1QmmOY55H2SZY
/WTlQYYHDPYtdytZBvN633VdMNiGDE8YfPLa9zjRNXf+V888st76FXN+i0+aAjwBU+x7LDFjZkF6
bCn1+BhmetDrxoM+3/zwaiHCU3Akubu57cQgf+eFEr3v6mLJ+twu4KbY+STmhs9pxEcMdcyTjN1D
MK4bt1HrtfMVWO8soMke95wZd1XXMuq/H68lpyyM39DIcMs17cGKcvujZ9/ukcUjaKUYu/vmlB9T
riMRx894+qz+bXtORb+OA5yfIHtCPfZurM9GStIjbncG0WFfXlX0ubvgWFKIVby14CXpke0/kX/D
0xu+t9t7BT/HKSRY/9oJypJR88nfgvKdI5rqthrMBHknIHgzB0Bn+BpaDY1Orgzu5sCERQM/D/a2
RCe5OY647x5LCXbZZ7alHrrK/WTus8DTXxFWvMwwg6FwEIpXFBwYaEEpLl3FS5pl1NdUohGrG7r+
fds83fgJxZCvIHC9nNWIj6y7XJ78si+xgZXjrHt+dkULfBq4eHCgocAX1vruMsj13Z4F5ZH4t+1V
ON8AU/W6q4XwzWz44l4GPifEaW55qSVc02hEvHHnf6GJJ448+ZBYA6Zzvpi8irdpNtW7i8VLGGsv
xuUROebR3F8QfFe1E7244hG5djNiWcRqj1r2qNsuXwvpRJJXI4Z65NAaWu12SfLjQ7wdDP9zopBn
3uFbGpKP75zobgmAGoGfZod8PnciGkVQtLs4tLCCb1B36TP5juv0EEJsJF581lBjGWxziBzpvWqf
HtpwvAC1hNxjeG7OE+BWUkQnoBkPF17kUXwbC86ej0/m50G2OrSBh3jZJ/hII2VZBoEwPXQi8Zrb
BrrJ4SWfzVaTPAxhjqXoKWNe2QhfH354cnp29OFy6kTSIRp/5CxZic4UIXEBgZACfzVjmqYQq7zD
v4n/QB15xhspvWXioluf3aEBMwoaOhw40f2M3zfQJcXpgEaLnC7YIYsWuxrDeElgcxXiSwJfEHRB
4grL54mYcQgHIKBMYngZuASZLlnKSKElAtUmyZYM38acwg+aEReNmpEZI37kBjlu5AT2G46HvCY8
hCvnyKDKM6VzVicct4ekyJLMEkZvyIrnieJF/DkBI/sQprEHsDC+Dx3iPzB+x+5Kdgcem1Owc0ru
ePRjRnBqRROCug4BLL6wc4USijdpC9x3SxaRPF5AlQIMmg76oWI2ciJCXkCKRMFIxqGXyCPAQr0E
F3SASycBzUAocVqIGnDoBqDCL5YJfeED3S4jMJP1AqHBEDlL9y0sOyLipbF4Il3mmcdhKKj30eNL
x+Vbfokb8JR5Tk1IdhQE/I7gAMPXe6uERW59Sv4bnRHbCK8sctmIYMwSl54KH1XXEJCL4KDB15yD
UpDbbEWUKrG9cunytCbsi08+KIRHoFfqeSRhqVQ/qhXfkkxCRtM8EcOcgNJnDIUG5bA/chqg2hb+
LbQV72wnL1WnEHVeIXfZIwwmhs7eALXjK4pHBEMB9P0uD2egFfCqo3QVuVOa3oDhkxvwo6Zo8AG0
JVy7QIrNlgmHSATWg+ZpnYgKgqigAOOhTvD1tQAE84PQDQRnpIV5BB6ETSTziTAvYAIvS/i9Dx7G
QA0ASXhuVAqHulUCXczRV7EN+mSd+NmPoL4sEZd5DCOfcJnKxeQlYMhh3NhCLQJGQyEdCVZVX6XC
OZI8wt3e6IGg91gYQbyCKG2SE3arfpPQXyxhMOPjOnV98CnHQY0kSR5nkioVhooJQTaFSxgXBqV4
q68nBwTFbw6A2NslQB9Bn+OgaPCupuZo0LghG5WeBqkAwnyykoPy54DPwHsw4RJJh3EQ+hmO7ZAt
6GyVgcbJRKq6JZQrs6O4fIpWu/OF5oVHwaC9a0hGhZOlAiF+fAB+EIaPZCCbOdSDRZfSycFaOQ5T
suBgKI7DFL0CO1oIMRtCtBFpIQroXYRg+Wbd/+cRYAXzkPyYb79N/jTjsRBBhc9SJMUuJRA+MHtC
3CsEwl4LqayW3VGCiSDwSYwKJV/64x4kFONCiIQRg7g5JJ8Ikg9h98zNRfDlUmQ5IjFZla3ZvQu1
Q7pGJAPX9fR0RKbnFxNyeXF1MSVH4/HlxemEjE/fE6gJ356+rxNoRKbX0OqUfDq/vjwl4/fXx6eT
SbMaAgx92N2eUseYJT4XCRkDcYoAxdv2C22UwdYC3UNJ4InYIpo08AaIDLOCFZSKgBMCNHgT4v2a
s0kng8oPE2CEzVRngrNkAqF3HchlRhJ9XGMOwTwvLmhutkZfUOU3mC1mLpYDUrMorrSrvLbEAO7F
4nQNtd1SWNNX20VSyNsK+YImMxgZDZcHgaxKRQDarl0x1FAcdRVRV0HsDmkkPstgSAKFWQ4++Kpe
5ISqExZuKNPrfA68JN5wPQSb5FrGfOnwUD3wPPBKWXxIIncRWcufSsaxEB+A9lothRV6OxPBYiNJ
CteRHEps84SHRbKVV6sWDd01dQsjGmXJDd8gW1zK8I5JUTCiyRIu3phcOLKXh7GsrmQJR9SJBp4o
7HWCjdQFQnYhZoEAjiDNw2CnWxQMSRsSH/RwC06WpjnDwJAtwWqLotrEoIW9raWqF4aUNYIqKptS
Gmz6VT3hnMdd5tFNWsh+TGOk+mEeQo6F9JqQYq6AhiRyhiSlWOsVx4tSpRgxmz4GxXasJBIdNrAK
ziHpdkqLnXB5qurTWBth1JP8ZeNiCEleqqGOTFQODRdmfqzEhq82EbUKlI+oPZBOFhiSS0xxTkLk
NRLhGh1cpvSppr6qZ2y8rnZRgQFOAxTfh1k95IdOFLEMDTZSKQJKsyUPZIk5oxnMaLESFyJD1QQu
pJKMiG1y5qPOytQyY2WxKdPbC91KxSkMq8kqQ+Z10rA0AwrjiY4bWSGMSgEiaq/rWDF1xRLSk8hx
LiMKfbwYv3AkxWqSc6gFwZcORXFHjscf6nAtyDCD8XXne+D2olaQ0bPk3xD8R6RXlN3rijwV2tHa
NsmRB4FqSYP5Ab5HT0wTPAY+rLqCTgmukaCDaQNxnfY0ZvpU5PQeoxqWmDRoEhTiwzgaF8X2egKI
cwkU6g7SJl6Yx1HcUMeV2c2VGnWp/4WV9sSyvDAj3jAvSiYo26V7aKm1M7TlRa+aZKyuCWiyEBdQ
NRNVviB6nCd0gRDAJqC2NA5ExYLTyxCEx8FOE7TTceDjyomYL+PXUViakavpByFpCpAQ9izPCM7P
hSnX3cnJRbOINWGWN/CqkZAWvdxjs3wxKiYsPxELJyqqXFvCUBXniZqepnJCjZ4cpVwmLuUNFjKT
wUlyO15ymMCiBxbzFFbMREUE82hGSUpvi0iJ6yPFehGe06awIJhYgpMFi1qP+J37kZwMiyWjH8kv
M36PXp+QixPy8pcPFyevADO4PMgA7e8g3MeJ3CoMjoHzlwQmL811BQiewEUToewIPP2XN5cFfzW3
0Sg/is5wGUkkTag+cJIr0rDAxovVEZVCtGWe+Vx0C+f8+apxn/veGi2FMgWCG6NZETYBvvzKTDEL
EDNIJSi4DRSdoiKLuIufLhDXgtdc0RV4DM4k8YtialKOGU2lARGKG8U52WW6DoDFapi+QDIVKxzS
3eVHWKUtRFvl23mqVlpcGMiZDHXqmoa8ZkRiqJFu/QC7kWFchSjVC+YhGi3KeUKElwXVdFgvWhkL
alsXpaSRj0LcSSAm2iLlygGNqlQmxvyKEUosR4Ab4m+RIOHi9yJdahcL4BGT098Zk8xm+IIm+I3L
myLDLQt/Fy4uVj2NxCvhY0clfIhDhFZFjeUXqKA3Bjltm5St7WLSBDiBfxTDDoQtLsa/pTRtMZZx
caCRy89zabHRxZwqOhKLvPrQPBGdzXDLZCoCEOqTJWhpIj/cQxQ6ohZTigQurjGgA78GsckLsoBp
WLpWz3rBptRQc1NFKjTdUV/M0yBMwiRG2ibmcR4UzqgOMJOJNiogtkU4FAV+I1ZBDHMJxiVIdqp0
Fku5colqpJI4rqiJaaMkyxyo7IXf+ijXOrRBjv7ewA86VkjlcDPJ8RKqzTnXLAKjrCHvjpQtlxwt
I0Rp4ib/ps+FxBDIViFOe1LcdpICwnQtOs7l1HmyPi8giCBGF4sEJtBysUytrMkFBPxE4E0Vn5AP
RrD6lGFDhXyZ+TAo3DFZW1PxIUbsMRWCrwEIWlNbzoZEW2peuqY0zoZSwaDyvHImyPH47SmRqfQS
UdC5rjqouiP0E23lqg7xMV7SOsHHkEV6zsoqDELvnCVQaTcwAkWY/uTZIlvJXEGNlTB1F0pLrzlU
nJDJRRQrgoViKCwvzxd9bFhaYtVNnfnhOlar/ItMsT2OBAzNaFkMmNihWOJTFxXLuc11B+qM3kOh
zYczvArb0rpyVGgrJ4oHsM+UPos1kqUiioiBkxxVN6uIgUvOMDXxROHoz0tGMPsAIPL+AkagYuFA
xjjgp0Jkkdlo4NNUzUqgkKS4t1EdYckDMipbjQqjyXPgt7iCNSL/FLUK5M+6WNL6DZnKF2uUaVK/
7yFgYN2Y+J5aNChuS4nVgG0ZSyR0kaFTUR+LySY+EweyqnSriy/7FTLInwRvY2FWkNlr3eOInF0e
TUf23/v17vDeqrfv23X779bfPayHxDh/iffBXQyuh4OWDMXyqNN9JYs8eYtBn6vLEY65BXSsltJE
6SHWwsBq7orIDxbmSRGUiwlKUt6cEBEH+ECqcsXNn7RQWKO4sQG+IKvZF2ci1IiuRHuDSS4qBfWF
XY3SEKWlVvNx8QFYwu4h8KVqbufe4OwgFfMY0MjMh7p8JWs40Q7xgigw85BpRI4ZiVLwh2IkKWN1
rV5j9xmL0uIZy2OoEPTv7XniQf/1ceDP7sUdvJICThGlqUGKXZNJ+gcIydrGd/zkV8vK45mrPs5W
UvDmVeTRxKAlqzjj4gG1tnhxias+obxukSeGKJDicRdIq9W2LHuovoiM6UpvBDTxVQqNkhlfHVx4
xlFonFzS1BAcSz0P74VrNPzSoKFGHCTeTCHBu/7hTN7M01uFK9Cc+N6h+kXKU5PxpanxKAs2LvV1
yvjk2rjC459FoypRGsu4cmlaYZ3+PovqRv+GYUucT/Hdb5pGxAWpwWP9RT/ckGbh5yrrNZj35CKm
LXKpwILlezZXiz0G32XIDVPIreC/XBm68RfyU4uqK3xrR8ZvWASFlQGr4tdwiBJutLnDVwcYxBUV
V9pql+4XP5b7bIair1+xBrsei9We9VV//fW/iri3qA==
===END CRASH DUMP===
