PocketMine-MP Crash Dump Tue Oct 19 05:23:21 +07 2021

Error: str_replace(): Argument #2 ($replace) must be of type array|string, int given
File: plugins/ClearLag/src/twisted/autoclearlagg/AutoClearLagg
Line: 121
Type: TypeError

THIS CRASH WAS CAUSED BY A PLUGIN
BAD PLUGIN: AutoClearLagg v3.1.0

Code:
[112]                         }
[113]                     }
[114]                 }
[115]                if($this->messages[self::LANG_ENTITIES_CLEARED] !== ""){
[116]                     $this->getServer()->broadcastMessage(str_replace("{COUNT}", $entitiesCleared, $this->messages[self::LANG_ENTITIES_CLEARED]));
[117]                 }
[118] 
[119]                 $this->seconds = $this->interval;
[120]             }else if(in_array($this->seconds, $this->broadcastTimes) && $this->messages[self::LANG_TIME_LEFT] !== ""){
[121]                 $this->getServer()->broadcastMessage(str_replace("{SECONDS}", $this->seconds, $this->messages[self::LANG_TIME_LEFT]));
[122]             }
[123]         }), 50);
[124]     }
[125] }

Backtrace:
#0 plugins/ClearLag/src/twisted/autoclearlagg/AutoClearLagg(121): str_replace(string[9] {SECONDS}, integer 60, string[40] ..cServer d...n r..c sau {SECONDS} gi..y)
#1 pmsrc/src/pocketmine/scheduler/ClosureTask(61): twisted\autoclearlagg\AutoClearLagg->twisted\autoclearlagg\{closure}(integer 11951)
#2 pmsrc/src/pocketmine/scheduler/TaskHandler(137): pocketmine\scheduler\ClosureTask->onRun(integer 11951)
#3 pmsrc/src/pocketmine/scheduler/TaskScheduler(179): pocketmine\scheduler\TaskHandler->run(integer 11951)
#4 pmsrc/src/pocketmine/plugin/PluginManager(654): pocketmine\scheduler\TaskScheduler->mainThreadHeartbeat(integer 11951)
#5 pmsrc/src/pocketmine/Server(2389): pocketmine\plugin\PluginManager->tickSchedulers(integer 11951)
#6 pmsrc/src/pocketmine/Server(2152): pocketmine\Server->tick()
#7 pmsrc/src/pocketmine/Server(1992): pocketmine\Server->tickProcessor()
#8 pmsrc/src/pocketmine/Server(1586): pocketmine\Server->start()
#9 pmsrc/src/pocketmine/PocketMine(314): pocketmine\Server->__construct(object BaseClassLoader, object pocketmine\utils\MainLogger, string[16] /home/container/, string[24] /home/container/plugins/)
#10 pmsrc/src/pocketmine/PocketMine(344): pocketmine\server()
#11 pmsrc(11): require(string[71] phar:///home/container/PocketMine-MP.phar/src/pocketmine/PocketMine.php)

PocketMine-MP version: 3.24.0 [Protocol 465]
Git commit: b54854529f8a1366e156f8ec32e02635ec670e95
uname -a: Linux 70ad3400-c5fa-46ad-84f2-694f522c3898 4.15.0-159-generic #167-Ubuntu SMP Tue Sep 21 08:55:05 UTC 2021 x86_64
PHP Version: 8.0.11
Zend version: 4.0.11
OS : Linux, linux
Composer libraries: 
- adhocore/json-comment 1.1.2@fc2f76979f0a44a5f5bc2a2b600d0762fe0e78e7
- daverandom/callback-validator unknown@unknown
- pocketmine/binaryutils 0.1.13@0abee38d4e2861621f262c79a2a3d699d8a697f4
- pocketmine/callback-validator 1.0.3@64787469766bcaa7e5885242e85c23c25e8c55a2
- pocketmine/classloader 0.1.2@9757928424652393b178a3760073113aa7c9911b
- pocketmine/log 0.2.1@830b44a2cf96ef703c550abe64302f230231ca49
- pocketmine/log-pthreads 0.1.3@e477ecf6ec214fdd4415ea1da3fdd9d73bf699ea
- pocketmine/math 0.2.6@43057cb8c179a9859677b496a788db922fd5cfc3
- pocketmine/nbt 0.2.18@9f82ca4d7f97fcd9a566e44b63c4f18a7657ae82
- pocketmine/pocketmine-mp 3.24.0@b54854529f8a1366e156f8ec32e02635ec670e95
- pocketmine/raklib 0.12.11@9cce458b8bfde3e4dfdbf70c659fc7b7fe26b5c4
- pocketmine/snooze 0.1.5@70b5e7937a06878dd321a3182ceb76d56298f2cd
- pocketmine/spl 0.4.2@6b08b7cf8c4afa17139c9a1b3bf1b408531de161

Loaded plugins:
AcaciaWoodHS 1 by BhawaniSingh for API(s) 3.0.0
AlwaysSpawn 2.2.4 by Philip Shilling for API(s) 3.0.0
AntiAuraBot 1.0.1 by  for API(s) 3.0.0
AntiToolBox 0.1 by NgLamVN for API(s) 3.0.0
AutoClearLagg 3.1.0 by Twisted for API(s) 3.0.0
AutoFly 1 by PIG for API(s) 3.0.0
AutoInv 0.0.10 by JackNoordhuis for API(s) 3.0.0
AutoSellUI 3.0.0 by LetTIHL for API(s) 3.8.2
Banking_vonfram 1 by Noob for API(s) 3.0.0
BeetrootHS 1 by BhawaniSingh for API(s) 3.0.0
BirchWoodHS 1 by BhawaniSingh for API(s) 3.0.0
BlazinVanish 1.0.3 by PIG for API(s) 3.0.0, 4.0.0
Broadcaster 1.5 by EvolSoft for API(s) 3.0.0
BuilderTools 1.2.0 by CzechPMDevs, VixikHD for API(s) 3.16.0
BuonLau 2.0.3 by PIG for API(s) 3.0.0
BuyFix 1 by Twisted, NhanAZ for API(s) 3.0.0, 3.7.1, 3.8.1, 3.9.3, 4.0.0
CarrotHS 1 by BhawaniSingh for API(s) 3.0.0
CmdSnooper 1.0.0 by HotshotHD for API(s) 3.0.0
CoinAPI 2.0.9 by onebone | Edit By SenKai Official for API(s) 3.0.0
Crossbow 1 by SonsaYT for API(s) 3.0.5
CuongHoa 2.0.3 by PIG for API(s) 3.0.0
CustomAlerts 2.1 by EvolSoft for API(s) 3.0.0
CustomItem 1.0.0 by Phuongaz for API(s) 3.0.0
DEVirion 1.2.7 by poggit, SOFe for API(s) 3.0.0
DanhGia 2 by PIG for API(s) 3.0.0
DarkOakWoodHS 1 by BhawaniSingh for API(s) 3.0.0
Detu 4.0.0 BETA 2.0.9 by CLADevs || GreenJajot for API(s) 3.0.0
DevTools 1.14.2 by PocketMine Team for API(s) 3.13.0
Disable_TNT 0.1 by  for API(s) 3.0.0
EconomyAPI 5.7.2 by onebone for API(s) 3.0.0
EnchantUIVH 0.6 by UnknownOre for API(s) 3.0.0
EnchantVIPUI 0.6 by UnknownOreforsource|RBpmmpformod for API(s) 3.0.0
FarmHS 1 by BhawaniSingh for API(s) 3.0.0
Fly 1.0.0 by NhanAZ for API(s) 3.0.0
FormAPI 1.3.0 by jojoe77777 for API(s) 3.2.0
FormImagesFix 0.0.1 by  for API(s) 3.11.4
HealFeed 1.0.0 by DafaRahestian for API(s) 3.0.0
HuongDan 1.0.0 by VbeeMC for API(s) 3.0.0
InvCrashFix 0.0.1 by  for API(s) 3.14.0
InvSee 1.0.0 by BlockHorizons for API(s) 3.0.0
JoinMenu 1 by PIG for API(s) 3.0.0
JungleWoodHS 1 by BhawaniSingh for API(s) 3.0.0
KeepInventory 1.0 by KhoaGamingPro for API(s) 3.0.0
KhoeItemHand 1.0.0 by S2TwKen for API(s) 3.0.0
KygekRanksUI 1.3.0 by Kygekraqmak for API(s) 3.0.0
LoadAllWorlds 1.1.2 by  for API(s) 3.12.0
LpkCuaHangUI 0.0.5 by phuongaz | Moded by LamPocketVN for API(s) 3.9.0
MSpawns 2.2 by EvolSoft for API(s) 3.0.0
MaxEnchants 1.2.1 by Xenophilicy for API(s) 3.0.0
MenuUIVHPIG 1.0.0 by PIG for API(s) 3.0.0
MuaDetuUI 3 by VanLXYTB for API(s) 3.0.0
MultiWorld 1.6.0-beta4 by CzechPMDevs, VixikCZ, fuyutsuki, kaliiks for API(s) 3.20.0
MysteryCrate 9.2.0 by JackMD, DaPigGuy for API(s) 3.9.0
Napthe 0.0.1 by hachkingtohach1,tungstenvn for API(s) 3.0.0
Netherite 1.2.1 by Wertzui123 for API(s) 3.0.0
Nick 1.0.0 by MDevPMMP for API(s) 3.0.0
OakWoodHS 1 by BhawaniSingh for API(s) 3.0.0
PiggyCustomEnchants 2.4.3 by DaPigGuy for API(s) 3.19.0
PiggyFactions 1.2.0 by DaPigGuy for API(s) 3.13.0
PotatoHS 1 by BhawaniSingh for API(s) 3.0.0
PureChat 1.4.11 by 64FF00 for API(s) 3.0.0
PureEntitiesX 0.7.0 by milk0417, RevivalPMMP for API(s) 3.19.0
PurePerms 1.4.2-c2a by 64FF00 & ProjectInfinity for API(s) 3.0.0
QuestPlugin 3.1 by HmmHmmmmm for API(s) 3.11.0
RandomBlock 2.0.0 by Edit By Nờ Cờ Dờ for API(s) 3.0.0
RankShopSystem 1.0.0 by zZPROGAMERZz423 ( Edit: PhongGremVN) for API(s) 3.0.0
RedSkyBlockUI 3.1.1 by RedCraftPE for API(s) 3.0.0
SAC 3.6.6 by DarkWav for API(s) 3.0.0
SETVIP 2.3 by MCPEVN TEAM for API(s) 3.0.0
ScoreHud 5.2.0 by JackMD for API(s) 3.0.0
SellCommand 1.2.7 by Muqsit for API(s) 3.0.0-ALPHA9, 3.0.0-ALPHA10, 3.0.0-ALPHA11, 3.0.0-ALPHA12, 3.0.0
ShopKeyUI 1 by VbeeMC for API(s) 3.0.0, 4.0.0
SizePlayer 1.0.3 by  for API(s) 3.0.0
Slapper 1.6.1 by jojoe77777 for API(s) 3.20.0
SlapperRotation 1.2.1 by jojoe77777 for API(s) 3.0.0
SpiderUI 1.0.0 by MCCreeperYT for API(s) 3.0.0, 4.0.0
SpruceWoodHS 1 by BhawaniSingh for API(s) 3.0.0
TableSpoon 1.0.0 by CortexPE, Xenophilicy, HyperFlareMC for API(s) 3.0.0
TempBanUI 2.3 by SonsaYT for API(s) 3.0.0, 4.0.0
ToCao 2.0.3 by PIG for API(s) 3.0.0, 3.2.0
TradeNPC 1.0.0 by Free for API(s) 3.0.0
UIShop 3.5.4 by SaltyPixelDevz for API(s) 3.0.0
WarpsPro 1.3.0 by nikoskon for API(s) 3.0.0
WheatHS 1 by BhawaniSingh for API(s) 3.0.0
WorldProtect 2.3.8 by aliuly for API(s) 3.0.0
cayphattai 1.1.1 by PIG for API(s) 3.0.0
iProtector 3.1.1 by LDX for API(s) 3.0.0
tichluy 1.0.0 by LetTIHL for API(s) 3.0.0

----------------------REPORT THE DATA BELOW THIS LINE-----------------------

===BEGIN CRASH DUMP===
eNrtXXt32zay/yq4yp6tfY8ki9Tbe9wTx4/YjR9aS0m6Xfb4QCQksearfNhW2nz3OwOAJEDLtuxo
s/ePdre1OARn5jcYzAxAEvyjNgtjn6bXtyxO3DCo7XbqtdT1WW3X6LU73WF30DKaw2Fn0OrWa1kk
TnWHw2a/3Wn3h61u2zC6g3rNo0l6FMdhXNv9o5YuI2hVm8AfQavXfJYkdI7UJI2vYxZ51GZb27tk
P55nPgtS8sYkW3+TJ7aJnyUpmTISzghyIzSO6fJPuNYN5nXiQvu5e8sC4DzLPO/Y9ZD1ziL02Y4d
Bil1AxbvRF42d4Nk58BjND6j850ktnfSOzdJmbNDszS08YRH5/OdfTjKm82b0SJCzoLra7kABw/U
AEuaBhg1Bly13X/X3rTIazluAScwmWpBYZF/D38lf4yPDi4vDsdfuXnYnMWk16oT2aDT+pU0m/aY
xdDTxGk2mwGJgUASmpWXglGbzeU2aP7GIJGPauG/UWjfsNQHMDuJvWBO5oFxD7wwyWI2ocnNVg/V
kgAsS0NgWRqExo+PNfvDFgy/buXqG8awa3BlzOeUQS1OaODA7y2j3QdtymaWVbSzLEXrxo9hcJUF
K8S11xE3zo+2jP7wcYGKZo0f45XiOqvFCS/ZGfE/5zSA4RNv9bqdp2UVajV+9GEUTBYxo84JWDmd
MpqukN5dLV14ypbZHlTBCb0sS1MM+tW1S+HJCkG9pwUZXbMiSJwRnLc4i/6TLIzh8CkWozi0IQqF
seA1eJpXd9B7hFeSgjEFj+FqHiP+8xx+brWNziNsrq8hUMHozOx0K5z+xuyUvKMJO4BImpyF1GFx
nUi6enmWul5iWefQt2fhfI6t5BA3er+SagQsTpqdhyfzMCTGe+t5LJ0HvieMJRjIiLFlYDCI2e+Z
GxfxqW/8SqIFjXd3dqpalAIa56MmNnpcBQzM27Vfv9Zr7L+TazaXEQCDYHPtBrehd8tQMeDtgNXs
tJafBUqVhR06DJEbhglnySP/fIWWhtF+pIU421lxVpzpPjzjzrb+li7cBOKKsG/y74R5s93ds/2L
99dHF5PTyenR+Prg7Gj/6ujwV/I/e3vEqlm17T84x94jmkiec5bKkbfd+HEag//bUFGcC0lbaj9a
tT8OLj9eTL5atTr5GxjNTV2WcAMxp05eouP29j+4bv1H7TCAM/zHcEUTKSph4MxOQvZyAoa++JZ6
nLnZqlz5lXkJQ2tC13NP29L5FBAKK0yg6Eq2yd///hS4yen50fXZ0fGkannTeFz1F1k9LxK43Ver
/LRi0txm1W25qU3VVb9u10m3JZvnXiqaoWd+rX39q6D6q6D6q6D6q6D6q6DaREFVr80ZXEo9rCsC
inP8msYG9JmCLctlglq7aXaaLaRnrufUds2WAbNcN7l22G1td0YhyUENE4cQkkJg2+l1QYiLFc60
2xl0O11zOBtQo93rMaPbmw2Y3TZZy+y1u8zu9Vts2AXemdTlzA2ye9JvUafdabUadndGG50edRqD
zsxs9IadWdc0bRhZA9JpGt1mq2F0hw2OybXJG6PXb3ycZkGakfH5iEwyRsYsIqZBWoPdbne31SUf
JwfEbAHlftC77nWw/lpEIHnQbDUNAw6/sABQ1jr5MZy+DpNcNyDwA08e2KEfhdCZ1547jWkMBQpa
ljoLsEbMdn5LwqABbWTNZzSNpvl2Zpuzfm/YH85atNOh3Vl3apvUnPZaLafV75kz1mL9AesDe4dC
R0AMDP0dm3relNo3DSg4XIemWBWD3W6C8C54K/+iumXvT92Axkvu9tAU4DSN9tsWnTLWHjgdZg56
Rs80ZmbPtPtDatK20xsOnQEF1WYdndVK4QaYqP221+kP+h24pteb2pT2WXcw6Jodkw26ttm2zS4b
2N0uNSsMcbB6fLBK3cy3w363PzQHHRN8yGwP21OjP6DtPpil34YKF3jbw6FhTHVOXjjnHMym8XbQ
bk3BoqY9G/bYrN9qg2QE3Ou0W+bMhP+0DZt2hg84NKKUh/vcUO23rNPvM3vWY7ZpdGaO0+kYXUYN
h7bhYOj029MZWItRnZVP04XUpvcWhHb79nRgQ5qjw0F32Ov3p51hj/YHA2c6NM2Z07VndltnEUzT
HM/gLQwdExR2+jPoE9sZ0i4Mo05n2mvbnZkxoP1et0/ZoGLc8mfDj4oh/PYF41FhFtMb8G1hF9DJ
eDu0bdbpDqaD6cxhbdZxZs4UbG33usOZ3Z/2Z8zsTbt2xYOSIAy/MGne7tt+a9pl/WG7T1u9QX/g
OG3ToG0D0LJpv+d0e+ZwMDNtp8Ik8jiHDnhLb9oaTPv2bGB36IwafaM9tIfUmELHGNNOa9BtGw4z
ekbtazED42Nz36a2Sz+HoXMyVqKgRq7XyviHMQAKrkUYJ1iEvlvQOxq4Y4jNC4ynNHKR3Iax0MJj
FtCpxyCCQH6CwOiwCOIJXgnnknCWHqoErDMqsi1LlQA1YHEOJ5UwYDBiX44nny+vzg6BdMemiZsi
AqyV9707ukzGEYVYoGBTqCo0E5yso8MbLVzPjcgY/kCIm28KYcTZJpIrVLBcowQ1siyRs0t448n+
1eTj6CE4mALuZzF9F6YqOIWq9RsGcA3chrBczrMvCxp89LPUy6CDSvnawVrdBc0nYei9C+8riHKq
iqiKp3YxP6P+p4tNdZJkJ1BIBR72zmo0kPEX2bQJqW4n1wrxaSsaCsLKSodabRi82FBQTsS0Z1Mo
15psPQd3kaZRAiWZAluquZ8svcw/P6gsCEljHHvLihmQ8kS4GZ2+31iUEdJEBbyWd8IFp8FtRWGk
6F4Jflnpsp+gVLgIw9hZZG6yKf1/A6ZBzlR0nxvcio4TSq2FaMw87+NpBZQk6p7YqnriGUsnpydn
GqBB03wtIMlu/Q55R4MbCJ/Xt2Ewi6mvYKieecKjoF+mG4sYwAsSFgh/AQjG0jgMUy37KsTvnHtL
ydXMm59ZC5Qb24sHNYVK/d6wStEPcOWn1gLm0S9u8AmuThYqMpVczbrt50NYnc+vXo3OdY896rtu
gHrAbFpVRz9aC2O+HspiFaJC1RF2dXxHt6E3BkU31nWlYMCiafFEgZRnpLu7uyYDjZB7M73h+HDi
zmLM6IkKUCXrCM1q5Dv4wuzF6PyQ3WLTT+69e3NyqAE2eq9HbCP3yHeAu2VNhVopqgX4dSVfmpQV
vXc0VtwsYXBGM80igqLXyGs59Gv7+iXRP1seu/eaupzwRGTJS6d67QIq1v1fVozDdrPPy0rMZOLv
kOP9pvEpNFsf2gGN40pGKEjfOXDmcqtRU9DXAuM7Y6hTIi2aKMRquKwMtZMwTRagweGmENm+kwjR
gEJV43kkUGDtj9RaKadUR8hQxxAGbAr/kj/JkeOm5N2SjFnwgbrkcjZzYTrrbQqbFGRZNigGDAFh
oeHz8OIwSabhnYovJz3hdeMwSOi/JhUI3ddCkOxAcyn7BcMG4tX8JKQqgJz0/WLYwclLNE7S0N/3
IL4nmtYKWdfc+M8mW1UydIGux+vSrWBymjL/AUJOfGb8jxbYhfTLZhGi5PW76fDokxtzDQsABala
KfR19aNwjqv/9dr48phtbPmIM7WsW66CZUGlIH8paj2zenRIg8V7Vx0rOUVzuP/YMPk0ZRCnpMwX
dAWNby7pzYO5hU7/zklSE17NlMrJtQCyVK3B+KEKhxci5N3RZJ+syDQHZ/tY3JE//yTvY8aCn+hv
4eaCg2AOneUG3NvW7jR2W622C5I+foxOs+pyxe04MmEwldeK7PY39JlUADqoVGWNCKdU06VqOwUP
ROsmqM715GKiAlaoT61ibsolhTiQVu2mxwLCkR0Gob/UCxyFqCrdhSrZXFnjbLySYUIDXsxo2jzr
dUeBDVV++vH004mKSKHq/dDTAX0U9xAv441hKjkClFyN9UeRvOTT6Uhbr9PIayKaASXMYpv9efUu
8v0IH4YPnc3jNAqgn9zoJViPaexr8V0SvnNgF1KrER2pa4HQVrcfrGw/rHUemZW+VvmXLG4fgwfo
Qz+n6Dq3qzr/Fv4Wsj7+o+ltfsPCdsERTC2UKH6sC+XUx8fx9PUBnf5gzf7RKGwYzc5rsfjZ7wlW
ajjAXC579pKFgBNGvWOGMgsUBekZXzqkM3pFFyxJXRpsrtBRmFpWrssLAGExD0WfCignPQMIC8bz
g00hyaWur/ppcHsQ02ShO5VKfYFLdV6vee5SbnBro2TuUOvdlZQwxozpCJDwjPXfeVDsnISx+wXm
5xtb7lOZWpbQ5CVgfgrd4JwFasFckL7PXcTfXjCN/CkL5h57MHXRyN85wamyq2muPLcOuA+MRdCB
LEjDWE17Or3iZTrAD4uQvqc+SB/F4aYQakwtS1Nn/a4DLgzXDPABXBWcSn5mBI3Nyd0HFmwQVyF6
3RL/w3LObq5ocJNoFaRGfibd87Yx/d2nNxtDUrKE/lF0Wb97MGLse97nMPYcdZap0ytTzcoMRovP
31C+3IQBOJsNs0HLQsWp591x+S+AE90cZBR6dq71k0auJpvKXbhILpuRP8l56DCHTJfkjPpiylp5
Rmb4DFilFCyXk7W52Midz5diZU3W+zxHPP74k1AOVxglnvWNc84f3FJ7OadUnuX6z66USqGgdyH9
deuj5/S+sJmCSaFWlxgreeFnFoT8gTJ7uSlwCkvsmEIV7WCtzoJMjFNtzLgKOIX63PLv5lK1D1Jf
4GYZxbU3bQCWNO3JmEqdSoOzn/81ebexhVIaLDhD0F3IfwkIL3V59NNQFETd+L1mqzFlKe08e7P7
4Bf+AvoyS5PsxoXfN9Rz3Ru9MDRbG7oF7qPCPIaiCRTlv+X2t8IIDbXERwqWUMqnam2skVVjDR8+
E4APeZ2jCocUwuH7bPmiGPtUjcYZA3RFmfVcYIUJBLMdDRjgv6BRulCRS8LTU5ragtoLfNAqDfGX
UU+hZATGwe3GypyKBMsSiuV/1xkEFwwaxq7WsSXtmeD6mcXpl8zF1/Q2hKjkCCByNV7dnyW3nRIT
gnbtGxUvHj4TanFcjM7PRxvLkJIfwATp6wetVbd3/mu3dh69rfOCWzqrqiPlfaMVZ/VKplO9W70y
whjDb1nXEQwta4U2K4mvcNVcyM4KdjuFnY6pnbph8MBCBf2ZR7NW2+bFN4r0+pYnC0l5pNyt106u
PhwsKL/Xiy87nWR8QX21hXM0lcNvtmrBCM0ZpjQNtWFUkL7zKMrlVgeRoK81hrKYcesqYHKS7hEd
8Z6agqjXOT5utV6EhTMfsdhfMY954I/5T1y1qEPtfOuGWTI6ahRNSkNcC10AuVS+/PWKvudKyncv
CzbSWEdyg4CfKxYr6Xpu71cHku96N62Ogc8zXAGkW+o9SA7fEnJiwRPvPllWlOHNaqGYsEiu5otv
yiq67uh4pWFEr+pGEbSqH5kN26SrXIn8nUBf4xu1p8HMDdx0YxMvzT+4VsrPDXiI4AOW+GfGknQk
t9oobKFSK6+hVJ7K8334P/xTq9wpeWZYjT0a4dN2T1V8vr9Azpb1O2pjWVypV2DPddxRUQH0K/4C
KV97VqCr1OrDYpWRkT/Ed2FlBnMcciD/Hoq/m/IFRaP1iydcOhsvwmiMBb6v41NPPFMLfvlldHX5
fv/86OqXLx2zTbb4k4u7ZLQIg/n7mPmfLrZfHlBlmCuXk1TXfrjI9LRtFDQvMA9zxjdLblNtZq/T
q29gVZwfGsPEaZaOjjbW1QVHy1JUsaz81zrYxvsHCiI80nH0qs8D4JNJn+ntJp+CAnag9P4B/8/z
C9Ljo8mn05GqtSDoA7BS/Z4fjI4+XZDJ0f75xqYqnCVuqYAPKqxl7LzEU3TPSfqTMo8tFGzqDo5c
Hcill7/WgsE87yD0ff22hkp95vnGc343sgqmsX82Otkf8ufni0OjVTk2KsdmfvzqZ4dB71X3Q57A
DzHkA1tqsaCkPVElP3I3ep0XBVYup2sLMk/dLGFL1O8lC+Zj9wvUAHSpPYCvEJ9+X2lDbsrlnaE8
cNDi91rqy5JB0V1SqquXxnpPpnwDikRIfvVqTanSTg6iRHiFkyH9KePqmWcWqx5B/C3dpivwAqeL
XIfF+rjKSc+tQx0cwGwApD54qeCbX5TLVXgJjjizH96z18jfeTKtyq5OqMtz64CboPBxFGo+pxCf
6aiDME7ZPVRBde0eVL12soTeO/ZovMEHdrRbUqWO6u/n640J86N3NNDcsqQ9WXWsfs3l2z0yf92l
UGN935yEBzRUkfDjV7zpUv+2B/a4XJinnr5/ge4xddjFSK1YC9IzbncM0WFTXpXLXF/xj6eYfxW1
JUGvtbvVjUTG1EuXI/eeeYfs9mUvs6hLkU89dcv1WB/IZxpHfMmqhFKQnnkIJHBvwuQm3NhNnpyf
ZeUalL/WgrJgVH9dMqd859AsxVajMievBQTvRwLoFLdCVdCo5EqUag50WNRzM29j61GCm2Xxu6+R
0GCdp41W1D7nmRvPXOY56n5M+c5xKYzpHZ+/172joQWj2HQZLWiaUlcxiUKsPtbzn3vYz47S9ceX
KyGEaumqEJ9ZZDg7/HlTagMryyolv7p6BT4NnCnvKChwQ1LXXniZ+sxfTnkmkK/aP+RbdrIRUtft
IdwGi8agMPgcV6e5YgdBuKbRCMLGnfuFxg4/csSbNQ0aJC6Px3zrwiYMDih6+JL1bu3NqDgiB2Ew
c+cEt1C2gjfnYUAu7ZQYBjHauy1zt9su9uCzAsGrEUFhtWcMjXa7ILnRHt5/h/9ZgR+mzt4H6pNP
F1ZwtwBADc9N0r1wNrMCGgRhFtg4tHCG1aD2wmVil+VkD0JswHeZasixDH2zhxzpvWyf7JlwPAez
+KHD8NwsjIFbQeFCwDIOrjKIo+g24pwdF19nziDR7ZnAg++sCD7SSFiaQiBM9qzAA1W8BrrJ3lk4
nS7Hme/DfErSE8acohFuSb13eHS8//FsYgXCIRq/ZzBJ5sIkIYbcKLTAX82IJgnEKmfvf/k/YI4s
DRsJvWX8oluX3WEHphQstDewgvtpeN9Al+SnPRrMMzpneyyYr9sZ2o5szaWPO7K9IeiCxOY9n8V8
6sQdgIAxieZl4BJksmAJI7mVCJTNJF0wEgbgPSkEOWJjp/Ktut3A9jJ8nA/YP3A85DUOfbGh90Oe
CZ2xOgnxIYEEWZJpzOgNWYZZLHkRd0agk10I0ygBehj35Ib4D4wv2F3BbsdhMwr9nJC7MPghJThH
pDFBW/sAFndHXKKGuDmywH23YAHJojmUW8CgaaEfSma7VkDIG0iRqBhJQ5ASOARYyB1HwQYxjDWP
pqAUP81V9UIQA1DhF0u5vfAtWJuRBd8jFyk+chbum/fsLuE7dOKJZJGlTghDQW7evEusmtzVGDcQ
Zo5V45rte154R3CAgTL5jsvk1qXkn+iM2IZ7ZZ7LdgnGLH7pEfdReQ0BvQgOGgI9BkZBbtMlkabE
9tKli9OKsm8+u2CQMAC7UschMUuE+dGsuCUt8RnF7Yj5Lu9g9ClDpcE47PeMemg2vpU7uaVexsiW
FApRZxu5C4kwmBg6ewPMjvvB7hIMBSD7IvOnYBXwqv1kGdi4OTB0fHwDftTkDT6Ctbhr50ix2SKG
qjWD3oPmSZ3wCoLIoADjoU5wr1AAgvmB2waCM9L8LAAPwiaC+Zh3L2ACL4vDexc8jIEZABL33KBQ
Dm0rFTqdoa9iG/TJOnHTH8B8acwvcxhGPu4ylYvJFmDIYNyY3CwcRkMi3eWsqr5KuXPEWYDP/KIH
gt0j3gl835akSaDcl7+J784XMJjxpY26Ovik46BF4jiLUkEVBkPD+KCbxMU7FwYl30LVEQOC3oau
A2qv1gB9BH0uBEODdzUVR4PGDdGo8DRIBRDm46UYlO+9cAregwmXCDqMA99NcWz7bE6nyxQsTsbC
1C1uXJEd+eUT7LU7l1ueexQM2ruGYJQ7WcIRzlxQESISwwfzkc0M6sFcpHBy6K0MhymZh9BRIQ5T
9AoUNOdqNrhqu6SFKEA6D8FiG9P/9wiwgnlKf8y336Z/koYRV0GGz0IlyS4hED4we0LcyxVCqblW
RsvsSMV4EPjMR4XUL/lhAxryccFVwohB7AySTwDJh7B7Zmc8+IZCZTEiMVkVrdm9DbVDUiISgety
crRLJienY3J2en46Ifuj0dnp0ZiMjq4I1IQfjq7qBBqRySW0OiKfTy7Pjsjo6vLgaDxuVkOAZg+z
25PmGLHYDXlCxkCcIEB7wXhI5tYogq1BxGcDeGzhTRq42i/CLGcFpSLghAAN3oR4H3M24WRQ+WEC
DLCZFMY5CyYQestALjISl3GJOQTzPL+g+bA1+oIsv6HbImZjOSAsi+qKfhXXFhjAvViUlFDbLYk1
2V6tkkTelsjnNJ7CyGjYoeeJqpQHoNXW5UMN1ZFXEXkVxG6fBhkvPlRNoDDLwAe363lOqDph7oYi
vc5mwEvg9csh2CSXIuYLh4fqIcw8p9DFhSRyF5BS/0Qwjrj6ALTXakmsIO2YB4sHSZK7juBQYJvF
oZ8nW3G1bNFQXVPtYUQje/KBb5AVLqV5xzgvGLHL4pBvT5s7spP5kaiuRAlH5IkGnsj76xAbyQu4
7lzNHAEcQZqHwU5XGBiSNiQ+kHALTpYkGcPAkC6g1+Z5tYlBC6WVWtXzjhQ1giwqm0IbbPqonXDO
Yy+y4CbJdT+gEVJdP/Mhx0J6jUk+V8COJGKGJLQo7YrjRZqSj5iHPgbFdiQ14gIbWAVnkHQ7RY8d
huJU1aexNsKoJ/iLxvkQErxkQxUZrxwaNsz8WIEN94PgtQqUj2g90E4UGIJLRHFOQsQ1AmGJDi6T
9pRTXykZG5fVLhoQ93fN+T7N6ik/tIKApdhhuzJFQGm2CD1RYk5pCjNarMS5ygl+pITIJMNjm5j5
yLMitUxZUWyK9PZG7aX8FIbVeJku+NePGobSgbzzuOBGmisjUwCP2mUdy6euWEI6AjnOZXihjxcD
UarVJCdQC4Iv7fHijhyMPtbhWtBhCuPrznXA7XmtIKJnwb/B+e+SXl52lxV5wq2jtG2SfQcC1YJ6
sx3cfIxPExwGPixFgVCCayToYMpALNOewkydihzdY1TDEpN6TYJKfBwFo7zYLieAOJdApe4gbeKF
WRREDXlcmd2cy1GXuF9Y0Z9YlufdmGDCkyUTlO3CPZTU2hma4qLtJhnJazwaz/kFVM5EpS9wibOY
zhEC9AmYLYk8XrHg9NIH5XGw0xj76cBzceWEz5fxUxQsScn55CPXNAFICHuapQTn57wrS3FictHM
Y42fZg28apdri17usGk2380nLD8SAycqslxbwFDl50n+bSExoUZPDpJQJC7pDQYyE8FJcDtYhDCB
RQ/M5yksn4nyCObQlJKE3uaREtdH8vUiPKdMYUExvgQnCha5HvFb6AZiMsyXjH4gP0/De/T6mJwe
kq2fP54ebgNmcHnQAdrfQbiPYvFcLDgGzl9imLw0ywoQPCHkTbixA/D0n9+d5fzl3Eah/MCF4TIS
T5pQfeAkl6dhji3MV0dkClGWeWYzLhbOubNl4z5znRIthTIFghujaR42Ab74pEc+C+AzSKkouA0U
nbwiC0Ib94nn14LXnNMleAzOJP3wNp+UY0aTaYCH4kZ+TohMygCYr4apCyQTvsIh3F18u1T0BW8r
fTtL5EqLDQM5FaFOXtMQ1+ySCGqkW9dDMSKMyxAlpWAeosG8mCcEeJlXTYf1vJW2oLZyUUp08r4f
ZjiCZyLfyAGNppRdjPkVIxRfjgA3xN88QcLFVzxdKhdz4AET098pE8ymuKsN/MblTZ7hFrm/cxfn
q55a4hXwUVABH+IQoVVVI/G5H5DGIKet0rK1Wk0aAyfwj3zYgbL5xfi30KbNxzIuDjSyCPyXJUps
5Fuyc0F8kVcdmodc2BSfD0x4AEJ7shh7moivpBCJjsjFlDyB82s06MCvQUzyhsxhGpaU5ikXbAoL
NR+aSIamO+ryeRqESZjEiL6JwijzcmeUB5jJeBsZENs8HPICvxHJIIa5BOMSJDtZOvOlXLFEtSuT
OK6o8WmjIIscKPsLP6xQrHUogxz9vYHfEqyQiuGmk6MFVJuzUOkRGGUNcXekaLkIsWe4Kk18or3p
hlxjCGRLH6c9CT4/kwDCpFQd53LyPCnPcwg8iNH5PIYJtFgskytrYgEBPwF3U8XH9YMRfHl4iV9N
asiQLzIfBoU7JmprCkPnjktMuOIlAE5rKsvZkGgLywvXFJ3zwKjQoeK8dCbI8fihH56p1BKR00PV
dFB1B+gnyspVHeJjtKB1gi+j8vScFlUYhN4Zi6HSbmAECjD9ibN5thK5gmorYfIulJJeM6g4IZPz
KJYHC8mQ97w4n8t40NMCq9rVqeuXsVrmX2SK7XEkYGjGnsWAiQL5Ep+8KF/ObZYC5BlVQm7NpzO8
DNuid8WoUFZOJA9gn0p75mskC0nkEQMnObJulhEDl5xhauLwwtGdFYxg9gFAxP0FjED5woGIccBP
hsg8s1HPpYmclUAhSf3Iy4+w5AEdZV/t5p0mzoHf4grWLvk3r1Ugf9b5ktavyFRsr1CkSfW+B4eB
dWPsOnLRIL8txVcDVmUsntB5hk54fcwnm/gCGOgq062qvpDLdRA/Cd7GwqwgslcpcZccn+1Pds1/
9Ovd4b1Rb9+36+Y/jH84WA/xcb6F98FtDK57g5YIxeKo090WRZ64xaDO1cUIx9wCNpZLabz04Gth
0Gv2koivw2VxHpTzCUpc3JzgEQf48I9B4npLkhuskd/YAF8Q1eybYx5quCjeXmOS8UpBfuNVoTR4
aanUfGHEp7fsHgJfIud29g3ODhI+jwGLTF2oy5eihuPtEC+oAjMPkUbEmBEoOX8oRuIiVtfqNXaf
siDJXyg8gApB/biZw1/3Lo89d3rP7+AVFHCKIEk0UmTrTJLfQUnW1j6aJj4RVRxPbfklrIKCN68C
h8YaLV5Gacjfxmrz7Sts+ZHfskUWa6pAisenQFqttmGYQ/mhXkxXaiOg8a38FUqqfeJt7mhHvnZy
QRNNcSz1HLwXrtDws26aGXGQOFOJBO/6+1NxM09t5S/BcvzjcvIXKU6NR2e6xYPUe3Cpq1JGh5fa
FU54zRtViaKztCsXei+U6e+aVzfqB+Na/HyCO4ApFuEXJBqP8vNp+GSdgd8GrNdg3pPxmDbPhAFz
lldsJhd7NL4LP9S6YuxivPn5XLONOxfftZOi8LGzNLxhARRWGqyKX8MhavigzR2+QK4Rl5RfacrH
jb+4kXjOZshl/YI12OWIr/aUV339+n8BCmbX
===END CRASH DUMP===
