PocketMine-MP Crash Dump Tue Oct 19 00:39:49 +07 2021

Error: str_replace(): Argument #2 ($replace) must be of type array|string, int given
File: plugins/ClearLag/src/twisted/autoclearlagg/AutoClearLagg
Line: 121
Type: TypeError

THIS CRASH WAS CAUSED BY A PLUGIN
BAD PLUGIN: AutoClearLagg v3.1.0

Code:
[112]                         }
[113]                     }
[114]                 }
[115]                if($this->messages[self::LANG_ENTITIES_CLEARED] !== ""){
[116]                     $this->getServer()->broadcastMessage(str_replace("{COUNT}", $entitiesCleared, $this->messages[self::LANG_ENTITIES_CLEARED]));
[117]                 }
[118] 
[119]                 $this->seconds = $this->interval;
[120]             }else if(in_array($this->seconds, $this->broadcastTimes) && $this->messages[self::LANG_TIME_LEFT] !== ""){
[121]                 $this->getServer()->broadcastMessage(str_replace("{SECONDS}", $this->seconds, $this->messages[self::LANG_TIME_LEFT]));
[122]             }
[123]         }), 50);
[124]     }
[125] }

Backtrace:
#0 plugins/ClearLag/src/twisted/autoclearlagg/AutoClearLagg(121): str_replace(string[9] {SECONDS}, integer 60, string[40] ..cServer d...n r..c sau {SECONDS} gi..y)
#1 pmsrc/src/pocketmine/scheduler/ClosureTask(61): twisted\autoclearlagg\AutoClearLagg->twisted\autoclearlagg\{closure}(integer 11951)
#2 pmsrc/src/pocketmine/scheduler/TaskHandler(137): pocketmine\scheduler\ClosureTask->onRun(integer 11951)
#3 pmsrc/src/pocketmine/scheduler/TaskScheduler(179): pocketmine\scheduler\TaskHandler->run(integer 11951)
#4 pmsrc/src/pocketmine/plugin/PluginManager(654): pocketmine\scheduler\TaskScheduler->mainThreadHeartbeat(integer 11951)
#5 pmsrc/src/pocketmine/Server(2389): pocketmine\plugin\PluginManager->tickSchedulers(integer 11951)
#6 pmsrc/src/pocketmine/Server(2152): pocketmine\Server->tick()
#7 pmsrc/src/pocketmine/Server(1992): pocketmine\Server->tickProcessor()
#8 pmsrc/src/pocketmine/Server(1586): pocketmine\Server->start()
#9 pmsrc/src/pocketmine/PocketMine(314): pocketmine\Server->__construct(object BaseClassLoader, object pocketmine\utils\MainLogger, string[16] /home/container/, string[24] /home/container/plugins/)
#10 pmsrc/src/pocketmine/PocketMine(344): pocketmine\server()
#11 pmsrc(11): require(string[71] phar:///home/container/PocketMine-MP.phar/src/pocketmine/PocketMine.php)

PocketMine-MP version: 3.24.0 [Protocol 465]
Git commit: b54854529f8a1366e156f8ec32e02635ec670e95
uname -a: Linux 70ad3400-c5fa-46ad-84f2-694f522c3898 4.15.0-159-generic #167-Ubuntu SMP Tue Sep 21 08:55:05 UTC 2021 x86_64
PHP Version: 8.0.11
Zend version: 4.0.11
OS : Linux, linux
Composer libraries: 
- adhocore/json-comment 1.1.2@fc2f76979f0a44a5f5bc2a2b600d0762fe0e78e7
- daverandom/callback-validator unknown@unknown
- pocketmine/binaryutils 0.1.13@0abee38d4e2861621f262c79a2a3d699d8a697f4
- pocketmine/callback-validator 1.0.3@64787469766bcaa7e5885242e85c23c25e8c55a2
- pocketmine/classloader 0.1.2@9757928424652393b178a3760073113aa7c9911b
- pocketmine/log 0.2.1@830b44a2cf96ef703c550abe64302f230231ca49
- pocketmine/log-pthreads 0.1.3@e477ecf6ec214fdd4415ea1da3fdd9d73bf699ea
- pocketmine/math 0.2.6@43057cb8c179a9859677b496a788db922fd5cfc3
- pocketmine/nbt 0.2.18@9f82ca4d7f97fcd9a566e44b63c4f18a7657ae82
- pocketmine/pocketmine-mp 3.24.0@b54854529f8a1366e156f8ec32e02635ec670e95
- pocketmine/raklib 0.12.11@9cce458b8bfde3e4dfdbf70c659fc7b7fe26b5c4
- pocketmine/snooze 0.1.5@70b5e7937a06878dd321a3182ceb76d56298f2cd
- pocketmine/spl 0.4.2@6b08b7cf8c4afa17139c9a1b3bf1b408531de161

Loaded plugins:
AcaciaWoodHS 1 by BhawaniSingh for API(s) 3.0.0
AlwaysSpawn 2.2.4 by Philip Shilling for API(s) 3.0.0
AntiAuraBot 1.0.1 by  for API(s) 3.0.0
AntiToolBox 0.1 by NgLamVN for API(s) 3.0.0
AutoClearLagg 3.1.0 by Twisted for API(s) 3.0.0
AutoFly 1 by PIG for API(s) 3.0.0
AutoInv 0.0.10 by JackNoordhuis for API(s) 3.0.0
AutoSellUI 3.0.0 by LetTIHL for API(s) 3.8.2
Banking_vonfram 1 by Noob for API(s) 3.0.0
BeetrootHS 1 by BhawaniSingh for API(s) 3.0.0
BirchWoodHS 1 by BhawaniSingh for API(s) 3.0.0
BlazinVanish 1.0.3 by PIG for API(s) 3.0.0, 4.0.0
Broadcaster 1.5 by EvolSoft for API(s) 3.0.0
BuilderTools 1.2.0 by CzechPMDevs, VixikHD for API(s) 3.16.0
BuonLau 2.0.3 by PIG for API(s) 3.0.0
BuyFix 1 by Twisted, NhanAZ for API(s) 3.0.0, 3.7.1, 3.8.1, 3.9.3, 4.0.0
CarrotHS 1 by BhawaniSingh for API(s) 3.0.0
CmdSnooper 1.0.0 by HotshotHD for API(s) 3.0.0
CoinAPI 2.0.9 by onebone | Edit By SenKai Official for API(s) 3.0.0
Crossbow 1 by SonsaYT for API(s) 3.0.5
CuongHoa 2.0.3 by PIG for API(s) 3.0.0
CustomAlerts 2.1 by EvolSoft for API(s) 3.0.0
CustomItem 1.0.0 by Phuongaz for API(s) 3.0.0
DEVirion 1.2.7 by poggit, SOFe for API(s) 3.0.0
DanhGia 2 by PIG for API(s) 3.0.0
DarkOakWoodHS 1 by BhawaniSingh for API(s) 3.0.0
Detu 4.0.0 BETA 2.0.9 by CLADevs || GreenJajot for API(s) 3.0.0
DevTools 1.14.2 by PocketMine Team for API(s) 3.13.0
Disable_TNT 0.1 by  for API(s) 3.0.0
EconomyAPI 5.7.2 by onebone for API(s) 3.0.0
EnchantUIVH 0.6 by UnknownOre for API(s) 3.0.0
EnchantVIPUI 0.6 by UnknownOreforsource|RBpmmpformod for API(s) 3.0.0
FarmHS 1 by BhawaniSingh for API(s) 3.0.0
Fly 1.0.0 by NhanAZ for API(s) 3.0.0
FormAPI 1.3.0 by jojoe77777 for API(s) 3.2.0
FormImagesFix 0.0.1 by  for API(s) 3.11.4
HealFeed 1.0.0 by DafaRahestian for API(s) 3.0.0
HuongDan 1.0.0 by VbeeMC for API(s) 3.0.0
InvCrashFix 0.0.1 by  for API(s) 3.14.0
InvSee 1.0.0 by BlockHorizons for API(s) 3.0.0
JoinMenu 1 by PIG for API(s) 3.0.0
JungleWoodHS 1 by BhawaniSingh for API(s) 3.0.0
KeepInventory 1.0 by KhoaGamingPro for API(s) 3.0.0
KhoeItemHand 1.0.0 by S2TwKen for API(s) 3.0.0
KygekRanksUI 1.3.0 by Kygekraqmak for API(s) 3.0.0
LoadAllWorlds 1.1.2 by  for API(s) 3.12.0
LpkCuaHangUI 0.0.5 by phuongaz | Moded by LamPocketVN for API(s) 3.9.0
MSpawns 2.2 by EvolSoft for API(s) 3.0.0
MaxEnchants 1.2.1 by Xenophilicy for API(s) 3.0.0
MenuUIVHPIG 1.0.0 by PIG for API(s) 3.0.0
MuaDetuUI 3 by VanLXYTB for API(s) 3.0.0
MultiWorld 1.6.0-beta4 by CzechPMDevs, VixikCZ, fuyutsuki, kaliiks for API(s) 3.20.0
MysteryCrate 9.2.0 by JackMD, DaPigGuy for API(s) 3.9.0
Napthe 0.0.1 by hachkingtohach1,tungstenvn for API(s) 3.0.0
Netherite 1.2.1 by Wertzui123 for API(s) 3.0.0
Nick 1.0.0 by MDevPMMP for API(s) 3.0.0
OakWoodHS 1 by BhawaniSingh for API(s) 3.0.0
PiggyCustomEnchants 2.4.3 by DaPigGuy for API(s) 3.19.0
PiggyFactions 1.2.0 by DaPigGuy for API(s) 3.13.0
PotatoHS 1 by BhawaniSingh for API(s) 3.0.0
PureChat 1.4.11 by 64FF00 for API(s) 3.0.0
PureEntitiesX 0.7.0 by milk0417, RevivalPMMP for API(s) 3.19.0
PurePerms 1.4.2-c2a by 64FF00 & ProjectInfinity for API(s) 3.0.0
QuestPlugin 3.1 by HmmHmmmmm for API(s) 3.11.0
RandomBlock 2.0.0 by Edit By Nờ Cờ Dờ for API(s) 3.0.0
RankShopSystem 1.0.0 by zZPROGAMERZz423 ( Edit: PhongGremVN) for API(s) 3.0.0
RedSkyBlockUI 3.1.1 by RedCraftPE for API(s) 3.0.0
SAC 3.6.6 by DarkWav for API(s) 3.0.0
SETVIP 2.3 by MCPEVN TEAM for API(s) 3.0.0
ScoreHud 5.2.0 by JackMD for API(s) 3.0.0
SellCommand 1.2.7 by Muqsit for API(s) 3.0.0-ALPHA9, 3.0.0-ALPHA10, 3.0.0-ALPHA11, 3.0.0-ALPHA12, 3.0.0
ShopKeyUI 1 by VbeeMC for API(s) 3.0.0, 4.0.0
SizePlayer 1.0.3 by  for API(s) 3.0.0
Slapper 1.6.1 by jojoe77777 for API(s) 3.20.0
SlapperRotation 1.2.1 by jojoe77777 for API(s) 3.0.0
SpiderUI 1.0.0 by MCCreeperYT for API(s) 3.0.0, 4.0.0
SpruceWoodHS 1 by BhawaniSingh for API(s) 3.0.0
TableSpoon 1.0.0 by CortexPE, Xenophilicy, HyperFlareMC for API(s) 3.0.0
TempBanUI 2.3 by SonsaYT for API(s) 3.0.0, 4.0.0
ToCao 2.0.3 by PIG for API(s) 3.0.0, 3.2.0
TradeNPC 1.0.0 by Free for API(s) 3.0.0
UIShop 3.5.4 by SaltyPixelDevz for API(s) 3.0.0
WarpsPro 1.3.0 by nikoskon for API(s) 3.0.0
WheatHS 1 by BhawaniSingh for API(s) 3.0.0
WorldProtect 2.3.8 by aliuly for API(s) 3.0.0
cayphattai 1.1.1 by PIG for API(s) 3.0.0
iProtector 3.1.1 by LDX for API(s) 3.0.0
tichluy 1.0.0 by LetTIHL for API(s) 3.0.0

----------------------REPORT THE DATA BELOW THIS LINE-----------------------

===BEGIN CRASH DUMP===
eNrtXXt32zay/yq4yp6tfY8ki9Tbe9wTx4/YjR9aS0m6Xfb4QCQksSYJlg/bSpvvfmcAkARp2ZYd
bfb+0e62FofgzPwGg5kBSIJ/1GY88mlyfcui2OVBbbdTryWuz2q7Rq/d6fYH/cGw2TPanXa9loby
THc4bHZ7bdNoDXsds2UO6zWPxslRFPGotvtHLVmG0Ko2gT+SVq/5LI7pHKlxEl1HLPSozba2d8l+
NE99FiTkjUm2/qZObBM/jRMyZYTPCHIjNIro8k+41g3mdeJC+7l7ywLgPEs979j1kPXOgvtsx+ZB
Qt2ARTuhl87dIN458BiNzuh8J47sneTOjRPm7NA04Tae8Oh8vrMPR1mzeTNchMhZcn0tF+DggRpg
SNMAm0aAq7b779qbFnktxy3gBCbTLSgt8u/hr+SP8dHB5cXh+KswD5uziPRadaIadFq/kmbTHrMI
Opo4zWYzIBEQSEzT4lIwarO53AbN3xgk9FEt/Dfk9g1LfACzE9sL5qQeGPfA43EasQmNb7Z6qJYC
YFklBJZVgtD48bFmf9iS4detTH3DGHYNoYz5nDKoxQkNHPi9ZbT7oE3RzLLydpalad34kQdXabBC
XHsdcePsaMvoDx8XqGnW+DFaKa6zWpz0kp2R+HNOAxg+0Vav23laVq5W40cfRsFkETHqnICVkymj
yQrp3dXSpadsme1BFZzUy7JKikG/unYhPF4hqPe0IKNrVgTJM5LzlmDRf5KFMRw+xWIUcRuiEI8k
r8HTvLqD3iO84gSMKXkMV/MYiZ/n8HOrbXQeYXN9DYEKRmdqJ1t8+huzE/KOxuwAIml8xqnDojpR
dP3yNHG92LLOoW/P+HyOrdQQN3q/kmoEzE+anYcnszAkx3vreSydB74njSUZqIixZWAwiNjvqRvl
8alv/ErCBY12d3aqWhQCGuejJjZ6XAUMzNu1X7/Wa+y/k2s2lxEAg2Rz7Qa33LtlqBjwdsBqdlLL
zgKlysLmDkPkhmHCWfLIP1+hpWG0H2khz3ZWnJVnug/PuLOtvyULN4a4Iu0b/ztm3mx392z/4v31
0cXkdHJ6NL4+ODvavzo6/JX8z94esWpWbfsPwbH3iCaK55wlauRtN36cRuD/NlQU51LSlt6PVu2P
g8uPF5OvVq1O/gZGcxOXxcJAzKmTl+i4vf0PoVv/UTsM4Iz4MVzRRImKGTizE5O9jIChL7qlnmBu
tipXfmVezNCa0PXC07bKfHIIuRUmUHTF2+Tvf38K3OT0/Oj67Oh4UrW8aTyu+ousnhUJwu6rVX5a
MWVus+q2wtSm7qpft+uk21LNMy+VzdAzv9a+/lVQ/VVQ/VVQ/VVQ/VVQbaKgqtfmDC6lHtYVAcU5
fq3EBvSZgi2LVYJau2l2mi2kp67n1HbNlgGzXDe+dthtbXdGIclBDRNxCEkc2HZ6XRDiYoUz7XYG
3U7XHM4G1Gj3eszo9mYDZrdN1jJ77S6ze/0WG3aBd6p0OXOD9J70W9Rpd1qtht2d0UanR53GoDMz
G71hZ9Y1TRtG1oB0mka32WoY3WFDYHJt8sbo9Rsfp2mQpGR8PiKTlJExC4lpkNZgt9vdbXXJx8kB
MVtAuR/0rnsdrL8WIUgeNFtNw4DDLywAlLVOdgynr3mc6QYEceCpA5v7IYfOvPbcaUQjKFDQstRZ
gDUitvNbzIMGtFE1n9E0mubbmW3O+r1hfzhr0U6HdmfdqW1Sc9prtZxWv2fOWIv1B6wP7B0KHQEx
kPs7NvW8KbVvGlBwuA5NsCoGu90E/C54q/6iukXvT92ARkvh9tAU4DSN9tsWnTLWHjgdZg56Rs80
ZmbPtPtDatK20xsOnQEF1WadMquVwg0wUfttr9Mf9DtwTa83tSnts+5g0DU7Jht0bbNtm102sLtd
alYY4mD1xGBVuplvh/1uf2gOOib4kNketqdGf0DbfTBLvw0VLvC2h0PDmJY5eXwuOJhN4+2g3ZqC
RU17NuyxWb/VBskIuNdpt8yZCf9pGzbtDB9waISJCPeZodpvWaffZ/asx2zT6Mwcp9MxuowaDm3D
wdDpt6czsBajZVY+TRZKm95bENrt29OBDWmODgfdYa/fn3aGPdofDJzp0DRnTtee2e0yi2CaZHgG
b2HomKCw059Bn9jOkHZhGHU6017b7syMAe33un3KBhXjFj8bfpgP4bcvGI8as4jegG9Lu4BOxtuh
bbNOdzAdTGcOa7OOM3OmYGu71x3O7P60P2Nmb9q1Kx4UB5x/Ycq83bf91rTL+sN2n7Z6g/7Acdqm
QdsGoGXTfs/p9szhYGbaToVJ6AkOHfCW3rQ1mPbt2cDu0Bk1+kZ7aA+pMYWOMaad1qDbNhxm9Iza
13wGJsbmvk1tl37m3DkZa1GwRK7XiviHMQAKrgWPYixC3y3oHQ3cMcTmBcZTGrpIbsNYaOExC+jU
YxBBID9BYHRYCPEEr4RzMZ8lhzoB64yKbMvSJUANmJ/DSSUMGIzYl+PJ58urs0Mg3bFp7CaIAGvl
fe+OLuNxSCEWaNg0qg7NBCfrlOGNFq7nhmQMfyDEzTeFMBRsY8UVKlihUYwaWZbM2QW88WT/avJx
9BAcTAH304i+44kOTqOW+g0DeAnchrBcztMvCxp89NPES6GDCvmlg7W6C5pPOPfe8fsKooyqI6ri
qV3Mz6j/6WJTnaTYSRRKgYe9sxoNZPxFOm1CqtvJtEJ8pRUNDWFlpUOvNgxRbGgoJ3LasymUa022
noO7SJIwhpJMg63U3I+XXuqfH1QWhJQxjr1lxQxIeSLcjE7fbyzKSGmyAl7LO+GC0+C2ojBSyl4J
flnpsp+gVLjgPHIWqRtvSv/fgGmQMZXd5wa3suOkUmshGjPP+3haAaWIZU9sVT3xjCWT05OzEqBB
03wtIMVu/Q55R4MbCJ/XtzyYRdTXMFTPPOFR0C/TjUUM4AUJC4S/AARjScR5Usq+GvE7595CcjXz
ZmfWAuVG9uJBTaFTvzesQvQDXNmptYB59IsbfIKr44WOTCdXs277+RBWF/OrV6Nz3WOP+q4boB4w
m9bVKR+thTFbD2WRDlGjlhF2y/iObrk3BkU31nWFYMBS0uKJAinLSHd3d00GGiH3ZnIj8OHEnUWY
0WMdoE4uIzSrke/gC7MXo/NDdotNP7n37s3JYQmw0Xs9Yhu5h74D3C1rKtVKUC3AX1bypUlZ03un
xEqYhQdnNC1ZRFLKNfJaDv3avn5J9E+Xx+59SV1BeCKyZKVTvXYBFev+LyvGYbvZF2UlZjL5dyjw
ftP4lJqtD+2ARlElI+Sk7xw4M7nVqCnpa4HxnTHUKWEpmmjEarisDLUTnsQL0OBwU4hs34mlaECh
q/E8Eiiw9kd6rZRRqiNkWMbAAzaFf8mf5MhxE/JuScYs+EBdcjmbuTCd9TaFTQmyLBsUA4aAMNfw
eXgRj+Mpv9PxZaQnvG7Mg5j+a1KB0H0tBMUONFeyXzBsIF7NTzjVAWSk7xfDDk5eonGccH/fg/ge
l7TWyGXNjf9sstUlQxeU9XhdupVMThPmP0AoiM+M/9ECu5B+2SxClLx+Nx0efXIjoWEOICdVK4V+
Wf2Qz3H1v14bXx6zjS0fCaaWdStUsCyoFNQvTa1nVo8OabB47+pjJaOUHO4/Nkw+TRnEKSXzBV1B
o5tLevNgblGmf+ckWRJezZTaybUAskSvwcShDkcUIuTd0WSfrMg0B2f7WNyRP/8k7yPGgp/ob3xz
wUEyh85yA+Fta3cau61W2zmpPH6MTrPqcvntODJhMJUvFdntb+gzpQB0UKHKGhFOq6YL1XZyHojW
jVGd68nFRAesUZ9axdyUS0pxIK3aTY8FhCObB9xflgscjagr3YUq2VxZ42y8kmFSA1HMlLR51uuO
Ahuq/OTj6acTHZFGLfdDrwzoo7yHeBltDFPBEaBkaqw/itQln05HpfW6EnlNRDOg8DSy2Z9X70Lf
D/FZeO5sHqeRA/3khi/BekwjvxTfFeE7B3YptRrRkboWiNLq9oOV7Ye1ziOz0tcq/5LF7WPwgPLQ
zyhlndtVnX/jv3HWx39KepvfsLCdcwRTSyXyH+tCOfXxcbzy+kCZ/mDN/tEobBjNzmux+OnvMVZq
OMBcIXv2koWAE0a9Y4YycxQ56RlfOqQzekUXLE5cGmyu0NGYWlamywsAYTEPRZ8OKCM9AwgLxvOD
TSHJpK6v+mlwexDReFF2Kp36ApfqvF7zzKXc4NZGycKh1rsrqWCMGSsjQMIz1n/nQbFzwiP3C8zP
N7bcpzO1LKnJS8D8xN3gnAV6wZyTvs9dxN9eMI38KQ3mHnswdSmRv3OC02VX01xxbh1wHxgLoQNZ
kPBIT3tlesXLygA/LDh9T32QPor4phCWmFpWSZ31uw64MFwzwAdwdXA6+ZkRNDYndx9YsEFcueh1
S/wPyzm7uaLBTVyqIEvkZ9K9aBvR3316szEkBUvoH02X9bsHI8a+533mkefos8wyvTLVrMxgSvH5
G8qXGx6As9kwG7QsVJx63p2Q/wI44c1BSqFn56V+KpGryaZyFy5Uy2bkT3LOHeaQ6ZKcUV9OWSvP
yAyfAauVgsVycmkuNnLn86VcWVP1vsgRjz/+JJXDFUaFZ33jnIsHt/ReziiVZ7n+syulSijonUt/
3froOb3PbaZh0qjVJcZKXviZBVw8UGYvNwVOY4kdk6tSOlirsyAT41QbM64GTqM+t/y7uVTtg9QX
uFlKce2tNAALWunJmEqdSoOzn/81ebexhVIaLARD0F3KfwkIL3FF9CuhyIll4/earcaUJbTz7M3u
g1/EC+jLNInTGxd+31DPdW/KhaHZ2tAtcB8VFjEUTaAp/y23vzVGaKglPlKwhFI+0WvjElk31vDh
MwH4kNc5qnBIIRy+T5cvirFP1WiCMUDXlFnPBVaYQDLbKQED/Bc0TBY6ckV4ekpTW1B7gQ9aJRx/
GfUESkZgHNxurMypSLAsqVj2d51BcMGgYeSWOragPRNcP7Mo+ZK6+JrehhAVHAFEpsar+7PgtlNg
QtCufaPjxcNnQi2Oi9H5+WhjGVLxA5ggff2gter2zn/t1s6jt3VecEtnVXWkvW+04my5kulU71av
jDDG8FvWdSRDy1qhzUriK1w1E7Kzgt1ObqdjaicuDx5YKKc/82jWatu8+EZRub4VyUJRHil367WT
qw8HCyru9eLLTiepWFBfbeEMTeXwm62aM0Jz8oQmvDSMctJ3HkWZ3OogkvS1xlAaMWFdDUxGKntE
R76npiHqdY6PW60XYRHMRyzyV8xjHvhj9hNXLepQO9+6PI1HR428SWGIa6kLIFfKF79e0fdCSfXu
Zc5GGetIbRDwc8ViBb2c2/vVgeS73k2rY+DzDFcA6ZZ6D5LDt4ScSPLEu0+WFaZ4s1oqJi2Sqfni
m7KarjtlvMowslfLRpG0qh+ZDdukq1yJ/J1AX+MbtafBzA3cZGMTr5J/CK20nxvwEMkHLPHPlMXJ
SG21kdtCp1ZeQ6k8lef78H/4p1a5U/LMsBp7NMSn7Z6q+Hx/gZwt63fUxrKEUq/Anum4o6MC6Ffi
BVKx9qxB16nVh8UqIyN7iO/CSg3mOORA/T2UfzflC5pG6xdPuHQ2XvBwjAW+X8ann3imFvzyy+jq
8v3++dHVL186ZptsiScXd8lowYP5+4j5ny62Xx5QVZgrlpN01364yPS0bTQ0LzAPc8Y3S2HT0sy+
TK++gVVxfmgME6dZMjraWFfnHC1LU8Wysl/rYBvvH2iI8KiMo1d9HgCfTPpMbzf5FBSwA6X3D8R/
nl+QHh9NPp2OdK0loTwAK9Xv+cHo6NMFmRztn29sqiJY4pYK+KDCWsbOSjxN94xUflLmsYWCTd3B
UasDmfTi11owmOcdcN8v39bQqc8833gu7kZWwTT2z0Yn+0Px/Hx+aLQqx0bl2MyOX/3sMOi96n7I
E/ghhnxgy1IsKGhPVMmP3I1e50WBlcvppQWZp26WsCXq95IF87H7BWoAuiw9gK8Rn35faUNuKuSd
oTxw0Pz3WuqrkkHTXVGqq5fGek+mfAOKWEp+9WpNodJOBqJAeIWTofJTxtUzzyxWPYL4W7qtrMAL
nC50HRaVx1VGem4d6uAAZgMg9cFLBd/8olymwktwRKn98J59ifydJ9O67OqEuji3DrgJCh+HvORz
GvGZjjrgUcLuoQqql+5B1WsnS+i9Y49GG3xgp3RLqtBR//18vTFhfviOBiW3LGhPVh2rX3P5do/M
XnfJ1VjfNyf8gHIdiTh+xZsu9W97YE/IhXnq6fsX6B5Rh12M9Io1Jz3jdscQHTblVZnM9RX/eIr5
V1NbEcq1dre6kciYesly5N4z75DdvuxlFn0p8qmnboUe6wP5TKNQLFkVUHLSMw+BBO4Nj2/4xm7y
ZPwsK9Og+LUWlAWj5dclM8p3Ds1KbDUqC/JaQPB+JIBOcCtUDY1OrkSp5qAMi3pu6m1sPUpysyxx
9zWUGqzztNGK2uc8daOZyzxH348p2zkugTG944v3undKaMEoNl2GC5ok1NVMohGrj/X85x72s8Nk
/fHlKghcL1014jOLDGeHP29KbWBlWYXkV1evwKeBM+UdDQVuSOraCy/Vn/nLKM8E8lX7h3zLTjZS
6ro9hNtg0QgUBp8T6jRX7CAI1zQaAW/cuV9o5IgjR75Z06BB7Ip4LLYubMLggKJHLFnv1t6M8iNy
wIOZOye4hbIVvDnnAbm0E2IYxGjvtszdbjvfg88KJK9GCIXVnjE02u2c5IZ7eP8d/mcFPk+cvQ/U
J58urOBuAYAanhsne3w2swIaBDwNbBxaOMNqUHvhMrnLcrwHITYQu0w11FiGvtlDjvRetY/3TDie
g1l87jA8N+MRcMspQghYxsFVBnkU3oaCs+Pi68wpJLo9E3iInRXBRxoxSxIIhPGeFXigitdAN9k7
49Ppcpz6PsynFD1mzMkb4ZbUe4dHx/sfzyZWIB2i8XsKk2QhTBEiyI1SC/zVDGkcQ6xy9v5X/APm
SBPeiOktExfduuwOOzChYKG9gRXcT/l9A11SnPZoME/pnO2xYL5uZ5R2ZGsufdyR7Q1BFyS26Pk0
ElMn4QAEjElKXgYuQSYLFjOSWYlA2UySBSM8AO9JIMgRGztVbNXtBraX4uN8wP6B4yGvMfflht4P
ecZ0xuqE40MCMbIk04jRG7LkaaR4EXdGoJNdCNMoAXoY9+SG+A+ML9hdzm7HYTMK/RyTOx78kBCc
I9KIoK19AIu7Iy5RQ9wcWeK+W7CApOEcyi1g0LTQDxWzXSsg5A2kSFSMJBykBA4BFmrHUbBBBGPN
owkoJU4LVT0OYgAq/GKJsBe+BWszshB75CLFR87SfbOe3SVih048ES/SxOEwFNTmzbvEqqldjXED
YeZYNaHZvufxO4IDDJTJdlwmty4l/0RnxDbCK7NctkswZolLj4SPqmsI6EVw0BDoMTAKcpsuiTIl
tlcunZ/WlH3z2QWD8ADsSh2HRCyW5kez4pa0xGcUtyMWu7yD0acMlQbjsN9T6qHZxFbu5JZ6KSNb
SihEnW3kLiXCYGLo7A0wO+4Hu0swFIDsi9SfglXAq/bjZWDj5sDQ8dEN+FFTNPgI1hKunSHFZosI
qtYUeg+ax3UiKgiiggKMhzrBvUIBCOYHYRsIzkjz0wA8CJtI5mPRvYAJvCzi9y54GAMzACThuUGu
HNpWKXQ6Q1/FNuiTdeImP4D5kkhc5jCMfMJlKheTLcCQwrgxhVkEjIZCuitYVX2VCueI0gCf+UUP
BLuHohPEvi1xk0C5r34T350vYDDjSxt1ffApx0GLRFEaJpIqDYaG8UE3hUt0LgxKsYWqIwcEveWu
A2qv1gB9BH2Og6HBu5qao0HjhmyUexqkAgjz0VIOyvcen4L3YMIlkg7jwHcTHNs+m9PpMgGLk7E0
dUsYV2ZHcfkEe+3OFZYXHgWD9q4hGWVOFguEMxdUhIjE8MF8ZDODejATKZ0ceivFYUrmHDqK4zBF
r0BBc6FmQ6i2S1qIAqSLECy3Mf1/jwArmKf0x3z7bfrHCQ+FCip85iopdjGB8IHZE+JephBKzbQy
WmZHKSaCwGcxKpR+8Q8b0FCMC6ESRgxip5B8Akg+hN0zOxXBl0uV5YjEZJW3Zvc21A5xgUgGrsvJ
0S6ZnJyOydnp+emE7I9GZ6dHYzI6uiJQE344uqoTaEQml9DqiHw+uTw7IqOry4Oj8bhZDQEle5jd
njLHiEUuFwkZA3GMAO0FEyFZWCMPtgaRnw0QsUU0aeBqvwyzghWUioATAjR4E+J9zNmkk0Hlhwkw
wGZKmOAsmUDoLQK5zEhCxiXmEMzz4oLmw9boC6r8hm4LmY3lgLQsqiv7VV6bYwD3YmFcQG23FNZ4
e7VKCnlbIZ/TaAojo2Fzz5NVqQhAq60rhhqqo64i6iqI3T4NUlF86JpAYZaCD27Xs5xQdcLMDWV6
nc2Al8TrF0OwSS5lzJcOD9UDTz0n18WFJHIXkEL/WDIOhfoAtNdqKawg7VgEiwdJUriO5JBjm0Xc
z5KtvFq1aOiuqfcwolE9+cA3yAqXKnnHOCsYscsiLranzRzZSf1QVleyhCPqRANPZP11iI3UBUJ3
oWaGAI4gzcNgpysMDEkbEh9IuAUni+OUYWBIFtBr86zaxKCF0gqt6llHyhpBFZVNqQ02fdROOOex
F2lwE2e6H9AQqa6f+pBjIb1GJJsrYEcSOUOSWhR2xfGiTClGzEMfg2I7VBoJgQ2sglNIup28xw65
PFX1aayNMOpJ/rJxNoQkL9VQRyYqh4YNMz+WY8P9IEStAuUjWg+0kwWG5BJSnJMQeY1EWKCDy5Q9
1dRXScbGRbWLBsT9XTO+T7N6yg+tIGAJdtiuShFQmi24J0vMKU1gRouVuFA5xo+UEJVkRGyTMx91
VqaWKcuLTZne3ui9lJ3CsBotk4X4+lHD0DpQdJ4Q3EgyZVQKEFG7qGPF1BVLSEcix7mMKPTxYiAq
tZrkBGpB8KU9UdyRg9HHOlwLOkxhfN25Dri9qBVk9Mz5NwT/XdLLyu6iIo+FdbS2TbLvQKBaUG+2
g5uPiWmCw8CHlSgQSnCNBB1MG4hF2tOY6VORo3uMalhiUq9JUImPo2CUFdvFBBDnEqjUHaRNvDAN
g7Chjiuzm3M16mL3C8v7E8vyrBtjTHiqZIKyXbqHllo7Q1NetN0kI3WNR6O5uICqmajyBSFxFtE5
QoA+AbPFoScqFpxe+qA8DnYaYT8deC6unIj5Mn6KgsUJOZ98FJrGAAlhT9OE4PxcdGUhTk4umlms
8ZO0gVftCm3Ryx02Tee72YTlR2LgREWVawsYquI8yb4tJCfU6MlBzGXiUt5gIDMZnCS3gwWHCSx6
YDZPYdlMVEQwhyaUxPQ2i5S4PpKtF+E5bQoLioklOFmwqPWI37gbyMmwWDL6gfw85ffo9RE5PSRb
P388PdwGzODyoAO0v4NwH0byuVhwDJy/RDB5aRYVIHgCF02EsQPw9J/fnWX81dxGo/wghOEykkia
UH3gJFekYYGNZ6sjKoVoyzyzmRAL59zZsnGfuk6BlkKZAsGN0SQLmwBfftIjmwWIGaRSFNwGik5R
kQXcxn3ixbXgNed0CR6DM0mf32aTcsxoKg2IUNzIzkmRcREAs9UwfYFkIlY4pLvLT5fKvhBtlW+n
sVppsWEgJzLUqWsa8ppdEkKNdOt6KEaGcRWilBTMQzSY5/OEAC/zqumwnrUqLaitXJSSnbzv8xRH
8EzmGzWg0ZSqizG/YoQSyxHghvhbJEi4+EqkS+1iATxgcvo7ZZLZFHe1gd+4vCky3CLzd+HiYtWz
lHglfBSUw4c4RGhV1VB+7gekMchpq7RsrVaTRsAJ/CMbdqBsdjH+zbVpi7GMiwONNAT/ZbEWG8WW
7EKQWOTVh+ahEDbF5wNjEYDQnizCnibyKylEoSNqMSVL4OKaEnTg1yAmeUPmMA2LC/MUCza5hZoP
TaRC0x11xTwNwiRMYmTfhDxMvcwZ1QFmMtFGBcS2CIeiwG+EKohhLsG4BMlOlc5iKVcuUe2qJI4r
amLaKMkyB6r+wg8r5Gsd2iBHf2/gtwQrpHy4lcnhAqrNGdd6BEZZQ94dyVsuOPaMUKWJT7Q3XS40
hkC29HHaE+PzMzEgjAvVcS6nzpPivIAgghidzyOYQMvFMrWyJhcQ8BNwN1V8Qj8YwZeHl/jVpIYK
+TLzYVC4Y7K2pjB07oTEWCheABC0pracDYk2t7x0Tdk5D4wKHSrPK2eCHI8f+hGZSi8RBZ3rpoOq
O0A/0Vau6hAfwwWtE3wZVaTnJK/CIPTOWASVdgMjUIDpT57NspXMFbS0EqbuQmnpNYWKEzK5iGJZ
sFAMRc/L85mMBz0tsepdnbh+EatV/kWm2B5HAoZm7FkMmChQLPGpi7Ll3GYhQJ3RJWTWfDrDq7At
e1eOCm3lRPEA9omyZ7ZGslBEETFwkqPqZhUxcMkZpiaOKBzdWc4IZh8ARN5fwAiULRzIGAf8VIjM
Mhv1XBqrWQkUktQPvewISx7QUfXVbtZp8hz4La5g7ZJ/i1oF8mddLGn9ikzl9gp5mtTvewgYWDdG
rqMWDbLbUmI1YFXGEgldZOhY1MdisokvgIGuKt3q6ku5Qgf5k+BtLMwKMnsVEnfJ8dn+ZNf8R7/e
Hd4b9fZ9u27+w/iHg/WQGOdbeB/cxuC6N2jJUCyPOt1tWeTJWwz6XF2OcMwtYGO1lCZKD7EWBr1m
L4n8OlwaZUE5m6BE+c0JEXGAj/gYJK63xJnBGtmNDfAFWc2+ORahRogS7UtMUlEpqG+8apSGKC21
mo+HYnrL7iHwxWpuZ9/g7CAW8xiwyNSFunwpazjRDvGCKjDzkGlEjhmJUvCHYiTKY3WtXmP3CQvi
7IXCA6gQ9I+bOeJ17+LYc6f34g5eTgGnCOK4RArtMpP4d1CStUsfTZOfiMqPp7b6ElZOwZtXgUOj
Ei1ahgkXb2O1xfYVtvrIb9EijUqqQIrHp0BarbZhmEP1oV5MV3ojoImt/DVKUvrE29wpHfmlkwsa
lxTHUs/Be+EaDT/rVjIjDhJnqpDgXX9/Km/m6a38JVhOfFxO/SL5qfHorGzxIPEeXOrqlNHhZekK
h1+LRlWi7KzSlYtyLxTp71pUN/oH41rifIw7gGkWERfEJR7F59PwyToDvw1Yr8G8JxUxbZ5KA2Ys
r9hMLfaU+C58XuqKsYvx5ufzkm3cufyunRKFj50l/IYFUFiVYFX8Gg5Rwwdt7vAF8hJxScWVpnrc
+IsbyudshkLWL1iDXY7Eak9x1dev/wcuVGae
===END CRASH DUMP===
