PocketMine-MP Crash Dump Tue Oct 19 11:53:28 +07 2021

Error: str_replace(): Argument #2 ($replace) must be of type array|string, int given
File: plugins/ClearLag/src/twisted/autoclearlagg/AutoClearLagg
Line: 121
Type: TypeError

THIS CRASH WAS CAUSED BY A PLUGIN
BAD PLUGIN: AutoClearLagg v3.1.0

Code:
[112]                         }
[113]                     }
[114]                 }
[115]                if($this->messages[self::LANG_ENTITIES_CLEARED] !== ""){
[116]                     $this->getServer()->broadcastMessage(str_replace("{COUNT}", $entitiesCleared, $this->messages[self::LANG_ENTITIES_CLEARED]));
[117]                 }
[118] 
[119]                 $this->seconds = $this->interval;
[120]             }else if(in_array($this->seconds, $this->broadcastTimes) && $this->messages[self::LANG_TIME_LEFT] !== ""){
[121]                 $this->getServer()->broadcastMessage(str_replace("{SECONDS}", $this->seconds, $this->messages[self::LANG_TIME_LEFT]));
[122]             }
[123]         }), 50);
[124]     }
[125] }

Backtrace:
#0 plugins/ClearLag/src/twisted/autoclearlagg/AutoClearLagg(121): str_replace(string[9] {SECONDS}, integer 60, string[40] ..cServer d...n r..c sau {SECONDS} gi..y)
#1 pmsrc/src/pocketmine/scheduler/ClosureTask(61): twisted\autoclearlagg\AutoClearLagg->twisted\autoclearlagg\{closure}(integer 6951)
#2 pmsrc/src/pocketmine/scheduler/TaskHandler(137): pocketmine\scheduler\ClosureTask->onRun(integer 6951)
#3 pmsrc/src/pocketmine/scheduler/TaskScheduler(179): pocketmine\scheduler\TaskHandler->run(integer 6951)
#4 pmsrc/src/pocketmine/plugin/PluginManager(654): pocketmine\scheduler\TaskScheduler->mainThreadHeartbeat(integer 6951)
#5 pmsrc/src/pocketmine/Server(2389): pocketmine\plugin\PluginManager->tickSchedulers(integer 6951)
#6 pmsrc/src/pocketmine/Server(2152): pocketmine\Server->tick()
#7 pmsrc/src/pocketmine/Server(1992): pocketmine\Server->tickProcessor()
#8 pmsrc/src/pocketmine/Server(1586): pocketmine\Server->start()
#9 pmsrc/src/pocketmine/PocketMine(314): pocketmine\Server->__construct(object BaseClassLoader, object pocketmine\utils\MainLogger, string[16] /home/container/, string[24] /home/container/plugins/)
#10 pmsrc/src/pocketmine/PocketMine(344): pocketmine\server()
#11 pmsrc(11): require(string[71] phar:///home/container/PocketMine-MP.phar/src/pocketmine/PocketMine.php)

PocketMine-MP version: 3.24.0 [Protocol 465]
Git commit: b54854529f8a1366e156f8ec32e02635ec670e95
uname -a: Linux 70ad3400-c5fa-46ad-84f2-694f522c3898 4.15.0-159-generic #167-Ubuntu SMP Tue Sep 21 08:55:05 UTC 2021 x86_64
PHP Version: 8.0.11
Zend version: 4.0.11
OS : Linux, linux
Composer libraries: 
- adhocore/json-comment 1.1.2@fc2f76979f0a44a5f5bc2a2b600d0762fe0e78e7
- daverandom/callback-validator unknown@unknown
- pocketmine/binaryutils 0.1.13@0abee38d4e2861621f262c79a2a3d699d8a697f4
- pocketmine/callback-validator 1.0.3@64787469766bcaa7e5885242e85c23c25e8c55a2
- pocketmine/classloader 0.1.2@9757928424652393b178a3760073113aa7c9911b
- pocketmine/log 0.2.1@830b44a2cf96ef703c550abe64302f230231ca49
- pocketmine/log-pthreads 0.1.3@e477ecf6ec214fdd4415ea1da3fdd9d73bf699ea
- pocketmine/math 0.2.6@43057cb8c179a9859677b496a788db922fd5cfc3
- pocketmine/nbt 0.2.18@9f82ca4d7f97fcd9a566e44b63c4f18a7657ae82
- pocketmine/pocketmine-mp 3.24.0@b54854529f8a1366e156f8ec32e02635ec670e95
- pocketmine/raklib 0.12.11@9cce458b8bfde3e4dfdbf70c659fc7b7fe26b5c4
- pocketmine/snooze 0.1.5@70b5e7937a06878dd321a3182ceb76d56298f2cd
- pocketmine/spl 0.4.2@6b08b7cf8c4afa17139c9a1b3bf1b408531de161

Loaded plugins:
AcaciaWoodHS 1 by BhawaniSingh for API(s) 3.0.0
AlwaysSpawn 2.2.4 by Philip Shilling for API(s) 3.0.0
AntiAuraBot 1.0.1 by  for API(s) 3.0.0
AntiInternalKick 1 by Jibix for API(s) 3.0.0
AntiToolBox 0.1 by NgLamVN for API(s) 3.0.0
AutoClearLagg 3.1.0 by Twisted for API(s) 3.0.0
AutoFly 1 by PIG for API(s) 3.0.0
AutoInv 0.0.10 by JackNoordhuis for API(s) 3.0.0
AutoSellUI 3.0.0 by LetTIHL for API(s) 3.8.2
Banking_vonfram 1 by Noob for API(s) 3.0.0
BeetrootHS 1 by BhawaniSingh for API(s) 3.0.0
BirchWoodHS 1 by BhawaniSingh for API(s) 3.0.0
BlazinVanish 1.0.3 by PIG for API(s) 3.0.0, 4.0.0
Broadcaster 1.5 by EvolSoft for API(s) 3.0.0
BuilderTools 1.2.0 by CzechPMDevs, VixikHD for API(s) 3.16.0
BuonLau 2.0.3 by PIG for API(s) 3.0.0
BuyFix 1 by Twisted, NhanAZ for API(s) 3.0.0, 3.7.1, 3.8.1, 3.9.3, 4.0.0
CarrotHS 1 by BhawaniSingh for API(s) 3.0.0
CmdSnooper 1.0.0 by HotshotHD for API(s) 3.0.0
CoinAPI 2.0.9 by onebone | Edit By SenKai Official for API(s) 3.0.0
Crossbow 1 by SonsaYT for API(s) 3.0.5
CuongHoa 2.0.3 by PIG for API(s) 3.0.0
CustomAlerts 2.1 by EvolSoft for API(s) 3.0.0
CustomItem 1.0.0 by Phuongaz for API(s) 3.0.0
DEVirion 1.2.7 by poggit, SOFe for API(s) 3.0.0
DanhGia 2 by PIG for API(s) 3.0.0
DarkOakWoodHS 1 by BhawaniSingh for API(s) 3.0.0
Detu 4.0.0 BETA 2.0.9 by CLADevs || GreenJajot for API(s) 3.0.0
DevTools 1.14.2 by PocketMine Team for API(s) 3.13.0
Disable_TNT 0.1 by  for API(s) 3.0.0
EconomyAPI 5.7.2 by onebone for API(s) 3.0.0
EnchantUIVH 0.6 by UnknownOre for API(s) 3.0.0
EnchantVIPUI 0.6 by UnknownOreforsource|RBpmmpformod for API(s) 3.0.0
FarmHS 1 by BhawaniSingh for API(s) 3.0.0
FastTravel 1 by BhawaniSingh for API(s) 3.0.0
Fly 1.0.0 by NhanAZ for API(s) 3.0.0
FormAPI 1.3.0 by jojoe77777 for API(s) 3.2.0
FormImagesFix 0.0.1 by  for API(s) 3.11.4
HealFeed 1.0.0 by DafaRahestian for API(s) 3.0.0
HuongDan 1.0.0 by VbeeMC for API(s) 3.0.0
InvCrashFix 0.0.1 by  for API(s) 3.14.0
InvSee 1.0.0 by BlockHorizons for API(s) 3.0.0
JoinMenu 1 by PIG for API(s) 3.0.0
JungleWoodHS 1 by BhawaniSingh for API(s) 3.0.0
KeepInventory 1.0 by KhoaGamingPro for API(s) 3.0.0
KhoeItemHand 1.0.0 by S2TwKen for API(s) 3.0.0
KygekRanksUI 1.3.0 by Kygekraqmak for API(s) 3.0.0
LoadAllWorlds 1.1.2 by  for API(s) 3.12.0
LpkCuaHangUI 0.0.5 by phuongaz | Moded by LamPocketVN for API(s) 3.9.0
MSpawns 2.2 by EvolSoft for API(s) 3.0.0
MaxEnchants 1.2.1 by Xenophilicy for API(s) 3.0.0
MenuUIVHPIG 1.0.0 by PIG for API(s) 3.0.0
MuaDetuUI 3 by VanLXYTB for API(s) 3.0.0
MultiWorld 1.6.0-beta4 by CzechPMDevs, VixikCZ, fuyutsuki, kaliiks for API(s) 3.20.0
MysteryCrate 9.2.0 by JackMD, DaPigGuy for API(s) 3.9.0
Napthe 0.0.1 by hachkingtohach1,tungstenvn for API(s) 3.0.0
Netherite 1.2.1 by Wertzui123 for API(s) 3.0.0
Nick 1.0.0 by MDevPMMP for API(s) 3.0.0
OakWoodHS 1 by BhawaniSingh for API(s) 3.0.0
PersonaToSkin 0.0.1 by XenialDan, DenielWorld for API(s) 3.11
PiggyCustomEnchants 2.4.3 by DaPigGuy for API(s) 3.19.0
PiggyFactions 1.2.0 by DaPigGuy for API(s) 3.13.0
PotatoHS 1 by BhawaniSingh for API(s) 3.0.0
PureChat 1.4.11 by 64FF00 for API(s) 3.0.0
PureEntitiesX 0.7.0 by milk0417, RevivalPMMP for API(s) 3.19.0
PurePerms 1.4.2-c2a by 64FF00 & ProjectInfinity for API(s) 3.0.0
QuestPlugin 3.1 by HmmHmmmmm for API(s) 3.11.0
RandomBlock 2.0.0 by Edit By Nờ Cờ Dờ for API(s) 3.0.0
RankShopSystem 1.0.0 by zZPROGAMERZz423 ( Edit: PhongGremVN) for API(s) 3.0.0
RedSkyBlockUI 3.1.1 by RedCraftPE for API(s) 3.0.0
RestrictedSkins 1.5.0 by SalmonDE for API(s) 3.0.0
SAC 3.6.6 by DarkWav for API(s) 3.0.0
SETVIP 2.3 by MCPEVN TEAM for API(s) 3.0.0
ScoreHud 5.2.0 by JackMD for API(s) 3.0.0
SellCommand 1.2.7 by Muqsit for API(s) 3.0.0-ALPHA9, 3.0.0-ALPHA10, 3.0.0-ALPHA11, 3.0.0-ALPHA12, 3.0.0
ShopKeyUI 1 by VbeeMC for API(s) 3.0.0, 4.0.0
SimpleWarp 4.0.1 by Falkirks for API(s) 3.0.0
SizePlayer 1.0.3 by  for API(s) 3.0.0
Slapper 1.6.1 by jojoe77777 for API(s) 3.20.0
SlapperPlayerCount 2.1.3 by  for API(s) 3.12.0
SlapperRotation 1.2.1 by jojoe77777 for API(s) 3.0.0
SpiderUI 1.0.0 by MCCreeperYT for API(s) 3.0.0, 4.0.0
SpruceWoodHS 1 by BhawaniSingh for API(s) 3.0.0
TableSpoon 1.0.0 by CortexPE, Xenophilicy, HyperFlareMC for API(s) 3.0.0
TempBanUI 2.3 by SonsaYT for API(s) 3.0.0, 4.0.0
ToCao 2.0.3 by PIG for API(s) 3.0.0, 3.2.0
TradeNPC 1.0.0 by Free for API(s) 3.0.0
UIShop 3.5.4 by SaltyPixelDevz for API(s) 3.0.0
WarpsPro 1.3.0 by nikoskon for API(s) 3.0.0
WheatHS 1 by BhawaniSingh for API(s) 3.0.0
WorldProtect 2.3.8 by aliuly for API(s) 3.0.0
cayphattai 1.1.1 by PIG for API(s) 3.0.0
iProtector 3.1.1 by LDX for API(s) 3.0.0
tichluy 1.0.0 by LetTIHL for API(s) 3.0.0

----------------------REPORT THE DATA BELOW THIS LINE-----------------------

===BEGIN CRASH DUMP===
eNrtfWtz4zay9l/B0WxtPG9JskjdteXUeHwZO+OLjqWZ5GSZmoJISGLMW3ixrUnmv7/dAEgBlGxL
tnbO+ZDsJhabYKOf7kZ3AwTJPyvTMPZp+uWOxYkbBpVBq1pJXZ9VBkan2eoYfbPRq3darabZr1ay
SJxqthv1VrvTa3SNZqfdbHfgIo8m6Ukch3Fl8GclXUTQrDKGP4JWrfgsSegMqUkaf4lZ5FGb7b0d
kMN4lvksSMkbk+z9Q554S/wsScmEkXBKkBuhcUwXf8G1bjCrEhfaz9w7FgDnaeZ5p66HrPfnoc/2
7TBIqRuweD/yspkbJPtHHqPxBZ3tJ7G9n967ScqcfZqloY0nPDqb7R/CUd5sVo/mEXIWXF/KBTh4
IAao0jRAqzHgqgz+XXnTIC/luAecQGWqBoVG/t3/jfw5Ojm6vjoefePqYTMWk06jSmSDVuM3Uq/b
IxaDqYlTr9cDEgOBJDRbXgpKrdcXb0HyNwaJfBQL/41C+5alPoDZT+w5czIPlHvkhUkWszFNbvc6
KJYEYFkaAsvSINR+fKzZn7Zg+G2vEL/fNrgs5nOyoBBnNHDg957R7IIwy2aWVbSzLEXo2o9hcJMF
q701N+ltlB/tGd3+4/0pgtV+jNf11lrfm3CR/SH/c0kDGDvxXqfderqrQqrajz4MgfE8ZtQ5AxWn
E0bT1c7b6zsXXrJnNntlaEIsy9LkApu69rLvZLWfztP9GG2z1I84IxjvcRbdJ1kY/f5TLIZxaEMA
CmPBq/c0r3av8wivJAVVCh799TyG/Ocl/NxrGq1H2Hz5AjEKBmZmp3vh5Hdmp+Q9TdgRBNHkIqQO
i6tE0tXLs9T1Esu6BMtehLMZtpKj2+j8RsrBrzhptlZP5hFIDPXG81haK54nlCUYyGCxZ2AciNkf
mRsXoalr/EaiOY0H+/tlKZYd1C6HdWz0uAgYk99WfvtWrbD/nTSzu2QAGASbL25wF3p3DAUD3g5o
zU4r+VmglFnYocMQuWGYcJY88s83aGkYzUdaiLOtNWfFmfbqGXe694907iYQVYR+k38nzJsOBheH
Vx++nFyNz8fnJ6MvRxcnhzcnx7+R/zo4IFbFqrz9k3PsPCKJ5DljqRx5b2s/TmLwfxuKiUvR055q
R6vy59H1p6vxN6tSJf8ApbmpyxKuIOZUyTYyvn37Ly5b91E99OAM/9Ff00R2lTBwZichBzkBI198
Rz3O3GyUrvzGvIShNsH03NP2dD4FhEILYyi4krfkn/98Ctz4/PLky8XJ6bisedN4XPSttJ7XB1zv
60V+WjCpbrPstlzVpuqq395WSbshm+deKpqhZ36rfPu7lvq7lvq7lvq7lvq7lnplLVWtzBhcSj0s
KQKKU/uKxgbkmYAul6sDlWbdbNUbSM9cz6kMzIYBc1s3+eKwu8pgSiG/QfkShxCNQmDb6rShExeL
m0m71Wu32mZ/2qNGs9NhRrsz7TG7abKG2Wm2md3pNli/DbwzKcuFG2QPpNugTrPVaNTs9pTWWh3q
1HqtqVnr9FvTtmnaMLB6pFU32vVGzWj3axyTa5M3Rqdb+zTJgjQjo8shGWeMjFhETIM0eoN2e9Bo
k0/jI2I2gPLQ63zptLD0gpn/oNKrN+qGAYdfWQAoK638GE5/CZNcNiDwA08e2KEfhWDML547iWkM
tQlqljpz0EbM9n9PwqAGbWS5Z9SNuvluapvTbqff7U8btNWi7Wl7YpvUnHQaDafR7ZhT1mDdHusC
e4eCISAAhv6+TT1vQu3bGtQarkNTLIhBb7dBeB+8k39R3KX1J25A4wV3e2gKcOpG812DThhr9pwW
M3sdo2MaU7Nj2t0+NWnT6fT7To+CaNOWzmpt5waoqPmu0+r2ui24ptOZ2JR2WbvXa5stk/Xattm0
zTbr2e02NUsMcbB6fLBK2cx3/W672zd7LRN8yGz2mxOj26PNLqil24TiFnjb/b5hTHROXjjjHMy6
8a7XbExAo6Y97XfYtNtoQs8IuNNqNsypCf9pGjZt9Vc41KKUB/tcUc13rNXtMnvaYbZptKaO02oZ
bUYNhzbhoO90m5MpaItRnZVP07mUpvMOOm137UnPhhxH+712v9PtTlr9Du32es6kb5pTp21P7abO
IpikOZ7eOxg6JgjsdKdgE9vp0zYMo1Zr0mnaranRo91Ou0tZr6Tc5c+aHxVD+N0W41FhFtNb8G2h
F5DJeNe3bdZq9ya9ydRhTdZyps4EdG132v2p3Z10p8zsTNp2yYOSIAy/Mqne9rtuY9Jm3X6zSxud
XrfnOE3ToE0D0LJJt+O0O2a/NzVtp8Qk8jiHFnhLZ9LoTbr2tGe36JQaXaPZt/vUmIBhjEmr0Ws3
DYcZHaPyrZh88bF5aFPbpT+HoXM2UqKgRq5WlvEPYwDUWvMwTrD+fD+n9zRwRxCb5xhPaeQiuQlj
oYHHLKATj0EEgfwEgdFhEcQTvBLOJeE0PVYJWGWU+rYstQco/4pzOJ+EAYMR+3o0/vn65uIYSPds
krgpIsAy+dC7p4tkFFGIBQo2hapCM8HJWjq84dz13IiM4A+EuNmuEEacbSK5QvHKJUpQIssSOXsJ
bzQ+vBl/Gq6Cg9nfYRbT92GqglOomt0wgGvgdoTlepZ9ndPgk5+lXgYGWvavHWxkLmh+jvPHgHof
odAqwdJOPeGTP7kT92FXpuLMBBK1f1E4bQpqHIbe+/ChhCenqlDKRqpczS6o//lqV3AkOwFICrDq
cuvRQBkzzyZ1yN/7uVSIT1uhURCWVm7UEsrgFZSCciymcbtCudHk8Tm48zSNEqgzFdhSzMNk4WX+
5VFpgUsq49RblNSAlCf8dXj+YWehU/S2hXfCBefBXUlgpOheCX5ZMtlPUP9chWHszDM32ZX8vwPT
IGcqzOcGd8JwQqiNEI2Y5306L4GSRN0TG2VPvGDp+PzsQgPUq5svBSTZbW6Q9zS4hZzw5S4MpjH1
FQzlM094FNhlsrOIAbwgC0PnW4BgLI3DMNVKCoX4nQuKZc/lciI/sxEoN7bnK4WSSv3esJZdr+DK
T20EzKNf3eAzXJ3MVWQquVxKNJ8PYVU+aXwxOtc99ajvugHKwQCSIo5+tBHGfH2XxSpEhaojbOv4
Tu5CbwSC7sx0y44BiybFE1VfnpHu7+/rDCRC7vX0luPD1QgWY0ZPVIAqWUdoliPf0Vdmz4eXx+wO
m352H9zbs2MNsNF5OWIbuUe+A9wtayLESlEswK8LuW1SVuTe11hxtYTBBc00jQiKXvhv5NAvtfU2
0T9bnLoPmric8ERkyUunauUKyvDDX9eMw2a9y8tKzGTib5/jfdX4FJJtDu2IxnEpIxSk7xw4837L
UVPQNwLjOyOoUyItmijEcrgsDbWzME3mIMHxrhDZvpOIrgGFKsbzSKDAOhyqtVJOKY+Qvo4hDNgE
/iV/kRPHTcn7BRmx4CN1yfV06sIc3dsVNtmRZdkgGDAEhIWEz8OLwySZhPcqvpz0hNeNwiCh/zMu
QWi/FIJkB5LLvrcYNhCvZmchVQHkpO8Xw47OtpE4SUP/0IP4nmhSK2RdcuM/m2zVnsEEuhwvS7eC
yXnK/BWEnPjM+B/O0YT0624RYs+bm+n45LMbcwkLAAWpXCl0dfGjcIa3NKqV0fUp29maGGdqWXdc
BMuCSkH+UsR6ZknsmAbzD646VnKK5nD/sWHyecIgTsk+tzAFjW+v6e3K3EKnf+ckqXVezpTKyY0A
slStwfihCocXIuT9yfiQrMk0RxeHWNyRv/4iH2LGgp/o7+HugoNgDsZyA+5tGxuN3ZWr7YKkjx+j
VS+7XHGPkYwZTOW1Irv5CptJAcBAS1E2iHBKNb0Ubb/ggWjdBMX5Mr4aq4AV6lOrmLtySdEd9FY2
02MB4cQOg9Bf6AWOQlSFbkOVbK6tcXZeyTAhAS9mNGme9bqTwIYqP/10/vlMRaRQdTt0dECfxI3R
63hnmJYcAUouxuajSF7y+Xyorddp5A0RTYESZrHN/rp5H/l+hBv7Q2f3OI0C6Gc32gbrKY19Lb5L
wncO7KLXckRH6mYgknQc0zvmaUAK4ncHk/dcBrSxVbTl+pWl+tXi7ZFp9ksBbLNafwourceynKLL
3CzL/Hv4e8i6+I8mt/mKlfqCI/iOEKL4sSmUcx/3S+oLHjp95SbEo2nFMOqtl2Lxsz8SLD0xYri8
7+k2KxtnjHqnDPssUBSkZ3zpmE7pDZ2zJHVpsLvKTWFqWbksWwDC2QlUsSqgnPQMIKyAL492hSTv
dXPRz4O7o5gmc92pVOoWLtV6ueS5S7nBnY09c4fa7DarhDFiTEeAhGe0/96D6u0sjN2vYbCze3Ia
U8sSkmwD5qfQDS5ZoM4ACtL3uS36+xbz4p+yYOaxlbmYRv7OSU7tu5zmluc2AfeRsQgMyII0jNW0
p9NLXqYD/DgP6QfqQ+/DONwVQo2pZWnibG464MJwEQT3SKvgVPIzI2hkju8/smCHuIquN52zfFzM
2O0NDW4TrSTWyM+ke942pn/49HZnSJYswT6KLJubByPGoef9HMaeo06bdXpp7lyakmnx+RXly20Y
gLPZML21LBScet49738LONHtUUbBsjPNThq5nGxKtxUjuQ5I/iKXocMcMlmQC+qLOXhp00//GbBK
KbhcH9cml0N3NluIpUI5geE54vFNakI4XDKVeDZXziXfXqdaOaeUdtz9Z5d+Zacgd9H7yxZ8L+lD
oTMFk0Itr5mW8sIvLAj5tj97sStwCks0TCGKdrCRsSAT49oBZlwFnEJ9bj17d6nah163cLOM4mKi
NgCXNG2rT6lOpcHFL/8zfr+zlV8azDlDkF30vw0IL3V59NNQFERd+Z16ozZhKW09e/f+6Ff+coBF
libZrQu/b6nnurd6YWg2dnRP30eBeQxFFSjCv+Z+vsIIFbXAPRILKOVTtTbWyKqy+qubHHDX2iWK
cEwhHH7IFlvF2KdqNM4YoCvCbOYCa1QgmO1rwAD/FY3SuYpcEp6e0lTm1J7jzrE0xF9GNYWSERgH
dzsrc0o9WJYQLP+7ySC4YtAwdjXDLmnPBNefWZx+zVx8jnJHiJYcAUQuxovtueS2v8SEoPVNzlcr
G5tXQy2Oi+Hl5XBnGVLyA5hbbWted7/qf+1e1aP3qba4RzUEgcOAjsPRrauufOj0Z4YapGSXemKd
5Bh+M1HV6jd4jJfCfODcHVwP0aTaZjK+rghUwK45qxdsrfIug7WB1Oi/ZvlKMASQq9KsJb5gROad
7K9ht1/o6ZTaqRsGKxoq6M9sqVuvm61v8OllPM+JkvJIVV+tnN18PJpTfo8en7w7y7gPrtdwjqZ0
+GqtFoxQnWFK01CLFgXpOweLvN9yrBD0jcZQFjOuXQVMTtI9oiUemlQQdVqnp43GVlg4cxjw/prp
2oo/5j9xcaYK8ejODbNkeFIrmiwV8UXIAsil8MtfL7A9F1I+CFywkco6kS+q+KWksSVdj6vd8kDy
Xe+20TJwH8oNQLqj3koOfE3IiQVPvGtoWVGGmwyEYEIjuZhb30xXZN3X8UrFCKvqShG0sh+ZNduk
61yJ/JOArfHx7vNg6gZuurP5peYfXCrl5w48RPABTfx3xpJ0KF/5UuhCpZYeHyrtpvR9+D/8U0qz
zw2rkUcj3CX5VGHr+3PkbFl/oDSWxYV6AfZcxn0VFUC/4U8z8yV2BbpKLW/yK42MfPPllZUZzHHI
kfx7LP7uyhcUiTavEXGFcDQPoxHOY3wdn3rimZL366/Dm+sPh5cnN79+bZlNssd3nA7IcB4Gsw8x
8z9fvd0+oMowt1w1U117dS3tad0oaLZQD3NGtwuuU20BQ6eXn5wrOT80hvnhNB2e7MzUBUfLUkSx
rPzXZtjwhQ12ite7WgFVPlN67mJlQZ56fhgc7wxdzg+xaYJsbrfR4ZGCB490G3XKe1Rwt9zP9G6X
O/OAHRjk8Ij/5/l7CqOT8efzoSq1IOjBpVTZXx4NTz5fkfHJ4eXOZpucJb67BDfPbKTsvHxVZM9J
+u6tx9Z6dnUTTi7w5L0vf20Eg3neUej7+p0plfrMnttLfkO5DKZ2eDE8O+zzZzqKQ6NROjZKx2Z+
/OJBBHKvu6X1BH6Ijx/ZQotzS9oTM4BHNhRs8vDK2jsi2praU/e72ALl2+aex8j1I4/9TONIBbkk
lne8lpCeUu/WjW9fed8+3xEVJFO+IDDywnvl8CRJsLalXiIShkQ7lX1bVsLlvQd5wcFV2TeA/xXK
O7rQnolRiE8/Qrir8I79XWB/KH7+eyPxZTWoyC4p5fV3Y7O9Va9AkYieX7zeuBRpPwexRCjMcRRm
QboKVj1ZekjjCYO95k4sS+cwB7dtGwy2IsMWg09ce4OTeP2phvKZZ9aSHzHna3xSF2ALTJHrsFiP
mTnpuWXioyOYxUKvKw8xvfrB3FyEbXDEmb26pUYjf+dFILXv8kLQ8twm4MbY+SgKNZ9TiM8Y6iiM
U/YAwbiq3SKuVs4WYL1Tj8Y73E+n3TFeyqj+fr6WHDM/ek8DzS2XtCcryvWP1b3eI/PH6woxNvfN
cXhEQxUJP37Bk3XV1+2n5f1aFnDeQvaYOuxqqM5GCtIzbncK0WFXXpX3ubngn86xtlLElgR9HtUu
v40J5m7pYug+MO+Y3W338Jy6hP7ULn8ux+ZAsDbiS61LKAXpmT1agXsbJrfhzu7B5vwsK5dg+Wsj
KHNG9cezc8p3Ds2y23JU5uSNgOAdNwCd4qukFTQquRSl6j0dFvXczNvZOqrgZll8c0QkJNhkM+Ca
wu4yc+OpyzxHfald/vrNFMb0vs/fI7GvoQWl2HQRzWmaUldRiUIs77r7z+3FtaMtqjpXQgjVulwh
PrM4dnH8y67EBlaWtez5xaU58KnhKsi+ggJf6Ozacy9Tt+TmlGcC+br3Fb3mzVmi100thO8SpDEI
DD7HxamveQ0rXFOrBWHt3v1KY4cfOeJJvhrMS10ej/n7X+swOKDo4bdaBpU3w+KIHIXB1J0RfAW9
Fby5DANybafEMIjRHDTMQbtZvMjUCgSvWgSF1YHRN5rNguRGB3jPHv5nBX6YOgcfqU8+X1nB/RwA
1Tw3SQ/C6dQKaBDA7MPGoYVTkRq15y4Tb6lPDiDEBvxVfTU5lsE2B8iRPsj2yYEJxzNQix86DM9N
wxi4FRTeCWjGwRUkcRTdRZyz4+LrEzJIdAcm8OCvpwUfqSUsTSEQJgdW4IEoXg3d5OAinEwWo8z3
YbIo6QljTtEIX+l/cHxyevjpYmwFwiFqf2QsXvDOJCGG3CikwF/1iCYJxCrn4P/xf0AdWRrWEnrH
+EV3LrtHA6YUNHTQs4KHSfhQQ5fkpz0azDI6YwcsmG1qDO21lvWFj6+1fEPQBYnNLZ/FfOrEHYCA
MonmZeASZDxnCSO5lgiUzSSdMxIG4D0ww0yJjUblnzpwA9vLcLctsF9xPOQ1Cn3xQYRVngmdsioJ
cQ9PgizJJGb0lizCLJa8iDslYGQXwjT2ABbGbxpA/AfGV+y+YLfvsCkFOyfkPgx+SAnOEWlMUNc+
gMVXzC5QQny5vMB9P2cByaIZlFvAoG6hH0pmAysg5A2kSBSMpCH0EjgEWMjXNoMOcA3IoykIxU9z
Ub0QugGo8IulXF/41L3NyJy/ZRwpPnIW7ptbdkD4a47xRDLPUieEoSBffj8gVkW+FR5fwM4cq8Il
O/S88J7gAANh8jfWkzuXkv9GZ8Q23CvzXDYgGLP4pSfcR+U1BOQiOGgIWAyUgtwmCyJVie2lSxen
FWHf/OyCQsIA9Eodh8QsEepHteJ7vYnPKL7PnX8lA5Q+YSg0KIf9kVEP1cY/hUHuqJcxsic7hajz
FrmLHmEwMXT2GqgdX6o9IBgKoO+rzJ+AVsCrDpNFYOP71cHw8S34UZ03+ATa4q6dI8Vm8xiq1gys
B82TKuEVBJFBAcZDleALlwEI5geuGwjOSPOzADwImwjmI25ewAReFocPLngYAzUAJO65QSEc6lYK
dD5FX8U26JNV4qY/gPrSmF/mMIx83GVKF5M9wJDBuDG5WjiMmkQ64KzKvkq5c8RZgFvy0QNB7xE3
An9PVFInUO7L38R3Z3MYzPhMVVUdfNJxUCNxnEWpoAqFoWJ8kE3i4saFQcnfQ+2IAUHvQtcBsddL
gD6CPheCosG76oqjQeOaaFR4GqQCCPPxQgzKD144Ae/BhEsEHcaB76Y4tn02o5NFChonI6HqBleu
yI788jFa7d7lmuceBYP2viYY5U6WcIRTF0SEiMTwuRlkM4V6MO9SODlYK8NhSmYhGCrEYYpegR3N
uJg1LtqANBAF9M5DsHgX9P95BFjBPCU/5tvXyZ+kYcRFkOGzEEmySwiED8yeEPdygbDXXCqjYbak
YDwI/MxHhZQv+WEHEvJxwUXCiEHsDJJPAMmHsAdmZzz4hkJkMSIxWRWt2YMNtUOyRCQC1/X4ZEDG
Z+cjcnF+eT4mh8PhxfnJiAxPbgjUhB9PbqoEGpHxNbQ6IT+fXV+ckOHN9dHJaFQvhwBNH2a7I9Ux
ZLEb8oSMgThBgPac8ZDMtVEEW4OIz67w2MKb1PBOjgiznBWUioATAjR4E+J9zNmEk0HlhwkwwGay
M85ZMIHQuwzkIiPxPq4xh2Ce5xfUV1ujL8jyG8wWMRvLAaFZFFfYVVxbYAD3YlGyhNpsSKzJ2/Ui
SeRNiXxG4wmMjJodep6oSnkAWq9dPtRQHHkVkVdB7PZpkPHiQ5UECrMMfPBtNc8JZSfM3VCk1+kU
eAm8/nII1sm1iPnC4aF6CDPPKWRxIYncB2QpfyIYR1x8ANppNCRW6O2UB4uVJMldR3AosE3j0M+T
rbhatqiprqlaGNFIS674BlnjUpp3jPKCEU0Wh/wd37kjO5kfiepKlHBEnqjhidxex9hIXsBl52Lm
COAI0jwMdrpGwZC0IfFBD3fgZEmSMQwM6RysNsurTQxa2NtSqmpuSFEjyKKyLqTBpo/qCec89jwL
bpNc9iMaIdX1Mx9yLKTXmORzBTQkETMkIcVSrzhepCr5iFn1MSi2IykR77CGVXAGSbdVWOw4FKfK
Po21EUY9wV80zoeQ4CUbqsh45VCzYebHCmz4/hleq0D5iNoD6USBIbhEFOckRFwjEC7RwWVSn3Lq
K3vGxstqFxWI75PO+T7N6ik/tIKApWiwgUwRUJrNQ0+UmBOawowWK3EucoIfeSIyyfDYJmY+8qxI
LRNWFJsivb1RrZSfwrAaL9I5/3pczVAMyI3HO66luTAyBfCovaxj+dQVS0hHIMe5DC/08WIgSrHq
5AxqQfClA17ckaPhpypcCzJMYHzduw64Pa8VRPQs+Nc4/wHp5GX3siJPuHaUtnVy6ECgmlNvuo8v
O+TTBIeBD8uuoFOCayToYMpAXKY9hZk6FTl5wKiGJSb16gSF+DQMhnmxvZwA4lwChbqHtIkXZlEQ
1eRxaXZzKUdd4n5lhT2xLM/NiHf+85IJynbhHkpqbfVNcdHbOhnKazwaz/gFVM5EpS/wHqcxnSEE
sAmoLYk8XrHg9NIH4XGw0xjtdOS5uHLC58v4PR+WpORy/IlLmgAkhD3JUoLzc27KZXdiclHPY42f
ZjW8asClRS932CSbDfIJy4/EwImKLNfmMFT5eZJ/m01MqNGTgyQUiUt6g4HMRHAS3I7mIUxg0QPz
eQrLZ6I8gjk0pSShd3mkxPWRfL0IzylTWBCML8GJgkWuR/weuoGYDPMlox/IL5PwAb0+JufHZO+X
T+fHbwEzuDzIAO3vIdxHsdjPDY6B85cYJi/1ZQUInhDyJlzZAXj6L+8vcv5ybqNQfuCd4TIST5pQ
feAkl6dhji3MV0dkClGWeaZT3i2cc6eL2kPmOku0FMoUCG6MpnnYBPjiu0j5LIDPIKWg4DZQdPKK
LAht/NgGvxa85pIuwGNwJumHd/mkHDOaTAM8FNfyc6LLZBkA89UwdYFkzFc4hLuL7z4LW/C20rez
RK602DCQUxHq5DU1cc2ARFAj3bkediPCuAxRshfMQzSYFfOEAC/zyumwmrfSFtTWLkoJIx/6uCWC
T7R5yhUDGlUpTYz5FSMUX44AN8TfPEHCxTc8XSoXc+ABE9PfCRPMJvgWLfiNy5s8w81zf+cuzlc9
tcQr4GNHBXyIQ4SWRY3EN9OgNwY5bZ2UjfVi0hg4gX/kww6EzS/Gv4U0TT6WcXGglkXgvyxRYiP/
BATviC/yqkPzmHc2wX2tCQ9AqE8Wo6WJ+NQUkeiIXEzJEzi/RoMO/GrEJG/IDKZhyVI9ywWbQkP1
VRXJ0HRPXT5PgzAJkxhhmyiMMi93RnmAmYy3kQGxycMhL/BrkQximEswLkGyk6UzX8oVS1QDmcRx
RY1PGwVZ5EBpL/w6TbHWoQxy9Pcafou1RCqGm06O5lBtTkPFIjDKauLuSNFyHqJluCh1fBKj7oZc
YghkCx+nPQnun0kAYbIUHedy8jxZnucQeBCjs1kME2ixWCZX1sQCAn5C87aMj8sHI/j6+Bo/PVeT
IV9kPgwK90zU1hSGzj3vMeGCLwFwWl1ZzoZEW2heuKYwzopSwaDivHQmyPH4tTSeqdQSkdNDVXVQ
dQfoJ8rKVRXiYzSnVYLPivP0nBZVGITeKYuh0q5hBAow/YmzebYSuYJqK2HyLpSSXjOoOCGT8yiW
BwvJkFtenM/7WLG0wKqaOnX9ZayW+ReZYnscCRia0bIYMLFDvsQnL8qXc+vLDuQZtYdcm09neBm2
hXXFqFBWTiQPYJ9KfeZrJHNJ5BEDJzmybpYRA5ecYWri8MLRnRaMYPYBQMT9BYxA+cKBiHHAT4bI
PLNRz6WJnJVAIUlxk6Y8wpIHZJS2GuRGE+fAb3EFa0D+zWsVyJ9VvqT1GzIVbz8p0qR634PDwLox
dh25aJDfluKrAesyFk/oPEMnvD7mk018cBFklelWFV/0y2UQPwnexsKsILLXsscBOb04HA/Mf3Wr
7f6DUW0+NKvmv4x/OVgP8XG+h/fBbQyuB72GCMXiqNV+K4o8cYtBnauLEY65BXQsl9J46cHXwsBq
9oKIT2xmcR6U8wlKXNyc4BEH+PCP6eJ6S5IrrJbf2ABfENXsm1MeanhXvL3GJOOVgvxGtkKp8dJS
qfnCiE9v2QMEvkTO7exbnB0kfB4DGpm4UJcvRA3H2yFeEAVmHiKNiDEjUHL+UIzERayuVCvsIWVB
kj8IewQVgvqFSIe/jWF57LmTB34Hr6CAUwRJopEiW2eS/AFCsqb25Unxnb3ieGLLzwkWFLx5FTg0
1mjxIkpD/hRhk79dxpYfSV+2yGJNFEjxuAuk0WgahtmXHzrHdKU2Ahr/dIhCSbXvZM4c7cjXTs5p
ogmOpZ6D98IVGn4bU1MjDhJnIpHgXX9/Im7mqa38BWiOf6FT/iLFqdHwQtd4kHorl7oqZXh8rV3h
hF94ozJRGEu7cq5bYZn+vvDqRv3qZoOfT/AFfYpG+AWJxmP5DUrcWWfgB1arFZj3ZDymzTKhwJzl
DZvKxR6N79wPNVOIPe2/XGq6cWfi46CyK9x2loa3LIDCSoNV8ms4RAlX2tzj+x004oLyK0253fir
G4l9Nn3e169Yg10P+WrP8qpv3/4/wBsf8Q==
===END CRASH DUMP===
