PocketMine-MP Crash Dump Tue Oct 19 07:14:46 +07 2021

Error: str_replace(): Argument #2 ($replace) must be of type array|string, int given
File: plugins/ClearLag/src/twisted/autoclearlagg/AutoClearLagg
Line: 121
Type: TypeError

THIS CRASH WAS CAUSED BY A PLUGIN
BAD PLUGIN: AutoClearLagg v3.1.0

Code:
[112]                         }
[113]                     }
[114]                 }
[115]                if($this->messages[self::LANG_ENTITIES_CLEARED] !== ""){
[116]                     $this->getServer()->broadcastMessage(str_replace("{COUNT}", $entitiesCleared, $this->messages[self::LANG_ENTITIES_CLEARED]));
[117]                 }
[118] 
[119]                 $this->seconds = $this->interval;
[120]             }else if(in_array($this->seconds, $this->broadcastTimes) && $this->messages[self::LANG_TIME_LEFT] !== ""){
[121]                 $this->getServer()->broadcastMessage(str_replace("{SECONDS}", $this->seconds, $this->messages[self::LANG_TIME_LEFT]));
[122]             }
[123]         }), 50);
[124]     }
[125] }

Backtrace:
#0 plugins/ClearLag/src/twisted/autoclearlagg/AutoClearLagg(121): str_replace(string[9] {SECONDS}, integer 60, string[40] ..cServer d...n r..c sau {SECONDS} gi..y)
#1 pmsrc/src/pocketmine/scheduler/ClosureTask(61): twisted\autoclearlagg\AutoClearLagg->twisted\autoclearlagg\{closure}(integer 11951)
#2 pmsrc/src/pocketmine/scheduler/TaskHandler(137): pocketmine\scheduler\ClosureTask->onRun(integer 11951)
#3 pmsrc/src/pocketmine/scheduler/TaskScheduler(179): pocketmine\scheduler\TaskHandler->run(integer 11951)
#4 pmsrc/src/pocketmine/plugin/PluginManager(654): pocketmine\scheduler\TaskScheduler->mainThreadHeartbeat(integer 11951)
#5 pmsrc/src/pocketmine/Server(2389): pocketmine\plugin\PluginManager->tickSchedulers(integer 11951)
#6 pmsrc/src/pocketmine/Server(2152): pocketmine\Server->tick()
#7 pmsrc/src/pocketmine/Server(1992): pocketmine\Server->tickProcessor()
#8 pmsrc/src/pocketmine/Server(1586): pocketmine\Server->start()
#9 pmsrc/src/pocketmine/PocketMine(314): pocketmine\Server->__construct(object BaseClassLoader, object pocketmine\utils\MainLogger, string[16] /home/container/, string[24] /home/container/plugins/)
#10 pmsrc/src/pocketmine/PocketMine(344): pocketmine\server()
#11 pmsrc(11): require(string[71] phar:///home/container/PocketMine-MP.phar/src/pocketmine/PocketMine.php)

PocketMine-MP version: 3.24.0 [Protocol 465]
Git commit: b54854529f8a1366e156f8ec32e02635ec670e95
uname -a: Linux 70ad3400-c5fa-46ad-84f2-694f522c3898 4.15.0-159-generic #167-Ubuntu SMP Tue Sep 21 08:55:05 UTC 2021 x86_64
PHP Version: 8.0.11
Zend version: 4.0.11
OS : Linux, linux
Composer libraries: 
- adhocore/json-comment 1.1.2@fc2f76979f0a44a5f5bc2a2b600d0762fe0e78e7
- daverandom/callback-validator unknown@unknown
- pocketmine/binaryutils 0.1.13@0abee38d4e2861621f262c79a2a3d699d8a697f4
- pocketmine/callback-validator 1.0.3@64787469766bcaa7e5885242e85c23c25e8c55a2
- pocketmine/classloader 0.1.2@9757928424652393b178a3760073113aa7c9911b
- pocketmine/log 0.2.1@830b44a2cf96ef703c550abe64302f230231ca49
- pocketmine/log-pthreads 0.1.3@e477ecf6ec214fdd4415ea1da3fdd9d73bf699ea
- pocketmine/math 0.2.6@43057cb8c179a9859677b496a788db922fd5cfc3
- pocketmine/nbt 0.2.18@9f82ca4d7f97fcd9a566e44b63c4f18a7657ae82
- pocketmine/pocketmine-mp 3.24.0@b54854529f8a1366e156f8ec32e02635ec670e95
- pocketmine/raklib 0.12.11@9cce458b8bfde3e4dfdbf70c659fc7b7fe26b5c4
- pocketmine/snooze 0.1.5@70b5e7937a06878dd321a3182ceb76d56298f2cd
- pocketmine/spl 0.4.2@6b08b7cf8c4afa17139c9a1b3bf1b408531de161

Loaded plugins:
AcaciaWoodHS 1 by BhawaniSingh for API(s) 3.0.0
AlwaysSpawn 2.2.4 by Philip Shilling for API(s) 3.0.0
AntiAuraBot 1.0.1 by  for API(s) 3.0.0
AntiToolBox 0.1 by NgLamVN for API(s) 3.0.0
AutoClearLagg 3.1.0 by Twisted for API(s) 3.0.0
AutoFly 1 by PIG for API(s) 3.0.0
AutoInv 0.0.10 by JackNoordhuis for API(s) 3.0.0
AutoSellUI 3.0.0 by LetTIHL for API(s) 3.8.2
Banking_vonfram 1 by Noob for API(s) 3.0.0
BeetrootHS 1 by BhawaniSingh for API(s) 3.0.0
BirchWoodHS 1 by BhawaniSingh for API(s) 3.0.0
BlazinVanish 1.0.3 by PIG for API(s) 3.0.0, 4.0.0
Broadcaster 1.5 by EvolSoft for API(s) 3.0.0
BuilderTools 1.2.0 by CzechPMDevs, VixikHD for API(s) 3.16.0
BuonLau 2.0.3 by PIG for API(s) 3.0.0
BuyFix 1 by Twisted, NhanAZ for API(s) 3.0.0, 3.7.1, 3.8.1, 3.9.3, 4.0.0
CarrotHS 1 by BhawaniSingh for API(s) 3.0.0
CmdSnooper 1.0.0 by HotshotHD for API(s) 3.0.0
CoinAPI 2.0.9 by onebone | Edit By SenKai Official for API(s) 3.0.0
Crossbow 1 by SonsaYT for API(s) 3.0.5
CuongHoa 2.0.3 by PIG for API(s) 3.0.0
CustomAlerts 2.1 by EvolSoft for API(s) 3.0.0
CustomItem 1.0.0 by Phuongaz for API(s) 3.0.0
DEVirion 1.2.7 by poggit, SOFe for API(s) 3.0.0
DanhGia 2 by PIG for API(s) 3.0.0
DarkOakWoodHS 1 by BhawaniSingh for API(s) 3.0.0
Detu 4.0.0 BETA 2.0.9 by CLADevs || GreenJajot for API(s) 3.0.0
DevTools 1.14.2 by PocketMine Team for API(s) 3.13.0
Disable_TNT 0.1 by  for API(s) 3.0.0
EconomyAPI 5.7.2 by onebone for API(s) 3.0.0
EnchantUIVH 0.6 by UnknownOre for API(s) 3.0.0
EnchantVIPUI 0.6 by UnknownOreforsource|RBpmmpformod for API(s) 3.0.0
FarmHS 1 by BhawaniSingh for API(s) 3.0.0
Fly 1.0.0 by NhanAZ for API(s) 3.0.0
FormAPI 1.3.0 by jojoe77777 for API(s) 3.2.0
FormImagesFix 0.0.1 by  for API(s) 3.11.4
HealFeed 1.0.0 by DafaRahestian for API(s) 3.0.0
HuongDan 1.0.0 by VbeeMC for API(s) 3.0.0
InvCrashFix 0.0.1 by  for API(s) 3.14.0
InvSee 1.0.0 by BlockHorizons for API(s) 3.0.0
JoinMenu 1 by PIG for API(s) 3.0.0
JungleWoodHS 1 by BhawaniSingh for API(s) 3.0.0
KeepInventory 1.0 by KhoaGamingPro for API(s) 3.0.0
KhoeItemHand 1.0.0 by S2TwKen for API(s) 3.0.0
KygekRanksUI 1.3.0 by Kygekraqmak for API(s) 3.0.0
LoadAllWorlds 1.1.2 by  for API(s) 3.12.0
LpkCuaHangUI 0.0.5 by phuongaz | Moded by LamPocketVN for API(s) 3.9.0
MSpawns 2.2 by EvolSoft for API(s) 3.0.0
MaxEnchants 1.2.1 by Xenophilicy for API(s) 3.0.0
MenuUIVHPIG 1.0.0 by PIG for API(s) 3.0.0
MuaDetuUI 3 by VanLXYTB for API(s) 3.0.0
MultiWorld 1.6.0-beta4 by CzechPMDevs, VixikCZ, fuyutsuki, kaliiks for API(s) 3.20.0
MysteryCrate 9.2.0 by JackMD, DaPigGuy for API(s) 3.9.0
Napthe 0.0.1 by hachkingtohach1,tungstenvn for API(s) 3.0.0
Netherite 1.2.1 by Wertzui123 for API(s) 3.0.0
Nick 1.0.0 by MDevPMMP for API(s) 3.0.0
OakWoodHS 1 by BhawaniSingh for API(s) 3.0.0
PiggyCustomEnchants 2.4.3 by DaPigGuy for API(s) 3.19.0
PiggyFactions 1.2.0 by DaPigGuy for API(s) 3.13.0
PotatoHS 1 by BhawaniSingh for API(s) 3.0.0
PureChat 1.4.11 by 64FF00 for API(s) 3.0.0
PureEntitiesX 0.7.0 by milk0417, RevivalPMMP for API(s) 3.19.0
PurePerms 1.4.2-c2a by 64FF00 & ProjectInfinity for API(s) 3.0.0
QuestPlugin 3.1 by HmmHmmmmm for API(s) 3.11.0
RandomBlock 2.0.0 by Edit By Nờ Cờ Dờ for API(s) 3.0.0
RankShopSystem 1.0.0 by zZPROGAMERZz423 ( Edit: PhongGremVN) for API(s) 3.0.0
RedSkyBlockUI 3.1.1 by RedCraftPE for API(s) 3.0.0
SAC 3.6.6 by DarkWav for API(s) 3.0.0
SETVIP 2.3 by MCPEVN TEAM for API(s) 3.0.0
ScoreHud 5.2.0 by JackMD for API(s) 3.0.0
SellCommand 1.2.7 by Muqsit for API(s) 3.0.0-ALPHA9, 3.0.0-ALPHA10, 3.0.0-ALPHA11, 3.0.0-ALPHA12, 3.0.0
ShopKeyUI 1 by VbeeMC for API(s) 3.0.0, 4.0.0
SizePlayer 1.0.3 by  for API(s) 3.0.0
Slapper 1.6.1 by jojoe77777 for API(s) 3.20.0
SlapperRotation 1.2.1 by jojoe77777 for API(s) 3.0.0
SpiderUI 1.0.0 by MCCreeperYT for API(s) 3.0.0, 4.0.0
SpruceWoodHS 1 by BhawaniSingh for API(s) 3.0.0
TableSpoon 1.0.0 by CortexPE, Xenophilicy, HyperFlareMC for API(s) 3.0.0
TempBanUI 2.3 by SonsaYT for API(s) 3.0.0, 4.0.0
ToCao 2.0.3 by PIG for API(s) 3.0.0, 3.2.0
TradeNPC 1.0.0 by Free for API(s) 3.0.0
UIShop 3.5.4 by SaltyPixelDevz for API(s) 3.0.0
WarpsPro 1.3.0 by nikoskon for API(s) 3.0.0
WheatHS 1 by BhawaniSingh for API(s) 3.0.0
WorldProtect 2.3.8 by aliuly for API(s) 3.0.0
cayphattai 1.1.1 by PIG for API(s) 3.0.0
iProtector 3.1.1 by LDX for API(s) 3.0.0
tichluy 1.0.0 by LetTIHL for API(s) 3.0.0

----------------------REPORT THE DATA BELOW THIS LINE-----------------------

===BEGIN CRASH DUMP===
eNrtXXt32zay/yq4yp6tfY8ki9Tbe9wTx4/YjR9aS0m6Xfb4QCQksearfNhW2nz3OwOAJEDLtuxo
s/ePdre1OARn5jcYzAxAEvyjNgtjn6bXtyxO3DCo7XbqtdT1WW3X6LU7vZbZGfSaLaM/NHr1WhaJ
U93hsNkxjEG/O+y1TcMw6jWPJulRHIdxbfePWrqMoFVtAn8ErV7zWZLQOVKTNL6OWeRRm21t75L9
eJ75LEjJG5Ns/U2e2CZ+lqRkykg4I8iN0Dimyz/hWjeY14kL7efuLQuA8yzzvGPXQ9Y7i9BnO3YY
pNQNWLwTedncDZKdA4/R+IzOd5LY3knv3CRlzg7N0tDGEx6dz3f24ShvNm9Giwg5C66v5QIcPFAD
LGmCgdIYcNV2/1170yKv5bgFnMBkqgWFRf49/JX8MT46uLw4HH/l5mFzFpNeq05kg07rV9Js2mMW
Q08Tp9lsBiQGAkloVl4KRm02l9ug+RuDRD6qhf9GoX3DUh/A7CT2gjmZB8Y98MIki9mEJjdbPVRL
ArAsDYFlaRAaPz7W7A9bMPy6latvGMOuwZUxn1MGtTihgQO/t4x2H7Qpm1lW0c6yFK0bP4bBVRas
ENdeR9w4P9qC0fG4QEWzxo/xSnGd1eKEl+yM+J9zGsDwibd63c7Tsgq1Gj/6MAomi5hR5wSsnE4Z
TVdI766WLjxly2wPquCEXpalKQb96tql8GSFoN7TgoyuWREkzgjOW5xF/0kWxnD4FItRHNoQhcJY
8Bo8zas76D3CK0nBmILHcDWPEf95Dj+32kbnETbX1xCoYHRmdroVTn9jdkre0YQdQCRNzkLqsLhO
JF29PEtdL7Gsc+jbs3A+x1ZyiBu9X0k1AhYnzc7Dk3kYEuO99TyWzgPfE8YSDGTE2DIwGMTs98yN
i/jUN34l0YLGuzs7VS1KAY3zURMbPa4CBubt2q9f6zX238k1m8sIgEGwuXaD29C7ZagY8HbAanZa
y88CpcrCDh2GyA3DhLPkkX++QkvDaD/SQpztrDgrznQfnnFnW39LF24CcUXYN/l3wrzZ7u7Z/sX7
66OLyenk9Gh8fXB2tH91dPgr+Z+9PWLVrNr2H5xj7xFNJM85S+XI2278OI3B/22oKM6FpC21H63a
HweXHy8mX61anfwNjOamLku4gZhTJy/RcXv7H1y3/qN2GMAZ/mO4ookUlTBwZichezkBQ198Sz3O
3GxVrvzKvIShNaHruadt6XwKCIUVJlB0Jdvk739/Ctzk9Pzo+uzoeFK1vGk8rvqLrJ4XCdzuq1V+
WjFpbrPqttzUpuqqX7frpNuSzXMvFc3QM7/Wvv5VUP1VUP1VUP1VUP1VUG2ioKrX5gwupR7WFQHF
OX5NYwP6TMGW5TJBrd00O80W0jPXc2q7ZguXAdzk2mG3td0ZhSQHNUwcQkgKgW2n1wUhLlY4025n
0O10zeFsQI12r8eMbm82YHbbZC2z1+4yu9dvsWEXeGdSlzM3yO5Jv0WddqfVatjdGW10etRpDDoz
s9EbdmZd07RhZA1Ip2l0m62G0R02OCbXJm+MXr/xcZoFaUbG5yMyyRgZs4iYBmkNdrvd3VaXfJwc
ELMFlPtB77rXwfprEYHkQbPVNAw4/MICQFnr5Mdw+jpMct2AwA88eWCHfhRCZ1577jSmMRQoaFnq
LMAaMdv5LQmDBrSRNZ/RNJrm25ltzvq9YX84a9FOh3Zn3altUnPaa7WcVr9nzliL9QesD+wdCh0B
MTD0d2zqeVNq3zSg4HAdmmJVDHa7CcK74K38i+qWvT91AxovudtDU4DTNNpvW3TKWHvgdJg56Bk9
05iZPdPuD6lJ205vOHQGFFSbdXRWK4UbYKL2216nP+h34Jpeb2pT2mfdwaBrdkw26Npm2za7bGB3
u9SsMMTB6vHBKnUz3w773f7QHHRM8CGzPWxPjf6Atvtgln4bKlzgbQ+HhjHVOXnhnHMwm8bbQbs1
BYua9mzYY7N+qw2SEXCv026ZMxP+0zZs2hk+4NCIUh7uc0O137JOv8/sWY/ZptGZOU6nY3QZNRza
hoOh029PZ2AtRnVWPk0XUpveWxDa7dvTgQ1pjg4H3WGv3592hj3aHwyc6dA0Z07XntltnUUwTXM8
g7cwdExQ2OnPoE9sZ0i7MIw6nWmvbXdmxoD2e90+ZYOKccufDT8qhvDbF4xHhVlMb8C3hV1AJ+Pt
0LZZpzuYDqYzh7VZx5k5U7C13esOZ3Z/2p8xszft2hUPSoIw/MKkebtv+61pl/WH7T5t9Qb9geO0
TYO2DUDLpv2e0+2Zw8HMtJ0Kk8jjHDrgLb1pazDt27OB3aEzavSN9tAeUmMKHWNMO61Bt204zOgZ
ta/FDIyPzX2b2i79HIbOyViJghq5XivjH8YAKLgWYZxgEfpuQe9o4I4hNi8wntLIRXIbxkILj1lA
px6DCAL5CQKjwyKIJ3glnEvCWXqoErDOqMi2LFUC1IDFOZxUwoDBiH05nny+vDo7BNIdmyZuigiw
Vt737ugyGUcUYoGCTaGq0Exwso4Ob7RwPTciY/gDIW6+KYQRZ5tIrlDBco0S1MiyRM4u4Y0n+1eT
j6OH4GAKuJ/F9F2YquAUqtZvGMA1cBvCcjnPvixo8NHPUi+DDirlawdrdRc0n4Sh9y68ryDKqSqi
Kp7axfyM+p8uNtVJkp1AIRV42Dur0UDGX2TTJqS6nVwrxKetaCgIKysdarVh8GJDQTkR055NoVxr
svUc3EWaRgmUZApsqeZ+svQy//ygsiAkjXHsLStmQMoT4WZ0+n5jUUZIExXwWt4JF5wGtxWFkaJ7
Jfhlpct+glLhIgxjZ5G5yab0/w2YBjlT0X1ucCs6Tii1FqIx87yPpxVQkqh7YqvqiWcsnZyenGmA
Bk3ztYAku/U75B0NbiB8Xt+GwSymvoKheuYJj4J+mW4sYgAvSFgg/AUgGEvjMEy17KsQv3PuLSVX
M29+Zi1QbmwvHtQUKvV7wypFP8CVn1oLmEe/uMEnuDpZqMhUcjXrtp8PYXU+v3o1Otc99qjvugHq
AbNpVR39aC2M+Xooi1WIClVH2NXxHd2G3hgU3VjXlYIBi6bFEwVSnpHu7u6aDDRC7s30huPDiTuL
MaMnKkCVrCM0q5Hv4AuzF6PzQ3aLTT+59+7NyaEG2Oi9HrGN3CPfAe6WNRVqpagW4NeVfGlSVvTe
0Vhxs4TBGc00iwiKXiOv5dCv7euXRP9seezea+pywhORJS+d6rULqFj3f1kxDtvNPi8rMZOJv0OO
95vGp9BsfWgHNI4rGaEgfefAmcutRk1BXwuM74yhTom0aKIQq+GyMtROwjRZgAaHm0Jk+04iRAMK
VY3nkUCBtT9Sa6WcUh0hQx1DGLAp/Ev+JEeOm5J3SzJmwQfqksvZzIXprLcpbFKQZdmgGDAEhIWG
z8OLwySZhncqvpz0hNeNwyCh/5pUIHRfC0GyA82l7BcMG4hX85OQqgBy0veLYQcnL9E4SUN/34P4
nmhaK2Rdc+M/m2xVydAFuh6vS7eCyWnK/AcIOfGZ8T9aYBfSL5tFiJLX76bDo09uzDUsABSkaqXQ
19WPwjmu/tdr48tjtrHlI87Usm65CpYFlYL8paj1zOrRIQ0W7111rOQUzeH+Y8Pk05RBnJIyX9AV
NL65pDcP5hY6/TsnSU14NVMqJ9cCyFK1BuOHKhxeiJB3R5N9siLTHJztY3FH/vyTvI8ZC36iv4Wb
Cw6COXSWG3BvW7vT2G212i5I+vgxOs2qyxW348iEwVReK7Lb39BnUgHooFKVNSKcUk2Xqu0UPBCt
m6A615OLiQpYoT61irkplxTiQFq1mx4LCEd2GIT+Ui9wFKKqdBeqZHNljbPxSoYJDXgxo2nzrNcd
BTZU+enH008nKiKFqvdDTwf0UdxDvIw3hqnkCFByNdYfRfKST6cjbb1OI6+JaAaUMItt9ufVu8j3
I3wYPnQ2j9MogH5yo5dgPaaxr8V3SfjOgV1IrUZ0pK4FQlvdfrCy/bDWeWRW+lrlX7K4fQweoA/9
nKLr3K7q/Fv4W8j6+I+mt/kNC9sFRzC1UKL4sS6UUx8fx9PXB3T6gzX7R6OwYTQ7r8XiZ78nWKnh
AHO57NlLFgJOGPWOGcosUBSkZ3zpkM7oFV2wJHVpsLlCR2FqWbkuLwCExTwUfSqgnPQMICwYzw82
hSSXur7qp8HtQUyThe5UKvUFLtV5vea5S7nBrY2SuUOtd1dSwhgzpiNAwjPWf+dBsXMSxu4XmJ9v
bLlPZWpZQpOXgPkpdINzFqgFc0H6PncRf3vBNPKnLJh77MHURSN/5wSnyq6mufLcOuA+MBZBB7Ig
DWM17en0ipfpAD8sQvqe+iB9FIebQqgxtSxNnfW7DrgwXDPAB3BVcCr5mRE0Nid3H1iwQVyF6HVL
/A/LObu5osFNolWQGvmZdM/bxvR3n95sDEnJEvpH0WX97sGIse95n8PYc9RZpk6vTDUrMxgtPn9D
+XITBuBsNswGLQsVp553x+W/AE50c5BR6Nm51k8auZpsKnfhIrlsRv4k56HDHDJdkjPqiylr5RmZ
4TNglVKwXE7W5mIjdz5fipU1We/zHPH4409COVxhlHjWN845f3BL7eWcUnmW6z+7UiqFgt6F9Net
j57T+8JmCiaFWl1irOSFn1kQ8gfK7OWmwCkssWMKVbSDtToLMjFOtTHjKuAU6nPLv5tL1T5IfYGb
ZRTX3rQBWNK0J2MqdSoNzn7+1+TdxhZKabDgDEF3If8lILzU5dFPQ1EQdeP3mq3GlKW08+zN7oNf
+AvoyyxNshsXft9Qz3Vv9MLQbG3oFriPCvMYiiZQlP+W298KIzTUEh8pWEIpn6q1sUZWjTV8+EwA
PuR1jiocUgiH77Pli2LsUzUaZwzQFWXWc4EVJhDMdjRggP+CRulCRS4JT09pagtqL/BBqzTEX0Y9
hZIRGAe3GytzKhIsSyiW/11nEFwwaBi7WseWtGeC62cWp18yF1/T2xCikiOAyNV4dX+W3HZKTAja
tW9UvHj4TKjFcTE6Px9tLENKfgATpK8ftFbd3vmv3dp59LbOC27prKqOlPeNVpzVK5lO9W71yghj
DL9lXUcwtKwV2qwkvsJVcyE7K9jtFHY6pnbqhsEDCxX0Zx7NWm2bF98o0utbniwk5ZFyt147ufpw
sKD8Xi++7HSS8QX11RbO0VQOv9mqBSM0Z5jSNNSGUUH6zqMol1sdRIK+1hjKYsatq4DJSbpHdMR7
agqiXuf4uNV6ERbOfMRif8U85oE/5j9x1aIOtfOtG2bJ6KhRNCkNcS10AeRS+fLXK/qeKynfvSzY
SGMdyQ0Cfq5YrKTrub1fHUi+6920OgY+z3AFkG6p9yA5fEvIiQVPvPtkWVGGN6uFYsIiuZovvimr
6Lqj45WGEb2qG0XQqn5kNmyTrnIl8ncCfY1v1J4GMzdw041NvDT/4FopPzfgIYIPWOKfGUvSkdxq
o7CFSq28hlJ5Ks/34f/wT61yp+SZYTX2aIRP2z1V8fn+Ajlb1u+ojWVxpV6BPddxR0UF0K/4C6R8
7VmBrlKrD4tVRkb+EN+FlRnMcciB/Hso/m7KFxSN1i+ecOlsvAijMRb4vo5PPfFMLfjll9HV5fv9
86OrX750zDbZ4k8u7pLRIgzm72Pmf7rYfnlAlWGuXE5SXfvhItPTtlHQvMA8zBnfLLlNtZm9Tq++
gVVxfmgME6dZOjraWFcXHC1LUcWy8l/rYBvvHyiI8EjH0as+D4BPJn2mt5t8CgrYgdL7B/w/zy9I
j48mn05HqtaCoA/ASvV7fjA6+nRBJkf75xubqnCWuKUCPqiwlrHzEk/RPSfpT8o8tlCwqTs4cnUg
l17+WgsG87yD0Pf12xoq9ZnnG8/53cgqmMb+2ehkf8ifny8OjVbl2Kgcm/nxq58dBr1X3Q95Aj/E
kA9sqcWCkvZElfzI3eh1XhRYuZyuLcg8dbOELVG/lyyYj90vUAPQpfYAvkJ8+n2lDbkpl3eG8sBB
i99rqS9LBkV3SamuXhrrPZnyDSgSIfnVqzWlSjs5iBLhFU6G9KeMq2eeWax6BPG3dJuuwAucLnId
FuvjKic9tw51cACzAZD64KWCb35RLlfhJTjizH54z14jf+fJtCq7OqEuz60DboLCx1Go+ZxCfKaj
DsI4ZfdQBdW1e1D12skSeu/Yo/EGH9jRbkmVOqq/n683JsyP3tFAc8uS9mTVsfo1l2/3yPx1l0KN
9X1zEh7QUEXCj1/xpkv92x7Y43Jhnnr6/gW6x9RhFyO1Yi1Iz7jdMUSHTXlVLnN9xT+eYv5V1JYE
vdbuVjcSGVMvXY7ce+YdstuXvcyiLkU+9dQt12N9IJ9pHPElqxJKQXrmIZDAvQmTm3BjN3lyfpaV
a1D+WgvKglH9dcmc8p1DsxRbjcqcvBYQvB8JoFPcClVBo5IrUao50GFRz828ja1HCW6Wxe++RkKD
dZ42WlH7nGduPHOZ56j7MeU7x6Uwpnd8/l73joYWjGLTZbSgaUpdxSQKsfpYz3/uYT87StcfX66E
EKqlq0J8ZpHh7PDnTakNrCyrlPzq6hX4NHCmvKOgwA1JXXvhZeozfznlmUC+av+Qb9nJRkhdt4dw
Gywag8Lgc1yd5oodBOGaRiMIG3fuFxo7/MgRb9Y0aJC4PB7zrQubMDig6OFL1ru1N6PiiByEwcyd
E9xC2QrenIcBubRTYhjEaO+2zN1uu9iDzwoEr0YEhdWeMTTa7YLkRnt4/x3+ZwV+mDp7H6hPPl1Y
wd0CADU8N0n3wtnMCmgQhFlg49DCGVaD2guXiV2Wkz0IsQHfZaohxzL0zR5ypPeyfbJnwvEczOKH
DsNzszAGbgWFCwHLOLjKII6i24hzdlx8nTmDRLdnAg++syL4SCNhaQqBMNmzAg9U8RroJntn4XS6
HGe+D/MpSU8Yc4pGuCX13uHR8f7Hs4kVCIdo/J7BJJkLk4QYcqPQAn81I5okEKucvf/l/4A5sjRs
JPSW8YtuXXaHHZhSsNDewArup+F9A12Sn/ZoMM/onO2xYL5uZ2g7sjWXPu7I9oagCxKb93wW86kT
dwACxiSal4FLkMmCJYzkViJQNpN0wUgYgPekEOSIjZ3Kt+p2A9vL8HE+YP/A8ZDXOPTFht4PeSZ0
xuokxIcEEmRJpjGjN2QZZrHkRdwZgU52IUyjBOhh3JMb4j8wvmB3Bbsdh80o9HNC7sLgh5TgHJHG
BG3tA1jcHXGJGuLmyAL33YIFJIvmUG4Bg6aFfiiZ7VoBIW8gRaJiJA1BSuAQYCF3HAUbxDDWPJqC
Uvw0V9ULQQxAhV8s5fbCt2BtRhZ8j1yk+MhZuG/es7uE79CJJ5JFljohDAW5efMusWpyV2PcQJg5
Vo1rtu954R3BAQbK5Dsuk1uXkn+iM2Ib7pV5LtslGLP4pUfcR+U1BPQiOGgI9BgYBblNl0SaEttL
ly5OK8q++eyCQcIA7Eodh8QsEeZHs+KWtMRnFLcj5ru8g9GnDJUG47DfM+qh2fhW7uSWehkjW1Io
RJ1t5C4kwmBi6OwNMDvuB7tLMBSA7IvMn4JVwKv2k2Vg4+bA0PHxDfhRkzf4CNbirp0jxWaLGKrW
DHoPmid1wisIIoMCjIc6wb1CAQjmB24bCM5I87MAPAibCOZj3r2ACbwsDu9d8DAGZgBI3HODQjm0
rVTodIa+im3QJ+vETX8A86Uxv8xhGPm4y1QuJluAIYNxY3KzcBgNiXSXs6r6KuXOEWcBPvOLHgh2
j3gn8H1bkiaBcl/+Jr47X8Bgxpc26urgk46DFonjLEoFVRgMDeODbhIX71wYlHwLVUcMCHobug6o
vVoD9BH0uRAMDd7VVBwNGjdEo8LTIBVAmI+XYlC+98IpeA8mXCLoMA58N8Wx7bM5nS5TsDgZC1O3
uHFFduSXT7DX7lxuee5RMGjvGoJR7mQJRzhzQUWISAwfzEc2M6gHc5HCyaG3MhymZB5CR4U4TNEr
UNCcq9ngqu2SFqIA6TwEi21M/98jwArmKf0x336b/kkaRlwFGT4LlSS7hED4wOwJcS9XCKXmWhkt
syMV40HgMx8VUr/khw1oyMcFVwkjBrEzSD4BJB/C7pmd8eAbCpXFiMRkVbRm9zbUDkmJSASuy8nR
LpmcnI7J2en56YTsj0Znp0djMjq6IlATfji6qhNoRCaX0OqIfD65PDsio6vLg6PxuFkNAZo9zG5P
mmPEYjfkCRkDcYIA7QXjIZlbowi2BhGfDeCxhTdp4Gq/CLOcFZSKgBMCNHgT4n3M2YSTQeWHCTDA
ZlIY5yyYQOgtA7nISFzGJeYQzPP8gubD1ugLsvyGbouYjeWAsCyqK/pVXFtgAPdiUVJCbbck1mR7
tUoSeVsin9N4CiOjYYeeJ6pSHoBWW5cPNVRHXkXkVRC7fRpkvPhQNYHCLAMf3K7nOaHqhLkbivQ6
mwEvgdcvh2CTXIqYLxweqocw85xCFxeSyF1ASv0TwTji6gPQXqslsYK0Yx4sHiRJ7jqCQ4FtFod+
nmzF1bJFQ3VNtYcRjezJB75BVriU5h3jvGDELotDvj1t7shO5keiuhIlHJEnGngi769DbCQv4Lpz
NXMEcARpHgY7XWFgSNqQ+EDCLThZkmQMA0O6gF6b59UmBi2UVmpVzztS1AiyqGwKbbDpo3bCOY+9
yIKbJNf9gEZIdf3MhxwL6TUm+VwBO5KIGZLQorQrjhdpSj5iHvoYFNuR1IgLbGAVnEHS7RQ9dhiK
U1WfxtoIo57gLxrnQ0jwkg1VZLxyaNgw82MFNtwPgtcqUD6i9UA7UWAILhHFOQkR1wiEJTq4TNpT
Tn2lZGxcVrtoQNzfNef7NKun/NAKApZih+3KFAGl2SL0RIk5pSnMaLES5yon+JESIpMMj21i5iPP
itQyZUWxKdLbG7WX8lMYVuNluuBfP2oYSgfyzuOCG2mujEwBPGqXdSyfumIJ6QjkOJfhhT5eDESp
VpOcQC0IvrTHiztyMPpYh2tBhymMrzvXAbfntYKIngX/Bue/S3p52V1W5Am3jtK2SfYdCFQL6s12
cPMxPk1wGPiwFAVCCa6RoIMpA7FMewozdSpydI9RDUtM6jUJKvFxFIzyYrucAOJcApW6g7SJF2ZR
EDXkcWV2cy5HXeJ+YUV/Ylmed2OCCU+WTFC2C/dQUmtnaIqLtptkJK/xaDznF1A5E5W+wCXOYjpH
CNAnYLYk8njFgtNLH5THwU5j7KcDz8WVEz5fxk9RsCQl55OPXNMEICHsaZYSnJ/zrizFiclFM481
fpo18Kpdri16ucOm2Xw3n7D8SAycqMhybQFDlZ8n+beFxIQaPTlIQpG4pDcYyEwEJ8HtYBHCBBY9
MJ+nsHwmyiOYQ1NKEnqbR0pcH8nXi/CcMoUFxfgSnChY5HrEb6EbiMkwXzL6gfw8De/R62Nyeki2
fv54ergNmMHlQQdofwfhPorFc7HgGDh/iWHy0iwrQPCEkDfhxg7A039+d5bzl3MbhfIDF4bLSDxp
QvWBk1yehjm2MF8dkSlEWeaZzbhYOOfOlo37zHVKtBTKFAhujKZ52AT44pMe+SyAzyClouA2UHTy
iiwIbdwnnl8LXnNOl+AxOJP0w9t8Uo4ZTaYBHoob+TkhMikDYL4api6QTPgKh3B38e1S0Re8rfTt
LJErLTYM5FSEOnlNQ1yzSyKokW5dD8WIMC5DlJSCeYgG82KeEOBlXjUd1vNW2oLaykUp0cn7fpjh
CJ6JfCMHNJpSdjHmV4xQfDkC3BB/8wQJF1/xdKlczIEHTEx/p0wwm+KuNvAblzd5hlvk/s5dnK96
aolXwEdBBXyIQ4RWVY3E535AGoOctkrL1mo1aQycwD/yYQfK5hfj30KbNh/LuDjQyCLwX5YosZFv
yc4F8UVedWgecmFTfD4w4QEI7cli7GkivpJCJDoiF1PyBM6v0aADvwYxyRsyh2lYUpqnXLApLNR8
aCIZmu6oy+dpECZhEiP6JgqjzMudUR5gJuNtZEBs83DIC/xGJIMY5hKMS5DsZOnMl3LFEtWuTOK4
osanjYIscqDsL/ywQrHWoQxy9PcGfkuwQiqGm06OFlBtzkKlR2CUNcTdkaLlIsSe4ao08Yn2phty
jSGQLX2c9iT4/EwCCJNSdZzLyfOkPM8h8CBG5/MYJtBisUyurIkFBPwE3E0VH9cPRvDl4SV+Nakh
Q77IfBgU7piorSkMnTsuMeGKlwA4raksZ0OiLSwvXFN0zgOjQoeK89KZIMfjh354plJLRE4PVdNB
1R2gnygrV3WIj9GC1gm+jMrTc1pUYRB6ZyyGSruBESjA9CfO5tlK5AqqrYTJu1BKes2g4oRMzqNY
HiwkQ97z4nwu40FPC6xqV6euX8ZqmX+RKbbHkYChGXsWAyYK5Et88qJ8ObdZCpBnVAm5NZ/O8DJs
i94Vo0JZOZE8gH0q7ZmvkSwkkUcMnOTIullGDFxyhqmJwwtHd1YwgtkHABH3FzAC5QsHIsYBPxki
88xGPZcmclYChST1Iy8/wpIHdJR9tZt3mjgHfosrWLvk37xWgfxZ50tavyJTsb1CkSbV+x4cBtaN
sevIRYP8thRfDViVsXhC5xk64fUxn2ziC2Cgq0y3qvpCLtdB/CR4GwuzgshepcRdcny2P9k1/9Gv
d4f3Rr19366b/zD+4WA9xMf5Ft4HtzG47g1aIhSLo053WxR54haDOlcXIxxzC9hYLqXx0oOvhUGv
2Usivg6XxXlQzicocXFzgkcc4MM/BonrLUlusEZ+YwN8QVSzb455qOGieHuNScYrBfmNV4XS4KWl
UvOFEZ/esnsIfImc29k3ODtI+DwGLDJ1oS5fihqOt0O8oArMPEQaEWNGoOT8oRiJi1hdq9fYfcqC
JH+h8AAqBPXjZg5/3bs89tzpPb+DV1DAKYIk0UiRrTNJfgclWVv7aJr4RFRxPLXll7AKCt68Chwa
a7R4GaUhfxurzbevsOVHfssWWaypAikenwJptdqGYQ7lh3oxXamNgMa38lcoqfaJt7mjHfnayQVN
NMWx1HPwXrhCw8+6aWbEQeJMJRK86+9Pxc08tZW/BMvxj8vJX6Q4NR6d6RYPUu/Bpa5KGR1ealc4
4TVvVCWKztKuXOi9UKa/a17dqB+Ma/HzCe4ApliEX5BoPMrPp+GTdQZ+G7Beg3lPxmPaPBMGzFle
sZlc7NH4LvxQ64qxi/Hm53PNNu5cfNdOisLHztLwhgVQWGmwKn4Nh6jhgzZ3+AK5RlxSfqUpHzf+
4kbiOZshl/UL1mCXI77aU1719ev/AehmZsM=
===END CRASH DUMP===
