PocketMine-MP Crash Dump Tue Oct 19 08:09:40 +07 2021

Error: str_replace(): Argument #2 ($replace) must be of type array|string, int given
File: plugins/ClearLag/src/twisted/autoclearlagg/AutoClearLagg
Line: 121
Type: TypeError

THIS CRASH WAS CAUSED BY A PLUGIN
BAD PLUGIN: AutoClearLagg v3.1.0

Code:
[112]                         }
[113]                     }
[114]                 }
[115]                if($this->messages[self::LANG_ENTITIES_CLEARED] !== ""){
[116]                     $this->getServer()->broadcastMessage(str_replace("{COUNT}", $entitiesCleared, $this->messages[self::LANG_ENTITIES_CLEARED]));
[117]                 }
[118] 
[119]                 $this->seconds = $this->interval;
[120]             }else if(in_array($this->seconds, $this->broadcastTimes) && $this->messages[self::LANG_TIME_LEFT] !== ""){
[121]                 $this->getServer()->broadcastMessage(str_replace("{SECONDS}", $this->seconds, $this->messages[self::LANG_TIME_LEFT]));
[122]             }
[123]         }), 50);
[124]     }
[125] }

Backtrace:
#0 plugins/ClearLag/src/twisted/autoclearlagg/AutoClearLagg(121): str_replace(string[9] {SECONDS}, integer 60, string[40] ..cServer d...n r..c sau {SECONDS} gi..y)
#1 pmsrc/src/pocketmine/scheduler/ClosureTask(61): twisted\autoclearlagg\AutoClearLagg->twisted\autoclearlagg\{closure}(integer 11951)
#2 pmsrc/src/pocketmine/scheduler/TaskHandler(137): pocketmine\scheduler\ClosureTask->onRun(integer 11951)
#3 pmsrc/src/pocketmine/scheduler/TaskScheduler(179): pocketmine\scheduler\TaskHandler->run(integer 11951)
#4 pmsrc/src/pocketmine/plugin/PluginManager(654): pocketmine\scheduler\TaskScheduler->mainThreadHeartbeat(integer 11951)
#5 pmsrc/src/pocketmine/Server(2389): pocketmine\plugin\PluginManager->tickSchedulers(integer 11951)
#6 pmsrc/src/pocketmine/Server(2152): pocketmine\Server->tick()
#7 pmsrc/src/pocketmine/Server(1992): pocketmine\Server->tickProcessor()
#8 pmsrc/src/pocketmine/Server(1586): pocketmine\Server->start()
#9 pmsrc/src/pocketmine/PocketMine(314): pocketmine\Server->__construct(object BaseClassLoader, object pocketmine\utils\MainLogger, string[16] /home/container/, string[24] /home/container/plugins/)
#10 pmsrc/src/pocketmine/PocketMine(344): pocketmine\server()
#11 pmsrc(11): require(string[71] phar:///home/container/PocketMine-MP.phar/src/pocketmine/PocketMine.php)

PocketMine-MP version: 3.24.0 [Protocol 465]
Git commit: b54854529f8a1366e156f8ec32e02635ec670e95
uname -a: Linux 70ad3400-c5fa-46ad-84f2-694f522c3898 4.15.0-159-generic #167-Ubuntu SMP Tue Sep 21 08:55:05 UTC 2021 x86_64
PHP Version: 8.0.11
Zend version: 4.0.11
OS : Linux, linux
Composer libraries: 
- adhocore/json-comment 1.1.2@fc2f76979f0a44a5f5bc2a2b600d0762fe0e78e7
- daverandom/callback-validator unknown@unknown
- pocketmine/binaryutils 0.1.13@0abee38d4e2861621f262c79a2a3d699d8a697f4
- pocketmine/callback-validator 1.0.3@64787469766bcaa7e5885242e85c23c25e8c55a2
- pocketmine/classloader 0.1.2@9757928424652393b178a3760073113aa7c9911b
- pocketmine/log 0.2.1@830b44a2cf96ef703c550abe64302f230231ca49
- pocketmine/log-pthreads 0.1.3@e477ecf6ec214fdd4415ea1da3fdd9d73bf699ea
- pocketmine/math 0.2.6@43057cb8c179a9859677b496a788db922fd5cfc3
- pocketmine/nbt 0.2.18@9f82ca4d7f97fcd9a566e44b63c4f18a7657ae82
- pocketmine/pocketmine-mp 3.24.0@b54854529f8a1366e156f8ec32e02635ec670e95
- pocketmine/raklib 0.12.11@9cce458b8bfde3e4dfdbf70c659fc7b7fe26b5c4
- pocketmine/snooze 0.1.5@70b5e7937a06878dd321a3182ceb76d56298f2cd
- pocketmine/spl 0.4.2@6b08b7cf8c4afa17139c9a1b3bf1b408531de161

Loaded plugins:
AcaciaWoodHS 1 by BhawaniSingh for API(s) 3.0.0
AlwaysSpawn 2.2.4 by Philip Shilling for API(s) 3.0.0
AntiAuraBot 1.0.1 by  for API(s) 3.0.0
AntiToolBox 0.1 by NgLamVN for API(s) 3.0.0
AutoClearLagg 3.1.0 by Twisted for API(s) 3.0.0
AutoFly 1 by PIG for API(s) 3.0.0
AutoInv 0.0.10 by JackNoordhuis for API(s) 3.0.0
AutoSellUI 3.0.0 by LetTIHL for API(s) 3.8.2
Banking_vonfram 1 by Noob for API(s) 3.0.0
BeetrootHS 1 by BhawaniSingh for API(s) 3.0.0
BirchWoodHS 1 by BhawaniSingh for API(s) 3.0.0
BlazinVanish 1.0.3 by PIG for API(s) 3.0.0, 4.0.0
Broadcaster 1.5 by EvolSoft for API(s) 3.0.0
BuilderTools 1.2.0 by CzechPMDevs, VixikHD for API(s) 3.16.0
BuonLau 2.0.3 by PIG for API(s) 3.0.0
BuyFix 1 by Twisted, NhanAZ for API(s) 3.0.0, 3.7.1, 3.8.1, 3.9.3, 4.0.0
CarrotHS 1 by BhawaniSingh for API(s) 3.0.0
CmdSnooper 1.0.0 by HotshotHD for API(s) 3.0.0
CoinAPI 2.0.9 by onebone | Edit By SenKai Official for API(s) 3.0.0
Crossbow 1 by SonsaYT for API(s) 3.0.5
CuongHoa 2.0.3 by PIG for API(s) 3.0.0
CustomAlerts 2.1 by EvolSoft for API(s) 3.0.0
CustomItem 1.0.0 by Phuongaz for API(s) 3.0.0
DEVirion 1.2.7 by poggit, SOFe for API(s) 3.0.0
DanhGia 2 by PIG for API(s) 3.0.0
DarkOakWoodHS 1 by BhawaniSingh for API(s) 3.0.0
Detu 4.0.0 BETA 2.0.9 by CLADevs || GreenJajot for API(s) 3.0.0
DevTools 1.14.2 by PocketMine Team for API(s) 3.13.0
Disable_TNT 0.1 by  for API(s) 3.0.0
EconomyAPI 5.7.2 by onebone for API(s) 3.0.0
EnchantUIVH 0.6 by UnknownOre for API(s) 3.0.0
EnchantVIPUI 0.6 by UnknownOreforsource|RBpmmpformod for API(s) 3.0.0
FarmHS 1 by BhawaniSingh for API(s) 3.0.0
Fly 1.0.0 by NhanAZ for API(s) 3.0.0
FormAPI 1.3.0 by jojoe77777 for API(s) 3.2.0
FormImagesFix 0.0.1 by  for API(s) 3.11.4
HealFeed 1.0.0 by DafaRahestian for API(s) 3.0.0
HuongDan 1.0.0 by VbeeMC for API(s) 3.0.0
InvCrashFix 0.0.1 by  for API(s) 3.14.0
InvSee 1.0.0 by BlockHorizons for API(s) 3.0.0
JoinMenu 1 by PIG for API(s) 3.0.0
JungleWoodHS 1 by BhawaniSingh for API(s) 3.0.0
KeepInventory 1.0 by KhoaGamingPro for API(s) 3.0.0
KhoeItemHand 1.0.0 by S2TwKen for API(s) 3.0.0
KygekRanksUI 1.3.0 by Kygekraqmak for API(s) 3.0.0
LoadAllWorlds 1.1.2 by  for API(s) 3.12.0
LpkCuaHangUI 0.0.5 by phuongaz | Moded by LamPocketVN for API(s) 3.9.0
MSpawns 2.2 by EvolSoft for API(s) 3.0.0
MaxEnchants 1.2.1 by Xenophilicy for API(s) 3.0.0
MenuUIVHPIG 1.0.0 by PIG for API(s) 3.0.0
MuaDetuUI 3 by VanLXYTB for API(s) 3.0.0
MultiWorld 1.6.0-beta4 by CzechPMDevs, VixikCZ, fuyutsuki, kaliiks for API(s) 3.20.0
MysteryCrate 9.2.0 by JackMD, DaPigGuy for API(s) 3.9.0
Napthe 0.0.1 by hachkingtohach1,tungstenvn for API(s) 3.0.0
Netherite 1.2.1 by Wertzui123 for API(s) 3.0.0
Nick 1.0.0 by MDevPMMP for API(s) 3.0.0
OakWoodHS 1 by BhawaniSingh for API(s) 3.0.0
PiggyCustomEnchants 2.4.3 by DaPigGuy for API(s) 3.19.0
PiggyFactions 1.2.0 by DaPigGuy for API(s) 3.13.0
PotatoHS 1 by BhawaniSingh for API(s) 3.0.0
PureChat 1.4.11 by 64FF00 for API(s) 3.0.0
PureEntitiesX 0.7.0 by milk0417, RevivalPMMP for API(s) 3.19.0
PurePerms 1.4.2-c2a by 64FF00 & ProjectInfinity for API(s) 3.0.0
QuestPlugin 3.1 by HmmHmmmmm for API(s) 3.11.0
RandomBlock 2.0.0 by Edit By Nờ Cờ Dờ for API(s) 3.0.0
RankShopSystem 1.0.0 by zZPROGAMERZz423 ( Edit: PhongGremVN) for API(s) 3.0.0
RedSkyBlockUI 3.1.1 by RedCraftPE for API(s) 3.0.0
SETVIP 2.3 by MCPEVN TEAM for API(s) 3.0.0
ScoreHud 5.2.0 by JackMD for API(s) 3.0.0
SellCommand 1.2.7 by Muqsit for API(s) 3.0.0-ALPHA9, 3.0.0-ALPHA10, 3.0.0-ALPHA11, 3.0.0-ALPHA12, 3.0.0
ShopKeyUI 1 by VbeeMC for API(s) 3.0.0, 4.0.0
SimpleWarp 4.0.1 by Falkirks for API(s) 3.0.0
SizePlayer 1.0.3 by  for API(s) 3.0.0
Slapper 1.6.1 by jojoe77777 for API(s) 3.20.0
SlapperRotation 1.2.1 by jojoe77777 for API(s) 3.0.0
SpiderUI 1.0.0 by MCCreeperYT for API(s) 3.0.0, 4.0.0
SpruceWoodHS 1 by BhawaniSingh for API(s) 3.0.0
TableSpoon 1.0.0 by CortexPE, Xenophilicy, HyperFlareMC for API(s) 3.0.0
TempBanUI 2.3 by SonsaYT for API(s) 3.0.0, 4.0.0
ToCao 2.0.3 by PIG for API(s) 3.0.0, 3.2.0
TradeNPC 1.0.0 by Free for API(s) 3.0.0
UIShop 3.5.4 by SaltyPixelDevz for API(s) 3.0.0
WarpsPro 1.3.0 by nikoskon for API(s) 3.0.0
WheatHS 1 by BhawaniSingh for API(s) 3.0.0
WorldProtect 2.3.8 by aliuly for API(s) 3.0.0
cayphattai 1.1.1 by PIG for API(s) 3.0.0
iProtector 3.1.1 by LDX for API(s) 3.0.0
tichluy 1.0.0 by LetTIHL for API(s) 3.0.0

----------------------REPORT THE DATA BELOW THIS LINE-----------------------

===BEGIN CRASH DUMP===
eNrtXXtz2ziS/yo4ZWvHvpJkkXpry1Nx/Ii98UNrKZm5WU6lIBKUOCYJDh+2lZl89+sGQAqkZVt2
tLn7Y7IPi02wu3+NRncDJME/ai6PA5p+vmVx4vGwNurUa6kXsNrI6LU7vVa3P2g1O/1Or9et17JI
nuq1jGan2zEH7WHX7Bvtes2nSXocxzyujf6opcsIGtWm8EfS6rWAJQmdIzVJ488xi3xqs53dETmI
51nAwpS8McnO39SJXRJkSUpmjHCXIDdC45gu/4RrvXBeJx60n3u3LATObub7J56PrPcWPGB7Ng9T
6oUs3ov8bO6Fyd6hz2h8Tud7SWzvpXdekjJnj2Ypt/GET+fzvQM4ypvNm9EiQs6S62u5AAcf1ABD
mgbYNAZctdG/a29a5LUcd4ATmEy3oLTIv4e/kj8mx4dXl0eTr8I8bM5i0mvViWrQaf1Kmk17wmLo
aOI0m82QxEAgCc1Wl4JRm83lLmj+xiBRgGrh/yJu37A0ADB7ib1gTuaDcQ99nmQxm9LkZqeHaikA
llVCYFklCI0fH2v2hy0Zft3J1TeMYdcQypjPKYNanNLQgd87RrsP2qyaWVbRzrI0rRs/8vA6C9eI
a28ibpIf7Rj94eMCNc0aP8ZrxXXWi5NesjcWfy5oCMMn3ul1O0/LKtRq/BjAKJguYkadU7ByOmM0
XSO9u1669JQdsz2ogpN6WVZJMehXz14JT9YI6j0tyOiaFUHyjOS8I1j0n2RhDIdPsRjH3IYoxGPJ
a/A0r+6g9wivJAVjSh7D9TzG4ucF/NxpG51H2Hz+DIEKRmdmpzt89huzU/KOJuwQImlyzqnD4jpR
dP3yLPX8xLIuoG/P+XyOrdQQN3q/kmoELE6anYcn8zAkx3vreSydB74njSUZqIixY2AwiNnvmRcX
8alv/EqiBY1He3tVLVYCGhfjJjZ6XAUMzLu1X7/Wa+z/JtdsLyMABsnmsxfecv+WoWLA2wGr2Wkt
PwuUKgubOwyRG4YJZ8kj/75CS8NoP9JCnu2sOSvPdB+e8dydv6ULL4G4Iu2b/DthvjsanR9cvv98
fDk9m54dTz4fnh8fXB8f/Ur+a3+fWDWrtvuH4Nh7RBPFc85SNfJ2Gz/OYvB/GyqKCylpR+9Hq/bH
4dXHy+lXq1YnfwOjeanHEmEg5tTJS3Tc3f2H0K3/qB0GcEb8GK5pokQlDJzZSch+TsDQF99SXzA3
W5UrvzI/YWhN6HrhaTtlPgWEwgpTqLmSXfL3vz8Fbnp2cfz5/PhkWrW8aTyu+ousnhcJwu7rVX5a
MWVus+q2wtSm7qpfd+uk21LNcy+VzdAzv9a+/lVQ/VVQ/VVQ/VVQ/VVQbaOgqtfmDC6lPtYVIcUp
fq3EBvSZgS1XqwS1dtPsNFtIzzzfqY3MlgGzXC/57LDb2silkOSghok5hCQObDu4fDD3sMKZdTuD
bqdrDt0BNdq9HjO6PXfA7LbJWmav3WV2r99iwy7wzpQu516Y3ZN+izrtTqvVsLsubXR61GkMOq7Z
6A07btc0bRhZA9JpGt1mq2F0hw2BybPJG6PXb3ycZWGakcnFmEwzRiYsIqZBWoNRtztqdcnH6SEx
W0C5H/Q+9zpYfy0ikDxotpqGAYdfWAgoa538GE5/5kmuGxDEga8ObB5EHDrzs+/NYhpDgYKWpc4C
rBGzvd8SHjagjar5jKbRNN+6tun2e8P+0G3RTod23e7MNqk567VaTqvfM13WYv0B6wN7h0JHQAzk
wZ5NfX9G7ZsGFByeQ1OsisFuNyG/C9+qv6juqvdnXkjjpXB7aApwmkb7bYvOGGsPnA4zBz2jZxqu
2TPt/pCatO30hkNnQEE1t1NmtVa4ASZqv+11+oN+B67p9WY2pX3WHQy6Zsdkg65ttm2zywZ2t0vN
CkMcrL4YrEo38+2w3+0PzUHHBB8y28P2zOgPaLsPZum3ocIF3vZwaBizMiefzwUHs2m8HbRbM7Co
abvDHnP7rTZIRsC9Trtluib8X9uwaWf4gEMjSkW4zw3Vfss6/T6z3R6zTaPjOk6nY3QZNRzahoOh
02/PXLAWo2VWAU0XSpveWxDa7duzgQ1pjg4H3WGv3591hj3aHwyc2dA0Xadru3a7zCKcpTmewVsY
OiYo7PRd6BPbGdIuDKNOZ9Zr2x3XGNB+r9unbFAx7upnI4iKIfz2BeNRYxbTG/BtaRfQyXg7tG3W
6Q5mg5nrsDbrOK4zA1vbve7QtfuzvsvM3qxrVzwoCTn/wpR5u2/7rVmX9YftPm31Bv2B47RNg7YN
QMtm/Z7T7ZnDgWvaToVJ5AsOHfCW3qw1mPVtd2B3qEuNvtEe2kNqzKBjjFmnNei2DYcZPaP2tZiB
ibF5YFPboz9x7pxOtChYItdrq/iHMQAKrgWPEyxC3y3oHQ29CcTmBcZTGnlIbsNYaOExC+nMZxBB
ID9BYHRYBPEEr4RzCXfTI52AdUZFtmXpEqAGLM7hpBIGDEbsq8n0p6vr8yMg3bFZ4qWIAGvlA/+O
LpNJRCEWaNg0qg7NBCfrlOGNF57vRWQCfyDEzbeFMBJsE8UVKlihUYIaWZbM2St4k+nB9fTj+CE4
mAIeZDF9x1MdnEYt9RsG8BK4LWG5mmdfFjT8GGSpn0EHreSXDjbqLmg+5dx/x+8riHKqjqiKp3Y5
P6fBp8ttdZJiJ1EoBR72zno0kPEX2awJqW4v1wrxlVY0NISVlQ692jBEsaGhnMppz7ZQbjTZeg7u
Ik2jBEoyDbZS8yBZ+llwcVhZEFLGOPGXFTMg5YlwMz57v7UoI6XJCngj74QLzsLbisJIKXsl+GWl
y/4JpcIl57GzyLxkW/r/BkzDnKnsPi+8lR0nldoI0YT5/sezCihFLHtiq+qJ5yydnp2elwANmuZr
ASl2m3fIOxreQPj8fMtDN6aBhqF65gmPgn6ZbS1iAC9IWCD8BSAYS2PO01L21YjfOfeuJFczb35m
I1BebC8e1BQ69XvDWol+gCs/tREwn37xwk9wdbLQkenkatZtPx/C6mJ+9Wp0nnfi08DzQtQDZtO6
OuWjjTDm66Es1iFq1DLCbhnf8S33J6Do1rpuJRiwlLR4okDKM9Ld3V2TgUbIvZneCHw4cWcxZvRE
B6iTywjNauQ7/MLsxfjiiN1i00/evXdzelQCbPRej9hG7lHgAHfLmkm1UlQL8JeVfGlS1vTeK7ES
ZuHhOc1KFpGUco28kUO/tq9fEv2z5Yl3X1JXEJ6ILHnpVK9dQsV68Muacdhu9kVZiZlM/h0KvN80
PqVmm0M7pHFcyQgF6TsHzlxuNWpK+kZgAmcCdUpUiiYasRouK0PtlKfJAjQ42hYiO3ASKRpQ6Go8
jwQKrIOxXivllOoIGZYx8JDN4H/kT3LseCl5tyQTFn6gHrlyXQ+ms/62sClBlmWDYsAQEBYaPg8v
5kky43c6vpz0hNdNeJjQ/5lWIHRfC0GxA82V7BcMG4hX81NOdQA56fvFsMPTl2icpDw48CG+JyWt
NXJZc+M/m2x1ydAFZT1el24lk7OUBQ8QCuIz43+8wC6kX7aLECVv3k1Hx5+8WGhYAChI1UqhX1Y/
4nNc/a/XJlcnbGvLR4KpZd0KFSwLKgX1S1PrmdWjIxou3nv6WMkpJYf7jw2TTzMGcUrJfEFX0Pjm
it48mFuU6d85SZaEVzOldnIjgCzVazBxqMMRhQh5dzw9IGsyzeH5ARZ35M8/yfuYsfCf9De+veAg
mUNneaHwto07jd1Wq+2CVB4/RqdZdbnidhyZMpjKl4rs9jf0mVIAOmilygYRTqumV6rtFTwQrZeg
Op+nl1MdsEZ9ahVzWy4pxYG0ajc9FhCObR7yYFkucDSirnQXqmRzbY2z9UqGSQ1EMVPS5lmvOw5t
qPLTj2efTnVEGrXcD70yoI/yHuJVvDVMK44AJVdj81GkLvl0Ni6t15XIGyJygcKz2GZ/Xr+LgiDC
Z+G5s32cRgH0kxe9BOsJjYNSfFeE7xzYpdRqREfqRiBKq9sPVrYf1jqPzEpfq/xLFrdPwAPKQz+n
lHVuV3X+jf/GWR//lfQ2v2Fhu+AIppZKFD82hXIW4ON45fWBMv3Bmv2jUdgwmp3XYgmy3xOs1HCA
eUK2+5KFgFNG/ROGMgsUBekZXzqiLr2mC5akHg23V+hoTC0r1+UFgLCYh6JPB5STngGEBePF4baQ
5FI3V/0svD2MabIoO5VOfYFLdV6vee5SXnhro2ThUJvdlVQwJoyVESDhGeu/86HYOeWx9wXm51tb
7tOZWpbU5CVg/sm98IKFesFckL7PXcTfXjCN/GcWzn32YOpSIn/nBKfLrqa51blNwH1gLIIOZGHK
Yz3tlekVLysD/LDg9D0NQPo45ttCWGJqWSV1Nu864MJwzQAfwNXB6eRnRtDEnN59YOEWcRWiNy3x
Pyzn7OaahjdJqYIskZ9J96JtTH8P6M3WkKxYQv9oumzePRgxDnz/Jx77jj7LLNMrU83KDKYUn7+h
fLnhITibDbNBy0LFqe/fCfkvgBPdHGYUenZe6qcSuZpsKnfhIrVsRv4kF9xhDpktyTkN5JS18ozM
8BmwWim4Wk4uzcXG3ny+lCtrqt4XOeLxx5+kcrjCqPBsbpwL8eCW3ss5pfIs1392pVQJBb0L6a9b
H72g94XNNEwatbrEWMkLP7OQiwfK7OW2wGkssWMKVUoHG3UWZGKcamPG1cBp1OeWf7eXqgOQ+gI3
yyiuvZUG4IpWejKmUqfS8Pzn/5m+29pCKQ0XgiHoLuW/BISfeiL6lVAUxLLxe81WY8ZS2nn2Zvfh
L+IF9GWWJtmNB79vqO95N+XC0Gxt6RZ4gAqLGIom0JT/ltvfGiM01BIfKVhCKZ/qtXGJrBtr+PCZ
AHzI6wJVOKIQDt9nyxfF2KdqNMEYoGvKbOYCa0wgme2VgAH+SxqlCx25Ijw9paktqL3AB61Sjr+M
egolIzAOb7dW5lQkWJZULP+7ySC4ZNAw9kodu6I9E1x/YnH6JfPwNb0tIVpxBBC5Gq/uzxW3vRUm
BO3ZNzpePHwm1OK4GF9cjLeWIRU/gAnSNw9a627v/J/d2nn0ts4Lbumsq460943WnC1XMp3q3eq1
EcYYfsu6jmRoWWu0WUt8havmQvbWsNsr7HRC7dTj4QMLFfRnHs1ab5sX3ygq17ciWSjKI+VuvXZ6
/eFwQcW9XnzZ6TQTC+rrLZyjqRx+s1ULRmhOntKUl4ZRQfrOoyiXWx1Ekr7RGMpiJqyrgclJZY/o
yPfUNES9zslJq/UiLIL5mMXBmnnMA3/Mf+KqRR1q51uPZ8n4uFE0WRnis9QFkCvlV79e0fdCSfXu
ZcFGGetYbRDwc8ViK3o5t/erAynw/JtWx8DnGa4B0i31HySHbwk5seSJd58sK8rwZrVUTFokV/PF
N2U1XffKeJVhZK+WjSJpVT8yG7ZJ17kS+TuBvsY3as9C1wu9dGsTr5J/CK20n1vwEMkHLPGvjCXp
WG21UdhCp1ZeQ6k8lRcE8F/4V6vcKXlmWE18GuHTdk9VfEGwQM6W9TtqY1lCqVdgz3Xc01EB9Gvx
AqlYe9ag69Tqw2KVkZE/xHdpZQZzHHKo/h7Jv9vyBU2jzYsnXDqbLHg0wQI/KOPTTzxTC375ZXx9
9f7g4vj6ly8ds012xJOLIzJe8HD+PmbBp8vdlwdUFeZWy0m6az9cZHraNhqaF5iHOZObpbBpaWZf
plffwKo4PzSGiZObjo+31tUFR8vSVLGs/Ncm2CbH009nYw2UIpS9uVJKXhyOjz9dkunxwcXW6n7B
EvcnwLv+G2me10ua7jmp/NjJY7Pubd0OUVPtXPrq10YwmO8f8iAo3yPQqc88LHghbu1VwTQOzsen
B0PxMHpxaLQqx0bl2MyPX/0gLui97ubCE/hhQH5gy9LAWtGeKDkfubW7yVP3a9emS6sbT915YEvU
7yWrzxMviHz2E40jHeSKWH1Ur4L0hPo3XnzzjXdQgU2STmMaJq64Tzrx+Z12eJwkWExRP5ERSqF1
lWzLSoS+d6AvOLiu+wbwv0A9QZelh/k14tPvPm1plAp55ygP1c9/b6S+Kj803RWluhJqbPaUyzeg
SKTkV6/8rFTay0GsEF7jxKr8xHL1zDMLX48g/pZuKyvwgjEXeQ6Ly2ElJz23pnV4CDMLkPrgBYVv
fukuV+ElOOLMfnj/v0T+zhNzXXZ1cr46twm4KQqfRLzkcxrxmY465HHK7iFe1Uv3s+q10yX03olP
4y0+/FO6vbXSUf/9/M30KQuidzQsueWK9mTRtf6VmW/3yPzVmUKNzX1zyg8p15GI41e8NVP/tof/
hFyY8569f4HuMXXY5fhQVz8nPeN2JxAdtuVVuczNFf94huWHprYilOcf3eqmJBPqp8uxd8/8I3b7
shdj9GXNp57gFXpsDgTLB7H8tYJSkJ55oCT0bnhyw7d2wyjnZ1m5BqtfG0FZMFp+9TKnfOfQrMRW
o7IgbwQE720C6BS3VdXQ6ORKlGoOyrCo72X+1ta2JDfLEndyI6nBJk8ural9LjIvdj3mO/reTvku
dCmM6b1AvCO+V0ILRrHpMlrQNKWeZhKNWH1E6D/34KAdpZuPL09B4HrpqhGfWbA4P/p5W2oDK8ta
SX519Qp8GrhQsKehwM1NPXvhZ/rzgznlmUC+bi+Sb9kVR0rdtIdwSy0ag8Lgc0Kd5prdCOGaRiPk
jTvvC40dceTIt3QaMHXzRDwW2yA2YXBA0SOWv0e1N+PiiBzy0PXmBLdjtsI3FzwkV3ZKDIMY7VHL
HHXbxX5+Vih5NSIorPaNodFuFyQv2sd7+fAfKwx46ux/oAH5dGmFdwsA1PC9JN3nrmuFNAx5Fto4
tHCG1aD2wmNyx+ZkH0JsKHasaqixDH2zjxzpvWqf7JtwPAezBNxheM7lMXArKEIIWMbBRRZ5FN1G
grPj4avRGSS6fRN4iF0awUcaCUtTCITJvhX6oIrfQDfZP+ez2XKSBQHMpxQ9YcwpGuH21vtHxycH
H8+nVigdovF7xuKlEKYIMeRGqQX+akY0SSBWOfv/Lf6BObKUNxJ6y8RFtx67ww5MKVhof2CF9zN+
30CXFKd9Gs4zOmf7LJxv2hml3d2aywB3d3tD0AWJLXo+i8XUSTgAAWOSkpeBS5DpgiWM5FYiUDaT
dMEID8F7UghyxMZOFdt+e6HtZ/hoILB/4HjIa8IDuTn4Q54JdVmdcHzgIEGWZBYzekOWPIsVL+K5
BDrZgzCNEqCHcX9viP/A+JLdFez2HOZS6OeE3PHwh5TgHJHGBG0dAFjcaXGJGuJGyxL33YKFJIvm
UG4Bg6aFfqiYjayQkDeQIlExknKQEjoEWKjdS8EGuEzi0xSUEqeFqj4HMQAVfrFU2AvfqLUZWYj9
dpESIGfpvnnPjojY7RNPJIssdTgMBbUR9IhYNbVDMm5GzByrJjQ78H1+R3CAgTL57s3k1qPkX+iM
2EZ4ZZ7LRgRjlrj0WPiouoaAXgQHDYEeA6Mgt9mSKFNie+XSxWlN2Tc/eWAQHoJdqeOQmCXS/GhW
3N6WBIzi1sZix3gw+oyh0mAc9ntGfTSb2Bae3FI/Y2RHCYWos4vcpUQYTAydvQFmx71lRwRDAci+
zIIZWAW86iBZhjZuNAwdH9+AHzVFg49gLeHaOVJstoihas2g96B5UieigiAqKMB4qBPcdxSAYH4Q
toHgjLQgC8GDsIlkPhHdC5jAy2J+74GHMTADQBKeGxbKoW2VQmcu+iq2QZ+sEy/9AcyXxuIyh2Hk
Ey5TuZjsAIYMxo0pzCJgNBTSkWBV9VUqnCPOQnx+GD0Q7B6JThB7wCRNAuW++k0Cb76AwYwvgNT1
waccBy0Sx1mUSqo0GBomAN0ULtG5MCjFdqyOHBD0lnsOqL1eA/QR9DkOhgbvamqOBo0bslHhaZAK
IMzHSzko3/t8Bt6DCZdIOoyDwEtxbAdsTmfLFCxOJtLULWFcmR3F5VPstTtPWF54FAzau4ZklDtZ
IhC6HqgIEYnhQ/7IxoV6MBcpnRx6K8NhSuYcOorjMEWvQEFzoWZDqDYiLUQB0kUIllui/r9HgBXM
U/pjvv02/ZOUR0IFFT4LlRS7hED4wOwJcS9XCKXmWhkts6MUE0HgJzEqlH7JD1vQUIwLoRJGDGJn
kHxCSD6E3TM7E8GXS5XliMRkVbRm9zbUDskKkQxcV9PjEZmenk3I+dnF2ZQcjMfnZ8cTMj6+JlAT
fji+rhNoRKZX0OqY/HR6dX5MxtdXh8eTSbMaAkr2MLs9ZY4xiz0uEjIG4gQB2gsmQrKwRhFsDSI/
QSBii2jSwJsdMswKVlAqAk4I0OBNiPcxZ5NOBpUfJsAQmylhgrNkAqF3FchlRhIyrjCHYJ4XFzQf
tkZfUOU3dFvEbCwHpGVRXdmv8toCA7gXi5IV1HZLYU1216ukkLcV8jmNZzAyGjb3fVmVigC03rpi
qKE66iqiroLYHdAwE8WHrgkUZhn44G49zwlVJ8zdUKZX1wVeEm+wGoJNciVjvnR4qB545juFLh4k
kbuQrPRPJONIqA9Ae62WwgrSTkSweJAkhetIDgU2N+ZBnmzl1apFQ3dNvYcRjerJB75B1rhUyTsm
ecGIXRZzsdVt7shOFkSyupIlHFEnGngi768jbKQuELoLNXMEcARpHgY7XWNgSNqQ+EDCLThZkmQM
A0O6gF6b59UmBi2UttKqnnekrBFUUdmU2mDTR+2Ecx57kYU3Sa77IY2Q6gVZADkW0mtM8rkCdiSR
MySpxcquOF6UKcWIeehjUGxHSiMhsIFVcAZJt1P02BGXp6o+jbURRj3JXzbOh5DkpRrqyETl0LBh
5scKbLi3hKhVoHxE64F2ssCQXCKKcxIir5EIV+jgMmVPNfVVkrHxqtpFA+JesTnfp1k95YdWGLIU
O2ykUgSUZgvuyxJzRlOY0WIlLlRO8IMnRCUZEdvkzEedlallxopiU6a3N3ov5acwrMbLdCG+pNQw
tA4UnScEN9JcGZUCRNRe1bFi6oolpCOR41xGFPp4MRCVWk1yCrUg+NK+KO7I4fhjHa4FHWYwvu48
B9xe1Aoyehb8G4L/iPTysntVkSfCOlrbJjlwIFAtqO/u4UZmYprgMPBhJQqEElwjQQfTBuIq7WnM
9KnI8T1GNSwxqd8kqMTHcTjOi+3VBBDnEqjUHaRNvDCLwqihjiuzmws16hLvCyv6E8vyvBvx5nhe
MkHZLt1DS62doSkv2m2SsbrGp/FcXEDVTFT5gpDoxnSOEKBPwGxJ5IuKBaeXASiPg53G2E+Hvocr
J2K+jJ+1YElKLqYfhaYJQELYsywlOD8XXbkSJycXzTzWBGnWwKtGQlv0cofNsvkon7D8SAycqKhy
bQFDVZwn+XeK5IQaPTlMuExcyhsMZCaDk+R2uOAwgUUPzOcpLJ+Jigjm0JSShN7mkRLXR/L1Ijyn
TWFBMbEEJwsWtR7xG/dCORkWS0Y/kJ9n/B69PiZnR2Tn549nR7uAGVwedID2dxDuo1g+YwuOgfOX
GCYvzVUFCJ7ARRNh7BA8/ed35zl/NbfRKD8IYbiMJJImVB84yRVpWGDj+eqISiHaMo/rCrFwznOX
jfvMc1ZoKZQpENwYTfOwCfDl50HyWYCYQSpFwW2g6BQVWcht3HNeXAtec0GX4DE4kwz4bT4px4ym
0oAIxY38nBSZrAJgvhqmL5BMxQqHdHf5GVTZF6Kt8u0sUSstNgzkVIY6dU1DXjMiEdRIt56PYmQY
VyFKScE8RMN5MU8I8TK/mg7reavSgtraRSnZyQcBz3AEuzLfqAGNplRdjPkVI5RYjgA3xN8iQcLF
1yJdahcL4CGT098Zk8xmuEMO/MblTZHhFrm/CxcXq56lxCvho6ACPsQhQquqRvLTQSCNQU5bp2Vr
vZo0Bk7gH/mwA2Xzi/FvoU1bjGVcHGhkEfgvS7TYKLZ3F4LEIq8+NI+EsBk+a5iIAIT2ZDH2NJFf
XCEKHVGLKXkCF9eUoAO/BjHJGzKHaViyMs9qwaawUPOhiVRouqOemKdBmIRJjOybiEeZnzujOsBM
JtqogNgW4VAU+I1IBTHMJRiXINmp0lks5colqpFK4riiJqaNkixzoOov/EhDsdahDXL09wZ+l7BC
KoZbmRwtoNp0udYjMMoa8u5I0XLBsWeEKk18Or7pcaExBLJlgNOeBJ+fSQBhslId53LqPFmdFxBE
EKPzeQwTaLlYplbW5AICfk7upopP6Acj+OroCr/A1FAhX2Y+DAp3TNbWFIbOnZCYCMVXAAStqS1n
Q6ItLC9dU3bOA6NCh8rzypkgx+NHg0Sm0ktEQee66aDqDtFPtJWrOsTHaEHrBF9sFek5LaowCL0u
i6HSbmAECjH9ybN5tpK5gpZWwtRdKC29ZlBxQiYXUSwPFoqh6Hl5PpfxoKclVr2rUy9YxWqVf5Ep
tseRgKEZexYDJgoUS3zqonw5t7kSoM7oEnJrPp3hVdiWvStHhbZyongA+1TZM18jWSiiiBg4yVF1
s4oYuOQMUxNHFI6eWzCC2QcAkfcXMALlCwcyxgE/FSLzzEZ9jyZqVgKFJMXnGNURljygo+qrUd5p
8hz4La5gjci/Ra0C+bMulrR+RaZyq4YiTer3PQQMrBtjz1GLBvltKbEasC5jiYQuMnQi6mMx2cSX
yUBXlW519aVcoYP8SfA2FmYFmb1WEkfk5PxgOjL/0a93h/dGvX3frpv/MP7hYD0kxvkO3ge3Mbju
D1oyFMujTndXFnnyFoM+V5cjHHML2FgtpYnSQ6yFQa/ZSyK/NJfFeVDOJyhxcXNCRBzgIz4siest
SW6wRn5jA3xBVrNvTkSoEaJE+xKTTFQK6nuxGqUhSkut5uORmN6yewh8iZrb2Tc4O0jEPAYsMvOg
Ll/KGk60Q7ygCsw8ZBqRY0aiFPyhGImLWF2r19h9ysIkfznxECoE/UNpjnh1fHXse7N7cQevoIBT
hElSIkV2mUnyOyjJ2qUPsMnPTRXHM1t9Vaug4M2r0KFxiRYvo5SLN7vaYisMW30weNUii0uqQIrH
p0BarbZhmEP10V9MV3ojoInPAmiUtPS5uLlTOgpKJxc0KSmOpZ6D98I1Gn4irmRGHCTOTCHBu/7B
TN7M01sFS7Cc+FCd+kWKU5PxedniYeo/uNTTKeOjq9IVDv8sGlWJsrNKVy7KvbBKf59FdaN/fK4l
zie4m5hmEXFBUuKx+hQbPlln4HcG6zWY92Qips0zacCc5TVz1WJPie8i4KWukI99/3xRso03l9/I
U6LwsbOU37AQCqsSrIpfwyFq+KDNHb6MXiIuqbjSVI8bf/Ei+ZzNUMj6BWuwq7FY7Vld9fXr/wK9
GITT
===END CRASH DUMP===
