PocketMine-MP Crash Dump Tue Oct 12 19:33:01 UTC 2021

Error: str_replace(): Argument #2 ($replace) must be of type array|string, int given
File: plugins/ClearLag/src/twisted/autoclearlagg/AutoClearLagg
Line: 121
Type: TypeError

THIS CRASH WAS CAUSED BY A PLUGIN
BAD PLUGIN: AutoClearLagg v3.1.0

Code:
[112]                         }
[113]                     }
[114]                 }
[115]                if($this->messages[self::LANG_ENTITIES_CLEARED] !== ""){
[116]                     $this->getServer()->broadcastMessage(str_replace("{COUNT}", $entitiesCleared, $this->messages[self::LANG_ENTITIES_CLEARED]));
[117]                 }
[118] 
[119]                 $this->seconds = $this->interval;
[120]             }else if(in_array($this->seconds, $this->broadcastTimes) && $this->messages[self::LANG_TIME_LEFT] !== ""){
[121]                 $this->getServer()->broadcastMessage(str_replace("{SECONDS}", $this->seconds, $this->messages[self::LANG_TIME_LEFT]));
[122]             }
[123]         }), 50);
[124]     }
[125] }

Backtrace:
#0 plugins/ClearLag/src/twisted/autoclearlagg/AutoClearLagg(121): str_replace(string[9] {SECONDS}, integer 60, string[40] ..cServer d...n r..c sau {SECONDS} gi..y)
#1 pmsrc/src/pocketmine/scheduler/ClosureTask(61): twisted\autoclearlagg\AutoClearLagg->twisted\autoclearlagg\{closure}(integer 236951)
#2 pmsrc/src/pocketmine/scheduler/TaskHandler(137): pocketmine\scheduler\ClosureTask->onRun(integer 236951)
#3 pmsrc/src/pocketmine/scheduler/TaskScheduler(179): pocketmine\scheduler\TaskHandler->run(integer 236951)
#4 pmsrc/src/pocketmine/plugin/PluginManager(654): pocketmine\scheduler\TaskScheduler->mainThreadHeartbeat(integer 236951)
#5 pmsrc/src/pocketmine/Server(2389): pocketmine\plugin\PluginManager->tickSchedulers(integer 236951)
#6 pmsrc/src/pocketmine/Server(2152): pocketmine\Server->tick()
#7 pmsrc/src/pocketmine/Server(1992): pocketmine\Server->tickProcessor()
#8 pmsrc/src/pocketmine/Server(1586): pocketmine\Server->start()
#9 pmsrc/src/pocketmine/PocketMine(314): pocketmine\Server->__construct(object BaseClassLoader, object pocketmine\utils\MainLogger, string[16] /home/container/, string[24] /home/container/plugins/)
#10 pmsrc/src/pocketmine/PocketMine(344): pocketmine\server()
#11 pmsrc(11): require(string[71] phar:///home/container/PocketMine-MP.phar/src/pocketmine/PocketMine.php)

PocketMine-MP version: 3.24.0 [Protocol 465]
Git commit: b54854529f8a1366e156f8ec32e02635ec670e95
uname -a: Linux 70ad3400-c5fa-46ad-84f2-694f522c3898 4.15.0-159-generic #167-Ubuntu SMP Tue Sep 21 08:55:05 UTC 2021 x86_64
PHP Version: 8.0.11
Zend version: 4.0.11
OS : Linux, linux
Composer libraries: 
- adhocore/json-comment 1.1.2@fc2f76979f0a44a5f5bc2a2b600d0762fe0e78e7
- daverandom/callback-validator unknown@unknown
- pocketmine/binaryutils 0.1.13@0abee38d4e2861621f262c79a2a3d699d8a697f4
- pocketmine/callback-validator 1.0.3@64787469766bcaa7e5885242e85c23c25e8c55a2
- pocketmine/classloader 0.1.2@9757928424652393b178a3760073113aa7c9911b
- pocketmine/log 0.2.1@830b44a2cf96ef703c550abe64302f230231ca49
- pocketmine/log-pthreads 0.1.3@e477ecf6ec214fdd4415ea1da3fdd9d73bf699ea
- pocketmine/math 0.2.6@43057cb8c179a9859677b496a788db922fd5cfc3
- pocketmine/nbt 0.2.18@9f82ca4d7f97fcd9a566e44b63c4f18a7657ae82
- pocketmine/pocketmine-mp 3.24.0@b54854529f8a1366e156f8ec32e02635ec670e95
- pocketmine/raklib 0.12.11@9cce458b8bfde3e4dfdbf70c659fc7b7fe26b5c4
- pocketmine/snooze 0.1.5@70b5e7937a06878dd321a3182ceb76d56298f2cd
- pocketmine/spl 0.4.2@6b08b7cf8c4afa17139c9a1b3bf1b408531de161

Loaded plugins:
AlwaysSpawn 2.2.4 by Philip Shilling for API(s) 3.0.0
AntiToolBox 0.1 by NgLamVN for API(s) 3.0.0
AutoClearLagg 3.1.0 by Twisted for API(s) 3.0.0
AutoFly 1 by PIG for API(s) 3.0.0
AutoInv 0.0.10 by JackNoordhuis for API(s) 3.0.0
AutoSellUI 3.0.0 by LetTIHL for API(s) 3.8.2
AutoXP 1.1.0 by JackMD for API(s) 3.0.0
BuilderTools 1.2.0 by CzechPMDevs, VixikHD for API(s) 3.16.0
BuonLau 2.0.3 by PIG for API(s) 3.0.0
BurgerSellWands 1.0.1 by Heisenburger69 for API(s) 3.0.0
CoinAPI 2.0.9 by onebone | Edit By SenKai Official for API(s) 3.0.0
Crossbow 1 by SonsaYT for API(s) 3.0.5
CuongHoa 2.0.3 by PIG for API(s) 3.0.0
CustomAlerts 2.1 by EvolSoft for API(s) 3.0.0
CustomItem 1.0.0 by Phuongaz for API(s) 3.0.0
DEVirion 1.2.7 by poggit, SOFe for API(s) 3.0.0
DanhGia 2 by PIG for API(s) 3.0.0
Detu 4.0.0 BETA 2.0.9 by CLADevs || GreenJajot for API(s) 3.0.0
DevTools 1.14.2 by PocketMine Team for API(s) 3.13.0
EconomyAPI 5.7.2 by onebone for API(s) 3.0.0
EnchantUIVH 0.6 by UnknownOre for API(s) 3.0.0
EnchantVIPUI 0.6 by UnknownOreforsource|RBpmmpformod for API(s) 3.0.0
Fly 1 by PIG for API(s) 3.0.0, 3.2.3, 3.1.0, 3.2.0, 4.0.0
FormAPI 1.3.0 by jojoe77777 for API(s) 3.2.0
FormImagesFix 0.0.1 by  for API(s) 3.11.4
InvCrashFix 0.0.1 by  for API(s) 3.14.0
InvSee 1.0.0 by BlockHorizons for API(s) 3.0.0
JoinMenu 1 by PIG for API(s) 3.0.0
KeepInventory 1.0 by KhoaGamingPro for API(s) 3.0.0
KitUI 1.3.6 by Infernus101 for API(s) 3.4.0
LoadAllWorlds 1.1.2 by  for API(s) 3.12.0
LpkCuaHangUI 0.0.5 by phuongaz | Moded by LamPocketVN for API(s) 3.9.0
MSpawns 2.2 by EvolSoft for API(s) 3.0.0
MaxEnchants 1.2.1 by Xenophilicy for API(s) 3.0.0
MenuUIVHPIG 1.0.0 by PIG for API(s) 3.0.0
MuaDetuUI 3 by VanLXYTB for API(s) 3.0.0
MuaSsp 2 by NoobPvP2k3 And Shin1134 for API(s) 3.0.0
MultiWorld 1.6.0-beta4 by CzechPMDevs, VixikCZ, fuyutsuki, kaliiks for API(s) 3.20.0
MysteryCrate 9.2.0 by JackMD, DaPigGuy for API(s) 3.9.0
PHP-Sell 1.2.7 by Muqsit for API(s) 3.0.0-ALPHA9, 3.0.0-ALPHA10, 3.0.0-ALPHA11, 3.0.0-ALPHA12, 3.0.0
PiggyCustomEnchants 2.4.3 by DaPigGuy for API(s) 3.19.0
PiggyFactions 1.2.0 by DaPigGuy for API(s) 3.13.0
PureEntitiesX 0.7.0 by milk0417, RevivalPMMP for API(s) 3.19.0
RedSkyBlockUI 3.1.1 by RedCraftPE for API(s) 3.0.0
SETVIP 2.3 by MCPEVN TEAM for API(s) 3.0.0
ScoreHud 5.2.0 by JackMD for API(s) 3.0.0
SellCommand 1.2.7 by Muqsit for API(s) 3.0.0-ALPHA9, 3.0.0-ALPHA10, 3.0.0-ALPHA11, 3.0.0-ALPHA12, 3.0.0
SellExp 3.0.0 by EzMinh, LetTIHL for API(s) 3.0.0
SizePlayer 1.0.3 by  for API(s) 3.0.0
SpiderUI 1.0.0 by MCCreeperYT for API(s) 3.0.0, 4.0.0
TableSpoon 1.0.0 by CortexPE, Xenophilicy, HyperFlareMC for API(s) 3.0.0
TempBanUI 2.3 by SonsaYT for API(s) 3.0.0, 4.0.0
ToCao 2.0.3 by PIG for API(s) 3.0.0, 3.2.0
WorldProtect 2.3.8 by aliuly for API(s) 3.0.0
capdao 1.0.0 by Nguyễn Công Danh (NCD) for API(s) 3.0.0
cayphattai 1.1.1 by PIG for API(s) 3.0.0
iProtector 3.1.1 by LDX for API(s) 3.0.0
tichluy 1.0.0 by LetTIHL for API(s) 3.0.0

----------------------REPORT THE DATA BELOW THIS LINE-----------------------

===BEGIN CRASH DUMP===
eNrtPIly20aWv9JLT22kLYIiwJsppSxTtKWJZHFN2vHMMOVqAA0SFq7gkEQn/vd973UDBCDqspXZ
ra14KiPidfe7+x2N4/eGE8Y+Tz9diThxw6Ax7jYbqeuLxljvd7rt/kAf6q1Rb6jrerORRWpIH3ZH
rU5vOGobo45u6J1mw+NJOo3jMG6Mf2+kmwimNRbwR8KaDV8kCV8hNEnjT7GIPG6Jvf0xO4pXmS+C
lL0w2N7f1MA+87MkZaZgocMQG+NxzDd/wFo3WDWZC/NX7pUIALOTed5r10PUB+vQFwdWGKTcDUR8
EHnZyg2Sg4kneHzGVwdJbB2k126SCvuAZ2lo4YDHV6uDI7jKp61a0TpCzBLrt2IBDB6wAfoyQHlp
DHI1xv9qvGizb8W4B5hAZWUNSo38a/Qr+30+nVy8PZ5/JfWIlYhZv91kakK3/Strtay5iMHUzG61
WgGLAcASnm2XglJbrc0+cP5CZ5GPbOF/UWhditQHYQ4Say3szAPlTrwwyWKx4MnlXh/ZUgIslxUJ
lsuKCNpPd0373ZIIv+7l7Bud/qinEzfGQ9wgGyc8sOH3nt4ZADvbactlMW+5LLGt/RQG77JgF73O
Y+jN86s9fTC6m2KJNe2neDe97m560lEOZvTnnAewg+K9fq97P7GCL+0nHzbCYh0Lbp+AolNT8HQX
+d5u8tJb9ozOsC6eZGy5rHAGtnWtLfVkF6X+/ZT0nlGjJEck6j1CMbgXhT4a3YdiFocWhKIwlriG
9+PqDft34EpSUKfEMdqNY0Y/z+HnXkfv3oHm0yeIVrBFMyvdC83PwkrZK56ICYTT5CzktoibTMHL
y7PU9ZLl8hysexauVjhL7XO9/yurh8Fi0OjeHsxjkdz07Ydl6d7yPqksiUCFjT0dI0IsfsvcuAhS
A/1XFq15PD44qHOxJaCdz1o46W4WMDrvN3792myI/52E83xpAWSQaD65wVXoXQlkDHDboDUrbeSj
AKmjsEJboOS6bsAou+PfV5ip6507ZsjR7o5ROdK7PeI6e39L124CkUXqN/lXIjxnPD47evvm0/Tt
4nRxOp1/mpxNj95Nj39l/3F4yJaNZWP/d8LYv4MThXMlUrXz9rWfzBj834Ky4lxS2ivbcdn4fXLx
/u3i67LRZH8DpbmpKxJSkLCb7Ck87u//SLwN7tTDEEbox2jHFEUqEeDMdsIOcwDGvviKe4TcaNdW
fhVeIlCbYHrytL0qnkKEQgsLKL2Sffaf/3mfcIvT8+mns+nrRV3zhn4360/Sel4pkN53s3w/Y0rd
Rt1tSdVG2VW/7jdZr62m514qp6Fnfm18/auq+quq+quq+quq+quqeraqqtlYCVjKPSwuAo7tfqOC
BvgxQZfbE4NGp2V0W22EZ65nN8ZGGw8L3OSTLa4aY4dDpoNCJg4hLoWAttvvAREXyxyz1x32uj1j
5Ay53un3hd7rO0NhdQzRNvqdnrD6g7YY9QB3png5c4Pshg3a3O50223N6jlc6/a5rQ27jqH1R12n
ZxgWbK0h67b0Xqut6b2RRjK5Fnuh9wfaezML0ozNz2dskQk2FxEzdNYejnu9cbvH3i8mzGgD5GbY
/9TvYhG2joDysNVu6TpcfhEBSNno5tcw/ClMct4AQBeeurBCPwrBmJ8814x5DFUKapbba9BGLA4+
J2GgwRxV+OktvWW8dCzDGfRHg5HT5t0u7zk90zK4Yfbbbbs96BuOaIvBUAwAvc3BEBAGQ//A4p5n
cutSg6rDtXmKpTHo7TIIr4OX6i+yu7W+6QY83pDbw1QQp6V3Xra5KURnaHeFMezrfUN3jL5hDUbc
4B27PxrZQw6sOd0qqp3EdVBR52W/OxgOurCm3zctzgeiNxz2jK4hhj3L6FhGTwytXo8bNYS4WT3a
rIo34+Vo0BuMjGHXAB8yOqOOqQ+GvDMAtQw6UOYCbms00nWziskLV4TBaOkvh522CRo1LGfUF86g
3QHKKHC/22kbjgH/19Et3h3dwqBFKQX8XFGdl6I7GAjL6QvL0LuObXe7ek9w3eYduBjZg47pgLYE
r6LyebpW3PRfAtHewDKHFmQ6Phr2Rv3BwOyO+nwwHNrmyDAcu2c5VqeKIjDTXJ7hS9g6BjBsDxyw
iWWPeA+2Ubdr9jtW19GHfNDvDbgY1pS7/an5UbGFXz5hP5aQxfwSfFvqBXjSX44sS3R7Q3NoOrbo
iK7t2Cbo2ur3Ro41MAeOMPpmz6p5UBKE4Reh1Nt7OWibPTEYdQa83R8OhrbdMXTe0UFaYQ76dq9v
jIaOYdk1JJFHGLrgLX2zPTQHljO0utzh+kDvjKwR100wjG5228NeR7eF3tcbX4s2jPbmkXfNN8k8
4rBdtkGwDG02ttHPADugJFB3rcM4wVp0tnY9N2Jz+ANRYIVBlUcujnRgQ7TxWgTc9ASEEUhSEB1t
EUFQwcUwloROelwGYLmBDSehTRRWqPSIowQ5Wi5lWsPeEn7A5Pni6N3iPUbra2EmbooiYMF8BK3S
Igy9V+FNWbgStCwcmKIq2tvVGfc/vH0ukRQ6qGa3DNyWZXYxX/xy8e7suCINpJB1ZrYgdh7kXKF8
lT65JGGtfy6nL52yV0nKhSymn0vKR5XwD4m7TtMogRxfEluxeZRsvMw/n9SOGZQyXnubmhoQUlZA
zcSz0zfPJbiiJkuqhwTMGT4NrmoMI6TqleCXNZP9HXLP2zCM7XXmJs/F/2dAGuRIpfnc4EoaTjL1
KInmwvPen9aEUsCqJ7brnngm0sXpyVlFoGHL+FaBFLqnGeTjrMb6x1nVf25vILTG+fFzmUFik2r/
OHsc8zu2i0RzoCQA4V5hvSpijDtJScQKuCqoURd08kVY69n5sbjCqR/cG/fypCq33v92wS3EHvlQ
R4P3mZKtFNlaLmtMPlUXJb4PKqhILWFwxrOKRiSkmvegtvvTIserJ/joqyyGXg330y+c8JT4ro5U
jXkruZ0INxGBSYv6oyeJ0phC1xX6m6PZaeMesaoU0IoVBh8v8wQCEdLayppD6jYaVWUMA2HCf+wP
NrVdaIs30P8EP3OXXTiOa7nQ9z2TBRWh5dICxgDhcrnl8GHx4jBJzPC6LF8Ouid1zaHr5/9Y1ETo
fasICh1wrmg/wT6wY1YnIS8LkIP+fbtocvIUjpM09I88iDBJhesSuMp5TfnTq9CbAyPPxnyJMpig
ysc9VW4e7a6vr1sCeEL8rfRyK+NpKvxbEhKwHh/a9boeTci/PK+ESPnxZjqefnBj4rAQoADVc9Wg
yn4UrvDYpdmYX7wWz9aUENLl8opYWC4hV6lfJbYe6EmOebB+45b3Sg6pONyftk0+mALilKL5BFOI
tJwk6bLMMB4Qtdmr6eKI7QjEk7MjzL7sjz/Ym1iI4O/8c/h8e0ciB1ncgIzxeJmu6uVQAarVfNBi
1yxSHBOyheB+tQrqfLswOQNgoi0rjwgApXJny9pBgQOkLSXtrbwlYFniXmtQF1iluGfPmEJyQEmz
ws2D5psG1poH6fvTDydliUrQah/Vrwr0Xh4SXsTPJtMWI4iSs/F4d1RLPpzOKv1TBfxIiRyAhFls
iT/evYp8P8IH30L7+eXUC0E/uNFTZK026t/QpDfxGI+qifxIo6Malu73iPakBv41aLW6nXJINXp0
6rn1c/g5FAP8V5HL+I7mvcC4XComih+PFeXUxxvZr92bmkBb+K1ziYpYlRCot7rfKouf/ZZglkWn
dYm249483iqnwdUk5sm6KkgZ+gQxut9uklwMN7iykDIJ8bjTPiXGXIiqBAh4oGx75UH0Pwlj9wvU
88/WoJaRLpeSk6cI83fohs5FUK4gCtC/53Tu8xPKzp+FiEBGEaRhXA5TVXjNEFXOf16H/A333WA1
i8PnkqGCdLmssPME6dy0kl/kdT1i1VLLaeCIOMgSva1XpPmO/VFCCbK4T0qV6HlHnvdLGHuVM5Aq
vH5uZ9y9z78j9F6GAVjEgjJruUTGueddE/0niBNdTjJ+woNVxTIVcD1o9Wr9jmrX2B/sPLSFzcwN
O+O+rAVr9zBGD53vbBPH9hijUpvN3NVqIzs6lf+Txr03cyRz2NkqeR6vnHO6DVW2cg6p3Zn6czt0
RRT4Lqh/W19+zm8KnZVkKkHrrW0tKn4UQUi3x6zNcwlXQomGKVipXDzKWBDRsfTGyF0SrgR96Njh
+UK+D1Sf4GYZx6a2sgG3sMqdiyrHH3hw9vEfi1fP1qBDa04IgXdJ/0lCzJOoKgEC7jlaeBuG5uxq
Zlx22FFg433cQNc73WfbNsTAUyTwUpfid0WKAlh1n36rrZki5d0Hb1RM/klvz2yyNMkuXfh9yT3X
vayWSEb7mW5f+MgwZQE0Yon577l1UUKEitokqYg3UNSm5SqxAi4ra3T7fo66cYVnUhDQ32SbJ2WJ
R9zDKjPzvXeyKoKB/LOTmYb3EsqPbuWgB84Gz6kyr3u4dnQ2OzkaUSdZXOrt2rVeuzby628+dweG
8dHOx2+RXcm3pIQdo9VE2a0fwu80v/4d9s8RLpc7uNkJ/Aa/yIkc7EB3UOjpNbdSNwxuaaiAP3DP
c7dunnzAVy2faCcryB3VVLNx8u7nyZrTETY+PHeS0fnNbg3n0tQuv1urBSJUZxaLqXr34GNZnRV4
tUwd1NXpu95lu6vjhnwnrtwr7s3Oz2fP5nixxIlHXstllOFRs2QMFFNi88lHqiVeD6ryfkVB7Pnl
hnrkSvVQhdefwqkVdTAZQpuTzqbPlXm3GJfLEivLZf7rMbFmPl18OC0/EqEA1YhSiyfnk9n0w1u2
mB6dP1sZQSjxoWc8aXwU5/mmKfGeg6pH3ca/54GOnPr216PEgPQwCX2fBxVJStD/38kOV0xvoprs
CHngYaLpl3M3WDfZroeKvkMCiXa5nH6czdfhEwrbuftFzDy+EXFZli2w3hd17jys+B79I70zpAde
WPx+FPuRa4u4Et8K0AMt3flkAoE4EvGthxW++7g+Z+HxZlggkXkUVm4ql4APyDIJ41TcQJBuVtpw
yNYbEPC1x2NxPvlTuvItj+XfD99vXgg/esWDiuW2sHvj+O4nTL7faPmTJgUbTzBfOOFhWRK6/oaH
TJrfd7+F6EJRcfrm8bxT6zaLwxTfdt2KUAHX7NEaViWBnjXznu3UR2JbLqlRjSQHdXEeWSCdZ27s
uMKzy0/b5+8FpbD9D3yO/dtBRVpQisUju2JRBXhgH75dQe2b6cLqBWyyzNptpxusGD7VwPbeTo73
n++Z7WwjgkkYrBD3cnkmroR3mngy8T5ocotvIqjhU+5WJCyA9RPqP+/+hxWlj/dUVxkoLOeqEvCB
Wvbs+ONzsQ2olsst5W8+RAA8GtaQByUp8I1a11p7WfkeTw55wP+euapQVB9rIXyFg8fAMOwoYqe1
4+03WKNpQahdu194bNOV7SbIm8aDxKXzenrtrgVbH5IXNUbjxotZccXA7x13xfAbAMt4Gbw4DwN2
YaVM15neGbeNca9TvEGGEyQ+LYIkeaiP9E6nBHSjQ7xtAf9DoB+m9mGFZybfZ8TB6zUIqnlukh6G
joMQHgRhFlgYUrBg0bi1doX8gEByCBkRyeCpvKaiGNjtUO8TIX6jFiWHBpFegd780BaHdOWEMaAt
YIoeqM/GIj2/jq4iRcZ28dFR6N83hwZhoxcIwZ20RKSpG6ySQwR7GCc09KlDeQxYwBIh7NIU/PzC
4fH09dH7swVCpfdov2Ui3iiSChRbIJTiB3+3Ip4kgNw+/C/6B1rK0lBL+JVQC69ccY02Tzmo7nCI
oBszvNHQj9UUCGSrjK/EoQhWuy24w37VF+taGx9fQ3rB0HeZRS6TgUrABuQ5DFTMKqYGT2KLtUgE
y3XGoG5i6VqwMAC3SyE6MgttTh+pcAPLy/CWFqC/5bGIax768lMWt3Em3BFNFsJInCBKZsaCX7JN
mMUKF3MdBqZ3IXshBbA6fo0C0iIgfiuuC3QHtnA42D1h12HwQ8p4FAkeM9S5D8LiK4Eb5BA/CyDl
vl6LgGXRKuY2IGgtA9SlRDZeBoy9+GUtkDGWhkAlsBmgUK/Zgg5i2KQeT4EpGiZWoWvngBj06YmU
9IVPIFqCrendcIT4iFk6dW7bMaPXUnEgWWepHcI+UZ8tGLNlQ73Pj6/OC3vZIM6OPC+8ZrgDgZn8
WwPsyuXsv9ExcQ55aJ7ixwyDHS2dkreqNQz4YriRGFgMlILYzA1TqsT5yrmL4RKzL35xQSFhAHrl
ts1ikUj1o1rxPWzmC47v4dP3TUDppkCmQTnit4x7qDb6iAm74l4m2J4iCsFqH7FLirCtBDq7BmrH
l6DHMEy032a+CVoBrzpKNoGF78SD4eNL8KMWTXgP2iLXziXFaes4hEAF1oPpSZPR1mcqRMB+aDJ8
QRYEwcRCuoGojjA/C8CDcIpEPifzgkzgZXF444KHCVADiESeGxTMoW4VQ6cO+irOQZ9sMjf9AdSX
xrTMFhgWyWVqi9keyJDBvjFILSSGpiQdE6q6r3JyjjgL8L43eiDoPSIj0FsbSYsdiyv1m/nuag2b
GR+AaZY3n3Ic1EgcZ1EqoVJhqBgfeFNykXFhU9J7w7bcEPwqdG1gezcH6CPocyEoGryrVXI0mKzJ
SYWnQZKA4B9v5KZ844UmeA9maibhsA98N8W97YsVNzcpaJzNparbpFyZVmn5Aq127ZLmyaNg015r
ElHuZAlJ6LjAIkQkgU9wIBoHyuScpHRysFaG25StQjBUiNsUvQIJrYhNjVgbszZKAdQpBMt3d//P
S4Clz338Yw7+Pv6TNIyIBRU+C5YUuoRB+MAsCnEvZwip5lzpbaOrGKMg8AvtCsVf8sMzcEj7gljC
iMGsDJJPAMmHiRthZRR8Q8my3JGYrIrZ4saCWiLZSiQD18ViOmaLk9M5Ozs9P12wo9ns7HQ6Z7Pp
OwbF5M/Td00Gk9jiAmZN2S8nF2dTNnt3MZnO5616CKjow+j1lTpmInZDSsgYiBMU0FoLCsmkjSLY
6kx+MIdiC03R8AaeDLOECmpMkBMCNHgTynuXs0kng9IQE2CA0xQxwiyRQOjdBnKZkYjGBeYQzPO0
oHV7NvqCqtvBbJGwsByQmkV2pV3l2kIGcC8RJVtRO20la7K/myUleUdJvuKxCTtDs0LPkyUrBaDd
2qWthuyoVUytgtjt8yCj4qPMCRRmGfjgfjPPCXUnzN1QplfHAVxSXn+7BVvsQsZ86fBQPYSZZxe8
uJBErgO25T+RiCNiHwTtt9tKVqD2moLFrSRJriMxFLI5cejnyVauVjO0smuWLYzSKEve8g22w6Uq
3jHPC0Y0WRzSC+e5I9uZH8nqSpZwTA1oOJDb6xgnqQXEO7GZSwBXkOZhs/MdCoakDYkPKFyBkyVJ
JjAwpGuw2iqvNjFoIbUtV83ckLJGUEVlS3KDU+/UE3ZD1joLLpOc9wmPEOr6mQ85FtJrzPKOAQ3J
ZO8kudjqFfeLUiXtmNs+BsV2pDgighpWwRkk3W5hseNQDtV9GmsjjHoSv5ycbyGJS00sS0aVg2ZB
YygK2Y6BFapVoHxE7QF3ssCQWCKOPQmTa6SEW+lgmdKn6pkVZZy8rXZRgfgOeo73flT3+eEyCESK
BhurFAGl2Tr0ZIlp8hQaXqzEieUEP8/FVJKh2CY7HzUqU4spimJTprcXZSvlQxhW4026pu/+aXrJ
gGQ8IqylOTMqBVDU3tax1MhiCWlLybGXoUIfFwNQsdViJ1ALgi8dUnHHJrP3TVgLPJiwv65dG9ye
agUZPQv8GuEfs35edm8r8oS0U5rbYkc2BKo195wDfPGT2gRbgA8rUkCU4eEKOlhpI27TXglZuRWZ
3mBUwxKTey2GTLyfBbO82N42gNhLIFPXkDZxYRYFkaaua93Nudp1iftFFPbEsjw3Y4IJT5VMULZL
9yil1u7IkIv2W2ym1ngc37HFDlp1osoXiKIT8xWKADYBtSWRRxULtpc+MI+bncdop4nn4sEK9cv4
/SWRpOx88Z44TUAkFNvMUob9OZlyS042F6081vhppuGqMXGLXm4LM1uN84blJ6Zjo6LKtTVsVRpn
+Vf1ZEONnhwkoUxcyht0RCaDk8Q2WYfQwKIH5n2KyDtRimA2TzlL+FUeKfGcJD9OwrFSCwuM0dmd
LFjUecTn0A1kM0yHST+wj2Z4g14fs9Njtvfx/enxPsgMLg88wPxrCPcRPo8AqQ4cA/uXGJqX1rYC
BE8IaQopOwBP//jqLMevepsS5AcihkdKlDSh+sAml9IwyRbmpyMqhZSOehyHyMKY62y0m8y1t9Jy
KFMguAme5mETxJffscq7AOogFaPgNlB0UkUWhBZ++YXWgtec8w14DHaSfniVN+WY0VQaoFCs5WOS
ZLINgPnpWPmAZEEnHNLd5be7pS1orvLtLFEnLRZs5FSGOrVGk2vGLIIa6cr1kIwM4ypEKSqYh3iw
KvqEAJd59XTYzGdVjtV2HkpJIx/5YYY72JH5Rm1oVKUyMeZXjFB0HAFuiL8pQcLid5QuS4tJ8EDI
9tcUEpmJb3rBbzz7pAy3zv2dXJyORCuJV4qPhArxIQ4xXmc1kt+4A2oCctouLtu72eQxYAL/yLcd
MJsvxr8FNx3ay3g4oGUR+K9ISrGRPhtDhOgUuLw1j4mYic+vJBSAUJ8iRksz+WkwpqRj6jAlT+C0
piI64NOYwV6wFbRhyVY92wObQkOt2ypSoemau9SnQZiEJkbaJgqjzMudUV1gJqM5KiB2KBxSga9F
KohhLsG4BMlOlc50pCuPqMYqieOJGrWNEixzoLIXfiqpOOsobXL0dw2/olsDFdutCo7WUG06Ycki
sMs0eVulmLkO0TLESgsfuGq5IXEMgWzjY9sDGyTFE0Qr2bKOvZwaZ9txEoGCGF+tYmig5WGZOlmT
Bwj48dPLunzEH+zgi+ML/FSgpkK+zHwYFK6FrK05bJ1ropgQ41sBCNYqHWdDoi00L11TGueWUsGg
clw5E+R4/LodZapyiUjwsKw6qLoD9JPSyVUT4mO05k2GjzNTek6LKgxCryNiqLQ1jEABpj85mmcr
mSt45SRM3b4qpdcMKk7I5BTF8mChEJLl5XhO45alpaxlU6euv43VKv8iUpyPOwFDM1oWAyYSpCM+
tSg/zm1tCaiRMoVcm/dneBW2pXXlriidnCgcgD5V+szPSNYKSBEDmxxVN6uIgUfO0JrYVDi6ToEI
ug8QRN5fwAiUHxzIGAf4VIjMMxv3XJ6orgQKSe5HXn6FJQ/wqGw1zo0mx8Bv8QRrzP5FtQrkzyYd
af2KSOUrRkWaLN/3IDGwboxdWx0a5Dep6DRgV8aihE4ZOqH6mJpNfEoVeFXptsy+pEs8yJ8Mb2th
VpDZa0txzF6fHS3Gxo+DZm90ozc7N52m8aP+o431EO3zPXw8wMLgejhsy1Asr7q9fVnkyVsM5V5d
7nDMLaBjdZRGpQedhYHVrA2Tn0TN4jwo5w1KXNycoIgDeOgzyHjekuQK0/IbG+ALspp98ZpCDZGi
+RUkGVUK6uvmJYhGpWWp5gsjam/FDQS+RPV21iV2Bwn1MaAR04W6fCNrOJqH8gIr0HnINCL3jJSS
8EMxEhexutFsiJtUBEn+1PMEKoTyFz1temFge+255g3dwSsg4BRBklRAkVVFkvwGTIpO5Uuh8ruI
xbVpqc8/FhC8eRXYPK7A4k2UhvSwcIde4bLU5+23M7K4wgqkeHw4pt3u6LoxUp+ox3RVngSwVFQI
OWnlu6Yru3LlVwbXkNMq0kKpZ+NN9BIMv2VaUSNuEttUkuDjAr4pb+aVZ/kb0Bx9UVX9YsXQfHZW
1XiQereWumXI7PiissIOP9GkOlAaq7JyXbXCNv19ouqm/JXUNo0n+DZ1SSO0IKng2H4zFB+t0vGD
uM0G9D0ZxbRVJhWYo3wnHHXYU8G79sOKKeYuxpuP5xXduCv5MVdFCt/+ScNLEUBhVRGr5tdwiRze
mnMduzVn2XBaaaiX7764kXxAZ0S0/ok12MWMTnu2q75+/R+Eh1WE
===END CRASH DUMP===
