PocketMine-MP Crash Dump Tue Oct 19 05:53:44 +07 2021

Error: str_replace(): Argument #2 ($replace) must be of type array|string, int given
File: plugins/ClearLag/src/twisted/autoclearlagg/AutoClearLagg
Line: 121
Type: TypeError

THIS CRASH WAS CAUSED BY A PLUGIN
BAD PLUGIN: AutoClearLagg v3.1.0

Code:
[112]                         }
[113]                     }
[114]                 }
[115]                if($this->messages[self::LANG_ENTITIES_CLEARED] !== ""){
[116]                     $this->getServer()->broadcastMessage(str_replace("{COUNT}", $entitiesCleared, $this->messages[self::LANG_ENTITIES_CLEARED]));
[117]                 }
[118] 
[119]                 $this->seconds = $this->interval;
[120]             }else if(in_array($this->seconds, $this->broadcastTimes) && $this->messages[self::LANG_TIME_LEFT] !== ""){
[121]                 $this->getServer()->broadcastMessage(str_replace("{SECONDS}", $this->seconds, $this->messages[self::LANG_TIME_LEFT]));
[122]             }
[123]         }), 50);
[124]     }
[125] }

Backtrace:
#0 plugins/ClearLag/src/twisted/autoclearlagg/AutoClearLagg(121): str_replace(string[9] {SECONDS}, integer 60, string[40] ..cServer d...n r..c sau {SECONDS} gi..y)
#1 pmsrc/src/pocketmine/scheduler/ClosureTask(61): twisted\autoclearlagg\AutoClearLagg->twisted\autoclearlagg\{closure}(integer 11951)
#2 pmsrc/src/pocketmine/scheduler/TaskHandler(137): pocketmine\scheduler\ClosureTask->onRun(integer 11951)
#3 pmsrc/src/pocketmine/scheduler/TaskScheduler(179): pocketmine\scheduler\TaskHandler->run(integer 11951)
#4 pmsrc/src/pocketmine/plugin/PluginManager(654): pocketmine\scheduler\TaskScheduler->mainThreadHeartbeat(integer 11951)
#5 pmsrc/src/pocketmine/Server(2389): pocketmine\plugin\PluginManager->tickSchedulers(integer 11951)
#6 pmsrc/src/pocketmine/Server(2152): pocketmine\Server->tick()
#7 pmsrc/src/pocketmine/Server(1992): pocketmine\Server->tickProcessor()
#8 pmsrc/src/pocketmine/Server(1586): pocketmine\Server->start()
#9 pmsrc/src/pocketmine/PocketMine(314): pocketmine\Server->__construct(object BaseClassLoader, object pocketmine\utils\MainLogger, string[16] /home/container/, string[24] /home/container/plugins/)
#10 pmsrc/src/pocketmine/PocketMine(344): pocketmine\server()
#11 pmsrc(11): require(string[71] phar:///home/container/PocketMine-MP.phar/src/pocketmine/PocketMine.php)

PocketMine-MP version: 3.24.0 [Protocol 465]
Git commit: b54854529f8a1366e156f8ec32e02635ec670e95
uname -a: Linux 70ad3400-c5fa-46ad-84f2-694f522c3898 4.15.0-159-generic #167-Ubuntu SMP Tue Sep 21 08:55:05 UTC 2021 x86_64
PHP Version: 8.0.11
Zend version: 4.0.11
OS : Linux, linux
Composer libraries: 
- adhocore/json-comment 1.1.2@fc2f76979f0a44a5f5bc2a2b600d0762fe0e78e7
- daverandom/callback-validator unknown@unknown
- pocketmine/binaryutils 0.1.13@0abee38d4e2861621f262c79a2a3d699d8a697f4
- pocketmine/callback-validator 1.0.3@64787469766bcaa7e5885242e85c23c25e8c55a2
- pocketmine/classloader 0.1.2@9757928424652393b178a3760073113aa7c9911b
- pocketmine/log 0.2.1@830b44a2cf96ef703c550abe64302f230231ca49
- pocketmine/log-pthreads 0.1.3@e477ecf6ec214fdd4415ea1da3fdd9d73bf699ea
- pocketmine/math 0.2.6@43057cb8c179a9859677b496a788db922fd5cfc3
- pocketmine/nbt 0.2.18@9f82ca4d7f97fcd9a566e44b63c4f18a7657ae82
- pocketmine/pocketmine-mp 3.24.0@b54854529f8a1366e156f8ec32e02635ec670e95
- pocketmine/raklib 0.12.11@9cce458b8bfde3e4dfdbf70c659fc7b7fe26b5c4
- pocketmine/snooze 0.1.5@70b5e7937a06878dd321a3182ceb76d56298f2cd
- pocketmine/spl 0.4.2@6b08b7cf8c4afa17139c9a1b3bf1b408531de161

Loaded plugins:
AcaciaWoodHS 1 by BhawaniSingh for API(s) 3.0.0
AlwaysSpawn 2.2.4 by Philip Shilling for API(s) 3.0.0
AntiAuraBot 1.0.1 by  for API(s) 3.0.0
AntiToolBox 0.1 by NgLamVN for API(s) 3.0.0
AutoClearLagg 3.1.0 by Twisted for API(s) 3.0.0
AutoFly 1 by PIG for API(s) 3.0.0
AutoInv 0.0.10 by JackNoordhuis for API(s) 3.0.0
AutoSellUI 3.0.0 by LetTIHL for API(s) 3.8.2
Banking_vonfram 1 by Noob for API(s) 3.0.0
BeetrootHS 1 by BhawaniSingh for API(s) 3.0.0
BirchWoodHS 1 by BhawaniSingh for API(s) 3.0.0
BlazinVanish 1.0.3 by PIG for API(s) 3.0.0, 4.0.0
Broadcaster 1.5 by EvolSoft for API(s) 3.0.0
BuilderTools 1.2.0 by CzechPMDevs, VixikHD for API(s) 3.16.0
BuonLau 2.0.3 by PIG for API(s) 3.0.0
BuyFix 1 by Twisted, NhanAZ for API(s) 3.0.0, 3.7.1, 3.8.1, 3.9.3, 4.0.0
CarrotHS 1 by BhawaniSingh for API(s) 3.0.0
CmdSnooper 1.0.0 by HotshotHD for API(s) 3.0.0
CoinAPI 2.0.9 by onebone | Edit By SenKai Official for API(s) 3.0.0
Crossbow 1 by SonsaYT for API(s) 3.0.5
CuongHoa 2.0.3 by PIG for API(s) 3.0.0
CustomAlerts 2.1 by EvolSoft for API(s) 3.0.0
CustomItem 1.0.0 by Phuongaz for API(s) 3.0.0
DEVirion 1.2.7 by poggit, SOFe for API(s) 3.0.0
DanhGia 2 by PIG for API(s) 3.0.0
DarkOakWoodHS 1 by BhawaniSingh for API(s) 3.0.0
Detu 4.0.0 BETA 2.0.9 by CLADevs || GreenJajot for API(s) 3.0.0
DevTools 1.14.2 by PocketMine Team for API(s) 3.13.0
Disable_TNT 0.1 by  for API(s) 3.0.0
EconomyAPI 5.7.2 by onebone for API(s) 3.0.0
EnchantUIVH 0.6 by UnknownOre for API(s) 3.0.0
EnchantVIPUI 0.6 by UnknownOreforsource|RBpmmpformod for API(s) 3.0.0
FarmHS 1 by BhawaniSingh for API(s) 3.0.0
Fly 1.0.0 by NhanAZ for API(s) 3.0.0
FormAPI 1.3.0 by jojoe77777 for API(s) 3.2.0
FormImagesFix 0.0.1 by  for API(s) 3.11.4
HealFeed 1.0.0 by DafaRahestian for API(s) 3.0.0
HuongDan 1.0.0 by VbeeMC for API(s) 3.0.0
InvCrashFix 0.0.1 by  for API(s) 3.14.0
InvSee 1.0.0 by BlockHorizons for API(s) 3.0.0
JoinMenu 1 by PIG for API(s) 3.0.0
JungleWoodHS 1 by BhawaniSingh for API(s) 3.0.0
KeepInventory 1.0 by KhoaGamingPro for API(s) 3.0.0
KhoeItemHand 1.0.0 by S2TwKen for API(s) 3.0.0
KygekRanksUI 1.3.0 by Kygekraqmak for API(s) 3.0.0
LoadAllWorlds 1.1.2 by  for API(s) 3.12.0
LpkCuaHangUI 0.0.5 by phuongaz | Moded by LamPocketVN for API(s) 3.9.0
MSpawns 2.2 by EvolSoft for API(s) 3.0.0
MaxEnchants 1.2.1 by Xenophilicy for API(s) 3.0.0
MenuUIVHPIG 1.0.0 by PIG for API(s) 3.0.0
MuaDetuUI 3 by VanLXYTB for API(s) 3.0.0
MultiWorld 1.6.0-beta4 by CzechPMDevs, VixikCZ, fuyutsuki, kaliiks for API(s) 3.20.0
MysteryCrate 9.2.0 by JackMD, DaPigGuy for API(s) 3.9.0
Napthe 0.0.1 by hachkingtohach1,tungstenvn for API(s) 3.0.0
Netherite 1.2.1 by Wertzui123 for API(s) 3.0.0
Nick 1.0.0 by MDevPMMP for API(s) 3.0.0
OakWoodHS 1 by BhawaniSingh for API(s) 3.0.0
PiggyCustomEnchants 2.4.3 by DaPigGuy for API(s) 3.19.0
PiggyFactions 1.2.0 by DaPigGuy for API(s) 3.13.0
PotatoHS 1 by BhawaniSingh for API(s) 3.0.0
PureChat 1.4.11 by 64FF00 for API(s) 3.0.0
PureEntitiesX 0.7.0 by milk0417, RevivalPMMP for API(s) 3.19.0
PurePerms 1.4.2-c2a by 64FF00 & ProjectInfinity for API(s) 3.0.0
QuestPlugin 3.1 by HmmHmmmmm for API(s) 3.11.0
RandomBlock 2.0.0 by Edit By Nờ Cờ Dờ for API(s) 3.0.0
RankShopSystem 1.0.0 by zZPROGAMERZz423 ( Edit: PhongGremVN) for API(s) 3.0.0
RedSkyBlockUI 3.1.1 by RedCraftPE for API(s) 3.0.0
SAC 3.6.6 by DarkWav for API(s) 3.0.0
SETVIP 2.3 by MCPEVN TEAM for API(s) 3.0.0
ScoreHud 5.2.0 by JackMD for API(s) 3.0.0
SellCommand 1.2.7 by Muqsit for API(s) 3.0.0-ALPHA9, 3.0.0-ALPHA10, 3.0.0-ALPHA11, 3.0.0-ALPHA12, 3.0.0
ShopKeyUI 1 by VbeeMC for API(s) 3.0.0, 4.0.0
SizePlayer 1.0.3 by  for API(s) 3.0.0
Slapper 1.6.1 by jojoe77777 for API(s) 3.20.0
SlapperRotation 1.2.1 by jojoe77777 for API(s) 3.0.0
SpiderUI 1.0.0 by MCCreeperYT for API(s) 3.0.0, 4.0.0
SpruceWoodHS 1 by BhawaniSingh for API(s) 3.0.0
TableSpoon 1.0.0 by CortexPE, Xenophilicy, HyperFlareMC for API(s) 3.0.0
TempBanUI 2.3 by SonsaYT for API(s) 3.0.0, 4.0.0
ToCao 2.0.3 by PIG for API(s) 3.0.0, 3.2.0
TradeNPC 1.0.0 by Free for API(s) 3.0.0
UIShop 3.5.4 by SaltyPixelDevz for API(s) 3.0.0
WarpsPro 1.3.0 by nikoskon for API(s) 3.0.0
WheatHS 1 by BhawaniSingh for API(s) 3.0.0
WorldProtect 2.3.8 by aliuly for API(s) 3.0.0
cayphattai 1.1.1 by PIG for API(s) 3.0.0
iProtector 3.1.1 by LDX for API(s) 3.0.0
tichluy 1.0.0 by LetTIHL for API(s) 3.0.0

----------------------REPORT THE DATA BELOW THIS LINE-----------------------

===BEGIN CRASH DUMP===
eNrtXXt32zay/yq4yp6tfY8ki9Tbe9wTx4/YjR9aS0m6Xfb4QCQosearfNhW2nz3OwOAFEDLtuxo
s/ePdre1OARn5jcYzAxAEvyj5kZJQLPrW5akXhTWdjv1WuYFrLZr9Nqd7rDfMzvNjtEyh0a9lsfi
VHc4bA6M9nAwGJqdltnr1ms+TbOjJImS2u4ftWwRQ6vaBP4IWr0WsDSlM6SmWXKdsNinNtva3iX7
ySwPWJiRNybZ+ps8sU2CPM3IlJHIJciN0CShiz/hWi+c1YkH7WfeLQuBs5v7/rHnI+udeRSwHTsK
M+qFLNmJ/XzmhenOgc9ockZnO2li72R3XpoxZ4fmWWTjCZ/OZjv7cFQ0mzXjeYycBdfXcgEOPqgB
ljTBdlkCuGq7/669aZHXctwCTmAy1YLCIv8e/kr+GB8dXF4cjr9y87AZS0ivVSeyQaf1K2k27TFL
oKeJ02w2Q5IAgaQ0X14KRm02F9ug+RuDxAGqhf/GkX3DsgDA7KT2nDm5D8Y98KM0T9iEpjdbPVRL
ArAsDYFlaRAaPz7W7A9bMPy6VahvGMOuwZUxn1MGtTihoQO/t4x2H7RZNrOssp1lKVo3fozCqzxc
Ia69jrhxcbRl9IePC1Q0a/yYrBTXWS1OeMnOiP85pyEMn2Sr1+08LatUq/FjAKNgMk8YdU7AytmU
0WyF9O5q6cJTtsz2oApO6GVZmmLQr569FJ6uENR7WpDRNSuCxBnBeYuz6D/JwhgOn2IxSiIbolCU
CF6Dp3l1B71HeKUZGFPwGK7mMeI/z+HnVtvoPMLm+hoCFYzO3M62oulvzM7IO5qyA4ik6VlEHZbU
iaSrl+eZ56eWdQ59exbNZthKDnGj9yupRsDypNl5eLIIQ2K8t57H0nnge8JYgoGMGFsGBoOE/Z57
SRmf+savJJ7TZHdnp6rFUkDjfNTERo+rgIF5u/br13qN/XdyzeYyAmAQbK698DbybxkqBrwdsJqd
1YqzQKmysCOHIXLDMOEseeSfr9DSMNqPtBBnOyvOijPdh2c8d+tv2dxLIa4I+6b/Tpnv7u6e7V+8
vz66mJxOTo/G1wdnR/tXR4e/kv/Z2yNWzapt/8E59h7RRPKcsUyOvO3Gj9ME/N+GiuJcSNpS+9Gq
/XFw+fFi8tWq1cnfwGhe5rGUG4g5dfISHbe3/8F16z9qhwGc4T+GK5pIUSkDZ3ZSslcQMPQlt9Tn
zM1W5cqvzE8ZWhO6nnvals6nhFBaYQJFV7pN/v73p8BNTs+Prs+OjidVy5vG46q/yOpFkcDtvlrl
pxWT5jarbstNbaqu+nW7Trot2bzwUtEMPfNr7etfBdVfBdVfBdVfBdVfBdUmCqp6bcbgUupjXRFS
nOPXNDagzxRsuVwmqLWbZqfZQnru+U5t12wZMMv10muH3dZ2XQpJDmqYJIKQFAHbDi4SzDyscKbd
zqDb6ZpDd0CNdq/HjG7PHTC7bbKW2Wt3md3rt9iwC7xzqcuZF+b3pN+iTrvTajXsrksbnR51GoOO
azZ6w47bNU0bRtaAdJpGt9lqGN1hg2PybPLG6PUbH6d5mOVkfD4ik5yRMYuJaZDWYLfb3W11ycfJ
ATFbQLkf9K57Hay/5jFIHjRbTcOAwy8sBJS1TnEMp6+jtNANCPzAlwd2FMQRdOa1700TmkCBgpal
zhyskbCd39IobEAbWfMZTaNpvnVt0+33hv2h26KdDu263altUnPaa7WcVr9nuqzF+gPWB/YOhY6A
GBgFOzb1/Sm1bxpQcHgOzbAqBrvdhNFd+Fb+RXWXvT/1QposuNtDU4DTNNpvW3TKWHvgdJg56Bk9
03DNnmn3h9Skbac3HDoDCqq5HZ3VSuEGmKj9ttfpD/oduKbXm9qU9ll3MOiaHZMNurbZts0uG9jd
LjUrDHGw+nywSt3Mt8N+tz80Bx0TfMhsD9tToz+g7T6Ypd+GChd428OhYUx1Tn404xzMpvF20G5N
waKm7Q57zO232iAZAfc67ZbpmvCftmHTzvABh0ac8XBfGKr9lnX6fWa7PWabRsd1nE7H6DJqOLQN
B0On3566YC1GdVYBzeZSm95bENrt29OBDWmODgfdYa/fn3aGPdofDJzp0DRdp2u7dltnEU6zAs/g
LQwdExR2+i70ie0MaReGUacz7bXtjmsMaL/X7VM2qBh3+bMRxOUQfvuC8agwS+gN+LawC+hkvB3a
Nut0B9PB1HVYm3Uc15mCre1ed+ja/WnfZWZv2rUrHpSGUfSFSfN23/Zb0y7rD9t92uoN+gPHaZsG
bRuAlk37PafbM4cD17SdCpPY5xw64C29aWsw7dvuwO5Qlxp9oz20h9SYQscY005r0G0bDjN6Ru1r
OQPjY3PfprZHP0eRczJWoqBGrteW8Q9jABRc8yhJsQh9N6d3NPTGEJvnGE9p7CG5DWOhhccspFOf
QQSB/ASB0WExxBO8Es6lkZsdqgSsMyqyLUuVADVgeQ4nlTBgMGJfjiefL6/ODoF0x6aplyECrJX3
/Tu6SMcxhVigYFOoKjQTnKyjwxvNPd+LyRj+QIibbQphzNmmkitUsFyjFDWyLJGzl/DGk/2rycfR
Q3AwBdzPE/ouylRwClXrNwzgGrgNYbmc5V/mNPwY5JmfQwct5WsHa3UXNJ9Ekf8uuq8gKqgqoiqe
2sXsjAafLjbVSZKdQCEVeNg7q9FAxp/n0yakup1CK8SnrWgoCCsrHWq1YfBiQ0E5EdOeTaFca7L1
HNx5lsUplGQKbKnmfrrw8+D8oLIgJI1x7C8qZkDKE+FmdPp+Y1FGSBMV8FreCRechrcVhZGieyX4
ZaXLfoJS4SKKEmeee+mm9P8NmIYFU9F9XngrOk4otRaiMfP9j6cVUJKoe2Kr6olnLJucnpxpgAZN
87WAJLv1O+QdDW8gfF7fRqGb0EDBUD3zhEdBv0w3FjGAFyQsEP4CEIxlSRRlWvZViN859y4lVzNv
cWYtUF5izx/UFCr1e8Nain6Aqzi1FjCffvHCT3B1OleRqeRq1m0/H8LqfH71anSed+zTwPNC1ANm
06o6+tFaGIv1UJaoEBWqjrCr4zu6jfwxKLqxrlsKBiyaFk8USEVGuru7azLQCLk3sxuODyfuLMGM
nqoAVbKO0KxGvoMvzJ6Pzg/ZLTb95N17NyeHGmCj93rENnKPAwe4W9ZUqJWhWoBfV/KlSVnRe0dj
xc0ShWc01ywiKHqNvJZDv7avXxL988Wxd6+pywlPRJaidKrXLqBi3f9lxThsN/u8rMRMJv4OOd5v
Gp9Cs/WhHdAkqWSEkvSdA2chtxo1BX0tMIEzhjol1qKJQqyGy8pQO4mydA4aHG4KkR04qRANKFQ1
nkcCBdb+SK2VCkp1hAx1DFHIpvAv+ZMcOV5G3i3ImIUfqEcuXdeD6ay/KWxSkGXZoBgwBISlhs/D
S6I0nUZ3Kr6C9ITXjaMwpf+aVCB0XwtBsgPNpewXDBuIV7OTiKoACtL3i2EHJy/ROM2iYN+H+J5q
WitkXXPjP5tsVcnQBboer0u3gslpxoIHCDnxmfE/mmMX0i+bRYiS1++mw6NPXsI1LAGUpGql0NfV
j6MZrv7Xa+PLY7ax5SPO1LJuuQqWBZWC/KWo9czq0SEN5+89dawUFM3h/mPD5NOUQZySMl/QFTS5
uaQ3D+YWOv07J0lNeDVTKifXAsgytQbjhyocXoiQd0eTfbIi0xyc7WNxR/78k7xPGAt/or9FmwsO
gjl0lhdyb1u709httdouSfr4MTrNqsuVt+PIhMFUXiuy29/QZ1IB6KClKmtEOKWaXqq2U/JAtF6K
6lxPLiYqYIX61CrmplxSiANp1W56LCAc2VEYBQu9wFGIqtJdqJLNlTXOxisZJjTgxYymzbNedxTa
UOVnH08/naiIFKreDz0d0EdxD/Ey2RimJUeAUqix/iiSl3w6HWnrdRp5TUQuUKI8sdmfV+/iIIjx
YfjI2TxOowT6yYtfgvWYJoEW3yXhOwd2IbUa0ZG6FghtdfvByvbDWueRWelrlX/J4vYxeIA+9AuK
rnO7qvNv0W8R6+M/mt7mNyxslxzB1EKJ8se6UE4DfBxPXx/Q6Q/W7B+NwobR7LwWS5D/nmKlhgPM
47LdlywEnDDqHzOUWaIoSc/40iF16RWdszTzaLi5QkdhalmFLi8AhMU8FH0qoIL0DCAsGM8PNoWk
kLq+6qfh7UFC07nuVCr1BS7Veb3mhUt54a2NkrlDrXdXUsIYM6YjQMIz1n/nQ7FzEiXeF5ifb2y5
T2VqWUKTl4D5KfLCcxaqBXNJ+j53EX97wTTypzyc+ezB1EUjf+cEp8quprnluXXAfWAshg5kYRYl
atrT6RUv0wF+mEf0PQ1A+iiJNoVQY2pZmjrrdx1wYbhmgA/gquBU8jMjaGxO7j6wcIO4StHrlvgf
FjN2c0XDm1SrIDXyM+met03o7wG92RiSJUvoH0WX9bsHI8a+73+OEt9RZ5k6vTLVrMxgtPj8DeXL
TRSCs9kwG7QsVJz6/h2X/wI48c1BTqFnZ1o/aeRqsqnchYvlshn5k5xHDnPIdEHOaCCmrJVnZIbP
gFVKweVysjYXG3mz2UKsrMl6n+eIxx9/EsrhCqPEs75xzvmDW2ovF5TKs1z/2ZVSKRT0LqW/bn30
nN6XNlMwKdTqEmMlL/zMwog/UGYvNgVOYYkdU6qiHazVWZCJcaqNGVcBp1CfW/7dXKoOQOoL3Cyn
uPamDcAlTXsyplKn0vDs539N3m1soZSGc84QdBfyXwLCzzwe/TQUJVE3fq/ZakxZRjvP3uw++IW/
gL7IszS/8eD3DfU970YvDM3Whm6BB6gwj6FoAkX5b7n9rTBCQy3wkYIFlPKZWhtrZNVYw4fPBOBD
XueowiGFcPg+X7woxj5Vo3HGAF1RZj0XWGECwWxHAwb4L2iczVXkkvD0lKY2p/YcH7TKIvxl1DMo
GYFxeLuxMqciwbKEYsXfdQbBBYOGiad17JL2THD9zJLsS+7ha3obQrTkCCAKNV7dn0tuO0tMCNqz
b1S8ePhMqMVxMTo/H20sQ0p+ABOkrx+0Vt3e+a/d2nn0ts4Lbumsqo6U941WnNUrmU71bvXKCGMM
v2VdRzC0rBXarCS+wlULITsr2O2UdjqmduZF4QMLlfRnHs1abZsX3yjS61ueLCTlkXK3Xju5+nAw
p/xeL77sdJLzBfXVFi7QVA6/2aolIzRnlNEs0oZRSfrOo6iQWx1Egr7WGMoTxq2rgClIukd0xHtq
CqJe5/i41XoRFs58xJJgxTzmgT8WP3HVog61860X5enoqFE2WRriWugCyKXyy1+v6HuupHz3smQj
jXUkNwj4uWKxJV3P7f3qQAo8/6bVMfB5hiuAdEv9B8nhW0JOInji3SfLinO8WS0UExYp1HzxTVlF
1x0drzSM6FXdKIJW9SOzYZt0lSuRvxPoa3yj9jR0vdDLNjbx0vyDa6X83ICHCD5giX/mLM1GcquN
0hYqtfIaSuWpvCCA/8M/tcqdkmeG1dinMT5t91TFFwRz5GxZv6M2lsWVegX2QscdFRVAv+IvkPK1
ZwW6Sq0+LFYZGcVDfBdWbjDHIQfy76H4uylfUDRav3jCpbPxPIrHWOAHOj71xDO14JdfRleX7/fP
j65++dIx22SLP7m4S0bzKJy9T1jw6WL75QFVhrnlcpLq2g8XmZ62jYLmBeZhzvhmwW2qzex1evUN
rIrzQ2OYOLnZ6GhjXV1ytCxFFcsqfq2Dbbx/oCDCIx1Hr/o8AD6Z9JnebvIpKGAHSu8f8P88vyA9
Ppp8Oh2pWguCPgAr1e/5wejo0wWZHO2fb2yqwlnilgr4oMJaxi5KPEX3gqQ/KfPYQsGm7uDI1YFC
+vLXWjCY7x9EQaDf1lCpzzzfeM7vRlbBNPbPRif7Q/78fHlotCrHRuXYLI5f/eww6L3qfsgT+CGG
fGALLRYsaU9UyY/cjV7nRYGVy+nagsxTN0vYAvV7yYL52PsCNQBdaA/gK8Sn31fakJtyeWcoDxy0
/L2W+rJkUHSXlOrqpbHekynfgCIVkl+9WrNUaacAsUR4hZMh/Snj6plnFqseQfwt3aYr8AKniz2H
Jfq4KkjPrUMdHMBsAKQ+eKngm1+UK1R4CY4ktx/es9fI33kyrcquTqiX59YBN0Hh4zjSfE4hPtNR
B1GSsXuoguraPah67WQBvXfs02SDD+xot6SWOqq/n683JiyI39FQc8sl7cmqY/VrLt/ukcXrLqUa
6/vmJDqgkYqEH7/iTZf6tz2wx+XCPPX0/Qt0T6jDLkZqxVqSnnG7Y4gOm/KqQub6in88xfyrqC0J
eq3drW4kMqZ+thh598w/ZLcve5lFXYp86qlbrsf6QD7TJOZLVksoJemZh0BC7yZKb6KN3eQp+FlW
ocHy11pQ5ozqr0sWlO8cmqXYalTm5LWA4P1IAJ3hVqgKGpVciVLNgQ6L+l7ub2w9SnCzLH73NRYa
rPO00Yra5zz3EtdjvqPux1TsHJfBmN4J+HvdOxpaMIpNF/GcZhn1FJMoxOpjPf+5h/3sOFt/fHkS
QqSWrgrxmUWGs8OfN6U2sLKspeRXV6/Ap4Ez5R0FBW5I6tlzP1ef+SsozwTyVfuHfMtONkLquj2E
22DRBBQGn+PqNFfsIAjXNBph1LjzvtDE4UeOeLOmQcPU4/GYb13YhMEBRQ9fst6tvRmVR+QgCl1v
RnALZSt8cx6F5NLOiGEQo73bMne77XIPPisUvBoxFFZ7xtBot0uSF+/h/Xf4nxUGUebsfaAB+XRh
hXdzANTwvTTbi1zXCmkYRnlo49DCGVaD2nOPiV2W0z0IsSHfZaohxzL0zR5ypPeyfbpnwvEMzBJE
DsNzbpQAt5LChYBlHFxlEEfxbcw5Ox6+zpxDotszgQffWRF8pJGyLINAmO5ZoQ+q+A10k72zaDpd
jPMggPmUpKeMOWUj3JJ67/DoeP/j2cQKhUM0fs9hksyFSUICuVFogb+aMU1TiFXO3v/yf8AceRY1
UnrL+EW3HrvDDswoWGhvYIX30+i+gS7JT/s0nOV0xvZYOFu3M7Qd2ZqLAHdke0PQBYnNez5P+NSJ
OwABYxLNy8AlyGTOUkYKKxEom0k2ZyQKwXsyCHLExk7lW3V7oe3n+DgfsH/geMhrHAViQ++HPFPq
sjqJ8CGBFFmSacLoDVlEeSJ5Ec8l0MkehGmUAD2Me3JD/AfGF+yuZLfjMJdCP6fkLgp/yAjOEWlC
0NYBgMXdEReoIW6OLHDfzVlI8ngG5RYwaFroh5LZrhUS8gZSJCpGsgikhA4BFnLHUbBBAmPNpxko
xU9zVf0IxABU+MUybi98C9ZmZM73yEVKgJyF+xY9u0v4Dp14Ip3nmRPBUJCbN+8SqyZ3NcYNhJlj
1bhm+74f3REcYKBMseMyufUo+Sc6I7bhXlnksl2CMYtfesR9VF5DQC+Cg4ZAj4FRkNt0QaQpsb10
6fK0ouybzx4YJArBrtRxSMJSYX40K25JSwJGcTtivss7GH3KUGkwDvs9pz6ajW/lTm6pnzOyJYVC
1NlG7kIiDCaGzt4As+N+sLsEQwHIvsiDKVgFvGo/XYQ2bg4MHZ/cgB81eYOPYC3u2gVSbDZPoGrN
ofegeVonvIIgMijAeKgT3CsUgGB+4LaB4Iy0IA/Bg7CJYD7m3QuYwMuS6N4DD2NgBoDEPTcslUPb
SoVOXfRVbIM+WSde9gOYL0v4ZQ7DyMddpnIx2QIMOYwbk5uFw2hIpLucVdVXKXeOJA/xmV/0QLB7
zDuB79uSNgmU+/I3CbzZHAYzvrRRVwefdBy0SJLkcSaowmBomAB0k7h458Kg5FuoOmJA0NvIc0Dt
1Rqgj6DPRWBo8K6m4mjQuCEalZ4GqQDCfLIQg/K9H03BezDhEkGHcRB4GY7tgM3odJGBxclYmLrF
jSuyI798gr1253HLc4+CQXvXEIwKJ0s5QtcDFSEiMXwwH9m4UA8WIoWTQ2/lOEzJLIKOinCYoleg
oBlXs8FV2yUtRAHSeQgW25j+v0eAFcxT+mO+/Tb90yyKuQoyfJYqSXYpgfCB2RPiXqEQSi20Mlpm
RyrGg8BnPiqkfukPG9CQjwuuEkYMYueQfEJIPoTdMzvnwTcSKosRicmqbM3ubagd0iUiEbguJ0e7
ZHJyOiZnp+enE7I/Gp2dHo3J6OiKQE344eiqTqARmVxCqyPy+eTy7IiMri4PjsbjZjUEaPYwuz1p
jhFLvIgnZAzEKQK054yHZG6NMtgaRHw2gMcW3qSBq/0izHJWUCoCTgjQ4E2I9zFnE04GlR8mwBCb
SWGcs2ACoXcZyEVG4jIuMYdgnucXNB+2Rl+Q5Td0W8xsLAeEZVFd0a/i2hIDuBeL0yXUdktiTbdX
qySRtyXyGU2mMDIaduT7oirlAWi1dflQQ3XkVUReBbE7oGHOiw9VEyjMcvDB7XqRE6pOWLihSK+u
C7wE3mA5BJvkUsR84fBQPUS575S6eJBE7kKy1D8VjGOuPgDttVoSK0g75sHiQZLkriM4lNjcJAqK
ZCuuli0aqmuqPYxoZE8+8A2ywqU07xgXBSN2WRLx7WkLR3byIBbVlSjhiDzRwBNFfx1iI3kB152r
WSCAI0jzMNjpCgND0obEBxJuwcnSNGcYGLI59NqsqDYxaKG0pVb1oiNFjSCLyqbQBps+aiec89jz
PLxJC90PaIxUL8gDyLGQXhNSzBWwI4mYIQktlnbF8SJNyUfMQx+DYjuWGnGBDayCc0i6nbLHDiNx
qurTWBth1BP8ReNiCAlesqGKjFcODRtmfqzEhvtB8FoFyke0HmgnCgzBJaY4JyHiGoFwiQ4uk/aU
U18pGRsvq100IO7vWvB9mtVTfmiFIcuww3ZlioDSbB75osSc0gxmtFiJc5VT/EgJkUmGxzYx85Fn
RWqZsrLYFOntjdpLxSkMq8kim/OvHzUMpQN553HBjaxQRqYAHrWXdSyfumIJ6QjkOJfhhT5eDESp
VpOcQC0IvrTHiztyMPpYh2tBhymMrzvPAbfntYKIniX/Bue/S3pF2b2syFNuHaVtk+w7EKjm1Hd3
cPMxPk1wGPiwFAVCCa6RoIMpA3GZ9hRm6lTk6B6jGpaY1G8SVOLjKBwVxfZyAohzCVTqDtImXpjH
YdyQx5XZzbkcdan3hZX9iWV50Y0pJjxZMkHZLtxDSa2doSku2m6SkbzGp8mMX0DlTFT6ApfoJnSG
EKBPwGxp7POKBaeXASiPg50m2E8HvocrJ3y+jJ+iYGlGzicfuaYpQELY0zwjOD/nXbkUJyYXzSLW
BFnewKt2ubbo5Q6b5rPdYsLyIzFwoiLLtTkMVX6eFN8WEhNq9OQwjUTikt5gIDMRnAS3g3kEE1j0
wGKewoqZKI9gDs0oSeltESlxfaRYL8JzyhQWFONLcKJgkesRv0VeKCbDfMnoB/LzNLpHr0/I6SHZ
+vnj6eE2YAaXBx2g/R2E+zgRz8WCY+D8JYHJS3NZAYInRLwJN3YInv7zu7OCv5zbKJQfuDBcRuJJ
E6oPnOTyNMyxRcXqiEwhyjKP63KxcM5zF4373HOWaCmUKRDcGM2KsAnwxSc9ilkAn0FKRcFtoOjk
FVkY2bhPPL8WvOacLsBjcCYZRLfFpBwzmkwDPBQ3inNCZLoMgMVqmLpAMuErHMLdxbdLRV/wttK3
81SutNgwkDMR6uQ1DXHNLomhRrr1fBQjwrgMUVIK5iEazsp5QoiX+dV0WC9aaQtqKxelRCfvB1GO
I9gV+UYOaDSl7GLMrxih+HIEuCH+5gkSLr7i6VK5mAMPmZj+TplgNsVdbeA3Lm/yDDcv/J27OF/1
1BKvgI+CSvgQhwitqhqLz/2ANAY5bZWWrdVq0gQ4gX8Uww6ULS7Gv6U2bT6WcXGgkcfgvyxVYiPf
kp0L4ou86tA85MKm+HxgygMQ2pMl2NNEfCWFSHRELqYUCZxfo0EHfg1ikjdkBtOwdGme5YJNaaHm
QxPJ0HRHPT5PgzAJkxjRN3EU537hjPIAMxlvIwNim4dDXuA3YhnEMJdgXIJkJ0tnvpQrlqh2ZRLH
FTU+bRRkkQNlf+GHFcq1DmWQo7838FuCFVI53HRyPIdq042UHoFR1hB3R8qW8wh7hqvSxCfam17E
NYZAtghw2pPi8zMpIEyXquNcTp4ny/McAg9idDZLYAItFsvkyppYQMBPwN1U8XH9YARfHl7iV5Ma
MuSLzIdB4Y6J2prC0LnjElOu+BIApzWV5WxItKXlhWuKznlgVOhQcV46E+R4/NAPz1RqicjpkWo6
qLpD9BNl5aoO8TGe0zrBl1F5es7KKgxCr8sSqLQbGIFCTH/ibJGtRK6g2kqYvAulpNccKk7I5DyK
FcFCMuQ9L84XMh70tMCqdnXmBctYLfMvMsX2OBIwNGPPYsBEgXyJT15ULOc2lwLkGVVCYc2nM7wM
26J3xahQVk4kD2CfSXsWayRzSeQRAyc5sm6WEQOXnGFq4vDC0XNLRjD7ACDi/gJGoGLhQMQ44CdD
ZJHZqO/RVM5KoJCkQewXR1jygI6yr3aLThPnwG9xBWuX/JvXKpA/63xJ61dkKrZXKNOket+Dw8C6
MfEcuWhQ3JbiqwGrMhZP6DxDp7w+5pNNfAEMdJXpVlVfyOU6iJ8Eb2NhVhDZaylxlxyf7U92zX/0
693hvVFv37fr5j+MfzhYD/FxvoX3wW0MrnuDlgjF4qjT3RZFnrjFoM7VxQjH3AI2lktpvPTga2HQ
a/aCiK/D5UkRlIsJSlLenOARB/jwj0HiektaGKxR3NgAXxDV7JtjHmq4KN5eY5LzSkF+41WhNHhp
qdR8Ucynt+weAl8q53b2Dc4OUj6PAYtMPajLF6KG4+0QL6gCMw+RRsSYESg5fyhGkjJW1+o1dp+x
MC1eKDyACkH9uJnDX/deHvve9J7fwSsp4BRhmmqk2NaZpL+DkqytfTRNfCKqPJ7a8ktYJQVvXoUO
TTRasoiziL+N1ebbV9jyI7/LFnmiqQIpHp8CabXahmEO5Yd6MV2pjYDGt/JXKJn2ibeZox0F2sk5
TTXFsdRz8F64QsPPumlmxEHiTCUSvOsfTMXNPLVVsADL8Y/LyV+kPDUenekWDzP/waWeShkdXmpX
ONE1b1Qlis7SrpzrvbBMf9e8ulE/GNfi51PcAUyxCL8g1XgsP5+GT9YZ+G3Aeg3mPTmPabNcGLBg
ecVcudij8Z0HkdYVYw/jzc/nmm28mfiunRSFj51l0Q0LobDSYFX8Gg5Rwwdt7vAFco24oPxKUz5u
/MWLxXM2Qy7rF6zBLkd8tWd51dev/wf7P2bT
===END CRASH DUMP===
