PocketMine-MP Crash Dump Tue Oct 19 07:45:09 +07 2021

Error: str_replace(): Argument #2 ($replace) must be of type array|string, int given
File: plugins/ClearLag/src/twisted/autoclearlagg/AutoClearLagg
Line: 121
Type: TypeError

THIS CRASH WAS CAUSED BY A PLUGIN
BAD PLUGIN: AutoClearLagg v3.1.0

Code:
[112]                         }
[113]                     }
[114]                 }
[115]                if($this->messages[self::LANG_ENTITIES_CLEARED] !== ""){
[116]                     $this->getServer()->broadcastMessage(str_replace("{COUNT}", $entitiesCleared, $this->messages[self::LANG_ENTITIES_CLEARED]));
[117]                 }
[118] 
[119]                 $this->seconds = $this->interval;
[120]             }else if(in_array($this->seconds, $this->broadcastTimes) && $this->messages[self::LANG_TIME_LEFT] !== ""){
[121]                 $this->getServer()->broadcastMessage(str_replace("{SECONDS}", $this->seconds, $this->messages[self::LANG_TIME_LEFT]));
[122]             }
[123]         }), 50);
[124]     }
[125] }

Backtrace:
#0 plugins/ClearLag/src/twisted/autoclearlagg/AutoClearLagg(121): str_replace(string[9] {SECONDS}, integer 60, string[40] ..cServer d...n r..c sau {SECONDS} gi..y)
#1 pmsrc/src/pocketmine/scheduler/ClosureTask(61): twisted\autoclearlagg\AutoClearLagg->twisted\autoclearlagg\{closure}(integer 11951)
#2 pmsrc/src/pocketmine/scheduler/TaskHandler(137): pocketmine\scheduler\ClosureTask->onRun(integer 11951)
#3 pmsrc/src/pocketmine/scheduler/TaskScheduler(179): pocketmine\scheduler\TaskHandler->run(integer 11951)
#4 pmsrc/src/pocketmine/plugin/PluginManager(654): pocketmine\scheduler\TaskScheduler->mainThreadHeartbeat(integer 11951)
#5 pmsrc/src/pocketmine/Server(2389): pocketmine\plugin\PluginManager->tickSchedulers(integer 11951)
#6 pmsrc/src/pocketmine/Server(2152): pocketmine\Server->tick()
#7 pmsrc/src/pocketmine/Server(1992): pocketmine\Server->tickProcessor()
#8 pmsrc/src/pocketmine/Server(1586): pocketmine\Server->start()
#9 pmsrc/src/pocketmine/PocketMine(314): pocketmine\Server->__construct(object BaseClassLoader, object pocketmine\utils\MainLogger, string[16] /home/container/, string[24] /home/container/plugins/)
#10 pmsrc/src/pocketmine/PocketMine(344): pocketmine\server()
#11 pmsrc(11): require(string[71] phar:///home/container/PocketMine-MP.phar/src/pocketmine/PocketMine.php)

PocketMine-MP version: 3.24.0 [Protocol 465]
Git commit: b54854529f8a1366e156f8ec32e02635ec670e95
uname -a: Linux 70ad3400-c5fa-46ad-84f2-694f522c3898 4.15.0-159-generic #167-Ubuntu SMP Tue Sep 21 08:55:05 UTC 2021 x86_64
PHP Version: 8.0.11
Zend version: 4.0.11
OS : Linux, linux
Composer libraries: 
- adhocore/json-comment 1.1.2@fc2f76979f0a44a5f5bc2a2b600d0762fe0e78e7
- daverandom/callback-validator unknown@unknown
- pocketmine/binaryutils 0.1.13@0abee38d4e2861621f262c79a2a3d699d8a697f4
- pocketmine/callback-validator 1.0.3@64787469766bcaa7e5885242e85c23c25e8c55a2
- pocketmine/classloader 0.1.2@9757928424652393b178a3760073113aa7c9911b
- pocketmine/log 0.2.1@830b44a2cf96ef703c550abe64302f230231ca49
- pocketmine/log-pthreads 0.1.3@e477ecf6ec214fdd4415ea1da3fdd9d73bf699ea
- pocketmine/math 0.2.6@43057cb8c179a9859677b496a788db922fd5cfc3
- pocketmine/nbt 0.2.18@9f82ca4d7f97fcd9a566e44b63c4f18a7657ae82
- pocketmine/pocketmine-mp 3.24.0@b54854529f8a1366e156f8ec32e02635ec670e95
- pocketmine/raklib 0.12.11@9cce458b8bfde3e4dfdbf70c659fc7b7fe26b5c4
- pocketmine/snooze 0.1.5@70b5e7937a06878dd321a3182ceb76d56298f2cd
- pocketmine/spl 0.4.2@6b08b7cf8c4afa17139c9a1b3bf1b408531de161

Loaded plugins:
AcaciaWoodHS 1 by BhawaniSingh for API(s) 3.0.0
AlwaysSpawn 2.2.4 by Philip Shilling for API(s) 3.0.0
AntiAuraBot 1.0.1 by  for API(s) 3.0.0
AntiToolBox 0.1 by NgLamVN for API(s) 3.0.0
AutoClearLagg 3.1.0 by Twisted for API(s) 3.0.0
AutoFly 1 by PIG for API(s) 3.0.0
AutoInv 0.0.10 by JackNoordhuis for API(s) 3.0.0
AutoSellUI 3.0.0 by LetTIHL for API(s) 3.8.2
Banking_vonfram 1 by Noob for API(s) 3.0.0
BeetrootHS 1 by BhawaniSingh for API(s) 3.0.0
BirchWoodHS 1 by BhawaniSingh for API(s) 3.0.0
BlazinVanish 1.0.3 by PIG for API(s) 3.0.0, 4.0.0
Broadcaster 1.5 by EvolSoft for API(s) 3.0.0
BuilderTools 1.2.0 by CzechPMDevs, VixikHD for API(s) 3.16.0
BuonLau 2.0.3 by PIG for API(s) 3.0.0
BuyFix 1 by Twisted, NhanAZ for API(s) 3.0.0, 3.7.1, 3.8.1, 3.9.3, 4.0.0
CarrotHS 1 by BhawaniSingh for API(s) 3.0.0
CmdSnooper 1.0.0 by HotshotHD for API(s) 3.0.0
CoinAPI 2.0.9 by onebone | Edit By SenKai Official for API(s) 3.0.0
Crossbow 1 by SonsaYT for API(s) 3.0.5
CuongHoa 2.0.3 by PIG for API(s) 3.0.0
CustomAlerts 2.1 by EvolSoft for API(s) 3.0.0
CustomItem 1.0.0 by Phuongaz for API(s) 3.0.0
DEVirion 1.2.7 by poggit, SOFe for API(s) 3.0.0
DanhGia 2 by PIG for API(s) 3.0.0
DarkOakWoodHS 1 by BhawaniSingh for API(s) 3.0.0
Detu 4.0.0 BETA 2.0.9 by CLADevs || GreenJajot for API(s) 3.0.0
DevTools 1.14.2 by PocketMine Team for API(s) 3.13.0
Disable_TNT 0.1 by  for API(s) 3.0.0
EconomyAPI 5.7.2 by onebone for API(s) 3.0.0
EnchantUIVH 0.6 by UnknownOre for API(s) 3.0.0
EnchantVIPUI 0.6 by UnknownOreforsource|RBpmmpformod for API(s) 3.0.0
FarmHS 1 by BhawaniSingh for API(s) 3.0.0
Fly 1.0.0 by NhanAZ for API(s) 3.0.0
FormAPI 1.3.0 by jojoe77777 for API(s) 3.2.0
FormImagesFix 0.0.1 by  for API(s) 3.11.4
HealFeed 1.0.0 by DafaRahestian for API(s) 3.0.0
HuongDan 1.0.0 by VbeeMC for API(s) 3.0.0
InvCrashFix 0.0.1 by  for API(s) 3.14.0
InvSee 1.0.0 by BlockHorizons for API(s) 3.0.0
JoinMenu 1 by PIG for API(s) 3.0.0
JungleWoodHS 1 by BhawaniSingh for API(s) 3.0.0
KeepInventory 1.0 by KhoaGamingPro for API(s) 3.0.0
KhoeItemHand 1.0.0 by S2TwKen for API(s) 3.0.0
KygekRanksUI 1.3.0 by Kygekraqmak for API(s) 3.0.0
LoadAllWorlds 1.1.2 by  for API(s) 3.12.0
LpkCuaHangUI 0.0.5 by phuongaz | Moded by LamPocketVN for API(s) 3.9.0
MSpawns 2.2 by EvolSoft for API(s) 3.0.0
MaxEnchants 1.2.1 by Xenophilicy for API(s) 3.0.0
MenuUIVHPIG 1.0.0 by PIG for API(s) 3.0.0
MuaDetuUI 3 by VanLXYTB for API(s) 3.0.0
MultiWorld 1.6.0-beta4 by CzechPMDevs, VixikCZ, fuyutsuki, kaliiks for API(s) 3.20.0
MysteryCrate 9.2.0 by JackMD, DaPigGuy for API(s) 3.9.0
Napthe 0.0.1 by hachkingtohach1,tungstenvn for API(s) 3.0.0
Netherite 1.2.1 by Wertzui123 for API(s) 3.0.0
Nick 1.0.0 by MDevPMMP for API(s) 3.0.0
OakWoodHS 1 by BhawaniSingh for API(s) 3.0.0
PiggyCustomEnchants 2.4.3 by DaPigGuy for API(s) 3.19.0
PiggyFactions 1.2.0 by DaPigGuy for API(s) 3.13.0
PotatoHS 1 by BhawaniSingh for API(s) 3.0.0
PureChat 1.4.11 by 64FF00 for API(s) 3.0.0
PureEntitiesX 0.7.0 by milk0417, RevivalPMMP for API(s) 3.19.0
PurePerms 1.4.2-c2a by 64FF00 & ProjectInfinity for API(s) 3.0.0
QuestPlugin 3.1 by HmmHmmmmm for API(s) 3.11.0
RandomBlock 2.0.0 by Edit By Nờ Cờ Dờ for API(s) 3.0.0
RankShopSystem 1.0.0 by zZPROGAMERZz423 ( Edit: PhongGremVN) for API(s) 3.0.0
RedSkyBlockUI 3.1.1 by RedCraftPE for API(s) 3.0.0
SAC 3.6.6 by DarkWav for API(s) 3.0.0
SETVIP 2.3 by MCPEVN TEAM for API(s) 3.0.0
ScoreHud 5.2.0 by JackMD for API(s) 3.0.0
SellCommand 1.2.7 by Muqsit for API(s) 3.0.0-ALPHA9, 3.0.0-ALPHA10, 3.0.0-ALPHA11, 3.0.0-ALPHA12, 3.0.0
ShopKeyUI 1 by VbeeMC for API(s) 3.0.0, 4.0.0
SizePlayer 1.0.3 by  for API(s) 3.0.0
Slapper 1.6.1 by jojoe77777 for API(s) 3.20.0
SlapperRotation 1.2.1 by jojoe77777 for API(s) 3.0.0
SpiderUI 1.0.0 by MCCreeperYT for API(s) 3.0.0, 4.0.0
SpruceWoodHS 1 by BhawaniSingh for API(s) 3.0.0
TableSpoon 1.0.0 by CortexPE, Xenophilicy, HyperFlareMC for API(s) 3.0.0
TempBanUI 2.3 by SonsaYT for API(s) 3.0.0, 4.0.0
ToCao 2.0.3 by PIG for API(s) 3.0.0, 3.2.0
TradeNPC 1.0.0 by Free for API(s) 3.0.0
UIShop 3.5.4 by SaltyPixelDevz for API(s) 3.0.0
WarpsPro 1.3.0 by nikoskon for API(s) 3.0.0
WheatHS 1 by BhawaniSingh for API(s) 3.0.0
WorldProtect 2.3.8 by aliuly for API(s) 3.0.0
cayphattai 1.1.1 by PIG for API(s) 3.0.0
iProtector 3.1.1 by LDX for API(s) 3.0.0
tichluy 1.0.0 by LetTIHL for API(s) 3.0.0

----------------------REPORT THE DATA BELOW THIS LINE-----------------------

===BEGIN CRASH DUMP===
eNrtXXt32zay/yq4yp6tfY8ki9Tbe9wTx4/YjR9aS0m6Xfb4QCQksSYJlg/bSpvvfmcAkARp2ZYd
bfb+0e62FofgzPwGg5kBSIJ/1GY88mlyfcui2OVBbbdTryWuz2q7Rq/d6bU67daw2el3Br1BvZaG
8lR3OGz2hv1+v2UYg77Rhms8GidHUcSj2u4ftWQZQqvaBP5IWr3mszimc6TGSXQdsdCjNtva3iX7
0Tz1WZCQNybZ+ps6sU38NE7IlBE+I8iN0Ciiyz/hWjeY14kL7efuLQuA8yz1vGPXQ9Y7C+6zHZsH
CXUDFu2EXjp3g3jnwGM0OqPznTiyd5I7N06Ys0PThNt4wqPz+c4+HGXN5s1wESJnyfW1XICDB2qA
JU0DjBoBrtruv2tvWuS1HLeAE5hMt6C0yL+Hv5I/xkcHlxeH46/CPGzOItJr1Ylq0Gn9SppNe8wi
6GniNJvNgERAIDFNi0vBqM3mchs0f2OQ0Ee18N+Q2zcs8QHMTmwvmJN6YNwDj8dpxCY0vtnqoVoK
gGWVEFhWCULjx8ea/WFLhl+3MvUNY9g1hDLmc8qgFic0cOD3ltHugzZFM8vK21mWpnXjRx5cpcEK
ce11xI2zoy2jP3xcoKZZ48dopbjOanHSS3ZG4s85DWD4RFu9budpWblajR99GAWTRcSocwJWTqaM
Jiukd1dLl56yZbYHVXBSL8sqKQb96tqF8HiFoN7TgoyuWREkz0jOW4JF/0kWxnD4FItRxG2IQjyS
vAZP8+oOeo/wihMwpuQxXM1jJH6ew8+tttF5hM31NQQqGJ2pnWzx6W/MTsg7GrMDiKTxGacOi+pE
0fXL08T1Yss6h7494/M5tlJD3Oj9SqoRMD9pdh6ezMKQHO+t57F0HvieNJZkoCLGloHBIGK/p26U
x6e+8SsJFzTa3dmpalEIaJyPmtjocRUwMG/Xfv1ar7H/Tq7ZXEYADJLNtRvccu+WoWLA2wGr2Ukt
OwuUKgubOwyRG4YJZ8kj/3yFlobRfqSFPNtZcVae6T484862/pYs3BjiirRv/O+YebPd3bP9i/fX
RxeT08np0fj64Oxo/+ro8FfyP3t7xKpZte0/BMfeI5oonnOWqJG33fhxGoH/21BRnEtJW3o/WrU/
Di4/Xky+WrU6+RsYzU1cFgsDMadOXqLj9vY/hG79R+0wgDPix3BFEyUqZuDMTkz2MgKGvuiWeoK5
2apc+ZV5MUNrQtcLT9sq88kh5FaYQNEVb5O///0pcJPT86Prs6PjSdXypvG46i+yelYkCLuvVvlp
xZS5zarbClObuqt+3a6Tbks1z7xUNkPP/Fr7+ldB9VdB9VdB9VdB9VdBtYmCql6bM7iUelhXBBTn
+LUSG9BnCrYslglq7abZabaQnrqeU9s1WwbMct342mG3td0ZhSQHNUzEISRxYNvpdUGIixXOtNsZ
dDtdczgbUKPd6zGj25sNmN02WcvstbvM7vVbbNgF3qnS5cwN0nvSb1Gn3Wm1GnZ3RhudHnUag87M
bPSGnVnXNG0YWQPSaRrdZqthdIcNgcm1yRuj1298nKZBkpLx+YhMUkbGLCSmQVqD3W53t9UlHycH
xGwB5X7Qu+51sP5ahCB50Gw1DQMOv7AAUNY62TGcvuZxphsQxIGnDmzuhxw689pzpxGNoEBBy1Jn
AdaI2M5vMQ8a0EbVfEbTaJpvZ7Y56/eG/eGsRTsd2p11p7ZJzWmv1XJa/Z45Yy3WH7A+sHcodATE
QO7v2NTzptS+aUDB4To0waoY7HYT8LvgrfqL6ha9P3UDGi2F20NTgNM02m9bdMpYe+B0mDnoGT3T
mJk90+4PqUnbTm84dAYUVJt1yqxWCjfARO23vU5/0O/ANb3e1Ka0z7qDQdfsmGzQtc22bXbZwO52
qVlhiIPVE4NV6Wa+Hfa7/aE56JjgQ2Z72J4a/QFt98Es/TZUuMDbHg4NY1rm5PG54GA2jbeDdmsK
FjXt2bDHZv1WGyQj4F6n3TJnJvynbdi0M3zAoREmItxnhmq/ZZ1+n9mzHrNNozNznE7H6DJqOLQN
B0On357OwFqMlln5NFkobXpvQWi3b08HNqQ5Ohx0h71+f9oZ9mh/MHCmQ9OcOV17ZrfLLIJpkuEZ
vIWhY4LCTn8GfWI7Q9qFYdTpTHttuzMzBrTf6/YpG1SMW/xs+GE+hN++YDxqzCJ6A74t7QI6GW+H
ts063cF0MJ05rM06zsyZgq3tXnc4s/vT/oyZvWnXrnhQHHD+hSnzdt/2W9Mu6w/bfdrqDfoDx2mb
Bm0bgJZN+z2n2zOHg5lpOxUmoSc4dMBbetPWYNq3ZwO7Q2fU6BvtoT2kxhQ6xph2WoNu23CY0TNq
X/MZmBib+za1XfqZc+dkrEXBErleK+IfxgAouBY8irEIfbegdzRwxxCbFxhPaegiuQ1joYXHLKBT
j0EEgfwEgdFhIcQTvBLOxXyWHOoErDMqsi1LlwA1YH4OJ5UwYDBiX44nny+vzg6BdMemsZsgAqyV
9707uozHIYVYoGHTqDo0E5ysU4Y3WrieG5Ix/IEQN98UwlCwjRVXqGCFRjFqZFkyZxfwxpP9q8nH
0UNwMAXcTyP6jic6OI1a6jcM4CVwG8JyOU+/LGjw0U8TL4UOKuSXDtbqLmg+4dx7x+8riDKqjqiK
p3YxP6P+p4tNdZJiJ1EoBR72zmo0kPEX6bQJqW4n0wrxlVY0NISVlQ692jBEsaGhnMhpz6ZQrjXZ
eg7uIknCGEoyDbZScz9eeql/flBZEFLGOPaWFTMg5YlwMzp9v7EoI6XJCngt74QLToPbisJIKXsl
+GWly36CUuGC88hZpG68Kf1/A6ZBxlR2nxvcyo6TSq2FaMw87+NpBZQilj2xVfXEM5ZMTk/OSoAG
TfO1gBS79TvkHQ1uIHxe3/JgFlFfw1A984RHQb9MNxYxgBckLBD+AhCMJRHnSSn7asTvnHsLydXM
m51ZC5Qb2YsHNYVO/d6wCtEPcGWn1gLm0S9u8Amujhc6Mp1czbrt50NYXcyvXo3OdY896rtugHrA
bFpXp3y0FsZsPZRFOkSNWkbYLeM7uuXeGBTdWNcVggFLSYsnCqQsI93d3TUZaITcm8mNwIcTdxZh
Ro91gDq5jNCsRr6DL8xejM4P2S02/eTeuzcnhyXARu/1iG3kHvoOcLesqVQrQbUAf1nJlyZlTe+d
EithFh6c0bRkEUkp18hrOfRr+/ol0T9dHrv3JXUF4YnIkpVO9doFVKz7v6wYh+1mX5SVmMnk36HA
+03jU2q2PrQDGkWVjJCTvnPgzORWo6akrwXGd8ZQp4SlaKIRq+GyMtROeBIvQIPDTSGyfSeWogGF
rsbzSKDA2h/ptVJGqY6QYRkDD9gU/iV/kiPHTci7JRmz4AN1yeVs5sJ01tsUNiXIsmxQDBgCwlzD
5+FFPI6n/E7Hl5Ge8LoxD2L6r0kFQve1EBQ70FzJfsGwgXg1P+FUB5CRvl8MOzh5icZxwv19D+J7
XNJaI5c1N/6zyVaXDF1Q1uN16VYyOU2Y/wChID4z/kcL7EL6ZbMIUfL63XR49MmNhIY5gJxUrRT6
ZfVDPsfV/3ptfHnMNrZ8JJha1q1QwbKgUlC/NLWeWT06pMHivauPlYxScrj/2DD5NGUQp5TMF3QF
jW4u6c2DuUWZ/p2TZEl4NVNqJ9cCyBK9BhOHOhxRiJB3R5N9siLTHJztY3FH/vyTvI8YC36iv/HN
BQfJHDrLDYS3rd1p7LZabeek8vgxOs2qy+W348iEwVS+VGS3v6HPlALQQYUqa0Q4rZouVNvJeSBa
N0Z1ricXEx2wRn1qFXNTLinFgbRqNz0WEI5sHnB/WS5wNKKudBeqZHNljbPxSoZJDUQxU9LmWa87
Cmyo8pOPp59OdEQatdwPvTKgj/Ie4mW0MUwFR4CSqbH+KFKXfDodldbrSuQ1Ec2AwtPIZn9evQt9
P8SH4bmzeZxGDvSTG74E6zGN/FJ8V4TvHNil1GpER+paIEqr2w9Wth/WOo/MSl+r/EsWt4/BA8pD
P6OUdW5Xdf6N/8ZZH/8p6W1+w8J2zhFMLZXIf6wL5dTHx/HK6wNl+oM1+0ejsGE0O6/F4qe/x1ip
4QBzhezZSxYCThj1jhnKzFHkpGd86ZDO6BVdsDhxabC5QkdjalmZLi8AhMU8FH06oIz0DCAsGM8P
NoUkk7q+6qfB7UFE40XZqXTqC1yq83rNM5dyg1sbJQuHWu+upIIxZqyMAAnPWP+dB8XOCY/cLzA/
39hyn87UsqQmLwHzE3eDcxboBXNO+j53EX97wTTypzSYe+zB1KVE/s4JTpddTXPFuXXAfWAshA5k
QcIjPe2V6RUvKwP8sOD0PfVB+ijim0JYYmpZJXXW7zrgwnDNAB/A1cHp5GdG0Nic3H1gwQZx5aLX
LfE/LOfs5ooGN3GpgiyRn0n3om1Ef/fpzcaQFCyhfzRd1u8ejBj7nveZR56jzzLL9MpUszKDKcXn
byhfbngAzmbDbNCyUHHqeXdC/gvghDcHKYWenZf6qUSuJpvKXbhQLZuRP8k5d5hDpktyRn05Za08
IzN8BqxWChbLyaW52Midz5dyZU3V+yJHPP74k1QOVxgVnvWNcy4e3NJ7OaNUnuX6z66UKqGgdy79
deuj5/Q+t5mGSaNWlxgreeFnFnDxQJm93BQ4jSV2TK5K6WCtzoJMjFNtzLgaOI363PLv5lK1D1Jf
4GYpxbW30gAsaKUnYyp1Kg3Ofv7X5N3GFkppsBAMQXcp/yUgvMQV0a+EIieWjd9rthpTltDOsze7
D34RL6Av0yROb1z4fUM9170pF4Zma0O3wH1UWMRQNIGm/Lfc/tYYoaGW+EjBEkr5RK+NS2TdWMOH
zwTgQ17nqMIhhXD4Pl2+KMY+VaMJxgBdU2Y9F1hhAslspwQM8F/QMFnoyBXh6SlNbUHtBT5olXD8
ZdQTKBmBcXC7sTKnIsGypGLZ33UGwQWDhpFb6tiC9kxw/cyi5Evq4mt6G0JUcAQQmRqv7s+C206B
CUG79o2OFw+fCbU4Lkbn56ONZUjFD2CC9PWD1qrbO/+1WzuP3tZ5wS2dVdWR9r7RirPlSqZTvVu9
MsIYw29Z15EMLWuFNiuJr3DVTMjOCnY7uZ2OqZ24PHhgoZz+zKNZq23z4htF5fpWJAtFeaTcrddO
rj4cLKi414svO52kYkF9tYUzNJXDb7ZqzgjNyROa8NIwyknfeRRlcquDSNLXGkNpxIR1NTAZqewR
Hfmemoao1zk+brVehEUwH7HIXzGPeeCP2U9ctahD7Xzr8jQeHTXyJoUhrqUugFwpX/x6Rd8LJdW7
lzkbZawjtUHAzxWLFfRybu9XB5LvejetjoHPM1wBpFvqPUgO3xJyIskT7z5ZVpjizWqpmLRIpuaL
b8pquu6U8SrDyF4tG0XSqn5kNmyTrnIl8ncCfY1v1J4GMzdwk41NvEr+IbTSfm7AQyQfsMQ/UxYn
I7XVRm4LnVp5DaXyVJ7vw//hn1rlTskzw2rs0RCftnuq4vP9BXK2rN9RG8sSSr0Ce6bjjo4KoF+J
F0jF2rMGXadWHxarjIzsIb4LKzWY45AD9fdQ/t2UL2garV884dLZeMHDMRb4fhmffuKZWvDLL6Or
y/f750dXv3zpmG2yJZ5c3CWjBQ/m7yPmf7rYfnlAVWGuWE7SXfvhItPTttHQvMA8zBnfLIVNSzP7
Mr36BlbF+aExTJxmyehoY12dc7QsTRXLyn6tg228f6AhwqMyjl71eQB8Mukzvd3kU1DADpTePxD/
eX5Benw0+XQ60rWWhPIArFS/5wejo08XZHK0f76xqYpgiVsq4IMKaxk7K/E03TNS+UmZxxYKNnUH
R60OZNKLX2vBYJ53wH2/fFtDpz7zfOO5uBtZBdPYPxud7A/F8/P5odGqHBuVYzM7fvWzw6D3qvsh
T+CHGPKBLUuxoKA9USU/cjd6nRcFVi6nlxZknrpZwpao30sWzMfuF6gB6LL0AL5GfPp9pQ25qZB3
hvLAQfPfa6mvSgZNd0Wprl4a6z2Z8g0oYin51as1hUo7GYgC4RVOhspPGVfPPLNY9Qjib+m2sgIv
cLrQdVhUHlcZ6bl1qIMDmA2A1AcvFXzzi3KZCi/BEaX2w3v2JfJ3nkzrsqsT6uLcOuAmKHwc8pLP
acRnOuqARwm7hyqoXroHVa+dLKH3jj0abfCBndItqUJH/ffz9caE+eE7GpTcsqA9WXWsfs3l2z0y
e90lV2N935zwA8p1JOL4FW+61L/tgT0hF+app+9foHtEHXYx0ivWnPSM2x1DdNiUV2Uy11f84ynm
X01tRSjX2t3qRiJj6iXLkXvPvEN2+7KXWfSlyKeeuhV6rA/kM41CsWRVQMlJzzwEErg3PL7hG7vJ
k/GzrEyD4tdaUBaMll+XzCjfOTQrsdWoLMhrAcH7kQA6wa1QNTQ6uRKlmoMyLOq5qbex9SjJzbLE
3ddQarDO00Yrap/z1I1mLvMcfT+mbOe4BMb0ji/e694poQWj2HQZLmiSUFcziUasPtbzn3vYzw6T
9ceXqyBwvXTViM8sMpwd/rwptYGVZRWSX129Ap8GzpR3NBS4IalrL7xUf+YvozwTyFftH/ItO9lI
qev2EG6DRSNQGHxOqNNcsYMgXNNoBLxx536hkSOOHPlmTYMGsSvisdi6sAmDA4oesWS9W3szyo/I
AQ9m7pzgFspW8OacB+TSTohhEKO92zJ3u+18Dz4rkLwaIRRWe8bQaLdzkhvu4f13+J8V+Dxx9j5Q
n3y6sIK7BQBqeG6c7PHZzApoEPA0sHFo4QyrQe2Fy+Quy/EehNhA7DLVUGMZ+mYPOdJ71T7eM+F4
DmbxucPw3IxHwC2nCCFgGQdXGeRReBsKzo6LrzOnkOj2TOAhdlYEH2nELEkgEMZ7VuCBKl4D3WTv
jE+ny3Hq+zCfUvSYMSdvhFtS7x0eHe9/PJtYgXSIxu8pTJKFMEWIIDdKLfBXM6RxDLHK2ftf8Q+Y
I014I6a3TFx067I77MCEgoX2BlZwP+X3DXRJcdqjwTylc7bHgvm6nVHaka259HFHtjcEXZDYoufT
SEydhAMQMCYpeRm4BJksWMxIZiUCZTNJFozwALwngSBHbOxUsVW3G9heio/zAfsHjoe8xtyXG3o/
5BnTGasTjg8JxMiSTCNGb8iSp5HiRdwZgU52IUyjBOhh3JMb4j8wvmB3Obsdh80o9HNM7njwQ0Jw
jkgjgrb2ASzujrhEDXFzZIn7bsECkoZzKLeAQdNCP1TMdq2AkDeQIlExknCQEjgEWKgdR8EGEYw1
jyaglDgtVPU4iAGo8Islwl74FqzNyELskYsUHzlL9816dpeIHTrxRLxIE4fDUFCbN+8Sq6Z2NcYN
hJlj1YRm+57H7wgOMFAm23GZ3LqU/BOdEdsIr8xy2S7BmCUuPRI+qq4hoBfBQUOgx8AoyG26JMqU
2F65dH5aU/bNZxcMwgOwK3UcErFYmh/NilvSEp9R3I5Y7PIORp8yVBqMw35PqYdmE1u5k1vqpYxs
KaEQdbaRu5QIg4mhszfA7Lgf7C7BUACyL1J/ClYBr9qPl4GNmwNDx0c34EdN0eAjWEu4doYUmy0i
qFpT6D1oHteJqCCICgowHuoE9woFIJgfhG0gOCPNTwPwIGwimY9F9wIm8LKI37vgYQzMAJCE5wa5
cmhbpdDpDH0V26BP1omb/ADmSyJxmcMw8gmXqVxMtgBDCuPGFGYRMBoK6a5gVfVVKpwjSgN85hc9
EOweik4Q+7bETQLlvvpNfHe+gMGML23U9cGnHActEkVpmEiqNBgaxgfdFC7RuTAoxRaqjhwQ9Ja7
Dqi9WgP0EfQ5DoYG72pqjgaNG7JR7mmQCiDMR0s5KN97fAregwmXSDqMA99NcGz7bE6nywQsTsbS
1C1hXJkdxeUT7LU7V1heeBQM2ruGZJQ5WSwQzlxQESISwwfzkc0M6sFMpHRy6K0UhymZc+gojsMU
vQIFzYWaDaHaLmkhCpAuQrDcxvT/PQKsYJ7SH/Ptt+kfJzwUKqjwmauk2MUEwgdmT4h7mUIoNdPK
aJkdpZgIAp/FqFD6xT9sQEMxLoRKGDGInULyCSD5EHbP7FQEXy5VliMSk1Xemt3bUDvEBSIZuC4n
R7tkcnI6Jmen56cTsj8anZ0ejcno6IpATfjh6KpOoBGZXEKrI/L55PLsiIyuLg+OxuNmNQSU7GF2
e8ocIxa5XCRkDMQxArQXTIRkYY082BpEfjZAxBbRpIGr/TLMClZQKgJOCNDgTYj3MWeTTgaVHybA
AJspYYKzZAKhtwjkMiMJGZeYQzDPiwuaD1ujL6jyG7otZDaWA9KyqK7sV3ltjgHci4VxAbXdUljj
7dUqKeRthXxOoymMjIbNPU9WpSIArbauGGqojrqKqKsgdvs0SEXxoWsChVkKPrhdz3JC1QkzN5Tp
dTYDXhKvXwzBJrmUMV86PFQPPPWcXBcXkshdQAr9Y8k4FOoD0F6rpbCCtGMRLB4kSeE6kkOObRZx
P0u28mrVoqG7pt7DiEb15APfICtcquQd46xgxC6LuNieNnNkJ/VDWV3JEo6oEw08kfXXITZSFwjd
hZoZAjiCNA+Dna4wMCRtSHwg4RacLI5ThoEhWUCvzbNqE4MWSiu0qmcdKWsEVVQ2pTbY9FE74ZzH
XqTBTZzpfkBDpLp+6kOOhfQakWyugB1J5AxJalHYFceLMqUYMQ99DIrtUGkkBDawCk4h6XbyHjvk
8lTVp7E2wqgn+cvG2RCSvFRDHZmoHBo2zPxYjg33gxC1CpSPaD3QThYYkktIcU5C5DUSYYEOLlP2
VFNfJRkbF9UuGhD3d834Ps3qKT+0goAl2GG7KkVAabbgniwxpzSBGS1W4kLlGD9SQlSSEbFNznzU
WZlapiwvNmV6e6P3UnYKw2q0TBbi60cNQ+tA0XlCcCPJlFEpQETtoo4VU1csIR2JHOcyotDHi4Go
1GqSE6gFwZf2RHFHDkYf63At6DCF8XXnOuD2olaQ0TPn3xD8d0kvK7uLijwW1tHaNsm+A4FqQb3Z
Dm4+JqYJDgMfVqJAKME1EnQwbSAWaU9jpk9Fju4xqmGJSb0mQSU+joJRVmwXE0CcS6BSd5A28cI0
DMKGOq7Mbs7VqIvdLyzvTyzLs26MMeGpkgnKdukeWmrtDE150XaTjNQ1Ho3m4gKqZqLKF4TEWUTn
CAH6BMwWh56oWHB66YPyONhphP104Lm4ciLmy/gpChYn5HzyUWgaAySEPU0TgvNz0ZWFODm5aGax
xk/SBl61K7RFL3fYNJ3vZhOWH4mBExVVri1gqIrzJPu2kJxQoycHMZeJS3mDgcxkcJLcDhYcJrDo
gdk8hWUzURHBHJpQEtPbLFLi+ki2XoTntCksKCaW4GTBotYjfuNuICfDYsnoB/LzlN+j10fk9JBs
/fzx9HAbMIPLgw7Q/g7CfRjJ52LBMXD+EsHkpVlUgOAJXDQRxg7A039+d5bxV3MbjfKDEIbLSCJp
QvWBk1yRhgU2nq2OqBSiLfPMZkIsnHNny8Z96joFWgplCgQ3RpMsbAJ8+UmPbBYgZpBKUXAbKDpF
RRZwG/eJF9eC15zTJXgMziR9fptNyjGjqTQgQnEjOydFxkUAzFbD9AWSiVjhkO4uv10q+0K0Vb6d
xmqlxYaBnMhQp65pyGt2SQg10q3roRgZxlWIUlIwD9Fgns8TArzMq6bDetaqtKC2clFKdvK+z1Mc
wTOZb9SARlOqLsb8ihFKLEeAG+JvkSDh4iuRLrWLBfCAyenvlElmU9zVBn7j8qbIcIvM34WLi1XP
UuKV8FFQDh/iEKFVVUP5uR+QxiCnrdKytVpNGgEn8I9s2IGy2cX4N9emLcYyLg400hD8l8VabBRb
sgtBYpFXH5qHQtgUnw+MRQBCe7IIe5rIr6QQhY6oxZQsgYtrStCBX4OY5A2ZwzQsLsxTLNjkFmo+
NJEKTXfUFfM0CJMwiZF9E/Iw9TJnVAeYyUQbFRDbIhyKAr8RqiCGuQTjEiQ7VTqLpVy5RLWrkjiu
qIlpoyTLHKj6Cz+skK91aIMc/b2B3xKskPLhViaHC6g2Z1zrERhlDXl3JG+54NgzQpUmPtHedLnQ
GALZ0sdpT4zPz8SAMC5Ux7mcOk+K8wKCCGJ0Po9gAi0Xy9TKmlxAwE/A3VTxCf1gBF8eXuJXkxoq
5MvMh0HhjsnamsLQuRMSY6F4AUDQmtpyNiTa3PLSNWXnPDAqdKg8r5wJcjx+6EdkKr1EFHSumw6q
7gD9RFu5qkN8DBe0TvBlVJGek7wKg9A7YxFU2g2MQAGmP3k2y1YyV9DSSpi6C6Wl1xQqTsjkIopl
wUIxFD0vz2cyHvS0xKp3deL6RaxW+ReZYnscCRiasWcxYKJAscSnLsqWc5uFAHVGl5BZ8+kMr8K2
7F05KrSVE8UD2CfKntkayUIRRcTASY6qm1XEwCVnmJo4onB0ZzkjmH0AEHl/ASNQtnAgYxzwUyEy
y2zUc2msZiVQSFI/9LIjLHlAR9VXu1mnyXPgt7iCtUv+LWoVyJ91saT1KzKV2yvkaVK/7yFgYN0Y
uY5aNMhuS4nVgFUZSyR0kaFjUR+LySa+AAa6qnSrqy/lCh3kT4K3sTAryOxVSNwlx2f7k13zH/16
d3hv1Nv37br5D+MfDtZDYpxv4X1wG4Pr3qAlQ7E86nS3ZZEnbzHoc3U5wjG3gI3VUpooPcRaGPSa
vSTy63BplAXlbIIS5TcnRMQBPuJjkLjeEmcGa2Q3NsAXZDX75liEGiFKtC8xSUWloL7xqlEaorTU
aj4eiuktu4fAF6u5nX2Ds4NYzGPAIlMX6vKlrOFEO8QLqsDMQ6YROWYkSsEfipEoj9W1eo3dJyyI
sxcKD6BC0D9u5ojXvYtjz53eizt4OQWcIojjEim0y0zi30FJ1i59NE1+Iio/ntrqS1g5BW9eBQ6N
SrRoGSZcvI3VFttX2Oojv0WLNCqpAikenwJptdqGYQ7Vh3oxXemNgCa28tcoSekTb3OndOSXTi5o
XFIcSz0H74VrNPysW8mMOEicqUKCd/39qbyZp7fyl2A58XE59Yvkp8ajs7LFg8R7cKmrU0aHl6Ur
HH4tGlWJsrNKVy7KvVCkv2tR3egfjGuJ8zHuAKZZRFwQl3gUn0/DJ+sM/DZgvQbznlTEtHkqDZix
vGIztdhT4rvweakrxi7Gm5/PS7Zx5/K7dkoUPnaW8BsWQGFVglXxazhEDR+0ucMXyEvEJRVXmupx
4y9uKJ+zGQpZv2ANdjkSqz3FVV+//h+Bl2bY
===END CRASH DUMP===
