PocketMine-MP Crash Dump Tue Oct 19 04:32:45 +07 2021

Error: str_replace(): Argument #2 ($replace) must be of type array|string, int given
File: plugins/ClearLag/src/twisted/autoclearlagg/AutoClearLagg
Line: 121
Type: TypeError

THIS CRASH WAS CAUSED BY A PLUGIN
BAD PLUGIN: AutoClearLagg v3.1.0

Code:
[112]                         }
[113]                     }
[114]                 }
[115]                if($this->messages[self::LANG_ENTITIES_CLEARED] !== ""){
[116]                     $this->getServer()->broadcastMessage(str_replace("{COUNT}", $entitiesCleared, $this->messages[self::LANG_ENTITIES_CLEARED]));
[117]                 }
[118] 
[119]                 $this->seconds = $this->interval;
[120]             }else if(in_array($this->seconds, $this->broadcastTimes) && $this->messages[self::LANG_TIME_LEFT] !== ""){
[121]                 $this->getServer()->broadcastMessage(str_replace("{SECONDS}", $this->seconds, $this->messages[self::LANG_TIME_LEFT]));
[122]             }
[123]         }), 50);
[124]     }
[125] }

Backtrace:
#0 plugins/ClearLag/src/twisted/autoclearlagg/AutoClearLagg(121): str_replace(string[9] {SECONDS}, integer 60, string[40] ..cServer d...n r..c sau {SECONDS} gi..y)
#1 pmsrc/src/pocketmine/scheduler/ClosureTask(61): twisted\autoclearlagg\AutoClearLagg->twisted\autoclearlagg\{closure}(integer 11951)
#2 pmsrc/src/pocketmine/scheduler/TaskHandler(137): pocketmine\scheduler\ClosureTask->onRun(integer 11951)
#3 pmsrc/src/pocketmine/scheduler/TaskScheduler(179): pocketmine\scheduler\TaskHandler->run(integer 11951)
#4 pmsrc/src/pocketmine/plugin/PluginManager(654): pocketmine\scheduler\TaskScheduler->mainThreadHeartbeat(integer 11951)
#5 pmsrc/src/pocketmine/Server(2389): pocketmine\plugin\PluginManager->tickSchedulers(integer 11951)
#6 pmsrc/src/pocketmine/Server(2152): pocketmine\Server->tick()
#7 pmsrc/src/pocketmine/Server(1992): pocketmine\Server->tickProcessor()
#8 pmsrc/src/pocketmine/Server(1586): pocketmine\Server->start()
#9 pmsrc/src/pocketmine/PocketMine(314): pocketmine\Server->__construct(object BaseClassLoader, object pocketmine\utils\MainLogger, string[16] /home/container/, string[24] /home/container/plugins/)
#10 pmsrc/src/pocketmine/PocketMine(344): pocketmine\server()
#11 pmsrc(11): require(string[71] phar:///home/container/PocketMine-MP.phar/src/pocketmine/PocketMine.php)

PocketMine-MP version: 3.24.0 [Protocol 465]
Git commit: b54854529f8a1366e156f8ec32e02635ec670e95
uname -a: Linux 70ad3400-c5fa-46ad-84f2-694f522c3898 4.15.0-159-generic #167-Ubuntu SMP Tue Sep 21 08:55:05 UTC 2021 x86_64
PHP Version: 8.0.11
Zend version: 4.0.11
OS : Linux, linux
Composer libraries: 
- adhocore/json-comment 1.1.2@fc2f76979f0a44a5f5bc2a2b600d0762fe0e78e7
- daverandom/callback-validator unknown@unknown
- pocketmine/binaryutils 0.1.13@0abee38d4e2861621f262c79a2a3d699d8a697f4
- pocketmine/callback-validator 1.0.3@64787469766bcaa7e5885242e85c23c25e8c55a2
- pocketmine/classloader 0.1.2@9757928424652393b178a3760073113aa7c9911b
- pocketmine/log 0.2.1@830b44a2cf96ef703c550abe64302f230231ca49
- pocketmine/log-pthreads 0.1.3@e477ecf6ec214fdd4415ea1da3fdd9d73bf699ea
- pocketmine/math 0.2.6@43057cb8c179a9859677b496a788db922fd5cfc3
- pocketmine/nbt 0.2.18@9f82ca4d7f97fcd9a566e44b63c4f18a7657ae82
- pocketmine/pocketmine-mp 3.24.0@b54854529f8a1366e156f8ec32e02635ec670e95
- pocketmine/raklib 0.12.11@9cce458b8bfde3e4dfdbf70c659fc7b7fe26b5c4
- pocketmine/snooze 0.1.5@70b5e7937a06878dd321a3182ceb76d56298f2cd
- pocketmine/spl 0.4.2@6b08b7cf8c4afa17139c9a1b3bf1b408531de161

Loaded plugins:
AcaciaWoodHS 1 by BhawaniSingh for API(s) 3.0.0
AlwaysSpawn 2.2.4 by Philip Shilling for API(s) 3.0.0
AntiAuraBot 1.0.1 by  for API(s) 3.0.0
AntiToolBox 0.1 by NgLamVN for API(s) 3.0.0
AutoClearLagg 3.1.0 by Twisted for API(s) 3.0.0
AutoFly 1 by PIG for API(s) 3.0.0
AutoInv 0.0.10 by JackNoordhuis for API(s) 3.0.0
AutoSellUI 3.0.0 by LetTIHL for API(s) 3.8.2
Banking_vonfram 1 by Noob for API(s) 3.0.0
BeetrootHS 1 by BhawaniSingh for API(s) 3.0.0
BirchWoodHS 1 by BhawaniSingh for API(s) 3.0.0
BlazinVanish 1.0.3 by PIG for API(s) 3.0.0, 4.0.0
Broadcaster 1.5 by EvolSoft for API(s) 3.0.0
BuilderTools 1.2.0 by CzechPMDevs, VixikHD for API(s) 3.16.0
BuonLau 2.0.3 by PIG for API(s) 3.0.0
BuyFix 1 by Twisted, NhanAZ for API(s) 3.0.0, 3.7.1, 3.8.1, 3.9.3, 4.0.0
CarrotHS 1 by BhawaniSingh for API(s) 3.0.0
CmdSnooper 1.0.0 by HotshotHD for API(s) 3.0.0
CoinAPI 2.0.9 by onebone | Edit By SenKai Official for API(s) 3.0.0
Crossbow 1 by SonsaYT for API(s) 3.0.5
CuongHoa 2.0.3 by PIG for API(s) 3.0.0
CustomAlerts 2.1 by EvolSoft for API(s) 3.0.0
CustomItem 1.0.0 by Phuongaz for API(s) 3.0.0
DEVirion 1.2.7 by poggit, SOFe for API(s) 3.0.0
DanhGia 2 by PIG for API(s) 3.0.0
DarkOakWoodHS 1 by BhawaniSingh for API(s) 3.0.0
Detu 4.0.0 BETA 2.0.9 by CLADevs || GreenJajot for API(s) 3.0.0
DevTools 1.14.2 by PocketMine Team for API(s) 3.13.0
Disable_TNT 0.1 by  for API(s) 3.0.0
EconomyAPI 5.7.2 by onebone for API(s) 3.0.0
EnchantUIVH 0.6 by UnknownOre for API(s) 3.0.0
EnchantVIPUI 0.6 by UnknownOreforsource|RBpmmpformod for API(s) 3.0.0
FarmHS 1 by BhawaniSingh for API(s) 3.0.0
Fly 1.0.0 by NhanAZ for API(s) 3.0.0
FormAPI 1.3.0 by jojoe77777 for API(s) 3.2.0
FormImagesFix 0.0.1 by  for API(s) 3.11.4
HealFeed 1.0.0 by DafaRahestian for API(s) 3.0.0
HuongDan 1.0.0 by VbeeMC for API(s) 3.0.0
InvCrashFix 0.0.1 by  for API(s) 3.14.0
InvSee 1.0.0 by BlockHorizons for API(s) 3.0.0
JoinMenu 1 by PIG for API(s) 3.0.0
JungleWoodHS 1 by BhawaniSingh for API(s) 3.0.0
KeepInventory 1.0 by KhoaGamingPro for API(s) 3.0.0
KhoeItemHand 1.0.0 by S2TwKen for API(s) 3.0.0
KygekRanksUI 1.3.0 by Kygekraqmak for API(s) 3.0.0
LoadAllWorlds 1.1.2 by  for API(s) 3.12.0
LpkCuaHangUI 0.0.5 by phuongaz | Moded by LamPocketVN for API(s) 3.9.0
MSpawns 2.2 by EvolSoft for API(s) 3.0.0
MaxEnchants 1.2.1 by Xenophilicy for API(s) 3.0.0
MenuUIVHPIG 1.0.0 by PIG for API(s) 3.0.0
MuaDetuUI 3 by VanLXYTB for API(s) 3.0.0
MultiWorld 1.6.0-beta4 by CzechPMDevs, VixikCZ, fuyutsuki, kaliiks for API(s) 3.20.0
MysteryCrate 9.2.0 by JackMD, DaPigGuy for API(s) 3.9.0
Napthe 0.0.1 by hachkingtohach1,tungstenvn for API(s) 3.0.0
Netherite 1.2.1 by Wertzui123 for API(s) 3.0.0
Nick 1.0.0 by MDevPMMP for API(s) 3.0.0
OakWoodHS 1 by BhawaniSingh for API(s) 3.0.0
PiggyCustomEnchants 2.4.3 by DaPigGuy for API(s) 3.19.0
PiggyFactions 1.2.0 by DaPigGuy for API(s) 3.13.0
PotatoHS 1 by BhawaniSingh for API(s) 3.0.0
PureChat 1.4.11 by 64FF00 for API(s) 3.0.0
PureEntitiesX 0.7.0 by milk0417, RevivalPMMP for API(s) 3.19.0
PurePerms 1.4.2-c2a by 64FF00 & ProjectInfinity for API(s) 3.0.0
QuestPlugin 3.1 by HmmHmmmmm for API(s) 3.11.0
RandomBlock 2.0.0 by Edit By Nờ Cờ Dờ for API(s) 3.0.0
RankShopSystem 1.0.0 by zZPROGAMERZz423 ( Edit: PhongGremVN) for API(s) 3.0.0
RedSkyBlockUI 3.1.1 by RedCraftPE for API(s) 3.0.0
SAC 3.6.6 by DarkWav for API(s) 3.0.0
SETVIP 2.3 by MCPEVN TEAM for API(s) 3.0.0
ScoreHud 5.2.0 by JackMD for API(s) 3.0.0
SellCommand 1.2.7 by Muqsit for API(s) 3.0.0-ALPHA9, 3.0.0-ALPHA10, 3.0.0-ALPHA11, 3.0.0-ALPHA12, 3.0.0
ShopKeyUI 1 by VbeeMC for API(s) 3.0.0, 4.0.0
SizePlayer 1.0.3 by  for API(s) 3.0.0
Slapper 1.6.1 by jojoe77777 for API(s) 3.20.0
SlapperRotation 1.2.1 by jojoe77777 for API(s) 3.0.0
SpiderUI 1.0.0 by MCCreeperYT for API(s) 3.0.0, 4.0.0
SpruceWoodHS 1 by BhawaniSingh for API(s) 3.0.0
TableSpoon 1.0.0 by CortexPE, Xenophilicy, HyperFlareMC for API(s) 3.0.0
TempBanUI 2.3 by SonsaYT for API(s) 3.0.0, 4.0.0
ToCao 2.0.3 by PIG for API(s) 3.0.0, 3.2.0
TradeNPC 1.0.0 by Free for API(s) 3.0.0
UIShop 3.5.4 by SaltyPixelDevz for API(s) 3.0.0
WarpsPro 1.3.0 by nikoskon for API(s) 3.0.0
WheatHS 1 by BhawaniSingh for API(s) 3.0.0
WorldProtect 2.3.8 by aliuly for API(s) 3.0.0
cayphattai 1.1.1 by PIG for API(s) 3.0.0
iProtector 3.1.1 by LDX for API(s) 3.0.0
tichluy 1.0.0 by LetTIHL for API(s) 3.0.0

----------------------REPORT THE DATA BELOW THIS LINE-----------------------

===BEGIN CRASH DUMP===
eNrtXXt32zay/yq4yp6tfY8ki9Tbe9wTx4/YjR9aS0m6Xfb4QCQksearfNhW2nz3OwOAJEDLtuxo
s/ePdre1OARn5jcYzAxAEvyjNgtjn6bXtyxO3DCo7XbqtdT1WW3X6LU73aHZ73Wb3UHHNNv1WhaJ
U93hsNnv9odGd9hv93ptOOXRJD2K4zCu7f5RS5cRtKpN4I+g1Ws+SxI6R2qSxtcxizxqs63tXbIf
zzOfBSl5Y5Ktv8kT28TPkpRMGQlnBLkRGsd0+Sdc6wbzOnGh/dy9ZQFwnmWed+x6yHpnEfpsxw6D
lLoBi3ciL5u7QbJz4DEan9H5ThLbO+mdm6TM2aFZGtp4wqPz+c4+HOXN5s1oESFnwfW1XICDB2qA
JU0DjBoDrtruv2tvWuS1HLeAE5hMtaCwyL+Hv5I/xkcHlxeH46/cPGzOYtJr1Yls0Gn9SppNe8xi
6GniNJvNgMRAIAnNykvBqM3mchs0f2OQyEe18N8otG9Y6gOYncReMCfzwLgHXphkMZvQ5Garh2pJ
AJalIbAsDULjx8ea/WELhl+3cvUNY9g1uDLmc8qgFic0cOD3ltHugzZlM8sq2lmWonXjxzC4yoIV
4trriBvnR1tGf/i4QEWzxo/xSnGd1eKEl+yM+J9zGsDwibd63c7Tsgq1Gj/6MAomi5hR5wSsnE4Z
TVdI766WLjxly2wPquCEXpalKQb96tql8GSFoN7TgoyuWREkzgjOW5xF/0kWxnD4FItRHNoQhcJY
8Bo8zas76D3CK0nBmILHcDWPEf95Dj+32kbnETbX1xCoYHRmdroVTn9jdkre0YQdQCRNzkLqsLhO
JF29PEtdL7Gsc+jbs3A+x1ZyiBu9X0k1AhYnzc7Dk3kYEuO99TyWzgPfE8YSDGTE2DIwGMTs98yN
i/jUN34l0YLGuzs7VS1KAY3zURMbPa4CBubt2q9f6zX238k1m8sIgEGwuXaD29C7ZagY8HbAanZa
y88CpcrCDh2GyA3DhLPkkX++QkvDaD/SQpztrDgrznQfnnFnW39LF24CcUXYN/l3wrzZ7u7Z/sX7
66OLyenk9Gh8fXB2tH91dPgr+Z+9PWLVrNr2H5xj7xFNJM85S+XI2278OI3B/22oKM6FpC21H63a
HweXHy8mX61anfwNjOamLku4gZhTJy/RcXv7H1y3/qN2GMAZ/mO4ookUlTBwZichezkBQ198Sz3O
3GxVrvzKvIShNaHruadt6XwKCIUVJlB0Jdvk739/Ctzk9Pzo+uzoeFK1vGk8rvqLrJ4XCdzuq1V+
WjFpbrPqttzUpuqqX7frpNuSzXMvFc3QM7/Wvv5VUP1VUP1VUP1VUP1VUG2ioKrX5gwupR7WFQHF
OX5NYwP6TMGW5TJBrd00O80W0jPXc2q7ZsuAWa6bXDvstrY7o5DkoIaJQwhJIbDt9LogxMUKZ9rt
DLqdrjmcDajR7vWY0e3NBsxum6xl9tpdZvf6LTbsAu9M6nLmBtk96beo0+60Wg27O6ONTo86jUFn
ZjZ6w86sa5o2jKwB6TSNbrPVMLrDBsfk2uSN0es3Pk6zIM3I+HxEJhkjYxYR0yCtwW63u9vqko+T
A2K2gHI/6F33Olh/LSKQPGi2moYBh19YAChrnfwYTl+HSa4bEPiBJw/s0I9C6Mxrz53GNIYCBS1L
nQVYI2Y7vyVh0IA2suYzmkbTfDuzzVm/N+wPZy3a6dDurDu1TWpOe62W0+r3zBlrsf6A9YG9Q6Ej
IAaG/o5NPW9K7ZsGFByuQ1OsisFuN0F4F7yVf1HdsvenbkDjJXd7aApwmkb7bYtOGWsPnA4zBz2j
Zxozs2fa/SE1advpDYfOgIJqs47OaqVwA0zUftvr9Af9DlzT601tSvusOxh0zY7JBl3bbNtmlw3s
bpeaFYY4WD0+WKVu5tshLjWZg44JPmS2h+2p0R/Qdh/M0m9DhQu87eHQMKY6Jy+ccw5m03g7aLem
YFHTng17bNZvtUEyAu512i1zZsJ/2oZNO8MHHBpRysN9bqj2W9bp95k96zHbNDozx+l0jC6jhkPb
cDB0+u3pDKzFqM7Kp+lCatN7C0K7fXs6sCHN0eGgO+z1+9POsEf7g4EzHZrmzOnaM7utswimaY5n
8BaGjgkKO/0Z9IntDGkXhlGnM+217c7MGNB+r9unbFAxbvmz4UfFEH77gvGoMIvpDfi2sAvoZLwd
2jbrdAfTwXTmsDbrODNnCra2e93hzO5P+zNm9qZdu+JBSRCGX5g0b/dtvzXtsv6w3aet3qA/cJy2
adC2AWjZtN9zuj1zOJiZtlNhEnmcQwe8pTdtDaZ9ezawO3RGjb7RHtpDakyhY4xppzXotg2HGT2j
9rWYgfGxuW9T26Wfw9A5GStRUCPXa2X8wxgABdcijBMsQt8t6B0N3DHE5gXGUxq5SG7DWGjhMQvo
1GMQQSA/QWB0WATxBK+Ec0k4Sw9VAtYZFdmWpUqAGrA4h5NKGDAYsS/Hk8+XV2eHQLpj08RNEQHW
yvveHV0m44hCLFCwKVQVmglO1tHhjRau50ZkDH8gxM03hTDibBPJFSpYrlGCGlmWyNklvPFk/2ry
cfQQHEwB97OYvgtTFZxC1foNA7gGbkNYLufZlwUNPvpZ6mXQQaV87WCt7oLmkzD03oX3FUQ5VUVU
xVO7mJ9R/9PFpjpJshMopAIPe2c1Gsj4i2zahFS3k2uF+LQVDQVhZaVDrTYMXmwoKCdi2rMplGtN
tp6Du0jTKIGSTIEt1dxPll7mnx9UFoSkMY69ZcUMSHki3IxO328syghpogJeyzvhgtPgtqIwUnSv
BL+sdNlPUCpchGHsLDI32ZT+vwHTIGcqus8NbkXHCaXWQjRmnvfxtAJKEnVPbFU98Yylk9OTMw3Q
oGm+FpBkt36HvKPBDYTP69swmMXUVzBUzzzhUdAv041FDOAFCQuEvwAEY2kchqmWfRXid869peRq
5s3PrAXKje3Fg5pCpX5vWKXoB7jyU2sB8+gXN/gEVycLFZlKrmbd9vMhrM7nV69G57rHHvVdN0A9
YDatqqMfrYUxXw9lsQpRoeoIuzq+o9vQG4OiG+u6UjBg0bR4okDKM9Ld3V2TgUbIvZnecHw4cWcx
ZvREBaiSdYRmNfIdfGH2YnR+yG6x6Sf33r05OdQAG73XI7aRe+Q7wN2ypkKtFNUC/LqSL03Kit47
GituljA4o5lmEUHRa+S1HPq1ff2S6J8tj917TV1OeCKy5KVTvXYBFev+LyvGYbvZ52UlZjLxd8jx
ftP4FJqtD+2AxnElIxSk7xw4c7nVqCnoa4HxnTHUKZEWTRRiNVxWhtpJmCYL0OBwU4hs30mEaECh
qvE8Eiiw9kdqrZRTqiNkqGMIAzaFf8mf5MhxU/JuScYs+EBdcjmbuTCd9TaFTQqyLBsUA4aAsNDw
eXhxmCTT8E7Fl5Oe8LpxGCT0X5MKhO5rIUh2oLmU/YJhA/FqfhJSFUBO+n4x7ODkJRonaejvexDf
E01rhaxrbvxnk60qGbpA1+N16VYwOU2Z/wAhJz4z/kcL7EL6ZbMIUfL63XR49MmNuYYFgIJUrRT6
uvpROMfV/3ptfHnMNrZ8xJla1i1XwbKgUpC/FLWeWT06pMHivauOlZyiOdx/bJh8mjKIU1LmC7qC
xjeX9ObB3EKnf+ckqQmvZkrl5FoAWarWYPxQhcMLEfLuaLJPVmSag7N9LO7In3+S9zFjwU/0t3Bz
wUEwh85yA+5ta3cau61W2wVJHz9Gp1l1ueJ2HJkwmMprRXb7G/pMKgAdVKqyRoRTqulStZ2CB6J1
E1TnenIxUQEr1KdWMTflkkIcSKt202MB4cgOg9Bf6gWOQlSV7kKVbK6scTZeyTChAS9mNG2e9bqj
wIYqP/14+ulERaRQ9X7o6YA+inuIl/HGMJUcAUquxvqjSF7y6XSkrddp5DURzYASZrHN/rx6F/l+
hA/Dh87mcRoF0E9u9BKsxzT2tfguCd85sAup1YiO1LVAaKvbD1a2H9Y6j8xKX6v8Sxa3j8ED9KGf
U3Sd21Wdfwt/C1kf/9H0Nr9hYbvgCKYWShQ/1oVy6uPjePr6gE5/sGb/aBQ2jGbntVj87PcEKzUc
YC6XPXvJQsAJo94xQ5kFioL0jC8d0hm9oguWpC4NNlfoKEwtK9flBYCwmIeiTwWUk54BhAXj+cGm
kORS11f9NLg9iGmy0J1Kpb7ApTqv1zx3KTe4tVEyd6j17kpKGGPGdARIeMb67zwodk7C2P0C8/ON
LfepTC1LaPISMD+FbnDOArVgLkjf5y7iby+YRv6UBXOPPZi6aOTvnOBU2dU0V55bB9wHxiLoQBak
YaymPZ1e8TId4IdFSN9TH6SP4nBTCDWmlqWps37XAReGawb4AK4KTiU/M4LG5uTuAws2iKsQvW6J
/2E5ZzdXNLhJtApSIz+T7nnbmP7u05uNISlZQv8ouqzfPRgx9j3vcxh7jjrL1OmVqWZlBqPF528o
X27CAJzNhtmgZaHi1PPuuPwXwIluDjIKPTvX+kkjV5NN5S5cJJfNyJ/kPHSYQ6ZLckZ9MWWtPCMz
fAasUgqWy8naXGzkzudLsbIm632eIx5//EkohyuMEs/6xjnnD26pvZxTKs9y/WdXSqVQ0LuQ/rr1
0XN6X9hMwaRQq0uMlbzwMwtC/kCZvdwUOIUldkyhinawVmdBJsapNmZcBZxCfW75d3Op2gepL3Cz
jOLamzYAS5r2ZEylTqXB2c//mrzb2EIpDRacIegu5L8EhJe6PPppKAqibvxes9WYspR2nr3ZffAL
fwF9maVJduPC7xvque6NXhiarQ3dAvdRYR5D0QSK8t9y+1thhIZa4iMFSyjlU7U21siqsYYPnwnA
h7zOUYVDCuHwfbZ8UYx9qkbjjAG6osx6LrDCBILZjgYM8F/QKF2oyCXh6SlNbUHtBT5olYb4y6in
UDIC4+B2Y2VORYJlCcXyv+sMggsGDWNX69iS9kxw/czi9Evm4mt6G0JUcgQQuRqv7s+S206JCUG7
9o2KFw+fCbU4Lkbn56ONZUjJD2CC9PWD1qrbO/+1WzuP3tZ5wS2dVdWR8r7RirN6JdOp3q1eGWGM
4bes6wiGlrVCm5XEV7hqLmRnBbudwk7H1E7dMHhgoYL+zKNZq23z4htFen3Lk4WkPFLu1msnVx8O
FpTf68WXnU4yvqC+2sI5msrhN1u1YITmDFOahtowKkjfeRTlcquDSNDXGkNZzLh1FTA5SfeIjnhP
TUHU6xwft1ovwsKZj1jsr5jHPPDH/CeuWtShdr51wywZHTWKJqUhroUugFwqX/56Rd9zJeW7lwUb
aawjuUHAzxWLlXQ9t/erA8l3vZtWx8DnGa4A0i31HiSHbwk5seCJd58sK8rwZrVQTFgkV/PFN2UV
XXd0vNIwold1owha1Y/Mhm3SVa5E/k6gr/GN2tNg5gZuurGJl+YfXCvl5wY8RPABS/wzY0k6kltt
FLZQqZXXUCpP5fk+/B/+qVXulDwzrMYejfBpu6cqPt9fIGfL+h21sSyu1Cuw5zruqKgA+hV/gZSv
PSvQVWr1YbHKyMgf4ruwMoM5DjmQfw/F3035gqLR+sUTLp2NF2E0xgLf1/GpJ56pBb/8Mrq6fL9/
fnT1y5eO2SZb/MnFXTJahMH8fcz8TxfbLw+oMsyVy0mqaz9cZHraNgqaF5iHOeObJbepNrPX6dU3
sCrOD41h4jRLR0cb6+qCo2UpqlhW/msdbOP9AwURHuk4etXnAfDJpM/0dpNPQQE7UHr/gP/n+QXp
8dHk0+lI1VoQ9AFYqX7PD0ZHny7I5Gj/fGNTFc4St1TABxXWMnZe4im65yT9SZnHFgo2dQdHrg7k
0stfa8FgnncQ+r5+W0OlPvN84zm/G1kF09g/G53sD/nz88Wh0aocG5VjMz9+9bPDoPeq+yFP4IcY
8oEttVhQ0p6okh+5G73OiwIrl9O1BZmnbpawJer3kgXzsfsFagC61B7AV4hPv6+0ITfl8s5QHjho
8Xst9WXJoOguKdXVS2O9J1O+AUUiJL96taZUaScHUSK8wsmQ/pRx9cwzi1WPIP6WbtMVeIHTRa7D
Yn1c5aTn1qEODmA2AFIfvFTwzS/K5Sq8BEec2Q/v2Wvk7zyZVmVXJ9TluXXATVD4OAo1n1OIz3TU
QRin7B6qoLp2D6peO1lC7x17NN7gAzvaLalSR/X38/XGhPnROxpoblnSnqw6Vr/m8u0emb/uUqix
vm9OwgMaqkj48SvedKl/2wN7XC7MU0/fv0D3mDrsYqRWrAXpGbc7huiwKa/KZa6v+MdTzL+K2pKg
19rd6kYiY+qly5F7z7xDdvuyl1nUpcinnrrleqwP5DONI75kVUIpSM88BBK4N2FyE27sJk/Oz7Jy
Dcpfa0FZMKq/LplTvnNolmKrUZmT1wKC9yMBdIpboSpoVHIlSjUHOizquZm3sfUowc2y+N3XSGiw
ztNGK2qf88yNZy7zHHU/pnznuBTG9I7P3+ve0dCCUWy6jBY0TamrmEQhVh/r+c897GdH6frjy5UQ
QrV0VYjPLDKcHf68KbWBlWWVkl9dvQKfBs6UdxQUuCGpay+8TH3mL6c8E8hX7R/yLTvZCKnr9hBu
g0VjUBh8jqvTXLGDIFzTaARh4879QmOHHznizZoGDRKXx2O+dWETBgcUPXzJerf2ZlQckYMwmLlz
glsoW8Gb8zAgl3ZKDIMY7d2WudttF3vwWYHg1YigsNozhka7XZDcaA/vv8P/rMAPU2fvA/XJpwsr
uFsAoIbnJuleOJtZAQ2CMAtsHFo4w2pQe+EysctysgchNuC7TDXkWIa+2UOO9F62T/ZMOJ6DWfzQ
YXhuFsbAraBwIWAZB1cZxFF0G3HOjouvM2eQ6PZM4MF3VgQfaSQsTSEQJntW4IEqXgPdZO8snE6X
48z3YT4l6QljTtEIt6TeOzw63v94NrEC4RCN3zOYJHNhkhBDbhRa4K9mRJMEYpWz97/8HzBHloaN
hN4yftGty+6wA1MKFtobWMH9NLxvoEvy0x4N5hmdsz0WzNftDG1HtubSxx3Z3hB0QWLzns9iPnXi
DkDAmETzMnAJMlmwhJHcSgTKZpIuGAkD8J4UghyxsVP5Vt1uYHsZPs4H7B84HvIah77Y0Pshz4TO
WJ2E+JBAgizJNGb0hizDLJa8iDsj0MkuhGmUAD2Me3JD/AfGF+yuYLfjsBmFfk7IXRj8kBKcI9KY
oK19AIu7Iy5RQ9wcWeC+W7CAZNEcyi1g0LTQDyWzXSsg5A2kSFSMpCFICRwCLOSOo2CDGMaaR1NQ
ip/mqnohiAGo8Iul3F74FqzNyILvkYsUHzkL9817dpfwHTrxRLLIUieEoSA3b94lVk3uaowbCDPH
qnHN9j0vvCM4wECZfMdlcutS8k90RmzDvTLPZbsEYxa/9Ij7qLyGgF4EBw2BHgOjILfpkkhTYnvp
0sVpRdk3n10wSBiAXanjkJglwvxoVtySlviM4nbEfJd3MPqUodJgHPZ7Rj00G9/KndxSL2NkSwqF
qLON3IVEGEwMnb0BZsf9YHcJhgKQfZH5U7AKeNV+sgxs3BwYOj6+AT9q8gYfwVrctXOk2GwRQ9Wa
Qe9B86ROeAVBZFCA8VAnuFcoAMH8wG0DwRlpfhaAB2ETwXzMuxcwgZfF4b0LHsbADACJe25QKIe2
lQqdztBXsQ36ZJ246Q9gvjTmlzkMIx93mcrFZAswZDBuTG4WDqMhke5yVlVfpdw54izAZ37RA8Hu
Ee8Evm9L0iRQ7svfxHfnCxjM+NJGXR180nHQInGcRamgCoOhYXzQTeLinQuDkm+h6ogBQW9D1wG1
V2uAPoI+F4KhwbuaiqNB44ZoVHgapAII8/FSDMr3XjgF78GESwQdxoHvpji2fTan02UKFidjYeoW
N67IjvzyCfbancstzz0KBu1dQzDKnSzhCGcuqAgRieGD+chmBvVgLlI4OfRWhsOUzEPoqBCHKXoF
CppzNRtctV3SQhQgnYdgsY3p/3sEWME8pT/m22/TP0nDiKsgw2ehkmSXEAgfmD0h7uUKodRcK6Nl
dqRiPAh85qNC6pf8sAEN+bjgKmHEIHYGySeA5EPYPbMzHnxDobIYkZisitbs3obaISkRicB1OTna
JZOT0zE5Oz0/nZD90ejs9GhMRkdXBGrCD0dXdQKNyOQSWh2RzyeXZ0dkdHV5cDQeN6shQLOH2e1J
c4xY7IY8IWMgThCgvWA8JHNrFMHWIOKzATy28CYNXO0XYZazglIRcEKABm9CvI85m3AyqPwwAQbY
TArjnAUTCL1lIBcZicu4xByCeZ5f0HzYGn1Blt/QbRGzsRwQlkV1Rb+KawsM4F4sSkqo7ZbEmmyv
Vkkib0vkcxpPYWQ07NDzRFXKA9Bq6/KhhurIq4i8CmK3T4OMFx+qJlCYZeCD2/U8J1SdMHdDkV5n
M+Al8PrlEGySSxHzhcND9RBmnlPo4kISuQtIqX8iGEdcfQDaa7UkVpB2zIPFgyTJXUdwKLDN4tDP
k624WrZoqK6p9jCikT35wDfICpfSvGOcF4zYZXHIt6fNHdnJ/EhUV6KEI/JEA0/k/XWIjeQFXHeu
Zo4AjiDNw2CnKwwMSRsSH0i4BSdLkoxhYEgX0GvzvNrEoIXSSq3qeUeKGkEWlU2hDTZ91E4457EX
WXCT5Lof0Aiprp/5kGMhvcYknytgRxIxQxJalHbF8SJNyUfMQx+DYjuSGnGBDayCM0i6naLHDkNx
qurTWBth1BP8ReN8CAlesqGKjFcODRtmfqzAhvtB8FoFyke0HmgnCgzBJaI4JyHiGoGwRAeXSXvK
qa+UjI3LahcNiPu75nyfZvWUH1pBwFLssF2ZIqA0W4SeKDGnNIUZLVbiXOUEP1JCZJLhsU3MfORZ
kVqmrCg2RXp7o/ZSfgrDarxMF/zrRw1D6UDeeVxwI82VkSmAR+2yjuVTVywhHYEc5zK80MeLgSjV
apITqAXBl/Z4cUcORh/rcC3oMIXxdec64Pa8VhDRs+Df4Px3SS8vu8uKPOHWUdo2yb4DgWpBvdkO
bj7GpwkOAx+WokAowTUSdDBlIJZpT2GmTkWO7jGqYYlJvSZBJT6OglFebJcTQJxLoFJ3kDbxwiwK
ooY8rsxuzuWoS9wvrOhPLMvzbkww4cmSCcp24R5Kau0MTXHRdpOM5DUejef8AipnotIXuMRZTOcI
AfoEzJZEHq9YcHrpg/I42GmM/XTgubhywufL+CkKlqTkfPKRa5oAJIQ9zVKC83PelaU4Mblo5rHG
T7MGXrXLtUUvd9g0m+/mE5YfiYETFVmuLWCo8vMk/7aQmFCjJwdJKBKX9AYDmYngJLgdLEKYwKIH
5vMUls9EeQRzaEpJQm/zSInrI/l6EZ5TprCgGF+CEwWLXI/4LXQDMRnmS0Y/kJ+n4T16fUxOD8nW
zx9PD7cBM7g86ADt7yDcR7F4LhYcA+cvMUxemmUFCJ4Q8ibc2AF4+s/vznL+cm6jUH7gwnAZiSdN
qD5wksvTMMcW5qsjMoUoyzyzGRcL59zZsnGfuU6JlkKZAsGN0TQPmwBffNIjnwXwGaRUFNwGik5e
kQWhjfvE82vBa87pEjwGZ5J+eJtPyjGjyTTAQ3EjPydEJmUAzFfD1AWSCV/hEO4uvl0q+oK3lb6d
JXKlxYaBnIpQJ69piGt2SQQ10q3roRgRxmWIklIwD9FgXswTArzMq6bDet5KW1BbuSglOnnfDzMc
wTORb+SARlPKLsb8ihGKL0eAG+JvniDh4iueLpWLOfCAienvlAlmU9zVBn7j8ibPcIvc37mL81VP
LfEK+CiogA9xiNCqqpH43A9IY5DTVmnZWq0mjYET+Ec+7EDZ/GL8W2jT5mMZFwcaWQT+yxIlNvIt
2bkgvsirDs1DLmyKzwcmPAChPVmMPU3EV1KIREfkYkqewPk1GnTg1yAmeUPmMA1LSvOUCzaFhZoP
TSRD0x11+TwNwiRMYkTfRGGUebkzygPMZLyNDIhtHg55gd+IZBDDXIJxCZKdLJ35Uq5YotqVSRxX
1Pi0UZBFDpT9hR9WKNY6lEGO/t7AbwlWSMVw08nRAqrNWaj0CIyyhrg7UrRchNgzXJUmPtHedEOu
MQSypY/TngSfn0kAYVKqjnM5eZ6U5zkEHsTofB7DBFoslsmVNbGAgJ+Au6ni4/rBCL48vMSvJjVk
yBeZD4PCHRO1NYWhc8clJlzxEgCnNZXlbEi0heWFa4rOeWBU6FBxXjoT5Hj80A/PVGqJyOmhajqo
ugP0E2Xlqg7xMVrQOsGXUXl6TosqDELvjMVQaTcwAgWY/sTZPFuJXEG1lTB5F0pJrxlUnJDJeRTL
g4VkyHtenM9lPOhpgVXt6tT1y1gt8y8yxfY4EjA0Y89iwESBfIlPXpQv5zZLAfKMKiG35tMZXoZt
0btiVCgrJ5IHsE+lPfM1koUk8oiBkxxZN8uIgUvOMDVxeOHozgpGMPsAIOL+AkagfOFAxDjgJ0Nk
ntmo59JEzkqgkKR+5OVHWPKAjrKvdvNOE+fAb3EFa5f8m9cqkD/rfEnrV2Qqtlco0qR634PDwLox
dh25aJDfluKrAasyFk/oPEMnvD7mk018AQx0lelWVV/I5TqInwRvY2FWENmrlLhLjs/2J7vmP/r1
7vDeqLfv23XzH8Y/HKyH+DjfwvvgNgbXvUFLhGJx1OluiyJP3GJQ5+pihGNuARvLpTReevC1MOg1
e0nE1+GyOA/K+QQlLm5O8IgDfPjHIHG9JckN1shvbIAviGr2zTEPNVwUb68xyXilIL/xqlAavLRU
ar4w4tNbdg+BL5FzO/sGZwcJn8eARaYu1OVLUcPxdogXVIGZh0gjYswIlJw/FCNxEatr9Rq7T1mQ
5C8UHkCFoH7czOGve5fHnju953fwCgo4RZAkGimydSbJ76Aka2sfTROfiCqOp7b8ElZBwZtXgUNj
jRYvozTkb2O1+fYVtvzIb9kiizVVIMXjUyCtVtswzKH8UC+mK7UR0PhW/gol1T7xNne0I187uaCJ
pjiWeg7eC1do+Fk3zYw4SJypRIJ3/f2puJmntvKXYDn+cTn5ixSnxqMz3eJB6j241FUpo8NL7Qon
vOaNqkTRWdqVC70XyvR3zasb9YNxLX4+wR3AFIvwCxKNR/n5NHyyzsBvA9ZrMO/JeEybZ8KAOcsr
NpOLPRrfhR9qXTF2Md78fK7Zxp2L79pJUfjYWRresAAKKw1Wxa/hEDV80OYOXyDXiEvKrzTl48Zf
3Eg8ZzPksn7BGuxyxFd7yqu+fv0/DFRm4Q==
===END CRASH DUMP===
