PocketMine-MP Crash Dump Tue Oct 12 02:21:40 UTC 2021

Error: file_put_contents(/home/container/plugin_data/SETVIP/time.yml): Failed to open stream: No such file or directory
File: pmsrc/src/pocketmine/utils/Config
Line: 241
Type: ErrorException

A PLUGIN WAS INVOLVED IN THIS CRASH
BAD PLUGIN: SETVIP v2.3

Code:
[232] 					$content = serialize($this->config);
[233] 					break;
[234] 				case Config::ENUM:
[235] 					$content = implode("\r\n", array_keys($this->config));
[236] 					break;
[237] 				default:
[238] 					throw new \InvalidStateException("Config type is unknown, has not been set or not detected");
[239] 			}
[240] 
[241] 			file_put_contents($this->file, $content);
[242] 
[243] 			$this->changed = false;
[244] 
[245] 			return true;
[246] 		}else{
[247] 			return false;
[248] 		}
[249] 	}
[250] 
[251] 	/**

Backtrace:
#0 (): pocketmine\utils\Utils::errorExceptionHandler(integer 2, string[112] file_put_contents(/home/container/plugin_data/SETVIP/time.yml): Failed to open s, string[73] phar:///home/container/PocketMine-MP.phar/src/pocketmine/utils/Config.php, integer 241)
#1 pmsrc/src/pocketmine/utils/Config(241): file_put_contents(string[43] /home/container/plugin_data/SETVIP/time.yml, string[11] --- [].....)
#2 pmsrc/src/pocketmine/utils/Config(171): pocketmine\utils\Config->save()
#3 plugins/SETVIP_v2.3.phar/src/MCPEVN/SetVip(173): pocketmine\utils\Config->load(string[43] /home/container/plugin_data/SETVIP/time.yml, integer 2)
#4 plugins/SETVIP_v2.3.phar/src/MCPEVN/SetVip(26): MCPEVN\SetVip->tick()
#5 pmsrc/src/pocketmine/scheduler/TaskHandler(137): MCPEVN\TickTask->onRun(integer 76841)
#6 pmsrc/src/pocketmine/scheduler/TaskScheduler(179): pocketmine\scheduler\TaskHandler->run(integer 76841)
#7 pmsrc/src/pocketmine/plugin/PluginManager(654): pocketmine\scheduler\TaskScheduler->mainThreadHeartbeat(integer 76841)
#8 pmsrc/src/pocketmine/Server(2389): pocketmine\plugin\PluginManager->tickSchedulers(integer 76841)
#9 pmsrc/src/pocketmine/Server(2152): pocketmine\Server->tick()
#10 pmsrc/src/pocketmine/Server(1992): pocketmine\Server->tickProcessor()
#11 pmsrc/src/pocketmine/Server(1586): pocketmine\Server->start()
#12 pmsrc/src/pocketmine/PocketMine(314): pocketmine\Server->__construct(object BaseClassLoader, object pocketmine\utils\MainLogger, string[16] /home/container/, string[24] /home/container/plugins/)
#13 pmsrc/src/pocketmine/PocketMine(344): pocketmine\server()
#14 pmsrc(11): require(string[71] phar:///home/container/PocketMine-MP.phar/src/pocketmine/PocketMine.php)

PocketMine-MP version: 3.24.0 [Protocol 465]
Git commit: b54854529f8a1366e156f8ec32e02635ec670e95
uname -a: Linux 70ad3400-c5fa-46ad-84f2-694f522c3898 4.15.0-159-generic #167-Ubuntu SMP Tue Sep 21 08:55:05 UTC 2021 x86_64
PHP Version: 8.0.11
Zend version: 4.0.11
OS : Linux, linux
Composer libraries: 
- adhocore/json-comment 1.1.2@fc2f76979f0a44a5f5bc2a2b600d0762fe0e78e7
- daverandom/callback-validator unknown@unknown
- pocketmine/binaryutils 0.1.13@0abee38d4e2861621f262c79a2a3d699d8a697f4
- pocketmine/callback-validator 1.0.3@64787469766bcaa7e5885242e85c23c25e8c55a2
- pocketmine/classloader 0.1.2@9757928424652393b178a3760073113aa7c9911b
- pocketmine/log 0.2.1@830b44a2cf96ef703c550abe64302f230231ca49
- pocketmine/log-pthreads 0.1.3@e477ecf6ec214fdd4415ea1da3fdd9d73bf699ea
- pocketmine/math 0.2.6@43057cb8c179a9859677b496a788db922fd5cfc3
- pocketmine/nbt 0.2.18@9f82ca4d7f97fcd9a566e44b63c4f18a7657ae82
- pocketmine/pocketmine-mp 3.24.0@b54854529f8a1366e156f8ec32e02635ec670e95
- pocketmine/raklib 0.12.11@9cce458b8bfde3e4dfdbf70c659fc7b7fe26b5c4
- pocketmine/snooze 0.1.5@70b5e7937a06878dd321a3182ceb76d56298f2cd
- pocketmine/spl 0.4.2@6b08b7cf8c4afa17139c9a1b3bf1b408531de161

Loaded plugins:
AlwaysSpawn 2.2.4 by Philip Shilling for API(s) 3.0.0
AntiToolBox 0.1 by NgLamVN for API(s) 3.0.0
AutoClearLagg 3.1.0 by Twisted for API(s) 3.0.0
AutoFly 1 by PIG for API(s) 3.0.0
AutoInv 0.0.10 by JackNoordhuis for API(s) 3.0.0
AutoSellUI 3.0.0 by LetTIHL for API(s) 3.8.2
AutoXP 1.1.0 by JackMD for API(s) 3.0.0
BuonLau 2.0.3 by PIG for API(s) 3.0.0
BurgerSellWands 1.0.1 by Heisenburger69 for API(s) 3.0.0
BuyVIP 2 by  for API(s) 3.0.0, 3.2.0, 3.9.5, 3.9.4
CoinAPI 2.0.9 by onebone | Edit By SenKai Official for API(s) 3.0.0
Crossbow 1 by SonsaYT for API(s) 3.0.5
CuongHoa 2.0.3 by PIG for API(s) 3.0.0
CustomAlerts 2.1 by EvolSoft for API(s) 3.0.0
CustomItem 1.0.0 by Phuongaz for API(s) 3.0.0
DEVirion 1.2.7 by poggit, SOFe for API(s) 3.0.0
DanhGia 2 by PIG for API(s) 3.0.0
Detu 4.0.0 BETA 2.0.9 by CLADevs || GreenJajot for API(s) 3.0.0
DevTools 1.14.2 by PocketMine Team for API(s) 3.13.0
EconomyAPI 5.7.3 by onebone for API(s) 3.0.0
EnchantUIVH 0.6 by UnknownOre for API(s) 3.0.0
EnchantVIPUI 0.6 by UnknownOreforsource|RBpmmpformod for API(s) 3.0.0
Fly 1 by PIG for API(s) 3.0.0, 3.2.3, 3.1.0, 3.2.0, 4.0.0
FormAPI 1.3.0 by jojoe77777 for API(s) 3.2.0
FormImagesFix 0.0.1 by  for API(s) 3.11.4
InvCrashFix 0.0.1 by  for API(s) 3.14.0
InvSee 1.0.0 by BlockHorizons for API(s) 3.0.0
JoinMenu 1 by PIG for API(s) 3.0.0
KeepInventory 1.0 by KhoaGamingPro for API(s) 3.0.0
KitUI 1.3.6 by Infernus101 for API(s) 3.4.0
LoadAllWorlds 1.1.2 by  for API(s) 3.12.0
LpkCuaHangUI 0.0.5 by phuongaz | Moded by LamPocketVN for API(s) 3.9.0
MSpawns 2.2 by EvolSoft for API(s) 3.0.0
MaxEnchants 1.2.1 by Xenophilicy for API(s) 3.0.0
MenuUIVHPIG 1.0.0 by PIG for API(s) 3.0.0
MuaDetuUI 3 by VanLXYTB for API(s) 3.0.0
MuaSsp 2 by NoobPvP2k3 And Shin1134 for API(s) 3.0.0
MultiWorld 1.6.0-beta4 by CzechPMDevs, VixikCZ, fuyutsuki, kaliiks for API(s) 3.20.0
MysteryCrate 9.2.0 by JackMD, DaPigGuy for API(s) 3.9.0
PHP-Sell 1.2.7 by Muqsit for API(s) 3.0.0-ALPHA9, 3.0.0-ALPHA10, 3.0.0-ALPHA11, 3.0.0-ALPHA12, 3.0.0
PiggyCustomEnchants 2.4.3 by DaPigGuy for API(s) 3.19.0
PiggyFactions 1.2.0 by DaPigGuy for API(s) 3.13.0
PointAPI 1.0.3 by onebone | Moded by LamPocketVN for API(s) 3.9.0
PureEntitiesX 0.7.0 by milk0417, RevivalPMMP for API(s) 3.19.0
RedSkyBlockUI 3.1.1 by RedCraftPE for API(s) 3.0.0
SETVIP 2.3 by MCPEVN TEAM for API(s) 3.0.0
ScoreHud 5.2.0 by JackMD for API(s) 3.0.0
SellCommand 1.2.7 by Muqsit for API(s) 3.0.0-ALPHA9, 3.0.0-ALPHA10, 3.0.0-ALPHA11, 3.0.0-ALPHA12, 3.0.0
SellExp 3.0.0 by EzMinh, LetTIHL for API(s) 3.0.0
ShopKeyUI 1 by VbeeMC for API(s) 3.0.0, 4.0.0
SizePlayer 1.0.3 by  for API(s) 3.0.0
SpiderUI 1.0.0 by MCCreeperYT for API(s) 3.0.0, 4.0.0
TableSpoon 1.0.0 by CortexPE, Xenophilicy, HyperFlareMC for API(s) 3.0.0
TempBanUI 2.3 by SonsaYT for API(s) 3.0.0, 4.0.0
ToCao 2.0.3 by PIG for API(s) 3.0.0, 3.2.0
WorldProtect 2.3.8 by aliuly for API(s) 3.0.0
capdao 1.0.0 by Nguyễn Công Danh (NCD) for API(s) 3.0.0
cayphattai 1.1.1 by PIG for API(s) 3.0.0
iProtector 3.1.1 by LDX for API(s) 3.0.0
tichluy 1.0.0 by LetTIHL for API(s) 3.0.0

----------------------REPORT THE DATA BELOW THIS LINE-----------------------

===BEGIN CRASH DUMP===
eNrtPQlz28bVf2WH7kzkDkESB8+OMpYlOVIjWfxM2XEbZjwLYEHCArAIDkl04//+vbe7OEXrsNhO
p5NkWhEPu2/fte8CsPlXx+NJSLNP1yxJfR51Zla3k/kh68z0kWkNBkNzMOiN9MnEmnY7eSxvmRPL
6g0m4+HUHIwnI900u52AptlxkvCkM/tXJ9vEMKwjro9vHQbzAHe3E7I0pSu85fkB+xTn2SeHRxmL
snSvv+Yh6+Ml9SOW9OMgX/nRJ5dmtL84vvxwOu/j6r1NGLyckTcUELgk44THLCJpljAazshbTtLc
WRNET3hCXD9hTsaTDSzu5UHwBuCwerymyazfby85584Vy87ht3Y+7+Ggfpo4/ViAQwD388wP0v4h
jzx/BQNiRKtQhjj0nuEwNABYZ2ZYOsg4oQ78/rXzYkD2gJ9q0nIpZi2X7/HPbMYaQjyhkRuwZM8H
qa1YQowu8u5Hq1913fiN7FqsJfax+RvZmdS6pCTf0l+CYF7o5EH57eHY2RYOFYUWUPgEZmty+41o
mkZ+/a2H/whyjEeQo4/17XqT97UfU3rN9gQ6k0hCUkXEp2ujZ1aSOj+cH39421+w7IMfA17zfrwB
p+53M10KXhBmPYUwYwR0SdByKWHaj5nvXEkmh9tlljpr5uZgsv1Lml4V5qub4xqyS0CCd7UfefQu
j0rjHo8myj5Gj0G+KK5AhtOWDMuRsFpFh/ZjsnW58fblpLD6c/HnnEbgypK90dC6f62SLO3HEDR0
uQZX5Z4wmmQ2o9mW1SfbV1+wBLz0nmFO2sxJupbLBmFSN+Xi6ZaFpvcvpA+N1kLyTl3r+uBeHPp0
eh+OecIdCAk8Ucj0+5ENJ6NvIEszEKdC8o3NW7mpPVO3voHnE7oV2Fu5k+1x+zPEDvKapuwQolt6
BvuOJV2i4Ft26Dmo94yvVjiq8C6juxu0vGlY39q9aV/yYj7Mi3XH/KS0JAJLItjT0Vkl7PccAmLh
PMb6M3x6NQI9+svOb1+7HfbfHf+/I1ADU4oOP7rmwTULgVZA4kcSc6e4DzBJJEAc7jKUgmEaAF5m
xb9/UbySfQI68mngf2F7f8nWfqr96IilX/4Nphum2ZhmA2tX8oZVu+GAXRJJ8Wx2/Pb9+UwMGX5r
ST+MAyBsb9lZLsEzRctOl9AkoZtPV2yTtuhQhIy+Rci4dsNlHs2DTC4/aczI1gm/IRG7IcvlaXQN
HLuLjGastAmgRrJA0GSIn5I8uor4TdQla5qSiGfEZqhflqE68dplGQieucuOInJaLvkVr60BXIsf
ennjrrUpdvFGlxRSkggto0BQ6aGQzppGKzC7feLRIGVyuFUMr0SfsCxPIgJ+RI0pBPmVwbR/CdC4
PbqGspCiZEgyKH4PC+aGkrn+X//a+fpnNvlnNvlnNvlnNvlnNvlnNvm/kk12OysGU2mAiVREsevU
aaABemyQZdW46pg9w+oNEJ77gQvp20DXux0//eSy685MRFfI1hKecYcDWms0hEV8zObsoTUZWkNj
6k2obo5GTB+OvAlzTIMNjJE5ZM5oPGDTIeDOFS1nfpTfkvGAutgl05yhRzVrRF1tYnmGNppa3tAw
HNhcE2L19GFvoOnDqSZ48h3yQh+Ntfd2HmU5WZzPyWXOyILFxNDJYDIbDmeDIXl/eUiMAUBuJ6NP
IwszzXUMK096g56uw+UXFgGXHau4htufeFrQBgBxEagLh4cxB2V+Cnw7oYnPUpQsddcgjYT1P6c8
0mCMym/1nt4zXnmO4Y1H0/HUG1DLokNvaDsGNezRYOAOxiPDYwM2nrAxoHchPCXgBnnYd2gQ2NS5
0kS+RzMsCToqrXul/iK5lfZtP6LJRpg9DAV2err5akAh8zMnrsWMyUgfGbpnjAxnPKUGNd3RdOpO
KJDmWU1UWxfXQUTmq5E1nowtmDMa2Q6lYzacTIaQ7bHJ0DFMxxiyiTMcUqOFEDdrIDaros14NR0P
x1NjYkFeN4T807T18YSaYxDL2NR1E3A706mu201MAV8JDEZPfzUxBzZI1HC86Yh544EJKyPDI8sc
GJ4B/2fqDoXMr41BizPh8QtBma+YNR4zxxsxx9Atz3UtSx8yqrvUhIupOzZtD6TFaBNVSLO1omb0
ChYdjh174kCko9PJcDoaj21rOqLjycS1p4bhuUPHc8wmisjOCn4mr2DrGECwO/ZAJ447pUPYRpZl
j0zH8vQJHY+GY8omLeFWP7UwLrfwqyfsxxqyhF6BbUu5AE36q6njMGs4sSe25zKTWa7n2iBrZzSc
es7YHnvMGNlDp2VBacT5F6bEO3w1HthDNp6aYzoYTcYT1zUNnZo6cMvs8cgdjozpxDMct4UkDgQG
C6xlZA8m9tjxJo5FPQqJnjl1plS3QTG6bQ0mQ1N3mT7SO1/LalPszYPghm7SRUxhu1ROsA7tdirv
Z4AekBOaZ2uepFgMzNd+4MdkAX/AC6zQqdLYxzsmbIgBXrOI2pCid2ZYqsAuZpCno239CvdS7mVH
dQDmG6J5jmhThXW5pIKiFClaLmVYwxIafmBRfHnw7vI9eusbZqd+hixgxXIQZf4l58Frfltnrgat
MweqaLL2dnVGww9vd8WSQrdc1gi4y8v8YnH5y8W7s6MGNxBC1rndA9/ZL6hC/vKMHwaQlp3R1arO
YQNe59EEcxs0uby88VOodHfFZSbRgcaACAeJCIAIYLpF073srrMsTiHG19hWZB6kmyAPzw/7TXxK
GG+CTUsMCKkLoKXi+elPu2JcrSZTqocYLAg+ja5bBCOkaZVgly2V/R1iz1vOE3ed++mu6P8MSKMC
qVSfH11LxUmiHsXRggXB+9MWUwrYtMRB2xLPWHZ5enLWYGjSM76XIYXuaQr5OG+R/nHetJ+7Gwi1
cX60KzVIbFLsH+ePI37LdpFo+ooDYO51zqMzmte4KyBNBw9JzL9ti7x+gjJe5wkUJWg4v1CBp0Z3
805TPXe8+AnzUxbZYtJo+iRWOsdQXvBwczA/7dzDVnOF5bJF4FN43mBzt87qRnZ7axpqcNfmpovZ
jfo77Q3VX+u7FSbWXy4D7jyei0PwGyixio0C0ra0aVNTPGI2/I/8QY5dH6rYDZQr0c/UJxee5zs+
lGk7skO10HLpAGGAEBtVBYUPs5fwNLX5TZ2/AnRPpFlAkU7/cdliYfi9LCh0QLla+wn6gX2/OuG0
zkAB+s/5gsOTp1CcZjw8CFiSpQ2qa+Am5S3hH1/zYAGE7Iz42sqggiYd9ySlhaO+ubnpMaAJ8fey
q4rH04yFdzgUwLaXG7TTcFQh/bJbDnHlx6vp6PiDnwgKSwZKUJN8ozdukh/zFXZJup3FxRu2sxpC
IF0urwUJy6XLil81sh4oIY5otP7Jr++VAvJtp7zLbfLBZuCn1JpPUAXL6qFeXNYJxn7OgLw+vjwg
Wxzx4dnBEbtOyR9/kJ8SxqK/0898d3tHIgde/Ego4/E8XWPVlDb4UqBWigYVcUsjZVePXDIaNnjR
ze9npiAAVFSR8ggHUMvUKtL6JQ7gtpZ6VPzWgHWOh71x21OrELfziMkkBSJoNqh5UH3HET7YzN6f
fjipc1SDNsueUZOh97Knd5HsjKcKI7BSkPF4c1RTID9qlDsN8CM58gDC88Rhf7x7HYdhjK9Lcnf3
fOolox/8+Cm8Nuvq76ipZV5qir96I0+1nsPak+rtNyDV5nYqIE3vYbZj62f+mbMx/tPgy3hGrV1i
XC4VEeWPx7JyGtIVS9/4ty2GKvidNsI3Swdd//4aIcx/TzHKotH6Ym3Pv328Vk6j68OEpusmI3Xo
E9iwvl8lBRt+dO3gyoKJxzXnFBsLxpocIOCBtO01VFZXJzzxv0A+v7Myu45UvBOzwCTi8cz8Haqh
cxbVM4gS9J9ppn1+Qtr5M2Mx8Mgi8QpWRXIT3lJEk/Kf15z+REM/Ws0TviseGkiXywY5T+DOzxrx
RV63PVYrtJxGHkuiPNUHeoObZ+yPGkrgxX9SqETLOwiCX3gSNDo5TXi7zfbtTof+DNd7xSPQiANp
FrY1qEuD4Eas/wR24qvDnJ7QaNXQTAPcdlrDVr2jyjXyBznnLnOJvSFnNJS5YOuRw/ShLlUVOKo2
RiM3m/ur1UZWdCr+p517n71I4rCyVfw8Xjjn4qlRXcsFpPUg6d9boatFge5y9e+ry8/pbSmzGk81
aLu0bXnFjyzi4mmWs9kVczWUqJiSlMbFo5QFHh1Tb/TcNeZq0IfaDrtz+SGs+gQzyykWtY0NWMEa
DxqaFH+g0dnHf1y+3lmBDqW5QAi0y/WfxMQijZscIOCe1sJbzu359dy4MslB5OJj10jXTWtn20YQ
8BQOgswX/rvBRQlsms+oN9BsltHWI+TDL8xZz8+xKwA3Pvi3/tXhP8W3VJs8S/MrH35f0cD3r5op
kvEMRh1cMw5d0YkIkWARBVCJNeKf+tSlxkm/hggFtUkzlmwgqc3qWWIDXBfWVJVHd58zYU8KHPpP
+eZJUeIRj5zqxDz3wVODMeB/fjLX8IlI/U2rAvRAb/BcZOZtC9cOzuYnB1NRSZaX+qB1rbeujeL6
u/vuQDC+ifn4LbIt+NaEsOVuM1Ba7dbOVvXrz9B/gXC53ELNVuB32EWxSH8Lun4ppzfUwVfG70io
hLdtZfAY2Ty5wddMn8ROVpBvZFPdzsm7nw/XVLSw8V23k1z0b7ZLuOCmdflsqZaIUJyQCmbNdkcJ
agd181vP4Z6dmz6mpRgjWaKhWCPwgbb8PE/YcZT5mc/Sj3UWG/BmEj5uG0voB1cDS0d3845d+9c0
mJ+fz3e2rRKJExt6wGSOjXRJGDBaI/PJDeMarf0mv1+REXdxtREdgEZu1IS3XwlqpawwGBy3l82P
d5VXVBiXyxopy2Xx6zGeVH37VDFVfgxV95ctY5Yv7JPL44PznSVJjQ8KHkV54RJqtBegZiPf+M+8
XVKsXv16FBsQ/A55GNKowUkN+r8dynHG8W3c4h0hD7zZdPzl3I/WXbLtDadncCDRLpfHH+eLNX9C
2o6jf2abhoeoYPe0+PBx5Pnhlvb+w238Wpui5ucbeeJ9zTS2QQKf0olY+F/YPKAbltS5rID3R8Ed
qUisd4brwVYrfz+K/Nh3WdJUUQF6oCo/PzyEaBOz5M77Js9+4lKQ8Hg1XOIii5g33guoAR/g5ZAn
GbuFSNRtdFIg4doAg28CmmwzyF00Vioa678fzk0uWRi/plFDcxXs3mC1/SWh5yuteFmoJOMJ6uOH
lNc5Edff8Z5Q93mPzMS6kDmd/vR42kX1PU84fstbY6EBbumjN2lyQgM/D3bWuJPYlkvRa4glBW12
HpkFnud+4vkscOvfNxRfYmWw/fshRdfab3ALQnFo7DY0qgAP7MO3Kyhfcp05w4gcLvPBwLOiFcEX
U8je28Ojl7t7Sz7fsOiQRyvEvVyesWsWnKaBzC4eVLlDNzGUYRn1GxyWwPZDhn/fIywnzh5vqb5S
EK/HqhrwgYT97OjjrsgGVMtltfJ394EAj4aJcr/GBX5E7jvrIK8/pisgD9jfjlMntepjNYQfzdAE
CIYdJcjpbfneEOZoWsS1G/8LTVxx5fop0qbRKPVFeiM+dOzB1ofgJaq/WefFvLxSRy2IL8aXyTJ6
cc4jcuFkRNeJbs4Gxmxolt/s4QCJT4shSO7rU900a0A/3scnT/AvAkOeufsNmon8ghRv3qyBUS3w
02yfex5CaBTxPHLQpWDColFn7TN5MkW6DxERl8EHK5ryYqC3fX0kFqK3alK6b4ilVyC3kLtsX1x5
PAG0JUytB+JzsRIpruPrWC3j+vj2bx5km31DYBOfbII5aSnLMj9apfsIDtBPaGhT+7KTW8JSxtza
EDwDYv/o+M3B+7NLhErr0X7PIQ1VSypQ4gBTih783YtpmgJyd/+v4h+QUp5xDT+aVxOvfXaDOs8o
iG5/gqBbm99qaMdqCDiyVU5XbJ9Fq+0a3KK/5qeM+Fk82g1B2yXyMI0cRAI6kGeSgIhJQ9VgSeRy
zVJGCpkRyJtItmaER2B2GXhH4qDO8SgM4kdOkGPnx8dDMVoWi7gWPISZHiJo40ypx7qEw50kRZRE
HOhBNjxPFC7iewRU70P0whVA63jICYRFQPyW3ZTo+urMj5Tc8OiHjNA4ZjQhKPMQmMWPMDdIIZ6a
Ifm+WbOI5PEqoS4g6C0jlKVENltGhLz4Zc2QMDwsIgWXQACF+rAZZJDAJg2gDHHlbUFqwGEZcchL
wDIhL3yJ1GFkLb7GR0iImKVRF7qdyWM28Ea6zjOXwz5Rp9LMyLIj9x1xAp7iCSOCsoMg4DcEdyAQ
UxxxQK59Sv4PDRPHCAstQvxMnPshph4La1VzCNBFcCMR0BgIBbHZG6JEieOVcZe3a8S++MUHgfAI
5EpdlyQsleJHseK37yRkNM0T4QXwGBWbIdEgHPZ7TgMU28q/hrHXNMgZ2VOLgrN6idjlirCtGBq7
BmLHz85ncFus/TYPbZAKWNVBuokcPIYAFJ9cgR31xID3IC1h2gWnOGydcHBUoD0YnnaJ2PpEuQjY
D12CnyQDIxhYhGzAqyMszCOwIBwikS+EeoEnsLKE3/pgYQzEACwJy41K4lC2iqBTTxwZA2PQJrvE
z34A8WWJmCZPkBEm05pM9oCHHPaNIcQi2NAUpzOBqm2rVBhHkkf46gJaIMg9FkoQX6GnPXLErtVv
EvqrNWxmfIepW998ynBQIkmSx5mESoGhYEKgTfEllAubUnyp7coNQa+57wLZ2ylAG0Gb4yBosK5e
zdBgsCYHlZYGQQKcf7KRm/KngNtgPRipiYTDPgj9DPd2yFbU3mQgcbKQoh4I4cqwKqZfotZufCF5
YVGwaW80iagwslRw6PlAIngkhi/hIBoP0uRiSWnkoK0ctylZcVAUx22KVoELrQSZmiBtRgbIBawu
XLD8Wvq/ngNMfe6jH2Pw8+hPMx4LEpT7LElS6FIC7gOjKPi9giBctaBKHxiWIkw4gV/ErlD0pT/s
gEKxLwRJ6DGIk0PwiSD4EHbLnFw4Xy5JljsSg1U5mt06kEukFUfScV1cHs/I5cnpgpydnp9ekoP5
/Oz0eEHmx+8IJJM/H7/rEhhELi9g1DH55eTi7JjM310cHi8WvbYLaMjDGI6UOOYs8bkIyOiIU2TQ
WTPhkoU0Smerg+whJXCFbxFDNOytSTcrUEGOCXyCgwZrQn6/ZWzSyCA1xAAY4TC1mMAskYDrrRy5
jEhijQuMIRjnxYTe3dFoCypvB7XFzMF0QEoWyZV6lXNLHsC8WJxWrJoDxWv6cjtJinNTcb6iiQ07
Q3N4EMiUVTig7dIVWw3JUbOImgW+O6RRLpKPOiWQmOVggy+7RUxoG2FhhjK8eh7gkvyG1RbskQvp
86XBQ/bA88AtafEhiNxEpKI/lYhjQT4wOhoMFK+w2hvhLO4ESWE6EkPJm5fwsAi2crYaodVNs65h
5EZp8o5tkC0m1bCORZEwosoSLj7xLwzZzcNYZlcyhSPqhoY3Cn0d4SA1QdAuyCw4gCsI87DZ6RYB
Q9CGwAcrXONJcGnO0DFka9Daqsg20WnhahVV3UKRMkdQSWVPUoNDvyknrIacdR5dpQXthzRGqB/m
IcRYCK94gKCsGFCRRNZOkopKrrhflCjFjrlrY5Bsx4oisaCGWXAOQdcqNXbE5a22TWNuhF5P4peD
iy0kcamBdc5E5qA5UBiykrcjIEXkKpA+ovSAOplgSCwxxZqEyDmSw4o7mKbkqWpmtTIOrrJdFCB+
9V/gvR/VfXa4jCKWocJmKkRAarbmgUwxbZpBwYuZuCA5xVPIiAoywrfJykfdlaHFZmWyKcPbi7qW
ilvoVpNNhsi7RNNrChTKEwtrWUGMCgHCa1d5rChkMYV0JedYy4hEHycDUJHVIyeQC4It7YvkjhzO
33dhLtBgw/668V0we5ErSO9Z4tcE/hkZFWl3lZGnQjq1sT1y4IKjWtPA6+M7A6JMcBnYsFoKFiXY
XEEDq23EKuzVkNVLkeNb9GqYYtKgR5CI9/NoXiTbVQGItQQSdQNhEyfmcRRr6rpV3ZyrXZf6X1ip
T0zLCzWmGPBUygRpuzSPWmi1poac9LJH5mpOQPFjb6ygVSWqbEGs6CV0hSyATkBsaRyIjAXLyxCI
x81OE9TTYeBjY0XUy3jiFUszcn75XlCaAkvItp1n4mhKocpqOVlc9ApfE2a5hrNmglq0cpfZ+WpW
FCw/Eh0LFZWurWGrivtElaepLKjRkqOUy8ClrEFHZNI5SWyHaw4FLFpgUaewohIVHgxP8yMpvS48
JfZJinYS3quVsECY6N3JhEX1Iz5zP5LFsGgm/UA+2vwWrT4hp0dk7+P706OXwDOYPNAA42/A3cf4
0gWEOjAMrF8SKF56VQYIlsDFECHsCCz94+uzAr+qbWqQH8Ri2FISQROyDyxyRRgWvPGiO6JCSK3V
43liWbjnexvtNvfdilsKaQo4N0azwm0C+/LksKIKEBWkIhTMBpJOkZFF3MGzdsRcsJpzugGLwUoy
5NdFUY4RTYUB4Yq14p5cMq0cYNEdqzdILkWHQ5q7PLRf6kKMVbadp6rT4sBGzqSrU3M0OWdGYsiR
rv0Al5FuXLkotQrGITzktKgTIpwWtMNhtxjVaKttbUpJJR+EPMcd7Ml4ozY0ilKpGOMreijRjgAz
xN8iQMLkdyJc1iYLxiMmy1+bSWQ2fqwHv7H3KSLcurB3YeKiJdoIvJJ9XKhkH/wQoW1SY3muIKzG
IKZto3KwnUyaACawj2LbAbHFZPxbUmOKvYzNAS2PwX5ZWvON4qAesZDoAte35pFYzMaXdORZuShP
lqCmiTyMjSjuiGqmFAFczGmwDvg0YpAXZAVlWFqJp2rYlBLq3RWRck031Bd1GrhJKGKkbmIe50Fh
jOoCI5kYoxyiKdyhSPC1WDkxjCXolyDYqdRZtHRli2qmgjh21ETZKMEyBip94eFUZa+jtsnR3jU8
o7kFKrdbExyvIdv0eE0jsMs0+VilHLnmqBlBSg/fKuv5XFAMjmwTYtkDGyTDDqKTVqRjLafuk+q+
YEE4MbpaJVBAy2aZ6qzJBgKe93vV5k/QBzv44ugCD2fUlMuXkQ+dwg2TuTUVJzLjiqkgvGJAwHq1
djYE2lLy0jSlcu4IFRQq7ytjghiP5wmKSFVPEQWc10UHWXeEdlLrXHXBP8Zr2iX4RroIz1mZhYHr
9VgCmbaGHijC8CfvFtFKxgra6ISpx1e18JpDxgmRXHixwlkohELz8n6xxh1NS17rqs78sPLVKv4i
UhyPOwFdM2oWHSYuKFp8alLRzu1VC6g79RUKad4f4ZXbltqVu6LWOVE4AH2m5Fn0SNYKKDwGFjkq
b1YeA1vOUJq4InH0vRIRVB/AiHy+gB6oaBxIHwf4lIssIhsNfJqqqgQSSRrGQXGFKQ/QqHQ1K5Qm
74HdYgdrRn4VuQrEz65oaf2GSOVXYmWYrD/3EGxg3pj4rmoaFA+pRDdgW8QSAV1E6FTkx6LYxBeN
gVYVbuvky3UFDfInwcdaGBVk9KpWnJE3ZweXM+Nv4+5weqt3zVuza/xN/5uL+ZDY53v4eoCDznV/
MpCuWF5Zw5cyyZOPGOq1utzhGFtAxqqVJlIP0QsDrTkbIg+hzZPCKRcFSlI+nBAeB/BAqHLEw5+0
EJhWPNjA0/SlzbwRrkYsJcY3kOQiU6idG60gmkgtazkfF2eQE3YLji9VtZ1zhdVBKuoYkIjtQ16+
kTmcGIf8AilQecgwIveM5FLgh2QkKX11p9thtxmL0uLF9UPIEOpnqLrim4/qOvDtW/EEr4TgyeVp
2gDFThNJ+jsQyczG2azyJMry2nbUgZslBB9eRS5NGrBkE2dcvBFtiq/wHPUfUqhG5EmDFAjx+HLM
YGDqujFV/5EDDFf1QQDLWGMhL2ucJLtyG1dh4+YaYlqDW0j1XHyIXoPh6bENMeImcW3FCb4uENry
YV59VLgByYkzbNUvUt5azM+aEo+y4M5Uvw6ZH100Zrj8kxjUBkplNWaum1qowt8nkd3Uz6UdiPsp
fhBfk4iYkDZwVKe04qtVOh5B3O1A3ZMLn7bKpQALlO+Yp5o9DbzrkDdUscD/hgP7eN6Qjb+Sx+eq
pfADroxfsQgSqwZbLbuGS6TwzpibxG8Zy4aKmYb6fvKLH8sXdKZirX9iDnYxF92eatbXr/8PR1LG
GQ==
===END CRASH DUMP===
