PocketMine-MP Crash Dump Tue Oct 19 06:44:23 +07 2021

Error: str_replace(): Argument #2 ($replace) must be of type array|string, int given
File: plugins/ClearLag/src/twisted/autoclearlagg/AutoClearLagg
Line: 121
Type: TypeError

THIS CRASH WAS CAUSED BY A PLUGIN
BAD PLUGIN: AutoClearLagg v3.1.0

Code:
[112]                         }
[113]                     }
[114]                 }
[115]                if($this->messages[self::LANG_ENTITIES_CLEARED] !== ""){
[116]                     $this->getServer()->broadcastMessage(str_replace("{COUNT}", $entitiesCleared, $this->messages[self::LANG_ENTITIES_CLEARED]));
[117]                 }
[118] 
[119]                 $this->seconds = $this->interval;
[120]             }else if(in_array($this->seconds, $this->broadcastTimes) && $this->messages[self::LANG_TIME_LEFT] !== ""){
[121]                 $this->getServer()->broadcastMessage(str_replace("{SECONDS}", $this->seconds, $this->messages[self::LANG_TIME_LEFT]));
[122]             }
[123]         }), 50);
[124]     }
[125] }

Backtrace:
#0 plugins/ClearLag/src/twisted/autoclearlagg/AutoClearLagg(121): str_replace(string[9] {SECONDS}, integer 60, string[40] ..cServer d...n r..c sau {SECONDS} gi..y)
#1 pmsrc/src/pocketmine/scheduler/ClosureTask(61): twisted\autoclearlagg\AutoClearLagg->twisted\autoclearlagg\{closure}(integer 11951)
#2 pmsrc/src/pocketmine/scheduler/TaskHandler(137): pocketmine\scheduler\ClosureTask->onRun(integer 11951)
#3 pmsrc/src/pocketmine/scheduler/TaskScheduler(179): pocketmine\scheduler\TaskHandler->run(integer 11951)
#4 pmsrc/src/pocketmine/plugin/PluginManager(654): pocketmine\scheduler\TaskScheduler->mainThreadHeartbeat(integer 11951)
#5 pmsrc/src/pocketmine/Server(2389): pocketmine\plugin\PluginManager->tickSchedulers(integer 11951)
#6 pmsrc/src/pocketmine/Server(2152): pocketmine\Server->tick()
#7 pmsrc/src/pocketmine/Server(1992): pocketmine\Server->tickProcessor()
#8 pmsrc/src/pocketmine/Server(1586): pocketmine\Server->start()
#9 pmsrc/src/pocketmine/PocketMine(314): pocketmine\Server->__construct(object BaseClassLoader, object pocketmine\utils\MainLogger, string[16] /home/container/, string[24] /home/container/plugins/)
#10 pmsrc/src/pocketmine/PocketMine(344): pocketmine\server()
#11 pmsrc(11): require(string[71] phar:///home/container/PocketMine-MP.phar/src/pocketmine/PocketMine.php)

PocketMine-MP version: 3.24.0 [Protocol 465]
Git commit: b54854529f8a1366e156f8ec32e02635ec670e95
uname -a: Linux 70ad3400-c5fa-46ad-84f2-694f522c3898 4.15.0-159-generic #167-Ubuntu SMP Tue Sep 21 08:55:05 UTC 2021 x86_64
PHP Version: 8.0.11
Zend version: 4.0.11
OS : Linux, linux
Composer libraries: 
- adhocore/json-comment 1.1.2@fc2f76979f0a44a5f5bc2a2b600d0762fe0e78e7
- daverandom/callback-validator unknown@unknown
- pocketmine/binaryutils 0.1.13@0abee38d4e2861621f262c79a2a3d699d8a697f4
- pocketmine/callback-validator 1.0.3@64787469766bcaa7e5885242e85c23c25e8c55a2
- pocketmine/classloader 0.1.2@9757928424652393b178a3760073113aa7c9911b
- pocketmine/log 0.2.1@830b44a2cf96ef703c550abe64302f230231ca49
- pocketmine/log-pthreads 0.1.3@e477ecf6ec214fdd4415ea1da3fdd9d73bf699ea
- pocketmine/math 0.2.6@43057cb8c179a9859677b496a788db922fd5cfc3
- pocketmine/nbt 0.2.18@9f82ca4d7f97fcd9a566e44b63c4f18a7657ae82
- pocketmine/pocketmine-mp 3.24.0@b54854529f8a1366e156f8ec32e02635ec670e95
- pocketmine/raklib 0.12.11@9cce458b8bfde3e4dfdbf70c659fc7b7fe26b5c4
- pocketmine/snooze 0.1.5@70b5e7937a06878dd321a3182ceb76d56298f2cd
- pocketmine/spl 0.4.2@6b08b7cf8c4afa17139c9a1b3bf1b408531de161

Loaded plugins:
AcaciaWoodHS 1 by BhawaniSingh for API(s) 3.0.0
AlwaysSpawn 2.2.4 by Philip Shilling for API(s) 3.0.0
AntiAuraBot 1.0.1 by  for API(s) 3.0.0
AntiToolBox 0.1 by NgLamVN for API(s) 3.0.0
AutoClearLagg 3.1.0 by Twisted for API(s) 3.0.0
AutoFly 1 by PIG for API(s) 3.0.0
AutoInv 0.0.10 by JackNoordhuis for API(s) 3.0.0
AutoSellUI 3.0.0 by LetTIHL for API(s) 3.8.2
Banking_vonfram 1 by Noob for API(s) 3.0.0
BeetrootHS 1 by BhawaniSingh for API(s) 3.0.0
BirchWoodHS 1 by BhawaniSingh for API(s) 3.0.0
BlazinVanish 1.0.3 by PIG for API(s) 3.0.0, 4.0.0
Broadcaster 1.5 by EvolSoft for API(s) 3.0.0
BuilderTools 1.2.0 by CzechPMDevs, VixikHD for API(s) 3.16.0
BuonLau 2.0.3 by PIG for API(s) 3.0.0
BuyFix 1 by Twisted, NhanAZ for API(s) 3.0.0, 3.7.1, 3.8.1, 3.9.3, 4.0.0
CarrotHS 1 by BhawaniSingh for API(s) 3.0.0
CmdSnooper 1.0.0 by HotshotHD for API(s) 3.0.0
CoinAPI 2.0.9 by onebone | Edit By SenKai Official for API(s) 3.0.0
Crossbow 1 by SonsaYT for API(s) 3.0.5
CuongHoa 2.0.3 by PIG for API(s) 3.0.0
CustomAlerts 2.1 by EvolSoft for API(s) 3.0.0
CustomItem 1.0.0 by Phuongaz for API(s) 3.0.0
DEVirion 1.2.7 by poggit, SOFe for API(s) 3.0.0
DanhGia 2 by PIG for API(s) 3.0.0
DarkOakWoodHS 1 by BhawaniSingh for API(s) 3.0.0
Detu 4.0.0 BETA 2.0.9 by CLADevs || GreenJajot for API(s) 3.0.0
DevTools 1.14.2 by PocketMine Team for API(s) 3.13.0
Disable_TNT 0.1 by  for API(s) 3.0.0
EconomyAPI 5.7.2 by onebone for API(s) 3.0.0
EnchantUIVH 0.6 by UnknownOre for API(s) 3.0.0
EnchantVIPUI 0.6 by UnknownOreforsource|RBpmmpformod for API(s) 3.0.0
FarmHS 1 by BhawaniSingh for API(s) 3.0.0
Fly 1.0.0 by NhanAZ for API(s) 3.0.0
FormAPI 1.3.0 by jojoe77777 for API(s) 3.2.0
FormImagesFix 0.0.1 by  for API(s) 3.11.4
HealFeed 1.0.0 by DafaRahestian for API(s) 3.0.0
HuongDan 1.0.0 by VbeeMC for API(s) 3.0.0
InvCrashFix 0.0.1 by  for API(s) 3.14.0
InvSee 1.0.0 by BlockHorizons for API(s) 3.0.0
JoinMenu 1 by PIG for API(s) 3.0.0
JungleWoodHS 1 by BhawaniSingh for API(s) 3.0.0
KeepInventory 1.0 by KhoaGamingPro for API(s) 3.0.0
KhoeItemHand 1.0.0 by S2TwKen for API(s) 3.0.0
KygekRanksUI 1.3.0 by Kygekraqmak for API(s) 3.0.0
LoadAllWorlds 1.1.2 by  for API(s) 3.12.0
LpkCuaHangUI 0.0.5 by phuongaz | Moded by LamPocketVN for API(s) 3.9.0
MSpawns 2.2 by EvolSoft for API(s) 3.0.0
MaxEnchants 1.2.1 by Xenophilicy for API(s) 3.0.0
MenuUIVHPIG 1.0.0 by PIG for API(s) 3.0.0
MuaDetuUI 3 by VanLXYTB for API(s) 3.0.0
MultiWorld 1.6.0-beta4 by CzechPMDevs, VixikCZ, fuyutsuki, kaliiks for API(s) 3.20.0
MysteryCrate 9.2.0 by JackMD, DaPigGuy for API(s) 3.9.0
Napthe 0.0.1 by hachkingtohach1,tungstenvn for API(s) 3.0.0
Netherite 1.2.1 by Wertzui123 for API(s) 3.0.0
Nick 1.0.0 by MDevPMMP for API(s) 3.0.0
OakWoodHS 1 by BhawaniSingh for API(s) 3.0.0
PiggyCustomEnchants 2.4.3 by DaPigGuy for API(s) 3.19.0
PiggyFactions 1.2.0 by DaPigGuy for API(s) 3.13.0
PotatoHS 1 by BhawaniSingh for API(s) 3.0.0
PureChat 1.4.11 by 64FF00 for API(s) 3.0.0
PureEntitiesX 0.7.0 by milk0417, RevivalPMMP for API(s) 3.19.0
PurePerms 1.4.2-c2a by 64FF00 & ProjectInfinity for API(s) 3.0.0
QuestPlugin 3.1 by HmmHmmmmm for API(s) 3.11.0
RandomBlock 2.0.0 by Edit By Nờ Cờ Dờ for API(s) 3.0.0
RankShopSystem 1.0.0 by zZPROGAMERZz423 ( Edit: PhongGremVN) for API(s) 3.0.0
RedSkyBlockUI 3.1.1 by RedCraftPE for API(s) 3.0.0
SAC 3.6.6 by DarkWav for API(s) 3.0.0
SETVIP 2.3 by MCPEVN TEAM for API(s) 3.0.0
ScoreHud 5.2.0 by JackMD for API(s) 3.0.0
SellCommand 1.2.7 by Muqsit for API(s) 3.0.0-ALPHA9, 3.0.0-ALPHA10, 3.0.0-ALPHA11, 3.0.0-ALPHA12, 3.0.0
ShopKeyUI 1 by VbeeMC for API(s) 3.0.0, 4.0.0
SizePlayer 1.0.3 by  for API(s) 3.0.0
Slapper 1.6.1 by jojoe77777 for API(s) 3.20.0
SlapperRotation 1.2.1 by jojoe77777 for API(s) 3.0.0
SpiderUI 1.0.0 by MCCreeperYT for API(s) 3.0.0, 4.0.0
SpruceWoodHS 1 by BhawaniSingh for API(s) 3.0.0
TableSpoon 1.0.0 by CortexPE, Xenophilicy, HyperFlareMC for API(s) 3.0.0
TempBanUI 2.3 by SonsaYT for API(s) 3.0.0, 4.0.0
ToCao 2.0.3 by PIG for API(s) 3.0.0, 3.2.0
TradeNPC 1.0.0 by Free for API(s) 3.0.0
UIShop 3.5.4 by SaltyPixelDevz for API(s) 3.0.0
WarpsPro 1.3.0 by nikoskon for API(s) 3.0.0
WheatHS 1 by BhawaniSingh for API(s) 3.0.0
WorldProtect 2.3.8 by aliuly for API(s) 3.0.0
cayphattai 1.1.1 by PIG for API(s) 3.0.0
iProtector 3.1.1 by LDX for API(s) 3.0.0
tichluy 1.0.0 by LetTIHL for API(s) 3.0.0

----------------------REPORT THE DATA BELOW THIS LINE-----------------------

===BEGIN CRASH DUMP===
eNrtXXt32zay/yq4yp6tfY8ki9Tbe9wTx4/YjR9aS0m6Xfb4QCQksearfNhW2nz3OwOAJEDLtuxo
s/ePdre1OARn5jcYzAxAEvyjNgtjn6bXtyxO3DCo7XbqtdT1WW3X6LU7vVar12s3zY5hDNv1WhaJ
U93hsNk3O71Oe9jp9oZwiUeT9CiOw7i2+0ctXUbQqDaBP4JWr/ksSegcqUkaX8cs8qjNtrZ3yX48
z3wWpOSNSbb+Jk9sEz9LUjJlJJwR5EZoHNPln3CtG8zrxIX2c/eWBcB5lnnesesh651F6LMdOwxS
6gYs3om8bO4Gyc6Bx2h8Ruc7SWzvpHdukjJnh2ZpaOMJj87nO/twlDebN6NFhJwF19dyAQ4eqAGG
NA2waQy4arv/rr1pkddy3AJOYDLVgsIi/x7+Sv4YHx1cXhyOv3LzsDmLSa9VJ7JBp/UraTbtMYuh
o4nTbDYDEgOBJDQrLwWjNpvLbdD8jUEiH9XCf6PQvmGpD2B2EnvBnMwD4x54YZLFbEKTm60eqiUB
WJaGwLI0CI0fH2v2hy0Yft3K1Qef6xpcGfM5ZVCLExo48HvLaPdBm7KZZRXtLEvRuvFjGFxlwQpx
7XXEjfOjLaM/fFygolnjx3iluM5qccJLdkb8zzkNYPjEW71u52lZhVqNH30YBZNFzKhzAlZOp4ym
K6R3V0sXnrJltgdVcEIvy9IUg3517VJ4skJQ72lBRtesCBJnBOctzqL/JAtjOHyKxSgObYhCYSx4
DZ7m1R30HuGVpGBMwWO4mseI/zyHn1tto/MIm+trCFQwOjM73QqnvzE7Je9owg4gkiZnIXVYXCeS
rl6epa6XWNY59O1ZOJ9jKznEjd6vpBoBi5Nm5+HJPAyJ8d56Hkvnge8JYwkGMmJsGRgMYvZ75sZF
fOobv5JoQePdnZ2qFqWAxvmoiY0eVwED83bt16/1Gvvv5JrNZQTAINhcu8Ft6N0yVAx4O2A1O63l
Z4FSZWGHDkPkhmHCWfLIP1+hpWG0H2khznZWnBVnug/PuLOtv6ULN4G4Iuyb/Dth3mx392z/4v31
0cXkdHJ6NL4+ODvavzo6/JX8z94esWpWbfsPzrH3iCaS55ylcuRtN36cxuD/NlQU50LSltqPVu2P
g8uPF5OvVq1O/gZGc1OXJdxAzKmTl+i4vf0Prlv/UTsM4Az/MVzRRIpKGDizk5C9nIChL76lHmdu
tipXfmVewtCa0PXc07Z0PgWEwgoTqLmSbfL3vz8FbnJ6fnR9dnQ8qVreNB5X/UVWz4sEbvfVKj+t
mDS3WXVbbmpTddWv23XSbcnmuZeKZuiZX2tf/yqo/iqo/iqo/iqo/iqoNlFQ1WtzBpdSD+uKgOIU
v6axAX2mYMtylaCGiwLNFtIz13Nqu2bLgFmum1w77La2O6OQ5KCGiUMISSGw7fS6IMTFCmfa7Qy6
na45nA2o0e71mNHtzQbMbpusZfbaXWb3+i027ALvTOpy5gbZPem3qNPutFoNuzujjU6POo1BZ2Y2
esPOrGuaNoysAek0jW6z1TC6wwbH5NrkjdHrNz5OsyDNyPh8RCYZI2MWEdMgrcFut7vb6pKPkwNi
toByP+hd9zpYfy0ikDxotpqGAYdfWAAoa538GE5fh0muGxD4gScP7NCPQujMa8+dxjSGAgUtS50F
WCNmO78lYdCANrLmM5pG03w7s81ZvzfsD2ct2unQ7qw7tU1qTnutltPq98wZa7H+gPWBvUOhIyAG
hv6OTT1vSu2bBhQcrkNTrIrBbjdBeBe8lX9R3bL3p25A4yV3e2gKcJpG+22LThlrD5wOMwc9o2ca
M7Nn2v0hNWnb6Q2HzoCCarOOzmqlcANM1H7b6/QH/Q5c0+tNbUr7rDsYdM2OyQZd22zbZpcN7G6X
mhWGOFg9PlilbubbYb/bH5qDjgk+ZLaH7anRH9B2H8zSb0OFC7zt4dAwpjonL5xzDmbTeDtot6Zg
UdOeDXts1m+1QTIC7nXaLXNmwn/ahk07wwccGlHKw31uqPZb1un3mT3rMds0OjPH6XSMLqOGQ9tw
MHT67ekMrMWozsqn6UJq03sLQrt9ezqwIc3R4aA77PX7086wR/uDgTMdmubM6dozu62zCKZpjmfw
FoaOCQo7/Rn0ie0MaReGUacz7bXtzswY0H6v26dsUDFu+bPhR8UQfvuC8agwi+kN+LawC+hkvB3a
Nut0B9PBdOawNus4M2cKtrZ73eHM7k/7M2b2pl274kFJEIZfmDRv922/Ne2y/rDdp63eoD9wnLZp
0LYBaNm033O6PXM4mJm2U2ESeZxDB7ylN20Npn17NrA7dEaNvtEe2kNqTKFjjGmnNei2DYcZPaP2
tZiB8bG5b1PbpZ/D0DkZK1FQI9drZfzDGAAF1yKMEyxC3y3oHQ3cMcTmBcZTGrlIbsNYaOExC+jU
YxBBID9BYHRYBPEEr4RzSThLD1UC1hkV2ZalSoAasDiHk0oYMBixL8eTz5dXZ4dAumPTxE0RAdbK
+94dXSbjiEIsULApVBWaCU7W0eGNFq7nRmQMfyDEzTeFMOJsE8kVKliuUYIaWZbI2SW88WT/avJx
9BAcTAH3s5i+C1MVnELV+g0DuAZuQ1gu59mXBQ0++lnqZdBBpXztYK3uguaTMPTehfcVRDlVRVTF
U7uYn1H/08WmOkmyEyikAg97ZzUayPiLbNqEVLeTa4X4tBUNBWFlpUOtNgxebCgoJ2LasymUa022
noO7SNMogZJMgS3V3E+WXuafH1QWhKQxjr1lxQxIeSLcjE7fbyzKCGmiAl7LO+GC0+C2ojBSdK8E
v6x02U9QKlyEYewsMjfZlP6/AdMgZyq6zw1uRccJpdZCNGae9/G0AkoSdU9sVT3xjKWT05MzDdCg
ab4WkGS3foe8o8ENhM/r2zCYxdRXMFTPPOFR0C/TjUUM4AUJC4S/AARjaRyGqZZ9FeJ3zr2l5Grm
zc+sBcqN7cWDmkKlfm9YpegHuPJTawHz6Bc3+ARXJwsVmUquZt328yGszudXr0bnusce9V03QD1g
Nq2qox+thTFfD2WxClGh6gi7Or6j29Abg6Ib67pSMGDRtHiiQMoz0t3dXZOBRsi9md5wfDhxZzFm
9EQFqJJ1hGY18h18YfZidH7IbrHpJ/fevTk51AAbvdcjtpF75DvA3bKmQq0U1QL8upIvTcqK3jsa
K26WMDijmWYRQdFr5LUc+rV9/ZLony2P3XtNXU54IrLkpVO9dgEV6/4vK8Zhu9nnZSVmMvF3yPF+
0/gUmq0P7YDGcSUjFKTvHDhzudWoKehrgfGdMdQpkRZNFGI1XFaG2kmYJgvQ4HBTiGzfSYRoQKGq
8TwSKLD2R2qtlFOqI2SoYwgDNoV/yZ/kyHFT8m5Jxiz4QF1yOZu5MJ31NoVNCrIsGxQDhoCw0PB5
eHGYJNPwTsWXk57wunEYJPRfkwqE7mshSHaguZT9gmED8Wp+ElIVQE76fjHs4OQlGidp6O97EN8T
TWuFrGtu/GeTrSoZukDX43XpVjA5TZn/ACEnPjP+RwvsQvplswhR8vrddHj0yY25hgWAglStFPq6
+lE4x9X/em18ecw2tnzEmVrWLVfBsqBSkL8UtZ5ZPTqkweK9q46VnKI53H9smHyaMohTUuYLuoLG
N5f05sHcQqd/5ySpCa9mSuXkWgBZqtZg/FCFwwsR8u5osk9WZJqDs30s7siff5L3MWPBT/S3cHPB
QTCHznID7m1rdxq7rVbbBUkfP0anWXW54nYcmTCYymtFdvsb+kwqAB1UqrJGhFOq6VK1nYIHonUT
VOd6cjFRASvUp1YxN+WSQhxIq3bTYwHhyA6D0F/qBY5CVJXuQpVsrqxxNl7JMKEBL2Y0bZ71uqPA
hio//Xj66URFpFD1fujpgD6Ke4iX8cYwlRwBSq7G+qNIXvLpdKSt12nkNRHNgBJmsc3+vHoX+X6E
z8KHzuZxGgXQT270EqzHNPa1+C4J3zmwC6nViI7UtUBoq9sPVrYf1jqPzEpfq/xLFrePwQP0oZ9T
dJ3bVZ1/C38LWR//0fQ2v2Fhu+AIphZKFD/WhXLq4+N4+vqATn+wZv9oFDaMZue1WPzs9wQrNRxg
Lpc9e8lCwAmj3jFDmQWKgvSMLx3SGb2iC5akLg02V+goTC0r1+UFgLCYh6JPBZSTngGEBeP5waaQ
5FLXV/00uD2IabLQnUqlvsClOq/XPHcpN7i1UTJ3qPXuSkoYY8Z0BEh4xvrvPCh2TsLY/QLz840t
96lMLUto8hIwP4VucM4CtWAuSN/nLuJvL5hG/pQFc489mLpo5O+c4FTZ1TRXnlsH3AfGIuhAFqRh
rKY9nV7xMh3gh0VI31MfpI/icFMINaaWpamzftcBF4ZrBvgArgpOJT8zgsbm5O4DCzaIqxC9bon/
YTlnN1c0uEm0ClIjP5PueduY/u7Tm40hKVlC/yi6rN89GDH2Pe9zGHuOOsvU6ZWpZmUGo8Xnbyhf
bsIAnM2G2aBloeLU8+64/BfAiW4OMgo9O9f6SSNXk03lLlwkl83In+Q8dJhDpktyRn0xZa08IzN8
BqxSCpbLydpcbOTO50uxsibrfZ4jHn/8SSiHK4wSz/rGOecPbqm9nFMqz3L9Z1dKpVDQu5D+uvXR
c3pf2EzBpFCrS4yVvPAzC0L+QJm93BQ4hSV2TKGKdrBWZ0Emxqk2ZlwFnEJ9bvl3c6naB6kvcLOM
4tqbNgBLmvZkTKVOpcHZz/+avNvYQikNFpwh6C7kvwSEl7o8+mkoCqJu/F6z1ZiylHaevdl98At/
AX2ZpUl248LvG+q57o1eGJqtDd0C91FhHkPRBIry33L7W2GEhlriIwVLKOVTtTbWyKqxhg+fCcCH
vM5RhUMK4fB9tnxRjH2qRuOMAbqizHousMIEgtmOBgzwX9AoXajIJeHpKU1tQe0FPmiVhvjLqKdQ
MgLj4HZjZU5FgmUJxfK/6wyCCwYNY1fr2JL2THD9zOL0S+bia3obQlRyBBC5Gq/uz5LbTokJQbv2
jYoXD58JtTguRufno41lSMkPYIL09YPWqts7/7VbO4/e1nnBLZ1V1ZHyvtGKs3ol06nerV4ZYYzh
t6zrCIaWtUKblcRXuGouZGcFu53CTsfUTt0weGChgv7Mo1mrbfPiG0V6fcuThaQ8Uu7WaydXHw4W
lN/rxZedTjK+oL7awjmayuE3W7VghOYMU5qG2jAqSN95FOVyq4NI0NcaQ1nMuHUVMDlJ94iOeE9N
QdTrHB+3Wi/CwpmPWOyvmMc88Mf8J65a1KF2vnXDLBkdNYompSGuhS6AXCpf/npF33Ml5buXBRtp
rCO5QcDPFYuVdD2396sDyXe9m1bHwOcZrgDSLfUeJIdvCTmx4Il3nywryvBmtVBMWCRX88U3ZRVd
d3S80jCiV3WjCFrVj8yGbdJVrkT+TqCv8Y3a02DmBm66sYmX5h9cK+XnBjxE8AFL/DNjSTqSW20U
tlCplddQKk/l+T78H/6pVe6UPDOsxh6N8Gm7pyo+318gZ8v6HbWxLK7UK7DnOu6oqAD6FX+BlK89
K9BVavVhscrIyB/iu7AygzkOOZB/D8XfTfmCotH6xRMunY0XYTTGAt/X8aknnqkFv/wyurp8v39+
dPXLl47ZJlv8ycVdMlqEwfx9zPxPF9svD6gyzJXLSaprP1xketo2CpoXmIc545slt6k2s9fp1Tew
Ks4PjWHiNEtHRxvr6oKjZSmqWFb+ax1s4/0DBREe6Th61ecB8Mmkz/R2k09BATtQev+A/+f5Benx
0eTT6UjVWhD0AVipfs8PRkefLsjkaP98Y1MVzhK3VMAHFdYydl7iKbrnJP1JmccWCjZ1B0euDuTS
y19rwWCedxD6vn5bQ6U+83zjOb8bWQXT2D8bnewP+fPzxaHRqhwblWMzP371s8Og96r7IU/ghxjy
gS21WFDSnqiSH7kbvc6LAiuX07UFmadulrAl6veSBfOx+wVqALrUHsBXiE+/r7QhN+XyzlAeOGjx
ey31Zcmg6C4p1dVLY70nU74BRSIkv3q1plRpJwdRIrzCyZD+lHH1zDOLVY8g/pZu0xV4gdNFrsNi
fVzlpOfWoQ4OYDYAUh+8VPDNL8rlKrwER5zZD+/Za+TvPJlWZVcn1OW5dcBNUPg4CjWfU4jPdNRB
GKfsHqqgunYPql47WULvHXs03uADO9otqVJH9ffz9caE+dE7GmhuWdKerDpWv+by7R6Zv+5SqLG+
b07CAxqqSPjxK950qX/bA3tcLsxTT9+/QPeYOuxipFasBekZtzuG6LApr8plrq/4x1PMv4rakqDX
2t3qRiJj6qXLkXvPvEN2+7KXWdSlyKeeuuV6rA/kM40jvmRVQilIzzwEErg3YXITbuwmT87PsnIN
yl9rQVkwqr8umVO+c2iWYqtRmZPXAoL3IwF0iluhKmhUciVKNQc6LOq5mbex9SjBzbL43ddIaLDO
00Yrap/zzI1nLvMcdT+mfOe4FMb0js/f697R0IJRbLqMFjRNqauYRCFWH+v5zz3sZ0fp+uPLlRBC
tXRViM8sMpwd/rwptYGVZZWSX129Ap8GzpR3FBS4IalrL7xMfeYvpzwTyFftH/ItO9kIqev2EG6D
RWNQGHyOq9NcsYMgXNNoBGHjzv1CY4cfOeLNmgYNEpfHY751YRMGBxQ9fMl6t/ZmVByRgzCYuXOC
WyhbwZvzMCCXdkoMgxjt3Za5220Xe/BZgeDViKCw2jOGRrtdkNxoD++/w/+swA9TZ+8D9cmnCyu4
WwCghucm6V44m1kBDYIwC2wcWjjDalB74TKxy3KyByE24LtMNeRYhr7ZQ470XrZP9kw4noNZ/NBh
eG4WxsCtoHAhYBkHVxnEUXQbcc6Oi68zZ5Do9kzgwXdWBB9pJCxNIRAme1bggSpeA91k7yycTpfj
zPdhPiXpCWNO0Qi3pN47PDre/3g2sQLhEI3fM5gkc2GSEENuFFrgr2ZEkwRilbP3v/wfMEeWho2E
3jJ+0a3L7rADUwoW2htYwf00vG+gS/LTHg3mGZ2zPRbM1+0MbUe25tLHHdneEHRBYvOez2I+deIO
QMCYRPMycAkyWbCEkdxKBMpmki4YCQPwnhSCHLGxU/lW3W5gexk+zgfsHzge8hqHvtjQ+yHPhM5Y
nYT4kECCLMk0ZvSGLMMslryIOyPQyS6EaZQAPYx7ckP8B8YX7K5gt+OwGYV+TshdGPyQEpwj0pig
rX0Ai7sjLlFD3BxZ4L5bsIBk0RzKLWDQtNAPJbNdKyDkDaRIVIykIUgJHAIs5I6jYIMYxppHU1CK
n+aqeiGIAajwi6XcXvgWrM3Igu+RixQfOQv3zXt2l/AdOvFEsshSJ4ShIDdv3iVWTe5qjBsIM8eq
cc32PS+8IzjAQJl8x2Vy61LyT3RGbMO9Ms9luwRjFr/0iPuovIaAXgQHDYEeA6Mgt+mSSFNie+nS
xWlF2TefXTBIGIBdqeOQmCXC/GhW3JKW+IzidsR8l3cw+pSh0mAc9ntGPTQb38qd3FIvY2RLCoWo
s43chUQYTAydvQFmx/1gdwmGApB9kflTsAp41X6yDGzcHBg6Pr4BP2ryBh/BWty1c6TYbBFD1ZpB
70HzpE54BUFkUIDxUCe4VygAwfzAbQPBGWl+FoAHYRPBfMy7FzCBl8XhvQsexsAMAIl7blAoh7aV
Cp3O0FexDfpknbjpD2C+NOaXOQwjH3eZysVkCzBkMG5MbhYOoyGR7nJWVV+l3DniLMBnftEDwe4R
7wS+b0vSJFDuy9/Ed+cLGMz40kZdHXzScdAicZxFqaAKg6FhfNBN4uKdC4OSb6HqiAFBb0PXAbVX
a4A+gj4XgqHBu5qKo0HjhmhUeBqkAgjz8VIMyvdeOAXvwYRLBB3Gge+mOLZ9NqfTZQoWJ2Nh6hY3
rsiO/PIJ9tqdyy3PPQoG7V1DMMqdLOEIZy6oCBGJ4YP5yGYG9WAuUjg59FaGw5TMQ+ioEIcpegUK
mnM1G1y1XdJCFCCdh2Cxjen/ewRYwTylP+bbb9M/ScOIqyDDZ6GSZJcQCB+YPSHu5Qqh1Fwro2V2
pGI8CHzmo0Lql/ywAQ35uOAqYcQgdgbJJ4DkQ9g9szMefEOhshiRmKyK1uzehtohKRGJwHU5Odol
k5PTMTk7PT+dkP3R6Oz0aExGR1cEasIPR1d1Ao3I5BJaHZHPJ5dnR2R0dXlwNB43qyFAs4fZ7Ulz
jFjshjwhYyBOEKC9YDwkc2sUwdYg4rMBPLbwJg1c7RdhlrOCUhFwQoAGb0K8jzmbcDKo/DABBthM
CuOcBRMIvWUgFxmJy7jEHIJ5nl/QfNgafUGW39BtEbOxHBCWRXVFv4prCwzgXixKSqjtlsSabK9W
SSJvS+RzGk9hZDTs0PNEVcoD0Grr8qGG6siriLwKYrdPg4wXH6omUJhl4IPb9TwnVJ0wd0ORXmcz
4CXw+uUQbJJLEfOFw0P1EGaeU+jiQhK5C0ipfyIYR1x9ANprtSRWkHbMg8WDJMldR3AosM3i0M+T
rbhatmiorqn2MKKRPfnAN8gKl9K8Y5wXjNhlcci3p80d2cn8SFRXooQj8kQDT+T9dYiN5AVcd65m
jgCOIM3DYKcrDAxJGxIfSLgFJ0uSjGFgSBfQa/O82sSghdJKrep5R4oaQRaVTaENNn3UTjjnsRdZ
cJPkuh/QCKmun/mQYyG9xiSfK2BHEjFDElqUdsXxIk3JR8xDH4NiO5IacYENrIIzSLqdoscOQ3Gq
6tNYG2HUE/xF43wICV6yoYqMVw4NG2Z+rMCG+0HwWgXKR7QeaCcKDMElojgnIeIagbBEB5dJe8qp
r5SMjctqFw2I+7vmfJ9m9ZQfWkHAUuywXZkioDRbhJ4oMac0hRktVuJc5QQ/UkJkkuGxTcx85FmR
WqasKDZFenuj9lJ+CsNqvEwX/OtHDUPpQN55XHAjzZWRKYBH7bKO5VNXLCEdgRznMrzQx4uBKNVq
khOoBcGX9nhxRw5GH+twLegwhfF15zrg9rxWENGz4N/g/HdJLy+7y4o84dZR2jbJvgOBakG92Q5u
PsanCQ4DH5aiQCjBNRJ0MGUglmlPYaZORY7uMaphiUm9JkElPo6CUV5slxNAnEugUneQNvHCLAqi
hjyuzG7O5ahL3C+s6E8sy/NuTDDhyZIJynbhHkpq7QxNcdF2k4zkNR6N5/wCKmei0he4xFlM5wgB
+gTMlkQer1hweumD8jjYaYz9dOC5uHLC58v4KQqWpOR88pFrmgAkhD3NUoLzc96VpTgxuWjmscZP
swZetcu1RS932DSb7+YTlh+JgRMVWa4tYKjy8yT/tpCYUKMnB0koEpf0BgOZieAkuB0sQpjAogfm
8xSWz0R5BHNoSklCb/NIiesj+XoRnlOmsKAYX4ITBYtcj/gtdAMxGeZLRj+Qn6fhPXp9TE4PydbP
H08PtwEzuDzoAO3vINxHsXguFhwD5y8xTF6aZQUInhDyJtzYAXj6z+/Ocv5ybqNQfuDCcBmJJ02o
PnCSy9MwxxbmqyMyhSjLPLMZFwvn3NmycZ+5TomWQpkCwY3RNA+bAF980iOfBfAZpFQU3AaKTl6R
BaGN+8Tza8FrzukSPAZnkn54m0/KMaPJNMBDcSM/J0QmZQDMV8PUBZIJX+EQ7i4+XSr6greVvp0l
cqXFhoGcilAnr2mIa3ZJBDXSreuhGBHGZYiSUjAP0WBezBMCvMyrpsN63kpbUFu5KCU6ed8PMxzB
M5Fv5IBGU8ouxvyKEYovR4Ab4m+eIOHiK54ulYs58ICJ6e+UCWZT3NUGfuPyJs9wi9zfuYvzVU8t
8Qr4KKiAD3GI0KqqkfjcD0hjkNNWadlarSaNgRP4Rz7sQNn8YvxbaNPmYxkXBxpZBP7LEiU28i3Z
uSC+yKsOzUMubIrPByY8AKE9WYw9TcRXUohER+RiSp7A+TUadODXICZ5Q+YwDUtK85QLNoWFmg9N
JEPTHXX5PA3CJExiRN9EYZR5uTPKA8xkvI0MiG0eDnmB34hkEMNcgnEJkp0snflSrlii2pVJHFfU
+LRRkEUOlP2FH1Yo1jqUQY7+3sBvCVZIxXDTydECqs1ZqPQIjLKGuDtStFyE2DNclSY+0d50Q64x
BLKlj9OeBJ+fSQBhUqqOczl5npTnOQQexOh8HsMEWiyWyZU1sYCAn4C7qeLj+sEIvjy8xK8mNWTI
F5kPg8IdE7U1haFzxyUmXPESAKc1leVsSLSF5YVris55YFToUHFeOhPkePzQD89UaonI6aFqOqi6
A/QTZeWqDvExWtA6wZdReXpOiyoMQu+MxVBpNzACBZj+xNk8W4lcQbWVMHkXSkmvGVSckMl5FMuD
hWTIe16cz2U86GmBVe3q1PXLWC3zLzLF9jgSMDRjz2LARIF8iU9elC/nNksB8owqIbfm0xlehm3R
u2JUKCsnkgewT6U98zWShSTyiIGTHFk3y4iBS84wNXF44ejOCkYw+wAg4v4CRqB84UDEOOAnQ2Se
2ajn0kTOSqCQpH7k5UdY8oCOsq92804T58BvcQVrl/yb1yqQP+t8SetXZCq2VyjSpHrfg8PAujF2
HblokN+W4qsBqzIWT+g8Qye8PuaTTXwBDHSV6VZVX8jlOoifBG9jYVYQ2auUuEuOz/Ynu+Y/+vXu
8N6ot+/bdfMfxj8crIf4ON/C++A2Bte9QUuEYnHU6W6LIk/cYlDn6mKEY24BG8ulNF568LUw6DV7
ScTX4bI4D8r5BCUubk7wiAN8+Mcgcb0lyQ3WyG9sgC+IavbNMQ81XBRvrzHJeKUgv/GqUBq8tFRq
vjDi01t2D4EvkXM7+wZnBwmfx4BFpi7U5UtRw/F2iBdUgZmHSCNizAiUnD8UI3ERq2v1GrtPWZDk
LxQeQIWgftzM4a97l8eeO73nd/AKCjhFkCQaKbJ1JsnvoCRrax9NE5+IKo6ntvwSVkHBm1eBQ2ON
Fi+jNORvY7X59hW2/Mhv2SKLNVUgxeNTIK1W2zDMofxQL6YrtRHQ+Fb+CiXVPvE2d7QjXzu5oImm
OJZ6Dt4LV2j4WTfNjDhInKlEgnf9/am4mae28pdgOf5xOfmLFKfGozPd4kHqPbjUVSmjw0vtCie8
5o2qRNFZ2pULvRfK9HfNqxv1g3Etfj7BHcAUi/ALEo1H+fk0fLLOwG8D1msw78l4TJtnwoA5yys2
k4s9Gt+FH2pdMXYx3vx8rtnGnYvv2klR+NhZGt6wAAorDVbFr+EQNXzQ5g5fINeIS8qvNOXjxl/c
SDxnM+SyfsEa7HLEV3vKq75+/T8jSmaY
===END CRASH DUMP===
