PocketMine-MP Crash Dump Wed Oct 13 21:55:26 UTC 2021

Error: str_replace(): Argument #2 ($replace) must be of type array|string, int given
File: plugins/ClearLag/src/twisted/autoclearlagg/AutoClearLagg
Line: 121
Type: TypeError

THIS CRASH WAS CAUSED BY A PLUGIN
BAD PLUGIN: AutoClearLagg v3.1.0

Code:
[112]                         }
[113]                     }
[114]                 }
[115]                if($this->messages[self::LANG_ENTITIES_CLEARED] !== ""){
[116]                     $this->getServer()->broadcastMessage(str_replace("{COUNT}", $entitiesCleared, $this->messages[self::LANG_ENTITIES_CLEARED]));
[117]                 }
[118] 
[119]                 $this->seconds = $this->interval;
[120]             }else if(in_array($this->seconds, $this->broadcastTimes) && $this->messages[self::LANG_TIME_LEFT] !== ""){
[121]                 $this->getServer()->broadcastMessage(str_replace("{SECONDS}", $this->seconds, $this->messages[self::LANG_TIME_LEFT]));
[122]             }
[123]         }), 50);
[124]     }
[125] }

Backtrace:
#0 plugins/ClearLag/src/twisted/autoclearlagg/AutoClearLagg(121): str_replace(string[9] {SECONDS}, integer 60, string[40] ..cServer d...n r..c sau {SECONDS} gi..y)
#1 pmsrc/src/pocketmine/scheduler/ClosureTask(61): twisted\autoclearlagg\AutoClearLagg->twisted\autoclearlagg\{closure}(integer 236951)
#2 pmsrc/src/pocketmine/scheduler/TaskHandler(137): pocketmine\scheduler\ClosureTask->onRun(integer 236951)
#3 pmsrc/src/pocketmine/scheduler/TaskScheduler(179): pocketmine\scheduler\TaskHandler->run(integer 236951)
#4 pmsrc/src/pocketmine/plugin/PluginManager(654): pocketmine\scheduler\TaskScheduler->mainThreadHeartbeat(integer 236951)
#5 pmsrc/src/pocketmine/Server(2389): pocketmine\plugin\PluginManager->tickSchedulers(integer 236951)
#6 pmsrc/src/pocketmine/Server(2152): pocketmine\Server->tick()
#7 pmsrc/src/pocketmine/Server(1992): pocketmine\Server->tickProcessor()
#8 pmsrc/src/pocketmine/Server(1586): pocketmine\Server->start()
#9 pmsrc/src/pocketmine/PocketMine(314): pocketmine\Server->__construct(object BaseClassLoader, object pocketmine\utils\MainLogger, string[16] /home/container/, string[24] /home/container/plugins/)
#10 pmsrc/src/pocketmine/PocketMine(344): pocketmine\server()
#11 pmsrc(11): require(string[71] phar:///home/container/PocketMine-MP.phar/src/pocketmine/PocketMine.php)

PocketMine-MP version: 3.24.0 [Protocol 465]
Git commit: b54854529f8a1366e156f8ec32e02635ec670e95
uname -a: Linux 70ad3400-c5fa-46ad-84f2-694f522c3898 4.15.0-159-generic #167-Ubuntu SMP Tue Sep 21 08:55:05 UTC 2021 x86_64
PHP Version: 8.0.11
Zend version: 4.0.11
OS : Linux, linux
Composer libraries: 
- adhocore/json-comment 1.1.2@fc2f76979f0a44a5f5bc2a2b600d0762fe0e78e7
- daverandom/callback-validator unknown@unknown
- pocketmine/binaryutils 0.1.13@0abee38d4e2861621f262c79a2a3d699d8a697f4
- pocketmine/callback-validator 1.0.3@64787469766bcaa7e5885242e85c23c25e8c55a2
- pocketmine/classloader 0.1.2@9757928424652393b178a3760073113aa7c9911b
- pocketmine/log 0.2.1@830b44a2cf96ef703c550abe64302f230231ca49
- pocketmine/log-pthreads 0.1.3@e477ecf6ec214fdd4415ea1da3fdd9d73bf699ea
- pocketmine/math 0.2.6@43057cb8c179a9859677b496a788db922fd5cfc3
- pocketmine/nbt 0.2.18@9f82ca4d7f97fcd9a566e44b63c4f18a7657ae82
- pocketmine/pocketmine-mp 3.24.0@b54854529f8a1366e156f8ec32e02635ec670e95
- pocketmine/raklib 0.12.11@9cce458b8bfde3e4dfdbf70c659fc7b7fe26b5c4
- pocketmine/snooze 0.1.5@70b5e7937a06878dd321a3182ceb76d56298f2cd
- pocketmine/spl 0.4.2@6b08b7cf8c4afa17139c9a1b3bf1b408531de161

Loaded plugins:
AlwaysSpawn 2.2.4 by Philip Shilling for API(s) 3.0.0
AntiToolBox 0.1 by NgLamVN for API(s) 3.0.0
AutoClearLagg 3.1.0 by Twisted for API(s) 3.0.0
AutoFly 1 by PIG for API(s) 3.0.0
AutoInv 0.0.10 by JackNoordhuis for API(s) 3.0.0
AutoSellUI 3.0.0 by LetTIHL for API(s) 3.8.2
AutoXP 1.1.0 by JackMD for API(s) 3.0.0
BuilderTools 1.2.0 by CzechPMDevs, VixikHD for API(s) 3.16.0
BuonLau 2.0.3 by PIG for API(s) 3.0.0
BurgerSellWands 1.0.1 by Heisenburger69 for API(s) 3.0.0
CoinAPI 2.0.9 by onebone | Edit By SenKai Official for API(s) 3.0.0
Crossbow 1 by SonsaYT for API(s) 3.0.5
CuongHoa 2.0.3 by PIG for API(s) 3.0.0
CustomAlerts 2.1 by EvolSoft for API(s) 3.0.0
CustomItem 1.0.0 by Phuongaz for API(s) 3.0.0
DEVirion 1.2.7 by poggit, SOFe for API(s) 3.0.0
DanhGia 2 by PIG for API(s) 3.0.0
Detu 4.0.0 BETA 2.0.9 by CLADevs || GreenJajot for API(s) 3.0.0
DevTools 1.14.2 by PocketMine Team for API(s) 3.13.0
EconomyAPI 5.7.2 by onebone for API(s) 3.0.0
EnchantUIVH 0.6 by UnknownOre for API(s) 3.0.0
EnchantVIPUI 0.6 by UnknownOreforsource|RBpmmpformod for API(s) 3.0.0
Fly 1 by PIG for API(s) 3.0.0, 3.2.3, 3.1.0, 3.2.0, 4.0.0
FormAPI 1.3.0 by jojoe77777 for API(s) 3.2.0
FormImagesFix 0.0.1 by  for API(s) 3.11.4
InvCrashFix 0.0.1 by  for API(s) 3.14.0
InvSee 1.0.0 by BlockHorizons for API(s) 3.0.0
JoinMenu 1 by PIG for API(s) 3.0.0
KeepInventory 1.0 by KhoaGamingPro for API(s) 3.0.0
KitUI 1.3.6 by Infernus101 for API(s) 3.4.0
LoadAllWorlds 1.1.2 by  for API(s) 3.12.0
LpkCuaHangUI 0.0.5 by phuongaz | Moded by LamPocketVN for API(s) 3.9.0
MSpawns 2.2 by EvolSoft for API(s) 3.0.0
MaxEnchants 1.2.1 by Xenophilicy for API(s) 3.0.0
MenuUIVHPIG 1.0.0 by PIG for API(s) 3.0.0
MuaDetuUI 3 by VanLXYTB for API(s) 3.0.0
MuaSsp 2 by NoobPvP2k3 And Shin1134 for API(s) 3.0.0
MultiWorld 1.6.0-beta4 by CzechPMDevs, VixikCZ, fuyutsuki, kaliiks for API(s) 3.20.0
MysteryCrate 9.2.0 by JackMD, DaPigGuy for API(s) 3.9.0
OreGenerator 2.0.0 by vividmemory, LetTIHL for API(s) 3.0.0
PHP-Sell 1.2.7 by Muqsit for API(s) 3.0.0-ALPHA9, 3.0.0-ALPHA10, 3.0.0-ALPHA11, 3.0.0-ALPHA12, 3.0.0
PickaxeLevelUI 2.0.0 by LetTIHL for API(s) 3.0.0
PiggyCustomEnchants 2.4.3 by DaPigGuy for API(s) 3.19.0
PiggyFactions 1.2.0 by DaPigGuy for API(s) 3.13.0
PureEntitiesX 0.7.0 by milk0417, RevivalPMMP for API(s) 3.19.0
PurePerms 1.4.2-c2a by 64FF00 & ProjectInfinity for API(s) 3.0.0
RedSkyBlockUI 3.1.1 by RedCraftPE for API(s) 3.0.0
SETVIP 2.3 by MCPEVN TEAM for API(s) 3.0.0
ScoreHud 5.2.0 by JackMD for API(s) 3.0.0
SellCommand 1.2.7 by Muqsit for API(s) 3.0.0-ALPHA9, 3.0.0-ALPHA10, 3.0.0-ALPHA11, 3.0.0-ALPHA12, 3.0.0
SellExp 3.0.0 by EzMinh, LetTIHL for API(s) 3.0.0
ShopKeyUI 1 by VbeeMC for API(s) 3.0.0, 4.0.0
SizePlayer 1.0.3 by  for API(s) 3.0.0
SpiderUI 1.0.0 by MCCreeperYT for API(s) 3.0.0, 4.0.0
TableSpoon 1.0.0 by CortexPE, Xenophilicy, HyperFlareMC for API(s) 3.0.0
TempBanUI 2.3 by SonsaYT for API(s) 3.0.0, 4.0.0
ToCao 2.0.3 by PIG for API(s) 3.0.0, 3.2.0
UIShop 3.5.4 by SaltyPixelDevz for API(s) 3.0.0
WorldProtect 2.3.8 by aliuly for API(s) 3.0.0
capdao 1.0.0 by Nguyễn Công Danh (NCD) for API(s) 3.0.0
cayphattai 1.1.1 by PIG for API(s) 3.0.0
iProtector 3.1.1 by LDX for API(s) 3.0.0
tichluy 1.0.0 by LetTIHL for API(s) 3.0.0

----------------------REPORT THE DATA BELOW THIS LINE-----------------------

===BEGIN CRASH DUMP===
eNrtPYly20aWv9JLT02kLYIiwJsppSxTtKWJZHFN2vHsIKVqAA0SFq7gkEQn/vd9r7sBoiHqNDO7
tRVPZUw8NF6/q9/VQPv3hhslAc0ur1mSelHYGHebjcwLWGOs9ztdvW/oRr81MNqGMWg28lje0ofd
UcsYtI3+YITDmg2fptk0SaKkMf69ka1jGNVYwF8C1mwELE3pEqFpllwmLPapzfb2x+QoWeYBCzPy
yiB7f5M39kmQpxmxGIlcgtgITRK6/gOe9cJlk3gwfuldsxAwu7nvv/V8RH2wigJ2YEdhRr2QJQex
ny+9MD2Y+IwmZ3R5kCb2QXbjpRlzDmieRTbe8OlyeXAEV8WwZStexYhZYH0pFsDgAxkgLgMElCXA
V2P8r8arNnkpxj3ABCKrSlBI5F+jX8nv8+nk4v3x/BsXD1uyhPTbTSIHdNu/klbLnrMENE2cVqsV
kgQAJKX55lEQaqu13gfKX+kkDpAs/C+O7CuWBcDMQWqvmJP7INyJH6V5whY0vdrrI1mSAdNUODBN
hQXtp/uG/W4LhN/2CvKNTn/U0zk1xmPUIBknNHTg957eGQA5m2GmWY4zzQrZ2k9R+CEPt83Xecp8
8+JqTx+M7p+xQpr2U7J9vu72+YShHMz4X+c0hBWU7PV73YcnK+nSfgpgISxWCaPOCQg6sxjNtk3f
2z69sJY9ozOssycIM02FMtCtZ29mT7fN1H94Jr1n1GYSdwTqPY5i8CAKfTR6CMUsiWxwRVEicA0f
xtUb9u/BlWYgToFjtB3HjP88h597Hb17D5rLS/BWsERzO9uLrC/MzsgbmrIJuNP0LKIOS5pEwquP
55nnp6Z5Dto9i5ZLHCXXud7/ldTdYHnT6N69Wfgisejbj/PSvWN9QlgCgXQbezp6hIT9lntJ6aQG
+q8kXtFkfHBQp2IzgXY+a+Gg+0lA77zf+PVbs8H+dwLO7sIC8CDQXHrhdeRfMyQMcDsgNTtrFHcB
UkdhRw5DznXdgLvknj/fYKSud+4ZIe52t9wVd3p373ju3t+ylZeCZxHyTf+VMt8dj8+O3r+7nL5f
nC5Op/PLydn06MP0+FfyH4eHxGyYjf3fOcb+PZRInEuWyZW3r/1kJWD/NqQV52Kmvaoezcbvk4uP
7xffzEaT/A2E5mUeS7mAmNMkz6Fxf/9HTtvgXjkM4Q7/MdoyRE6VMjBmJyWHBQB9X3JNfY7caNee
/Mb8lKE0QfXc0vZUPCULpRQWkHml++Tvf3+IucXp+fTybPp2UZe8od9P+rOkXmQKXO7bSX6YMClu
o262XNRG1VS/7TdJry2HF1YqhqFlfmt8+yur+iur+iur+iur+iur2llW1WwsGTxKfUwuQorVfkNB
A/RYIMtNw6DRaRndVhvhuec7jbHR1qHe9dJLh103xi6FSAeJTBKBX4oAbbffg0k8THOsXnfY6/aM
kTukeqffZ3qv7w6Z3TFY2+h3eszuD9ps1APcuaTlzAvzWzJoU6fTbbc1u+dSrdunjjbsuobWH3Xd
nmHYsLSGpNvSe622pvdGGufJs8krvT/QPlp5mOVkfj4ji5yROYuJoZP2cNzrjds98nExIUYbILfD
/mW/i0nYKoaZh612S9fh8isLgctGt7iG25dRWtAGAH7hyws7CuIIlHnpe1ZCE8hSULLUWYE0Enbw
JY1CDcbIxE9v6S3jtWsb7qA/GozcNu12ac/tWbZBDavfbjvtQd9wWZsNhmwA6B0KigA3GAUHNvV9
i9pXGmQdnkMzTI1BbldhdBO+ln8juRvtW15IkzU3exgK7LT0zus2tRjrDJ0uM4Z9bAC5Rt+wByNq
0I7TH42cIQXS3K6KauvkOoio87rfHQwHXXim37dsSgesNxz2jK7Bhj3b6NhGjw3tXo8aNYS4WH2+
WCVtxuvRoDcYGcOuATZkdEYdSx8MaWcAYhl0IM0F3PZopOuWismPlhyD0dJfDzttCyRq2O6oz9xB
uwMzI8P9bqdtuAb8X0e3aXd0B4MWZ9zhF4LqvGbdwYDZbp/Zht51Hafb1XuM6g7twMXIGXQsF6TF
qIoqoNlKUtN/DZP2BrY1tCHS0dGwN+oPBlZ31KeD4dCxRobhOj3btTsqitDKCn6Gr2HpGECwM3BB
J7Yzoj1YRt2u1e/YXVcf0kG/N6BsWBPu5qcWxOUSfv2M9VhBltArsG0hF6BJfz2ybdbtDa2h5Tqs
w7qO61gga7vfG7n2wBq4zOhbPbtmQWkYRV+ZFG/v9aBt9dhg1BnQdn84GDpOx9BpRwdumTXoO72+
MRq6hu3UkMQ+x9AFa+lb7aE1sN2h3aUu1Qd6Z2SPqG6BYnSr2x72OrrD9L7e+FaWYXxtHvk3dJ3O
YwrLZeMEq9BmY+P9DNADcgJ51ypKUsxFZyvP92Iyh7/ACyzRqdLYwzsdWBBtvGYhtXwGbgSCFHhH
h8XgVPBhuJdGbnZcBWC6gQUnR5tKrJDpcYpSpMg0RVjD2hJ+wOD54ujD4iN66xtmpV6GLGDCfASl
0iKK/DfRbZW5CrTKHKhCZe398owGn97viiWJDrLZDQF3eZldzBe/XHw4O1a4gRCyyq0W+M6Dgirk
T6mTKxzW6udq+NJ59KpwuRDJ9K64fFIK/xi7qyyLU4jxFbYlmUfp2s+D80mtzSCF8dZf18SAkKoA
aiqenb7bFeNyNpFSPcZgQfBpeF0jGCGqVYJd1lT2D4g976MocVa5l+6K/i+ANCyQCvV54bVQnCDq
SRzNme9/PK0xJYGqJbbrlnjGssXpyZnC0LBlvJQhie55Cvk8q5H+eabaz90FhNo4P96VGgQ2IfbP
s6cRv2W5CDQHkgNg7g3mqyxBv5NWWFTAKqNGndHJV2avZufH7BqHfvJuvasTlW+9/3LGbcQeB5BH
g/VZgqwMyTLNGpHPlUWF7gMFFRdLFJ7RXJGIgKhxD3K7P81zvHmGjb7JE6jVcD39QjmeCt3qHVWZ
d4LbCfNSFlr8of7oWaw0plB1RcH6aHbaeIAtdQbUokLg03megCPCuTa8FpC6jkYqj1HILPiP/EGm
jgdl8Rrqn/Bn6pEL1/VsD+q+HWlQTmSaNhAGCE1zQ+Hj7CVRmlrRTZW/AvRA6JpD1U//uaix0Hsp
CxIdUC7nfoZ+YMUsTyJaZaAA/ftW0eTkORSnWRQc+eBhUoXqClilvCb86XXkz4GQnRFfmRlUoNLx
QJZbeLubm5sWA5oQfyu72vB4mrHgDoccWPcP7XpejyqkX3fLIc78dDUdTz95CaewZKAE1WPVQCU/
jpbYdmk25hdv2c6KEo7UNK85CaYJsUr+qpD1SE1yTMPVO6+6VgqIYnB/2jL5ZDHwU3LOZ6iCZdUg
yS+rBGODqE3eTBdHZIsjnpwdYfQlf/xB3iWMhf+gX6LdrR2BHHjxQq6Mp/N0XU+HSlAt54MSu6aR
sk1IFowGahbUeTkzBQGgog0pT3AAlXRnQ9pBiQO4rQTtDb8VYJXjXmtQZ1iGuJ1HTCYo4EFToeZR
9U1De0XD7OPpp5MqRxWoWkf1VYY+iibhRbIznjYYgZWCjKebo3zk0+lMqZ8U8BM5cgES5YnN/vjw
Jg6CGN97i5zd86mXjH7y4ufwqhbqLyjSm9jG49lE0dLoyIKl+z2sPauAfwtSVZdTAVG9R6ceW79E
XyI2wD8KX8Z3FO8lRtOURJQ/nsrKaYAb2W+92xpDG/idvoTCluIC9Vb3pbwE+W8pRlk0Wo/P7Xq3
T9fKaXg9SWi6UhmpQp/BRvflKinY8MJrG2fmTDyt2yfZmDOmcoCAR9K2Nz54/5Mo8b5CPr+zArWK
1DQFJc9h5h9QDZ2zsJpBlKB/T3fuyzPSzp8Zi4FHFmZRUnVTKrymCJXyn1cRfUcDL1zOkmhXPChI
TVMh5xnceZkSX8R13WPVQstp6LIkzFO9rSvcfMf6qKAEXrxnhUq0vCPf/yVKfKUHosLrfTvj/nX+
Ha73KgpBIzakWaaJhFPfv+HzP4Od+GqS0xMaLhXNKOC60+rV6h1ZrpE/yHnkMIdYa3JGA5EL1vYw
Ro/1dzaBY9PGUHKzmbdcrkVFJ+N/2nhwM0cQh5Wt5Ofpwjnn21BVLReQ2s7Un1uhy0mB7nL2l9Xl
5/S2lFmFpwq0XtrWvOJnFkZ8e8xe74q5CkpUTEmKcvEkZYFHx9QbPXeFuQr0sbbD7lx+ALM+w8xy
ikWtsgA3MGXnQqX4Ew3PPv9z8WZnBTqU5hwh0C7mfxYT8zRWOUDAA62F91Fkza5nxlWHHIUO7uOG
ut7p7mzZcAKew4Gfedx/K1yUQNV8+q22ZrGMdh/dqJj8N/96Zp1naX7lwe8r6nvelZoiGe0dbV8E
SDCPAqjECvHfs3VRQYSCWqcZS9aQ1GbVLFEBV4U1urufIzeusCcFDv1dvn5WlHjCHlaVmO/dyVIY
A/6h+nzHX97KxFvxkn8FXG8+1/i/9q49J2ABpE9Nsm3z8TvMoUqHacqf7CkrYHYy03CTpPpOWgF6
pOl5zkuOOgva0dns5GjES+TyUm/XrvXatVFcv3hDAQjGd1afvvZnnn1Fb9kZu2bqFnLtxiNq3bEm
YzH5c9i4mxxVebl7V2WoW98k2bo89e9YnwVC09xCzVbgC9ZtMcnBFnQHpZzeUjvzovCOhEr4I3vS
22Xz7Aasmt5yTysh92S7zcbJh58nK8q3GPDlxpOc99e2S7jgpnb53VItEaE484RN5bchn6viVOBq
GTGoizPw/Kt2V0e/8oGBf6T+7Px8tjPDSwRObEmaZpzjVoAgDARTIfPZLe8KrQcqv1IwM5YEaU0o
AqbaV7dlaLZBVaH0u2/fttvk7wTKbnyPGipXL/SynWXfl2ICIQNOVeXnC2yEPyvfyd7g+YYqdeZX
a97NUfyrCq+/L1YrP2AwBGE3m013xf8Go2lWSDHN4tdTvO58uvh0Wn15RwJU31rzrOeT2fTTe7KY
Hp3vLOHlKPH1fOyJP4nywn1UaC9A6qaM8e959aiYffPrSWxAvJ9EQUBDhZMK9P939oJPTG/jGu8I
eeS1t+nXcy9c7TwDFWhNc/p5Nl9FzyjBcPTPbK14iA3sgXYtbi2fT7Zs1Ty+JbO15aSk/A/1Rdka
6XtOU2nufQUXSdesWjtUgPUuRefe1uH32BjOd4bzwUorfz+J/NhzWKJqqAA90mA5n0wg7MYsufPq
0HdvnhUkPF0NC5xkHkfKKx4V4CO8TKIkY7cQiJpKUwxyszUw+NanyTZ73EWPbENj9ffjb38sWBC/
oaGiuQ3swVi1/X2v71da8d5XScYz1BdNaFTlhF+/4JWv5vftfvJ5IWc6ffd02j+eos+oEC8BqrPu
1T93mFM/W8+8W+Yfs+uvf8Zrk4KOpzPCO0KQmWb4Ef2GHQVcM6zWUGWK+l7u7yydFdhMk/e/YkFB
nZ0n5vXnuZe4HvOd6kc8xeeGGfixg4BijDhQuAWh2DR2FNOUgEccyvsllGy5zuxeSCZm3m673XBJ
8GUpsvd+cry/u09B8jULJ1G4RNymyTsbp6kvsqRHVW7TdQylZ0Y9hcMSWN/4+vO2Ve04e7qlelJB
SsOuAnyk8Dg7/rwrsgGVaW5mfnFvEvBomPAfVLjAD/U9e+Xn1a3jAvKI/e04BZSzPlVD+GUYTYBg
WFGcnNaWj2rhGU0LI+3G+0oTh185Xoq0aTRMPe7Z+Ne8LVj6EIV5PT9uvJqVVwTs3vWWBI8WMcNX
51FILuyM6DrRO+O2Me51ys9SzVDg0mKI9If6SO90SpAXH+I+KPzPDIMocw4VWon4PNoMb1bAnuZ7
aXYYua4Z0jCM8tBGN4LZlkbtlcfEWSTpIYTzkH9jpkm/BZo6RPz0Vo5PDw24XlJsGzsM77lRAthK
CJ8E5ORg6SSu4uuYY3Y8fO08hwByaACOoj2spSzLvHCZHpqhj45AQ6M5PIssaz3PgwC5EPCUMacc
hAe3HB5P3x59PFuYoTAP7bccEmY+mQQkEHMEFfirFdM0Bb/sHP4n/wPiyLNIS+k14w9de+wG1ZlR
kNDh0AxvrehWQwPlt8E/LXO6ZIcsXD5VNconi611gJ8sviJokMTmdpCDEEDM3BwICJMoegQDIYsV
SxkppEQgqyPZipEoBFvKwOURG5XKD7TxQtvPcfsb0N8xQ8Q1jwJx7M1dnCl1WZNEcCdJESWxEkav
yDrKE4mLeC4BJXsQknAG0DCeXAOxDhC/ZzclugOHuRT0nJKbKPwhIzSOGU0IyjoAZvHz4TVSiEeI
CL5vViwkebxMqAMIWibaoUQ2NkNCXv2yYkgYySKYJXQIoJCf5IMMElh5PhRJjrjNSfUjmAZYhV8s
4/LCt5VtRlb8HAmEBIhZmG+h2THhn7DjjXSVZ04ES0EecTImZkOe/YHHbDDHbHDKjnw/uiG4wICY
4lwScu1R8l9ojDiGW2URt8cEPRh/dMptVD5DgC6Ci4aAxkAoiM1aEylKHC9NurxdIfbVLx4IJApB
rtRxSMJSIX4UK57ZQAJG8cwOfhYSCN1iSDQIh/2WUx/Fxg88ItfUzxnZk5OCD9pH7GJGWEwMjV0D
seOBCWOCrgDmfp8HFkgFrOooXYc2np8Bik+uwI5afMBHkBY37YJTHLZKIBvMQXswPG0Sni0R6RRg
PTQJfkwPjGC04LIBV42wIA/BgnCIQD7n6gWewMqS6NYDC2MgBmCJW25YEoeylQSdumirOAZtskm8
7AcQX5bwxxyGno+bTO1hsgc85LBuDC4WzoYmOR1zVHVbpdw4kjzEd2TQAkHuMVcC/8IrbRFIo+Vv
EnjLFSxmfFmuWV180nBQIkmSx5mACoGhYAKgTfLFlQuLkp8x4IgFQa8jzwGyt1OANoI2F4Ggwbpa
FUODwZoYVFoahAK+XygW5Ts/ssB6MPwSAYd1EHgZru2ALam1zkDiZC5E3ebCFbGSP75Ard14XPLc
omDR3mgCUWFkKefQ9YBE8EgM3/ZCNC7kvsWUwshBWzkuU7KMQFERLlO0CpxoycnUOGlj0kYuYHbu
gsV3/v/nOcB85iH6Md5+H/1pFsWcBOk+S5IkupSA+8DoCX6vIAhnLajS20ZXEsadwC98VUj60h92
QCFfF5wk9BjEziH4hBB8CLtlds6dbyRIFisSg1U5mt3akDukG46E47pYTMdkcXI6J2en56cLcjSb
nZ1O52Q2/UAgQ/x5+qFJYBBZXMCoKfnl5OJsSmYfLibT+bxVdwGKPIxeX4pjxhIv4gEZHXGKDNor
xl0yl0bpbHUiDtfivoUP0bDzJ9wsRwWJI/AJDhqsCfm9z9iEkUHmhwEwxGFyMo5ZIAHXu3HkIiLx
OS4whmCc5w+07o5GW5DJOKgtZjamA0KySK7Qq3i25AHMi8XphtVOW/Ka7m8nSXLekZwvaWLBytDs
yPdFVsod0Hbp8qWG5MiniHwKfHdAw5wnH1VKIDHLwQb3m0VMqBthYYYivLou4BL8Bpsl2CIXwucL
g4fsIcp9p6TFgyByE5IN/alAHHPygdF+uy15hdnecmdxJ0hy0xEYSt7cJAqKYCueliO0qmlWNYzc
SE3esQ2yxaQU65gXCSOqLIn44RSFITt5EIvsSqRwRN7Q8Eahr2McJB/gtHMyCw7gCsI8LHa6RcAQ
tCHwwQzXYGRpmjN0DNkKtLYssk10WjjbhqpmoUiRI8iksiWowaH3yglrHnuVh1dpQfuExgj1gjyA
GAvhNSFFrYCKJKJCElRs5IrrRYqSr5i7NgbJdiwp4hNqmAXnEHS7pcaOI3GrbtOYG6HXE/jF4GIJ
CVxyYJUznjloNlR+rOTtGEjhuQqkjyg9oE4kGAJLTLEmIeIZweGGO3hMylMWwnJmHLzJdlGAeF5F
gfdhVA/ZoRmGLEOFjWWIgNRsFfkixbRoBhUtZuKc5BSP8iMyyHDfJiofeVeEFouVyaYIb6+qWipu
oVtN1tmKnxGq6RUFcuXxibWsIEaGAO61N3ksL10xhXQE51jL8EQfHwagJKtFTiAXBFs65Mkdmcw+
NuFZoMGC9XXjOWD2PFcQ3rPEr3H8Y9Iv0u5NRp5y6VTGtsiRA45qRX33AD8S52WCw8CG5VQwKcGO
CRpYZSFuwl4FWbUUmd6iV8MUk/otgkR8nIWzItneFIBYSyBRNxA28cE8DmNNXteqm3O56lLvKyv1
iWl5ocYUA55MmSBtF+ZRCa3dkSEe2m+RmXzGp/g9PlbQshKVtsBndBO6RBZAJyC2NPZ5xoLlZQDE
42KnCepp4nvYOeH1Mp7VxtKMnC8+ckpTYAnZtvKMYH3OVbmZThQXrcLXBFmu4VNjTi1aucOsfDku
CpafiI6FikzXVrBU+X1SnMApCmq05DCNROCS1qAjMuGcBLbJKoICFi2wqFNYUYlyD+bQjJKUXhee
EvsjRb8I71VKWCCMN+REwiL7EV8iLxTFMG8Z/UA+W9EtWn1CTo/J3uePp8f7wDOYPNAA42/A3cf4
bgyEOjAMrF8SKF5amwwQLCHiQ7iwQ7D0z2/OCvyytqlAfuCTYRuJB03IPrDI5WGY8xYV3REZQipt
Htfl08I9z11rt7nnbLilkKaAc2M0K9wmsC/OvCuqAF5BSkLBbCDp5BlZGNl4ShR/FqzmnK7BYrCS
DKLroijHiCbDAHfFWnFPTJluHGDRDas2SBa8wyHMXRzzL3TBx0rbzlPZabFhIWfC1clnNPHMmMSQ
I117Pk4j3Lh0UXIWjEM0XJZ1QoiP+fVw2CxGKQ21rU0poeSjIMpxBbsi3sgFjaKUKsb4ih6KtyPA
DPE3D5Dw8AceLisPc8ZDJspfiwlkFn4VCr+xvckj3Kqwd27ivOupBF7BPk5Usg9+iNA6qbE4DxNm
YxDTtlHZ3k4mTQAT2Eex7IDY4mH8u6Smw9cyNge0PAb7ZWnFN/IjpvhEvMlbXZrHfDIL3yBKuQNC
ebIENU3EMYJEckdkM6UI4PwZhXXApxGDvCJLKMPSjXg2DZtSQq27IpKu6YZ6vE4DNwlFjNBNHMW5
XxijvMBIxsdIh9jh7pAn+FosnRjGEvRLEOxk6sxbuaJFNZZBHDtqvGwUYBEDpb7wWLWy11FZ5Gjv
Gp64XQOVy00FxyvINt2oohFYZZrYKylHriLUDCelhS//tbyIUwyObB1g2QMLJMMOop1uSMdaTt4n
m/ucBe7E6HKZQAEtmmWysyYaCHhQ8lWdP04frOCL4ws8VlSTLl9EPnQKN0zk1hSWzg2fMeWEbxjg
sFalnQ2BtpS8ME2hnDtCBYWK+9KYIMbjSZg8UlVTRA6PqqKDrDtEO6l0rprgH+MVbRL89IGH56zM
wsD1uiyBTFtDDxRi+BN3i2glYgVVOmFyT6oSXnPIOCGScy9WOAuJkGte3C/muKNpwWtV1ZkXbHy1
jL+IFMfjSkDXjJpFh4kT8haffKho57Y2E8g71RkKaT4c4aXbFtoVq6LSOZE4AH0m5Vn0SFYSyD0G
Fjkyb5YeA1vOUJo4PHH03BIRVB/AiNhfQA9UNA6EjwN80kUWkY36Hk1lVQKJJA1iv7jClAdolLoa
F0oT98BusYM1Jv/iuQrEzyZvaf2KSMXniGWYrO57cDYwb0w8RzYNim0p3g3YFrF4QOcROuX5MS82
8Y1poFWG2yr5Yl5Og/hJcBsLo4KIXpsZx+Tt2dFibPw4aPZGt3qzc9tpGj/qPzqYD/F1vod7/jY6
18NhW7hicdXt7YskT2wxVGt1scIxtoCMZSuNpx68FwZas9dEHJ+cJ4VTLgqUpNyc4B4H8PAj07Hf
khYC04qNDbAFkc2+estdDZ+Kj1eQ5DxTkP8SQgWi8dSykvNFMS9v2S04vlTWdvYVVgcpr2NAIpYH
efla5HB8HPILpEDlIcKIWDOCS44fkpGk9NWNZoPdZixMizfwJ5AhVE//dfjHRZtr37Nu+Q5eCQGj
CNNUAcW2iiT9DYhkHeVUYXGGanlt2fKo2BKCm1ehQxMFlqzjLOIvrnf45562/KcwNiPyRCEFQjy+
8dJud3TdGMl/zgLDVXUQwDKmTORmyhnIS0e5CpSbK4hpCreQ6jm4M16B4bnHihhxkTiW5ATfAQgs
sZlXHRWsQXL89GX5i5S35rMzVeJh5t951KtCZscXyhNOdMkH1YFCWcqTK1ULm/B3ybOb6onKbX4/
xZMXKhLhD6QKjs35wvjil46HZzcbUPfk3KctcyHAAuUH5spmj4J3FUSKKuYe+pvP54psvKU4+FlO
ha9zZdEVCyGxUtiq2TVcIoV3xtwkXs1Y1pQ/acgPdb96sXjrZsTn+m/MwS5mvNuzeerbt/8B8Z6l
Jw==
===END CRASH DUMP===
