PocketMine-MP Crash Dump Wed Oct 13 02:08:17 UTC 2021

Error: str_replace(): Argument #2 ($replace) must be of type array|string, int given
File: plugins/ClearLag/src/twisted/autoclearlagg/AutoClearLagg
Line: 121
Type: TypeError

THIS CRASH WAS CAUSED BY A PLUGIN
BAD PLUGIN: AutoClearLagg v3.1.0

Code:
[112]                         }
[113]                     }
[114]                 }
[115]                if($this->messages[self::LANG_ENTITIES_CLEARED] !== ""){
[116]                     $this->getServer()->broadcastMessage(str_replace("{COUNT}", $entitiesCleared, $this->messages[self::LANG_ENTITIES_CLEARED]));
[117]                 }
[118] 
[119]                 $this->seconds = $this->interval;
[120]             }else if(in_array($this->seconds, $this->broadcastTimes) && $this->messages[self::LANG_TIME_LEFT] !== ""){
[121]                 $this->getServer()->broadcastMessage(str_replace("{SECONDS}", $this->seconds, $this->messages[self::LANG_TIME_LEFT]));
[122]             }
[123]         }), 50);
[124]     }
[125] }

Backtrace:
#0 plugins/ClearLag/src/twisted/autoclearlagg/AutoClearLagg(121): str_replace(string[9] {SECONDS}, integer 60, string[40] ..cServer d...n r..c sau {SECONDS} gi..y)
#1 pmsrc/src/pocketmine/scheduler/ClosureTask(61): twisted\autoclearlagg\AutoClearLagg->twisted\autoclearlagg\{closure}(integer 236951)
#2 pmsrc/src/pocketmine/scheduler/TaskHandler(137): pocketmine\scheduler\ClosureTask->onRun(integer 236951)
#3 pmsrc/src/pocketmine/scheduler/TaskScheduler(179): pocketmine\scheduler\TaskHandler->run(integer 236951)
#4 pmsrc/src/pocketmine/plugin/PluginManager(654): pocketmine\scheduler\TaskScheduler->mainThreadHeartbeat(integer 236951)
#5 pmsrc/src/pocketmine/Server(2389): pocketmine\plugin\PluginManager->tickSchedulers(integer 236951)
#6 pmsrc/src/pocketmine/Server(2152): pocketmine\Server->tick()
#7 pmsrc/src/pocketmine/Server(1992): pocketmine\Server->tickProcessor()
#8 pmsrc/src/pocketmine/Server(1586): pocketmine\Server->start()
#9 pmsrc/src/pocketmine/PocketMine(314): pocketmine\Server->__construct(object BaseClassLoader, object pocketmine\utils\MainLogger, string[16] /home/container/, string[24] /home/container/plugins/)
#10 pmsrc/src/pocketmine/PocketMine(344): pocketmine\server()
#11 pmsrc(11): require(string[71] phar:///home/container/PocketMine-MP.phar/src/pocketmine/PocketMine.php)

PocketMine-MP version: 3.24.0 [Protocol 465]
Git commit: b54854529f8a1366e156f8ec32e02635ec670e95
uname -a: Linux 70ad3400-c5fa-46ad-84f2-694f522c3898 4.15.0-159-generic #167-Ubuntu SMP Tue Sep 21 08:55:05 UTC 2021 x86_64
PHP Version: 8.0.11
Zend version: 4.0.11
OS : Linux, linux
Composer libraries: 
- adhocore/json-comment 1.1.2@fc2f76979f0a44a5f5bc2a2b600d0762fe0e78e7
- daverandom/callback-validator unknown@unknown
- pocketmine/binaryutils 0.1.13@0abee38d4e2861621f262c79a2a3d699d8a697f4
- pocketmine/callback-validator 1.0.3@64787469766bcaa7e5885242e85c23c25e8c55a2
- pocketmine/classloader 0.1.2@9757928424652393b178a3760073113aa7c9911b
- pocketmine/log 0.2.1@830b44a2cf96ef703c550abe64302f230231ca49
- pocketmine/log-pthreads 0.1.3@e477ecf6ec214fdd4415ea1da3fdd9d73bf699ea
- pocketmine/math 0.2.6@43057cb8c179a9859677b496a788db922fd5cfc3
- pocketmine/nbt 0.2.18@9f82ca4d7f97fcd9a566e44b63c4f18a7657ae82
- pocketmine/pocketmine-mp 3.24.0@b54854529f8a1366e156f8ec32e02635ec670e95
- pocketmine/raklib 0.12.11@9cce458b8bfde3e4dfdbf70c659fc7b7fe26b5c4
- pocketmine/snooze 0.1.5@70b5e7937a06878dd321a3182ceb76d56298f2cd
- pocketmine/spl 0.4.2@6b08b7cf8c4afa17139c9a1b3bf1b408531de161

Loaded plugins:
AlwaysSpawn 2.2.4 by Philip Shilling for API(s) 3.0.0
AntiToolBox 0.1 by NgLamVN for API(s) 3.0.0
AutoClearLagg 3.1.0 by Twisted for API(s) 3.0.0
AutoFly 1 by PIG for API(s) 3.0.0
AutoInv 0.0.10 by JackNoordhuis for API(s) 3.0.0
AutoSellUI 3.0.0 by LetTIHL for API(s) 3.8.2
AutoXP 1.1.0 by JackMD for API(s) 3.0.0
BuilderTools 1.2.0 by CzechPMDevs, VixikHD for API(s) 3.16.0
BuonLau 2.0.3 by PIG for API(s) 3.0.0
BurgerSellWands 1.0.1 by Heisenburger69 for API(s) 3.0.0
CoinAPI 2.0.9 by onebone | Edit By SenKai Official for API(s) 3.0.0
Crossbow 1 by SonsaYT for API(s) 3.0.5
CuongHoa 2.0.3 by PIG for API(s) 3.0.0
CustomAlerts 2.1 by EvolSoft for API(s) 3.0.0
CustomItem 1.0.0 by Phuongaz for API(s) 3.0.0
DEVirion 1.2.7 by poggit, SOFe for API(s) 3.0.0
DanhGia 2 by PIG for API(s) 3.0.0
Detu 4.0.0 BETA 2.0.9 by CLADevs || GreenJajot for API(s) 3.0.0
DevTools 1.14.2 by PocketMine Team for API(s) 3.13.0
EconomyAPI 5.7.2 by onebone for API(s) 3.0.0
EnchantUIVH 0.6 by UnknownOre for API(s) 3.0.0
EnchantVIPUI 0.6 by UnknownOreforsource|RBpmmpformod for API(s) 3.0.0
Fly 1 by PIG for API(s) 3.0.0, 3.2.3, 3.1.0, 3.2.0, 4.0.0
FormAPI 1.3.0 by jojoe77777 for API(s) 3.2.0
FormImagesFix 0.0.1 by  for API(s) 3.11.4
InvCrashFix 0.0.1 by  for API(s) 3.14.0
InvSee 1.0.0 by BlockHorizons for API(s) 3.0.0
JoinMenu 1 by PIG for API(s) 3.0.0
KeepInventory 1.0 by KhoaGamingPro for API(s) 3.0.0
KitUI 1.3.6 by Infernus101 for API(s) 3.4.0
LoadAllWorlds 1.1.2 by  for API(s) 3.12.0
LpkCuaHangUI 0.0.5 by phuongaz | Moded by LamPocketVN for API(s) 3.9.0
MSpawns 2.2 by EvolSoft for API(s) 3.0.0
MaxEnchants 1.2.1 by Xenophilicy for API(s) 3.0.0
MenuUIVHPIG 1.0.0 by PIG for API(s) 3.0.0
MuaDetuUI 3 by VanLXYTB for API(s) 3.0.0
MuaSsp 2 by NoobPvP2k3 And Shin1134 for API(s) 3.0.0
MultiWorld 1.6.0-beta4 by CzechPMDevs, VixikCZ, fuyutsuki, kaliiks for API(s) 3.20.0
MysteryCrate 9.2.0 by JackMD, DaPigGuy for API(s) 3.9.0
PHP-Sell 1.2.7 by Muqsit for API(s) 3.0.0-ALPHA9, 3.0.0-ALPHA10, 3.0.0-ALPHA11, 3.0.0-ALPHA12, 3.0.0
PiggyCustomEnchants 2.4.3 by DaPigGuy for API(s) 3.19.0
PiggyFactions 1.2.0 by DaPigGuy for API(s) 3.13.0
PureEntitiesX 0.7.0 by milk0417, RevivalPMMP for API(s) 3.19.0
RedSkyBlockUI 3.1.1 by RedCraftPE for API(s) 3.0.0
SETVIP 2.3 by MCPEVN TEAM for API(s) 3.0.0
ScoreHud 5.2.0 by JackMD for API(s) 3.0.0
SellCommand 1.2.7 by Muqsit for API(s) 3.0.0-ALPHA9, 3.0.0-ALPHA10, 3.0.0-ALPHA11, 3.0.0-ALPHA12, 3.0.0
SellExp 3.0.0 by EzMinh, LetTIHL for API(s) 3.0.0
SizePlayer 1.0.3 by  for API(s) 3.0.0
SpiderUI 1.0.0 by MCCreeperYT for API(s) 3.0.0, 4.0.0
TableSpoon 1.0.0 by CortexPE, Xenophilicy, HyperFlareMC for API(s) 3.0.0
TempBanUI 2.3 by SonsaYT for API(s) 3.0.0, 4.0.0
ToCao 2.0.3 by PIG for API(s) 3.0.0, 3.2.0
WorldProtect 2.3.8 by aliuly for API(s) 3.0.0
capdao 1.0.0 by Nguyễn Công Danh (NCD) for API(s) 3.0.0
cayphattai 1.1.1 by PIG for API(s) 3.0.0
iProtector 3.1.1 by LDX for API(s) 3.0.0
tichluy 1.0.0 by LetTIHL for API(s) 3.0.0

----------------------REPORT THE DATA BELOW THIS LINE-----------------------

===BEGIN CRASH DUMP===
eNrtPIly20aWv9JLT22kLYIiwJsppSxTtKWJZHFN2vHMMOVqAA0SFq7gkEQn/vd973UDBCDqspXZ
ra045Zh43f3ufkfj+L3hhLHP009XIk7cMGiMu81G6vqiMdb7nW571B6OBq3+qN/T+81GFqkhfdgd
tTq9Ud8YwF9dN5oNjyfpNI7DuDH+vZFuIpjWWMA/EtZs+CJJ+AqhSRp/ikXkcUvs7Y/ZUbzKfBGk
7IXB9v6mBvaZnyUpMwULHYbYGI9jvvkD1rrBqslcmL9yr0QAmJ3M8167HqI+WIe+OLDCIOVuIOKD
yMtWbpAcTDzB4zO+Okhi6yC9dpNU2Ac8S0MLBzy+Wh0cwVU+bdWK1hFilli/FQtg8IAN0Jehg1Zj
kKsx/lfjRZt9K8Y9wAQqK2tQauRfo1/Z7/Pp5OLt8fwrqUesRMz67SZTE7rtX1mrZc1FDKZmdqvV
ClgMAJbwbLsUlNpqbfaB8xc6i3xkC/9GoXUpUh+EOUistbAzD5Q78cIki8WCJ5d7fWRLCbBcViRY
LisiaD/dNe13SyL8upezb3T6o55O3BgPcYNsnPDAht97emcA7GynLZfFvOWyxLb2Uxi8y4Jd9DqP
oTfPr/b0wehuiiXWtJ/i3fS6u+lJRzmY0T/nPIAdFO/1e937iRV8aT/5sBEW61hw+wQUnZqCp7vI
93aTl96yZ3SGdfEkY8tlhTOwrWttqSe7KPXvp6T3jBolOSJR7xGKwb0o9NHoPhSzOLQgFIWxxDW8
H1dv2L8DV5KCOiWO0W4cM/p5Dj/3Onr3DjSfPkG0gi2aWeleaH4WVspe8URMIJwmZyG3RdxkCl5e
nqWulyyX52Dds3C1wllqn+v9X1k9DBaDRvf2YB6L5KZvPyxL95b3SWVJBCps7OkYEWLxW+bGRZAa
6L+yaM3j8cFBnYstAe181sJJd7OA0Xm/8evXZkP87ySc50sLIINE88kNrkLvSiBjgNsGrVlpIx8F
SB2FFdoCJYfkC6Psjj9fYaaud+6YIUe7O0blSO/2iOvs/S1duwlEFqnf5F+J8Jzx+Ozo7ZtP07eL
08XpdP5pcjY9ejc9/pX9x+EhWzaWjf3fCWP/Dk4UzpVI1c7b134yY/B/C8qKc0lpr2zHZeP3ycX7
t4uvy0aT/Q2U5qauSEhBwm6yp/C4v/8j8Ta4Uw9DGKEfox1TFKlEgDPbCTvMARj74ivuEXKjXVv5
VXiJQG2C6cnT9qp4ChEKLSyg9Er22X/+533CLU7Pp5/Opq8Xdc0b+t2sP0nreaVAet/N8v2MKXUb
dbclVRtlV/2632S9tpqee6mchp75tfH1r6rqr6rqr6rqr6rqr6rq2aqqZmMlYCn3sLgIOLb7jQoa
4McEXW5PDBqdltFttRGeuZ7dGBttHfpdN/lki6vG2OGQ6aCQiUOISyGg7fZ7QMTFMsfsdYe9bs8Y
OUOud/p9off6zlBYHUO0jX6nJ6z+oC1GPcCdKV7O3CC7YYM2tzvddluzeg7Xun1ua8OuY2j9Udfp
GYYFW2vIui2912prem+kkUyuxV7o/YH23syCNGPz8xlbZILNRcQMnbWH415v3O6x94sJM9oAuRn2
P/W7WIStI6A8bLVbug6XX0QAUja6+TUMfwqTnDcA0IWnLqzQj0Iw5ifPNWMeQ5WCmuX2GrQRi4PP
SRhoMEcVfnpLbxkvHctwBv3RYOS0ebfLe07PtAxumP12224P+oYj2mIwFANAb3MwBITB0D+wuOeZ
3LrUoOpwbZ5iaQx6uwzC6+Cl+hfZ3VrfdAMeb8jtYSqI09I7L9vcFKIztLvCGPb1vqE7Rt+wBiNu
8I7dH43sIQfWnG4V1U7iOqio87LfHQwHXVjT75sW5wPRGw57RtcQw55ldCyjJ4ZWr8eNGkLcrB5t
VsWb8XI06A1GxrBrgA8ZnVHH1AdD3hmAWgYdKHMBtzUa6bpZxeSFK8JgtPSXw07bBI0aljPqC2fQ
7gBlFLjf7bQNx4D/dXSLd0e3MGhRSgE/V1TnpegOBsJy+sIy9K5j292u3hNct3kHLkb2oGM6oC3B
q6h8nq4VN/2XQLQ3sMyhBZmOj4a9UX8wMLujPh8Mh7Y5MgzH7lmO1amiCMw0l2f4EraOAQzbAwds
Ytkj3oNt1O2a/Y7VdfQhH/R7Ay6GNeVuf2p+VGzhl0/YjyVkMb8E35Z6AZ70lyPLEt3e0Byaji06
oms7tgm6tvq9kWMNzIEjjL7Zs2oelARh+EUo9fZeDtpmTwxGnQFv94eDoW13DJ13dJBWmIO+3esb
o6FjWHYNSeQRhi54S99sD82B5QytLne4PtA7I2vEdRMMo5vd9rDX0W2h9/XG16INo7155F3zTTKP
OGyXbRAsQ5uNbfQzwA4oCdRd6zBOsBadrV3Pjdgc/oEosMKgyiMXRzqwIdp4LQJuegLCCCQpiI62
iCCo4GIYS0InPS4DsNzAhpPQJgorVHrEUYIcLZcyrWFvCT9g8nxx9G7xHqP1tTATN0URsGA+glZp
EYbeq/CmLFwJWhYOTFEV7e3qjPsf3j6XSAodVLNbBm7LMruYL365eHd2XJEGUsg6M1sQOw9yrlC+
Sp9ckrDWP5fTl07ZqyTlQhbTzyXlo0r4h8Rdp2mUQI4via3YPEo2XuafT2rHDEoZr71NTQ0IKSug
ZuLZ6ZvnElxRkyXVQwLmDJ8GVzWGEVL1SvDLmsn+DrnnbRjG9jpzk+fi/zMgDXKk0nxucCUNJ5l6
lERz4XnvT2tCKWDVE9t1TzwT6eL05Kwi0LBlfKtACt3TDPJxVmP946zqP7c3EFrj/Pi5zCCxSbV/
nD2O+R3bRaI5UBKAcK+wXhUxxp2kJGIFXBXUqAs6+SKs9ez8WFzh1A/ujXt5UpVb73+74BZij3yo
o8H7TMlWimwtlzUmn6qLEt8HFVSkljA441lFIxJSzXtQ2/1pkePVE3z0VRZDr4b76RdOeEp8V0eq
xryV3E6Em4jApEX90ZNEaUyh6wr9zdHstHGPWFUKaMUKg4+XeQKBCGltZc0hdRuNqjKGgTDhL/uD
TW0X2uIN9D/Bz9xlF47jWi70fc9kQUVoubSAMUC4XG45fFi8OEwSM7wuy5eD7kldc+j6+T8WNRF6
3yqCQgecK9pPsA/smNVJyMsC5KB/3y6anDyF4yQN/SMPIkxS4boErnJeU/70KvTmwMizMV+iDCao
8nFPlZtHu+vr65YAnhB/K73cyniaCv+WhASsx4d2va5HE/IvzyshUn68mY6nH9yYOCwEKED1XDWo
sh+FKzx2aTbmF6/FszUlhHS5vCIWlkvIVepXia0HepJjHqzfuOW9kkMqDvenbZMPpoA4pWg+wRQi
LSdJuiwzjAdEbfZqujhiOwLx5OwIsy/74w/2JhYi+Dv/HD7f3pHIQRY3IGM8XqarejlUgGo1H7TY
NYsUx4RsIbhfrYI63y5MzgCYaMvKIwJAqdzZsnZQ4ABpS0l7K28JWJa41xrUBVYp7tkzppAcUNKs
cPOg+aaBteZB+v70w0lZohK02kf1qwK9l4eEF/GzybTFCKLkbDzeHdWSD6ezSv9UAT9SIgcgYRZb
4o93ryLfj/DBt9B+fjn1QtAPbvQUWauN+jc06U08xqNqIj/S6KiGpfs9oj2pgX8NWq1upxxSjR6d
em79HH4OxQD/VOQyvqN5LzAul4qJ4sdjRTn18Ub2a/emJtAWfutcoiJWJQTqre63yuJnvyWYZdFp
XaLtuDePt8ppcDWJebKuClKGPkGM7rebJBfDDa4spExCPO60T4kxF6IqAQIeKNteeRD9T8LY/QL1
/LM1qGWky6Xk5CnC/B26oXMRlCuIAvTvOZ37/ISy82chIpBRBGkYl8NUFV4zRJXzn9chf8N9N1jN
4vC5ZKggXS4r7DxBOjet5Bd5XY9YtdRyGjgiDrJEb+sVab5jf5RQgizuk1Ilet6R5/0Sxl7lDKQK
r5/bGXfv8+8IvZdhABaxoMxaLpFx7nnXRP8J4kSXk4yf8GBVsUwFXA9avVq/o9o19gc7D21hM3PD
zrgva8HaPYzRQ+c728SxPcao1GYzd7XayI5O5f+kce/NHMkcdrZKnscr55xuQ5WtnENqd6b+3A5d
EQW+C+rf1pef85tCZyWZStB6a1uLih9FENLtMWvzXMKVUKJhClYqF48yFkR0LL0xcpeEK0EfOnZ4
vpDvA9UnuFnGsamtbMAtrHLnosrxBx6cffzH4tWzNejQmhNC4F3Sf5IQ8ySqSoCAe44W3oahObua
GZcddhTYeB830PVO99m2DTHwFAm81KX4XZGiAFbdp99qa6ZIeffBGxWTf9LbM5ssTbJLF35fcs91
L6slktF+ptsXPjJMWQCNWGL+e25dlBChojZJKuINFLVpuUqsgMvKGt2+n6NuXOGZFAT0N9nmSVni
Efewysx8752simAg/+xkpuG9hPKjWznogbPBc6rM6x6uHZ3NTo5G1EkWl3q7dq3Xro38+pvP3YFh
fLTz8VtkV/ItKWHHaDVRduuH8DvNr3+H/XOEy+UObnYCv8EvciIHO9AdFHp6za3UDYNbGirgD9zz
3K2bJx/wVcsn2skKckc11WycvPt5suZ0hI0Pz51kdH6zW8O5NLXL79ZqgQjVmcViqt49+FhWZwVe
LVMHdXX6rnfZ7uq4Id+JK/eKe7Pz89mzOV4sceKR13IZZXjULBkDxZTYfPKRaonXg6q8X1EQe365
oR65Uj1U4fWncGpFHUyG0Oaks+lzZd4txuWyxMpymf96TKyZTxcfTsuPRChANaLU4sn5ZDb98JYt
pkfnz1ZGEEp86BlPGh/Feb5pSrznoOpRt/HveaAjp7799SgxID1MQt/nQUWSEvT/d7LDFdObqCY7
Qh54mGj65dwN1k2266Gi75BAol0upx9n83X4hMJ27n4RM49vRFyWZQus90WdOw8rvkf/SO8M6YEX
Fr8fxX7k2iKuxLcC9EBLdz6ZQCCORHzrYYXvPq7PWXi8GRZIZB6FlZvKJeADskzCOBU3EKSblTYc
svUGBHzt8VicT/6UrnzLY/n3w/ebF8KPXvGgYrkt7N44vvsJk+83Wv6kScHGE8wXTnhYloSuv+Eh
k+b33W8hulBUnL55PO/Uus3iMMW3XbciVMA1e7SGVUmgZ828Zzv1kdiWS2pUI8lBXZxHFkjnmRs7
rvDs8tP2+XtBKWz/A59j/3ZQkRaUYvHIrlhUAR7Yh29XUPtmurB6AZsss3bb6QYrhk81sL23k+P9
53tmO9uIYBIGK8S9XJ6JK+GdJp5MvA+a3OKbCGr4lLsVCQtg/YT6z7v/YUXp4z3VVQYKy7mqBHyg
lj07/vhcbAOq5XJL+ZsPEQCPhjXkQUkKfKPWtdZeVr7Hk0Me8L9nrioU1cdaCF/h4DEwDDuK2Gnt
ePsN1mhaEGrX7hce23RluwnypvEgcem8nl67a8HWh+RFjdG48WJWXDHwe8ddMfwGwDJeBi/Ow4Bd
WCnTdaZ3xm1j3OsUb5DhBIlPiyBJHuojvdMpAd3oEG9bwH8I9MPUPqzwzOT7jDh4vQZBNc9N0sPQ
cRDCgyDMAgtDChYsGrfWrpAfEEgOISMiGTyV11QUA7sd6n0ixG/UouTQINIr0Jsf2uKQrpwwBrQF
TNED9dlYpOfX0VWkyNguPjoK/fvm0CBs9AIhuJOWiDR1g1VyiGAP44SGPnUojwELWCKEXZqCn184
PJ6+Pnp/tkCo9B7tt0zEG0VSgWILhFL84O9WxJMEkNuH/0V/QEtZGmoJvxJq4ZUrrtHmKQfVHQ4R
dGOGNxr6sZoCgWyV8ZU4FMFqtwV32K/6Yl1r4+NrSC8Y+i6zyGUyUAnYgDyHgYpZxdTgSWyxFolg
uc4Y1E0sXQsWBuB2KURHZqHN6SMVbmB5Gd7SAvS3PBZxzUNffsriNs6EO6LJQhiJE0TJzFjwS7YJ
s1jhYq7DwPQuZC+kAFbHr1FAWgTEb8V1ge7AFg4HuyfsOgx+SBmPIsFjhjr3QVh8JXCDHOJnAaTc
12sRsCxaxdwGBK1lgLqUyMbLgLEXv6wFMsbSEKgENgMU6jVb0EEMm9TjKTBFw8QqdO0cEIM+PZGS
vvAJREuwNb0bjhAfMUunzm07ZvRaKg4k6yy1Q9gn6rMFY7ZsqPf58dV5YS8bxNmR54XXDHcgMJN/
a4BduZz9NzomziEPzVP8mGGwo6VT8la1hgFfDDcSA4uBUhCbuWFKlThfOXcxXGL2xS8uKCQMQK/c
tlksEql+VCu+h818wfE9fPq+CSjdFMg0KEf8lnEP1UYfMWFX3MsE21NEIVjtI3ZJEbaVQGfXQO34
EvQYhon228w3QSvgVUfJJrDwnXgwfHwJftSiCe9BW+TauaQ4bR2HEKjAejA9aTLa+kyFCNgPTYYv
yIIgmFhINxDVEeZnAXgQTpHI52RekAm8LA5vXPAwAWoAkchzg4I51K1i6NRBX8U56JNN5qY/gPrS
mJbZAsMiuUxtMdsDGTLYNwaphcTQlKRjQlX3VU7OEWcB3vdGDwS9R2QEemsjabFjcaV+M99drWEz
4wMwzfLmU46DGonjLEolVCoMFeMDb0ouMi5sSnpv2JYbgl+Frg1s7+YAfQR9LgRFg3e1So4GkzU5
qfA0SBIQ/OON3JRvvNAE78FMzSQc9oHvpri3fbHi5iYFjbO5VHWblCvTKi1foNWuXdI8eRRs2mtN
IsqdLCEJHRdYhIgk8AkORONAmZyTlE4O1spwm7JVCIYKcZuiVyChFbGpEWtj1kYpgDqFYPnu7v95
CbD0uY9/zMHfx3+ShhGxoMJnwZJClzAIH5hFIe7lDCHVnCu9bXQVYxQEfqFdofhLfngGDmlfEEsY
MZiVQfIJIPkwcSOsjIJvKFmWOxKTVTFb3FhQSyRbiWTgulhMx2xxcjpnZ6fnpwt2NJudnU7nbDZ9
x6CY/Hn6rslgEltcwKwp++Xk4mzKZu8uJtP5vFUPARV9GL2+UsdMxG5ICRkDcYICWmtBIZm0UQRb
nckP5lBsoSka3sCTYZZQQY0JckKABm9Cee9yNulkUBpiAgxwmiJGmCUSCL3bQC4zEtG4wByCeZ4W
tG7PRl9QdTuYLRIWlgNSs8iutKtcW8gA7iWiZCtqp61kTfZ3s6Qk7yjJVzw2YWdoVuh5smSlALRb
u7TVkB21iqlVELt9HmRUfJQ5gcIsAx/cb+Y5oe6EuRvK9Oo4gEvK62+3YItdyJgvHR6qhzDz7IIX
F5LIdcC2/CcScUTsg6D9dlvJCtReU7C4lSTJdSSGQjYnDv082crVaoZWds2yhVEaZclbvsF2uFTF
O+Z5wYgmi0N64Tx3ZDvzI1ldyRKOqQENB3J7HeMktYB4JzZzCeAK0jxsdr5DwZC0IfEBhStwsiTJ
BAaGdA1WW+XVJgYtpLblqpkbUtYIqqhsSW5w6p16wm7IWmfBZZLzPuERQl0/8yHHQnqNWd4xoCGZ
7J0kF1u94n5RqqQdc9vHoNiOFEdEUMMqOIOk2y0sdhzKobpPY22EUU/il5PzLSRxqYllyahy0Cxo
DEUh2zGwQrUKlI+oPeBOFhgSS8SxJ2FyjZRwKx0sU/pUPbOijJO31S4qEN9Bz/Hej+o+P1wGgUjR
YGOVIqA0W4eeLDFNnkLDi5U4sZzg57mYSjIU22Tno0ZlajFFUWzK9PaibKV8CMNqvEnX9N0/TS8Z
kIxHhLU0Z0alAIra2zqWGlksIW0pOfYyVOjjYgAqtlrsBGpB8KVDKu7YZPa+CWuBBxP217Vrg9tT
rSCjZ4FfI/xj1s/L7m1FnpB2SnNb7MiGQLXmnnOAL35Sm2AL8GFFCogyPFxBByttxG3aKyErtyLT
G4xqWGJyr8WQifezYJYX29sGEHsJZOoa0iYuzKIg0tR1rbs5V7sucb+Iwp5YludmTDDhqZIJynbp
HqXU2h0ZctF+i83UGo/jO7bYQatOVPkCUXRivkIRwCagtiTyqGLB9tIH5nGz8xjtNPFcPFihfhm/
vySSlJ0v3hOnCYiEYptZyrA/J1NuycnmopXHGj/NNFw1Jm7Ry21hZqtx3rD8xHRsVFS5toatSuMs
/6qebKjRk4MklIlLeYOOyGRwktgm6xAaWPTAvE8ReSdKEczmKWcJv8ojJZ6T5MdJOFZqYYExOruT
BYs6j/gcuoFshukw6Qf20Qxv0OtjdnrM9j6+Pz3eB5nB5YEHmH8N4T7C5xEg1YFjYP8SQ/PS2laA
4AkhTSFlB+DpH1+d5fhVb1OC/EDE8EiJkiZUH9jkUhom2cL8dESlkNJRj+MQWRhznY12k7n2VloO
ZQoEN8HTPGyC+PI7VnkXQB2kYhTcBopOqsiC0MIvv9Ba8JpzvgGPwU7SD6/yphwzmkoDFIq1fEyS
TLYBMD8dKx+QLOiEQ7q7/Ha3tAXNVb6dJeqkxYKNnMpQp9Zocs2YRVAjXbkekpFhXIUoRQXzEA9W
RZ8Q4DKvng6b+azKsdrOQylp5CM/zHAHOzLfqA2NqlQmxvyKEYqOI8AN8TclSFj8jtJlaTEJHgjZ
/ppCIjPxTS/4jWeflOHWub+Ti9ORaCXxSvGRUCE+xCHG66xG8ht3QE1ATtvFZXs3mzwGTOAf+bYD
ZvPF+G/BTYf2Mh4OaFkE/iuSUmykz8YQIToFLm/NYyJm4vMrCQUg1KeI0dJMfhqMKemYOkzJEzit
qYgO+DRmsBdsBW1YslXP9sCm0FDrtopUaLrmLvVpECahiZG2icIo83JnVBeYyWiOCogdCodU4GuR
CmKYSzAuQbJTpTMd6cojqrFK4niiRm2jBMscqOyFn0oqzjpKmxz9XcOv6NZAxXargqM1VJtOWLII
7DJN3lYpZq5DtAyx0sIHrlpuSBxDINv42PbABknxBNFKtqxjL6fG2XacRKAgxlerGBpoeVimTtbk
AQJ+/PSyLh/xBzv44vgCPxWoqZAvMx8GhWsha2sOW+eaKCbE+FYAgrVKx9mQaAvNS9eUxrmlVDCo
HFfOBDkev25HmapcIhI8LKsOqu4A/aR0ctWE+BiteZPh48yUntOiCoPQ64gYKm0NI1CA6U+O5tlK
5gpeOQlTt69K6TWDihMyOUWxPFgohGR5OZ7TuGVpKWvZ1Knrb2O1yr+IFOfjTsDQjJbFgIkE6YhP
LcqPc1tbAmqkTCHX5v0ZXoVtaV25K0onJwoHoE+VPvMzkrUCUsTAJkfVzSpi4JEztCY2FY6uUyCC
7gMEkfcXMALlBwcyxgE+FSLzzMY9lyeqK4FCkvuRl19hyQM8KluNc6PJMfBbPMEas39RrQL5s0lH
Wr8iUvmKUZEmy/c9SAysG2PXVocG+U0qOg3YlbEooVOGTqg+pmYTn1IFXlW6LbMv6RIP8ifD21qY
FWT22lIcs9dnR4ux8eOg2Rvd6M3OTadp/Kj/aGM9RPt8Dx8PsDC4Hg7bMhTLq25vXxZ58hZDuVeX
OxxzC+hYHaVR6UFnYWA1a8PkJ1GzOA/KeYMSFzcnKOIAHvoMMp63JLnCtPzGBviCrGZfvKZQQ6Ro
fgVJRpWC+rp5CaJRaVmq+cKI2ltxA4EvUb2ddYndQUJ9DGjEdKEu38gajuahvMAKdB4yjcg9I6Uk
/FCMxEWsbjQb4iYVQZI/9TyBCqH8RU+bXhjYXnuueUN38AoIOEWQJBVQZFWRJL8Bk6JT+VKo/C5i
cW1a6vOPBQRvXgU2jyuweBOlIT0s3KFXuCz1efvtjCyusAIpHh+Oabc7um6M1CfqMV2VJwEsFRVC
Tlr5runKrlz5lcE15LSKtFDq2XgTvQTDb5lW1IibxDaVJPi4gG/Km3nlWf4GNEdfVFW/WDE0n51V
NR6k3q2lbhkyO76orLDDTzSpDpTGqqxcV62wTX+fqLopfyW1TeMJvk1d0ggtSCo4tt8MxUerdPwg
brMBfU9GMW2VSQXmKN8JRx32VPCu/bBiirmL8ebjeUU37kp+zFWRwrd/0vBSBFBYVcSq+TVcIoe3
5lzHbs1ZNpxWGurluy9uJB/QGRGtf2INdjGj057tqq9f/weyGFWd
===END CRASH DUMP===
